2024-12-03 10:34:50,375 - Namespace(data_dir='./data/', output_dir='output/', data_name='Beauty', do_eval=False, load_model=None, train_name='BERT4Rec_Beauty', num_items=10, num_users=22364, lr=0.001, batch_size=256, epochs=200, no_cuda=False, log_freq=1, patience=10, num_workers=4, seed=42, weight_decay=0.0, adam_beta1=0.9, adam_beta2=0.999, gpu_id='0', variance=5, model_type='BERT4Rec', max_seq_length=50, hidden_size=64, num_hidden_layers=2, hidden_act='gelu', num_attention_heads=1, attention_probs_dropout_prob=0.5, hidden_dropout_prob=0.5, initializer_range=0.02, mask_ratio=0.2, cuda_condition=True, data_file='./data/Beauty.txt', item_size=12102, checkpoint_path='output/BERT4Rec_Beauty.pt', same_target_path='./data/Beauty_same_target.npy')
2024-12-03 10:34:50,390 - BERT4RecModel(
  (item_embeddings): Embedding(12103, 64, padding_idx=0)
  (position_embeddings): Embedding(50, 64)
  (item_encoder): TransformerEncoder(
    (blocks): ModuleList(
      (0): TransformerBlock(
        (layer): MultiHeadAttention(
          (query): Linear(in_features=64, out_features=64, bias=True)
          (key): Linear(in_features=64, out_features=64, bias=True)
          (value): Linear(in_features=64, out_features=64, bias=True)
          (softmax): Softmax(dim=-1)
          (attn_dropout): Dropout(p=0.5, inplace=False)
          (dense): Linear(in_features=64, out_features=64, bias=True)
          (LayerNorm): LayerNorm((64,), eps=1e-12, elementwise_affine=True)
          (out_dropout): Dropout(p=0.5, inplace=False)
        )
        (feed_forward): FeedForward(
          (dense_1): Linear(in_features=64, out_features=256, bias=True)
          (dense_2): Linear(in_features=256, out_features=64, bias=True)
          (LayerNorm): LayerNorm()
          (dropout): Dropout(p=0.5, inplace=False)
        )
      )
      (1): TransformerBlock(
        (layer): MultiHeadAttention(
          (query): Linear(in_features=64, out_features=64, bias=True)
          (key): Linear(in_features=64, out_features=64, bias=True)
          (value): Linear(in_features=64, out_features=64, bias=True)
          (softmax): Softmax(dim=-1)
          (attn_dropout): Dropout(p=0.5, inplace=False)
          (dense): Linear(in_features=64, out_features=64, bias=True)
          (LayerNorm): LayerNorm((64,), eps=1e-12, elementwise_affine=True)
          (out_dropout): Dropout(p=0.5, inplace=False)
        )
        (feed_forward): FeedForward(
          (dense_1): Linear(in_features=64, out_features=256, bias=True)
          (dense_2): Linear(in_features=256, out_features=64, bias=True)
          (LayerNorm): LayerNorm()
          (dropout): Dropout(p=0.5, inplace=False)
        )
      )
    )
  )
  (LayerNorm): LayerNorm()
  (dropout): Dropout(p=0.5, inplace=False)
)
2024-12-03 10:34:51,912 - Total Parameters: 877888
2024-12-03 10:35:00,610 - {'epoch': 0, 'rec_loss': '8.8805'}
2024-12-03 10:35:05,249 - {'Epoch': 0, 'HR@5': '0.0129', 'NDCG@5': '0.0076', 'HR@10': '0.0207', 'NDCG@10': '0.0101', 'HR@20': '0.0370', 'NDCG@20': '0.0142'}
2024-12-03 10:35:05,251 - Validation score increased.  Saving model ...
2024-12-03 10:35:13,470 - {'epoch': 1, 'rec_loss': '8.5130'}
2024-12-03 10:35:17,869 - {'Epoch': 1, 'HR@5': '0.0179', 'NDCG@5': '0.0108', 'HR@10': '0.0290', 'NDCG@10': '0.0144', 'HR@20': '0.0469', 'NDCG@20': '0.0188'}
2024-12-03 10:35:17,872 - Validation score increased.  Saving model ...
2024-12-03 10:35:26,119 - {'epoch': 2, 'rec_loss': '8.3771'}
2024-12-03 10:35:30,471 - {'Epoch': 2, 'HR@5': '0.0218', 'NDCG@5': '0.0136', 'HR@10': '0.0357', 'NDCG@10': '0.0181', 'HR@20': '0.0582', 'NDCG@20': '0.0237'}
2024-12-03 10:35:30,472 - Validation score increased.  Saving model ...
2024-12-03 10:35:38,704 - {'epoch': 3, 'rec_loss': '8.2567'}
2024-12-03 10:35:43,091 - {'Epoch': 3, 'HR@5': '0.0262', 'NDCG@5': '0.0166', 'HR@10': '0.0448', 'NDCG@10': '0.0226', 'HR@20': '0.0694', 'NDCG@20': '0.0287'}
2024-12-03 10:35:43,095 - Validation score increased.  Saving model ...
2024-12-03 10:35:51,300 - {'epoch': 4, 'rec_loss': '8.1558'}
2024-12-03 10:35:55,641 - {'Epoch': 4, 'HR@5': '0.0294', 'NDCG@5': '0.0184', 'HR@10': '0.0458', 'NDCG@10': '0.0236', 'HR@20': '0.0740', 'NDCG@20': '0.0307'}
2024-12-03 10:35:55,641 - Validation score increased.  Saving model ...
2024-12-03 10:36:03,845 - {'epoch': 5, 'rec_loss': '8.0844'}
2024-12-03 10:36:08,054 - {'Epoch': 5, 'HR@5': '0.0313', 'NDCG@5': '0.0190', 'HR@10': '0.0508', 'NDCG@10': '0.0253', 'HR@20': '0.0785', 'NDCG@20': '0.0322'}
2024-12-03 10:36:08,057 - Validation score increased.  Saving model ...
2024-12-03 10:36:16,408 - {'epoch': 6, 'rec_loss': '8.0309'}
2024-12-03 10:36:20,614 - {'Epoch': 6, 'HR@5': '0.0327', 'NDCG@5': '0.0203', 'HR@10': '0.0511', 'NDCG@10': '0.0262', 'HR@20': '0.0803', 'NDCG@20': '0.0336'}
2024-12-03 10:36:20,617 - Validation score increased.  Saving model ...
2024-12-03 10:36:29,003 - {'epoch': 7, 'rec_loss': '7.9895'}
2024-12-03 10:36:33,182 - {'Epoch': 7, 'HR@5': '0.0327', 'NDCG@5': '0.0211', 'HR@10': '0.0519', 'NDCG@10': '0.0273', 'HR@20': '0.0827', 'NDCG@20': '0.0350'}
2024-12-03 10:36:33,185 - Validation score increased.  Saving model ...
2024-12-03 10:36:41,546 - {'epoch': 8, 'rec_loss': '7.9541'}
2024-12-03 10:36:45,758 - {'Epoch': 8, 'HR@5': '0.0344', 'NDCG@5': '0.0215', 'HR@10': '0.0531', 'NDCG@10': '0.0275', 'HR@20': '0.0842', 'NDCG@20': '0.0353'}
2024-12-03 10:36:45,759 - Validation score increased.  Saving model ...
2024-12-03 10:36:54,281 - {'epoch': 9, 'rec_loss': '7.9227'}
2024-12-03 10:36:58,459 - {'Epoch': 9, 'HR@5': '0.0372', 'NDCG@5': '0.0234', 'HR@10': '0.0590', 'NDCG@10': '0.0304', 'HR@20': '0.0893', 'NDCG@20': '0.0380'}
2024-12-03 10:36:58,460 - Validation score increased.  Saving model ...
2024-12-03 10:37:06,940 - {'epoch': 10, 'rec_loss': '7.8890'}
2024-12-03 10:37:11,082 - {'Epoch': 10, 'HR@5': '0.0366', 'NDCG@5': '0.0231', 'HR@10': '0.0592', 'NDCG@10': '0.0304', 'HR@20': '0.0919', 'NDCG@20': '0.0386'}
2024-12-03 10:37:11,085 - Validation score increased.  Saving model ...
2024-12-03 10:37:19,444 - {'epoch': 11, 'rec_loss': '7.8627'}
2024-12-03 10:37:23,613 - {'Epoch': 11, 'HR@5': '0.0394', 'NDCG@5': '0.0247', 'HR@10': '0.0624', 'NDCG@10': '0.0322', 'HR@20': '0.0970', 'NDCG@20': '0.0408'}
2024-12-03 10:37:23,613 - Validation score increased.  Saving model ...
2024-12-03 10:37:31,971 - {'epoch': 12, 'rec_loss': '7.8370'}
2024-12-03 10:37:36,203 - {'Epoch': 12, 'HR@5': '0.0393', 'NDCG@5': '0.0247', 'HR@10': '0.0620', 'NDCG@10': '0.0320', 'HR@20': '0.0968', 'NDCG@20': '0.0408'}
2024-12-03 10:37:36,205 - EarlyStopping counter: 1 out of 10
2024-12-03 10:37:44,521 - {'epoch': 13, 'rec_loss': '7.8116'}
2024-12-03 10:37:48,728 - {'Epoch': 13, 'HR@5': '0.0428', 'NDCG@5': '0.0278', 'HR@10': '0.0664', 'NDCG@10': '0.0354', 'HR@20': '0.1025', 'NDCG@20': '0.0444'}
2024-12-03 10:37:48,731 - Validation score increased.  Saving model ...
2024-12-03 10:37:56,948 - {'epoch': 14, 'rec_loss': '7.7917'}
2024-12-03 10:38:01,120 - {'Epoch': 14, 'HR@5': '0.0425', 'NDCG@5': '0.0269', 'HR@10': '0.0669', 'NDCG@10': '0.0347', 'HR@20': '0.1016', 'NDCG@20': '0.0434'}
2024-12-03 10:38:01,124 - EarlyStopping counter: 1 out of 10
2024-12-03 10:38:09,315 - {'epoch': 15, 'rec_loss': '7.7722'}
2024-12-03 10:38:13,473 - {'Epoch': 15, 'HR@5': '0.0440', 'NDCG@5': '0.0289', 'HR@10': '0.0702', 'NDCG@10': '0.0373', 'HR@20': '0.1067', 'NDCG@20': '0.0464'}
2024-12-03 10:38:13,474 - Validation score increased.  Saving model ...
2024-12-03 10:38:21,719 - {'epoch': 16, 'rec_loss': '7.7509'}
2024-12-03 10:38:26,060 - {'Epoch': 16, 'HR@5': '0.0455', 'NDCG@5': '0.0295', 'HR@10': '0.0720', 'NDCG@10': '0.0380', 'HR@20': '0.1078', 'NDCG@20': '0.0470'}
2024-12-03 10:38:26,060 - Validation score increased.  Saving model ...
2024-12-03 10:38:34,427 - {'epoch': 17, 'rec_loss': '7.7328'}
2024-12-03 10:38:38,623 - {'Epoch': 17, 'HR@5': '0.0451', 'NDCG@5': '0.0292', 'HR@10': '0.0717', 'NDCG@10': '0.0378', 'HR@20': '0.1071', 'NDCG@20': '0.0467'}
2024-12-03 10:38:38,626 - EarlyStopping counter: 1 out of 10
2024-12-03 10:38:46,831 - {'epoch': 18, 'rec_loss': '7.7160'}
2024-12-03 10:38:51,154 - {'Epoch': 18, 'HR@5': '0.0477', 'NDCG@5': '0.0320', 'HR@10': '0.0733', 'NDCG@10': '0.0402', 'HR@20': '0.1090', 'NDCG@20': '0.0492'}
2024-12-03 10:38:51,154 - Validation score increased.  Saving model ...
2024-12-03 10:38:59,353 - {'epoch': 19, 'rec_loss': '7.6998'}
2024-12-03 10:39:03,615 - {'Epoch': 19, 'HR@5': '0.0484', 'NDCG@5': '0.0314', 'HR@10': '0.0738', 'NDCG@10': '0.0396', 'HR@20': '0.1118', 'NDCG@20': '0.0492'}
2024-12-03 10:39:03,615 - Validation score increased.  Saving model ...
2024-12-03 10:39:11,777 - {'epoch': 20, 'rec_loss': '7.6806'}
2024-12-03 10:39:16,066 - {'Epoch': 20, 'HR@5': '0.0472', 'NDCG@5': '0.0313', 'HR@10': '0.0730', 'NDCG@10': '0.0395', 'HR@20': '0.1128', 'NDCG@20': '0.0496'}
2024-12-03 10:39:16,066 - Validation score increased.  Saving model ...
2024-12-03 10:39:24,349 - {'epoch': 21, 'rec_loss': '7.6685'}
2024-12-03 10:39:28,657 - {'Epoch': 21, 'HR@5': '0.0499', 'NDCG@5': '0.0323', 'HR@10': '0.0761', 'NDCG@10': '0.0407', 'HR@20': '0.1143', 'NDCG@20': '0.0503'}
2024-12-03 10:39:28,660 - Validation score increased.  Saving model ...
2024-12-03 10:39:36,940 - {'epoch': 22, 'rec_loss': '7.6535'}
2024-12-03 10:39:41,211 - {'Epoch': 22, 'HR@5': '0.0469', 'NDCG@5': '0.0312', 'HR@10': '0.0752', 'NDCG@10': '0.0403', 'HR@20': '0.1124', 'NDCG@20': '0.0496'}
2024-12-03 10:39:41,211 - EarlyStopping counter: 1 out of 10
2024-12-03 10:39:49,718 - {'epoch': 23, 'rec_loss': '7.6410'}
2024-12-03 10:39:54,022 - {'Epoch': 23, 'HR@5': '0.0486', 'NDCG@5': '0.0319', 'HR@10': '0.0750', 'NDCG@10': '0.0403', 'HR@20': '0.1149', 'NDCG@20': '0.0504'}
2024-12-03 10:39:54,025 - Validation score increased.  Saving model ...
2024-12-03 10:40:02,238 - {'epoch': 24, 'rec_loss': '7.6239'}
2024-12-03 10:40:06,585 - {'Epoch': 24, 'HR@5': '0.0499', 'NDCG@5': '0.0323', 'HR@10': '0.0769', 'NDCG@10': '0.0410', 'HR@20': '0.1151', 'NDCG@20': '0.0506'}
2024-12-03 10:40:06,585 - Validation score increased.  Saving model ...
2024-12-03 10:40:14,822 - {'epoch': 25, 'rec_loss': '7.6136'}
2024-12-03 10:40:19,106 - {'Epoch': 25, 'HR@5': '0.0509', 'NDCG@5': '0.0339', 'HR@10': '0.0790', 'NDCG@10': '0.0430', 'HR@20': '0.1179', 'NDCG@20': '0.0527'}
2024-12-03 10:40:19,108 - Validation score increased.  Saving model ...
2024-12-03 10:40:27,337 - {'epoch': 26, 'rec_loss': '7.6028'}
2024-12-03 10:40:31,648 - {'Epoch': 26, 'HR@5': '0.0509', 'NDCG@5': '0.0339', 'HR@10': '0.0794', 'NDCG@10': '0.0430', 'HR@20': '0.1172', 'NDCG@20': '0.0526'}
2024-12-03 10:40:31,650 - EarlyStopping counter: 1 out of 10
2024-12-03 10:40:39,905 - {'epoch': 27, 'rec_loss': '7.5915'}
2024-12-03 10:40:44,149 - {'Epoch': 27, 'HR@5': '0.0526', 'NDCG@5': '0.0351', 'HR@10': '0.0792', 'NDCG@10': '0.0437', 'HR@20': '0.1179', 'NDCG@20': '0.0534'}
2024-12-03 10:40:44,149 - Validation score increased.  Saving model ...
2024-12-03 10:40:52,399 - {'epoch': 28, 'rec_loss': '7.5779'}
2024-12-03 10:40:56,669 - {'Epoch': 28, 'HR@5': '0.0526', 'NDCG@5': '0.0344', 'HR@10': '0.0803', 'NDCG@10': '0.0433', 'HR@20': '0.1202', 'NDCG@20': '0.0534'}
2024-12-03 10:40:56,669 - EarlyStopping counter: 1 out of 10
2024-12-03 10:41:04,921 - {'epoch': 29, 'rec_loss': '7.5616'}
2024-12-03 10:41:09,298 - {'Epoch': 29, 'HR@5': '0.0511', 'NDCG@5': '0.0335', 'HR@10': '0.0813', 'NDCG@10': '0.0432', 'HR@20': '0.1207', 'NDCG@20': '0.0531'}
2024-12-03 10:41:09,301 - EarlyStopping counter: 2 out of 10
2024-12-03 10:41:17,552 - {'epoch': 30, 'rec_loss': '7.5588'}
2024-12-03 10:41:21,842 - {'Epoch': 30, 'HR@5': '0.0541', 'NDCG@5': '0.0357', 'HR@10': '0.0827', 'NDCG@10': '0.0449', 'HR@20': '0.1245', 'NDCG@20': '0.0555'}
2024-12-03 10:41:21,843 - Validation score increased.  Saving model ...
2024-12-03 10:41:30,078 - {'epoch': 31, 'rec_loss': '7.5457'}
2024-12-03 10:41:34,436 - {'Epoch': 31, 'HR@5': '0.0520', 'NDCG@5': '0.0342', 'HR@10': '0.0802', 'NDCG@10': '0.0433', 'HR@20': '0.1205', 'NDCG@20': '0.0534'}
2024-12-03 10:41:34,439 - EarlyStopping counter: 1 out of 10
2024-12-03 10:41:42,827 - {'epoch': 32, 'rec_loss': '7.5326'}
2024-12-03 10:41:47,108 - {'Epoch': 32, 'HR@5': '0.0521', 'NDCG@5': '0.0337', 'HR@10': '0.0800', 'NDCG@10': '0.0427', 'HR@20': '0.1213', 'NDCG@20': '0.0531'}
2024-12-03 10:41:47,108 - EarlyStopping counter: 2 out of 10
2024-12-03 10:41:55,377 - {'epoch': 33, 'rec_loss': '7.5232'}
2024-12-03 10:41:59,655 - {'Epoch': 33, 'HR@5': '0.0524', 'NDCG@5': '0.0342', 'HR@10': '0.0822', 'NDCG@10': '0.0438', 'HR@20': '0.1211', 'NDCG@20': '0.0535'}
2024-12-03 10:41:59,658 - EarlyStopping counter: 3 out of 10
2024-12-03 10:42:08,001 - {'epoch': 34, 'rec_loss': '7.5163'}
2024-12-03 10:42:12,371 - {'Epoch': 34, 'HR@5': '0.0521', 'NDCG@5': '0.0346', 'HR@10': '0.0808', 'NDCG@10': '0.0438', 'HR@20': '0.1230', 'NDCG@20': '0.0544'}
2024-12-03 10:42:12,371 - EarlyStopping counter: 4 out of 10
2024-12-03 10:42:20,588 - {'epoch': 35, 'rec_loss': '7.5111'}
2024-12-03 10:42:24,971 - {'Epoch': 35, 'HR@5': '0.0516', 'NDCG@5': '0.0339', 'HR@10': '0.0814', 'NDCG@10': '0.0435', 'HR@20': '0.1188', 'NDCG@20': '0.0530'}
2024-12-03 10:42:24,972 - EarlyStopping counter: 5 out of 10
2024-12-03 10:42:33,258 - {'epoch': 36, 'rec_loss': '7.5009'}
2024-12-03 10:42:37,622 - {'Epoch': 36, 'HR@5': '0.0546', 'NDCG@5': '0.0352', 'HR@10': '0.0845', 'NDCG@10': '0.0449', 'HR@20': '0.1232', 'NDCG@20': '0.0546'}
2024-12-03 10:42:37,623 - EarlyStopping counter: 6 out of 10
2024-12-03 10:42:45,867 - {'epoch': 37, 'rec_loss': '7.4937'}
2024-12-03 10:42:50,259 - {'Epoch': 37, 'HR@5': '0.0554', 'NDCG@5': '0.0361', 'HR@10': '0.0859', 'NDCG@10': '0.0458', 'HR@20': '0.1253', 'NDCG@20': '0.0558'}
2024-12-03 10:42:50,260 - Validation score increased.  Saving model ...
2024-12-03 10:42:58,461 - {'epoch': 38, 'rec_loss': '7.4794'}
2024-12-03 10:43:02,765 - {'Epoch': 38, 'HR@5': '0.0559', 'NDCG@5': '0.0365', 'HR@10': '0.0845', 'NDCG@10': '0.0457', 'HR@20': '0.1245', 'NDCG@20': '0.0558'}
2024-12-03 10:43:02,766 - EarlyStopping counter: 1 out of 10
2024-12-03 10:43:11,048 - {'epoch': 39, 'rec_loss': '7.4753'}
2024-12-03 10:43:15,319 - {'Epoch': 39, 'HR@5': '0.0545', 'NDCG@5': '0.0351', 'HR@10': '0.0852', 'NDCG@10': '0.0450', 'HR@20': '0.1231', 'NDCG@20': '0.0545'}
2024-12-03 10:43:15,323 - EarlyStopping counter: 2 out of 10
2024-12-03 10:43:23,536 - {'epoch': 40, 'rec_loss': '7.4697'}
2024-12-03 10:43:27,812 - {'Epoch': 40, 'HR@5': '0.0576', 'NDCG@5': '0.0376', 'HR@10': '0.0855', 'NDCG@10': '0.0466', 'HR@20': '0.1254', 'NDCG@20': '0.0567'}
2024-12-03 10:43:27,813 - Validation score increased.  Saving model ...
2024-12-03 10:43:35,999 - {'epoch': 41, 'rec_loss': '7.4621'}
2024-12-03 10:43:40,402 - {'Epoch': 41, 'HR@5': '0.0552', 'NDCG@5': '0.0362', 'HR@10': '0.0851', 'NDCG@10': '0.0459', 'HR@20': '0.1266', 'NDCG@20': '0.0563'}
2024-12-03 10:43:40,406 - EarlyStopping counter: 1 out of 10
2024-12-03 10:43:48,816 - {'epoch': 42, 'rec_loss': '7.4550'}
2024-12-03 10:43:53,131 - {'Epoch': 42, 'HR@5': '0.0556', 'NDCG@5': '0.0363', 'HR@10': '0.0852', 'NDCG@10': '0.0458', 'HR@20': '0.1258', 'NDCG@20': '0.0561'}
2024-12-03 10:43:53,131 - EarlyStopping counter: 2 out of 10
2024-12-03 10:44:01,369 - {'epoch': 43, 'rec_loss': '7.4419'}
2024-12-03 10:44:05,638 - {'Epoch': 43, 'HR@5': '0.0550', 'NDCG@5': '0.0354', 'HR@10': '0.0846', 'NDCG@10': '0.0450', 'HR@20': '0.1257', 'NDCG@20': '0.0553'}
2024-12-03 10:44:05,638 - EarlyStopping counter: 3 out of 10
2024-12-03 10:44:13,895 - {'epoch': 44, 'rec_loss': '7.4405'}
2024-12-03 10:44:18,216 - {'Epoch': 44, 'HR@5': '0.0572', 'NDCG@5': '0.0383', 'HR@10': '0.0864', 'NDCG@10': '0.0477', 'HR@20': '0.1264', 'NDCG@20': '0.0577'}
2024-12-03 10:44:18,217 - Validation score increased.  Saving model ...
2024-12-03 10:44:26,558 - {'epoch': 45, 'rec_loss': '7.4287'}
2024-12-03 10:44:30,833 - {'Epoch': 45, 'HR@5': '0.0567', 'NDCG@5': '0.0378', 'HR@10': '0.0858', 'NDCG@10': '0.0472', 'HR@20': '0.1257', 'NDCG@20': '0.0572'}
2024-12-03 10:44:30,836 - EarlyStopping counter: 1 out of 10
2024-12-03 10:44:39,018 - {'epoch': 46, 'rec_loss': '7.4233'}
2024-12-03 10:44:43,331 - {'Epoch': 46, 'HR@5': '0.0579', 'NDCG@5': '0.0383', 'HR@10': '0.0866', 'NDCG@10': '0.0475', 'HR@20': '0.1284', 'NDCG@20': '0.0580'}
2024-12-03 10:44:43,333 - Validation score increased.  Saving model ...
2024-12-03 10:44:51,676 - {'epoch': 47, 'rec_loss': '7.4175'}
2024-12-03 10:44:56,003 - {'Epoch': 47, 'HR@5': '0.0577', 'NDCG@5': '0.0381', 'HR@10': '0.0870', 'NDCG@10': '0.0475', 'HR@20': '0.1267', 'NDCG@20': '0.0575'}
2024-12-03 10:44:56,006 - EarlyStopping counter: 1 out of 10
2024-12-03 10:45:04,296 - {'epoch': 48, 'rec_loss': '7.4126'}
2024-12-03 10:45:08,709 - {'Epoch': 48, 'HR@5': '0.0579', 'NDCG@5': '0.0381', 'HR@10': '0.0881', 'NDCG@10': '0.0478', 'HR@20': '0.1257', 'NDCG@20': '0.0573'}
2024-12-03 10:45:08,709 - EarlyStopping counter: 2 out of 10
2024-12-03 10:45:16,991 - {'epoch': 49, 'rec_loss': '7.4059'}
2024-12-03 10:45:21,290 - {'Epoch': 49, 'HR@5': '0.0565', 'NDCG@5': '0.0375', 'HR@10': '0.0874', 'NDCG@10': '0.0475', 'HR@20': '0.1279', 'NDCG@20': '0.0577'}
2024-12-03 10:45:21,291 - EarlyStopping counter: 3 out of 10
2024-12-03 10:45:29,601 - {'epoch': 50, 'rec_loss': '7.3983'}
2024-12-03 10:45:33,896 - {'Epoch': 50, 'HR@5': '0.0557', 'NDCG@5': '0.0368', 'HR@10': '0.0870', 'NDCG@10': '0.0469', 'HR@20': '0.1260', 'NDCG@20': '0.0567'}
2024-12-03 10:45:33,898 - EarlyStopping counter: 4 out of 10
2024-12-03 10:45:42,232 - {'epoch': 51, 'rec_loss': '7.3883'}
2024-12-03 10:45:46,440 - {'Epoch': 51, 'HR@5': '0.0557', 'NDCG@5': '0.0366', 'HR@10': '0.0852', 'NDCG@10': '0.0461', 'HR@20': '0.1265', 'NDCG@20': '0.0565'}
2024-12-03 10:45:46,441 - EarlyStopping counter: 5 out of 10
2024-12-03 10:45:54,689 - {'epoch': 52, 'rec_loss': '7.3879'}
2024-12-03 10:45:59,038 - {'Epoch': 52, 'HR@5': '0.0564', 'NDCG@5': '0.0366', 'HR@10': '0.0880', 'NDCG@10': '0.0468', 'HR@20': '0.1273', 'NDCG@20': '0.0566'}
2024-12-03 10:45:59,039 - EarlyStopping counter: 6 out of 10
2024-12-03 10:46:07,238 - {'epoch': 53, 'rec_loss': '7.3801'}
2024-12-03 10:46:11,634 - {'Epoch': 53, 'HR@5': '0.0579', 'NDCG@5': '0.0379', 'HR@10': '0.0878', 'NDCG@10': '0.0475', 'HR@20': '0.1268', 'NDCG@20': '0.0573'}
2024-12-03 10:46:11,637 - EarlyStopping counter: 7 out of 10
2024-12-03 10:46:19,895 - {'epoch': 54, 'rec_loss': '7.3751'}
2024-12-03 10:46:24,213 - {'Epoch': 54, 'HR@5': '0.0592', 'NDCG@5': '0.0396', 'HR@10': '0.0889', 'NDCG@10': '0.0491', 'HR@20': '0.1293', 'NDCG@20': '0.0592'}
2024-12-03 10:46:24,213 - Validation score increased.  Saving model ...
2024-12-03 10:46:32,434 - {'epoch': 55, 'rec_loss': '7.3690'}
2024-12-03 10:46:36,818 - {'Epoch': 55, 'HR@5': '0.0567', 'NDCG@5': '0.0378', 'HR@10': '0.0872', 'NDCG@10': '0.0475', 'HR@20': '0.1279', 'NDCG@20': '0.0578'}
2024-12-03 10:46:36,818 - EarlyStopping counter: 1 out of 10
2024-12-03 10:46:45,082 - {'epoch': 56, 'rec_loss': '7.3620'}
2024-12-03 10:46:49,490 - {'Epoch': 56, 'HR@5': '0.0571', 'NDCG@5': '0.0374', 'HR@10': '0.0882', 'NDCG@10': '0.0474', 'HR@20': '0.1267', 'NDCG@20': '0.0571'}
2024-12-03 10:46:49,493 - EarlyStopping counter: 2 out of 10
2024-12-03 10:46:57,670 - {'epoch': 57, 'rec_loss': '7.3589'}
2024-12-03 10:47:01,995 - {'Epoch': 57, 'HR@5': '0.0581', 'NDCG@5': '0.0388', 'HR@10': '0.0875', 'NDCG@10': '0.0482', 'HR@20': '0.1265', 'NDCG@20': '0.0580'}
2024-12-03 10:47:01,996 - EarlyStopping counter: 3 out of 10
2024-12-03 10:47:10,234 - {'epoch': 58, 'rec_loss': '7.3564'}
2024-12-03 10:47:14,515 - {'Epoch': 58, 'HR@5': '0.0560', 'NDCG@5': '0.0373', 'HR@10': '0.0863', 'NDCG@10': '0.0470', 'HR@20': '0.1259', 'NDCG@20': '0.0570'}
2024-12-03 10:47:14,516 - EarlyStopping counter: 4 out of 10
2024-12-03 10:47:22,726 - {'epoch': 59, 'rec_loss': '7.3523'}
2024-12-03 10:47:27,008 - {'Epoch': 59, 'HR@5': '0.0581', 'NDCG@5': '0.0382', 'HR@10': '0.0888', 'NDCG@10': '0.0481', 'HR@20': '0.1268', 'NDCG@20': '0.0576'}
2024-12-03 10:47:27,009 - EarlyStopping counter: 5 out of 10
2024-12-03 10:47:35,242 - {'epoch': 60, 'rec_loss': '7.3463'}
2024-12-03 10:47:39,547 - {'Epoch': 60, 'HR@5': '0.0599', 'NDCG@5': '0.0398', 'HR@10': '0.0893', 'NDCG@10': '0.0492', 'HR@20': '0.1304', 'NDCG@20': '0.0596'}
2024-12-03 10:47:39,548 - Validation score increased.  Saving model ...
2024-12-03 10:47:47,813 - {'epoch': 61, 'rec_loss': '7.3382'}
2024-12-03 10:47:52,131 - {'Epoch': 61, 'HR@5': '0.0583', 'NDCG@5': '0.0386', 'HR@10': '0.0887', 'NDCG@10': '0.0485', 'HR@20': '0.1282', 'NDCG@20': '0.0584'}
2024-12-03 10:47:52,132 - EarlyStopping counter: 1 out of 10
2024-12-03 10:48:00,389 - {'epoch': 62, 'rec_loss': '7.3358'}
2024-12-03 10:48:04,719 - {'Epoch': 62, 'HR@5': '0.0594', 'NDCG@5': '0.0389', 'HR@10': '0.0879', 'NDCG@10': '0.0481', 'HR@20': '0.1273', 'NDCG@20': '0.0580'}
2024-12-03 10:48:04,719 - EarlyStopping counter: 2 out of 10
2024-12-03 10:48:12,905 - {'epoch': 63, 'rec_loss': '7.3288'}
2024-12-03 10:48:17,170 - {'Epoch': 63, 'HR@5': '0.0600', 'NDCG@5': '0.0398', 'HR@10': '0.0901', 'NDCG@10': '0.0495', 'HR@20': '0.1309', 'NDCG@20': '0.0598'}
2024-12-03 10:48:17,170 - Validation score increased.  Saving model ...
2024-12-03 10:48:25,477 - {'epoch': 64, 'rec_loss': '7.3236'}
2024-12-03 10:48:29,751 - {'Epoch': 64, 'HR@5': '0.0587', 'NDCG@5': '0.0394', 'HR@10': '0.0902', 'NDCG@10': '0.0496', 'HR@20': '0.1306', 'NDCG@20': '0.0597'}
2024-12-03 10:48:29,752 - EarlyStopping counter: 1 out of 10
2024-12-03 10:48:38,129 - {'epoch': 65, 'rec_loss': '7.3172'}
2024-12-03 10:48:42,382 - {'Epoch': 65, 'HR@5': '0.0597', 'NDCG@5': '0.0400', 'HR@10': '0.0883', 'NDCG@10': '0.0493', 'HR@20': '0.1282', 'NDCG@20': '0.0593'}
2024-12-03 10:48:42,384 - EarlyStopping counter: 2 out of 10
2024-12-03 10:48:50,584 - {'epoch': 66, 'rec_loss': '7.3179'}
2024-12-03 10:48:54,860 - {'Epoch': 66, 'HR@5': '0.0598', 'NDCG@5': '0.0390', 'HR@10': '0.0894', 'NDCG@10': '0.0485', 'HR@20': '0.1308', 'NDCG@20': '0.0590'}
2024-12-03 10:48:54,860 - EarlyStopping counter: 3 out of 10
2024-12-03 10:49:03,371 - {'epoch': 67, 'rec_loss': '7.3073'}
2024-12-03 10:49:07,755 - {'Epoch': 67, 'HR@5': '0.0571', 'NDCG@5': '0.0383', 'HR@10': '0.0891', 'NDCG@10': '0.0486', 'HR@20': '0.1302', 'NDCG@20': '0.0590'}
2024-12-03 10:49:07,755 - EarlyStopping counter: 4 out of 10
2024-12-03 10:49:16,219 - {'epoch': 68, 'rec_loss': '7.3094'}
2024-12-03 10:49:20,479 - {'Epoch': 68, 'HR@5': '0.0577', 'NDCG@5': '0.0384', 'HR@10': '0.0872', 'NDCG@10': '0.0479', 'HR@20': '0.1286', 'NDCG@20': '0.0583'}
2024-12-03 10:49:20,480 - EarlyStopping counter: 5 out of 10
2024-12-03 10:49:28,872 - {'epoch': 69, 'rec_loss': '7.2976'}
2024-12-03 10:49:33,144 - {'Epoch': 69, 'HR@5': '0.0607', 'NDCG@5': '0.0403', 'HR@10': '0.0900', 'NDCG@10': '0.0497', 'HR@20': '0.1304', 'NDCG@20': '0.0599'}
2024-12-03 10:49:33,147 - Validation score increased.  Saving model ...
2024-12-03 10:49:41,364 - {'epoch': 70, 'rec_loss': '7.2987'}
2024-12-03 10:49:45,632 - {'Epoch': 70, 'HR@5': '0.0594', 'NDCG@5': '0.0395', 'HR@10': '0.0898', 'NDCG@10': '0.0493', 'HR@20': '0.1316', 'NDCG@20': '0.0598'}
2024-12-03 10:49:45,635 - EarlyStopping counter: 1 out of 10
2024-12-03 10:49:53,919 - {'epoch': 71, 'rec_loss': '7.2956'}
2024-12-03 10:49:58,226 - {'Epoch': 71, 'HR@5': '0.0614', 'NDCG@5': '0.0403', 'HR@10': '0.0919', 'NDCG@10': '0.0502', 'HR@20': '0.1302', 'NDCG@20': '0.0598'}
2024-12-03 10:49:58,226 - EarlyStopping counter: 2 out of 10
2024-12-03 10:50:06,520 - {'epoch': 72, 'rec_loss': '7.2941'}
2024-12-03 10:50:10,788 - {'Epoch': 72, 'HR@5': '0.0609', 'NDCG@5': '0.0398', 'HR@10': '0.0901', 'NDCG@10': '0.0492', 'HR@20': '0.1300', 'NDCG@20': '0.0592'}
2024-12-03 10:50:10,791 - EarlyStopping counter: 3 out of 10
2024-12-03 10:50:18,981 - {'epoch': 73, 'rec_loss': '7.2838'}
2024-12-03 10:50:23,174 - {'Epoch': 73, 'HR@5': '0.0576', 'NDCG@5': '0.0385', 'HR@10': '0.0885', 'NDCG@10': '0.0484', 'HR@20': '0.1304', 'NDCG@20': '0.0590'}
2024-12-03 10:50:23,175 - EarlyStopping counter: 4 out of 10
2024-12-03 10:50:31,658 - {'epoch': 74, 'rec_loss': '7.2827'}
2024-12-03 10:50:35,948 - {'Epoch': 74, 'HR@5': '0.0594', 'NDCG@5': '0.0391', 'HR@10': '0.0897', 'NDCG@10': '0.0489', 'HR@20': '0.1310', 'NDCG@20': '0.0593'}
2024-12-03 10:50:35,951 - EarlyStopping counter: 5 out of 10
2024-12-03 10:50:44,185 - {'epoch': 75, 'rec_loss': '7.2787'}
2024-12-03 10:50:48,417 - {'Epoch': 75, 'HR@5': '0.0589', 'NDCG@5': '0.0392', 'HR@10': '0.0892', 'NDCG@10': '0.0490', 'HR@20': '0.1297', 'NDCG@20': '0.0591'}
2024-12-03 10:50:48,417 - EarlyStopping counter: 6 out of 10
2024-12-03 10:50:56,629 - {'epoch': 76, 'rec_loss': '7.2750'}
2024-12-03 10:51:00,887 - {'Epoch': 76, 'HR@5': '0.0601', 'NDCG@5': '0.0396', 'HR@10': '0.0900', 'NDCG@10': '0.0492', 'HR@20': '0.1316', 'NDCG@20': '0.0597'}
2024-12-03 10:51:00,888 - EarlyStopping counter: 7 out of 10
2024-12-03 10:51:09,062 - {'epoch': 77, 'rec_loss': '7.2744'}
2024-12-03 10:51:13,368 - {'Epoch': 77, 'HR@5': '0.0589', 'NDCG@5': '0.0388', 'HR@10': '0.0889', 'NDCG@10': '0.0484', 'HR@20': '0.1316', 'NDCG@20': '0.0592'}
2024-12-03 10:51:13,370 - EarlyStopping counter: 8 out of 10
2024-12-03 10:51:21,512 - {'epoch': 78, 'rec_loss': '7.2692'}
2024-12-03 10:51:25,818 - {'Epoch': 78, 'HR@5': '0.0570', 'NDCG@5': '0.0380', 'HR@10': '0.0886', 'NDCG@10': '0.0482', 'HR@20': '0.1298', 'NDCG@20': '0.0585'}
2024-12-03 10:51:25,818 - EarlyStopping counter: 9 out of 10
2024-12-03 10:51:33,990 - {'epoch': 79, 'rec_loss': '7.2637'}
2024-12-03 10:51:38,218 - {'Epoch': 79, 'HR@5': '0.0583', 'NDCG@5': '0.0390', 'HR@10': '0.0887', 'NDCG@10': '0.0488', 'HR@20': '0.1291', 'NDCG@20': '0.0590'}
2024-12-03 10:51:38,222 - EarlyStopping counter: 10 out of 10
2024-12-03 10:51:38,222 - Early stopping
2024-12-03 10:51:38,222 - ---------------Test Score---------------
2024-12-03 10:51:42,537 - {'Epoch': 0, 'HR@5': '0.0455', 'NDCG@5': '0.0298', 'HR@10': '0.0681', 'NDCG@10': '0.0371', 'HR@20': '0.1024', 'NDCG@20': '0.0457'}
2024-12-03 10:51:42,538 - BERT4Rec_Beauty
2024-12-03 10:51:42,538 - {'Epoch': 0, 'HR@5': '0.0455', 'NDCG@5': '0.0298', 'HR@10': '0.0681', 'NDCG@10': '0.0371', 'HR@20': '0.1024', 'NDCG@20': '0.0457'}
