2025-01-06 19:29:06,575 - Namespace(data_dir='./data/', output_dir='output/', data_name='Sports_and_Outdoors', do_eval=False, load_model=None, train_name='BSARec_SA_S_Sports_and_Outdoors', num_items=10, num_users=35599, lr=0.0005, batch_size=256, epochs=200, no_cuda=False, log_freq=1, patience=10, num_workers=4, seed=42, weight_decay=0.0, adam_beta1=0.9, adam_beta2=0.999, gpu_id='0', variance=5, model_type='BSARec_SA_S', max_seq_length=50, hidden_size=64, num_hidden_layers=2, hidden_act='gelu', num_attention_heads=1, attention_probs_dropout_prob=0.5, hidden_dropout_prob=0.5, initializer_range=0.02, c=5, alpha=0.7, cuda_condition=True, data_file='./data/Sports_and_Outdoors.txt', item_size=18358, checkpoint_path='output/BSARec_SA_S_Sports_and_Outdoors.pt', same_target_path='./data/Sports_and_Outdoors_same_target.npy')
2025-01-06 19:29:06,599 - BSARecModel_SA_S(
  (item_embeddings): Embedding(18358, 64, padding_idx=0)
  (position_embeddings): Embedding(50, 64)
  (LayerNorm): LayerNorm()
  (dropout): Dropout(p=0.5, inplace=False)
  (item_encoder): BSARecEncoder(
    (blocks): ModuleList(
      (0): BSARecBlock(
        (layer): BSARecLayer(
          (filter_layer): FrequencyLayer(
            (out_dropout): Dropout(p=0.5, inplace=False)
            (LayerNorm): LayerNorm()
          )
          (attention_layer): MultiHeadAttention(
            (query): Linear(in_features=64, out_features=64, bias=True)
            (key): Linear(in_features=64, out_features=64, bias=True)
            (value): Linear(in_features=64, out_features=64, bias=True)
            (softmax): Softmax(dim=-1)
            (attn_dropout): Dropout(p=0.5, inplace=False)
            (dense): Linear(in_features=64, out_features=64, bias=True)
            (LayerNorm): LayerNorm((64,), eps=1e-12, elementwise_affine=True)
            (out_dropout): Dropout(p=0.5, inplace=False)
          )
        )
        (feed_forward_sa): FeedForward(
          (dense_1): Linear(in_features=64, out_features=256, bias=True)
          (dense_2): Linear(in_features=256, out_features=64, bias=True)
          (LayerNorm): LayerNorm()
          (dropout): Dropout(p=0.5, inplace=False)
        )
        (feed_forward_g): FeedForward(
          (dense_1): Linear(in_features=64, out_features=256, bias=True)
          (dense_2): Linear(in_features=256, out_features=64, bias=True)
          (LayerNorm): LayerNorm()
          (dropout): Dropout(p=0.5, inplace=False)
        )
        (fusion_module): ModalityFusion()
      )
      (1): BSARecBlock(
        (layer): BSARecLayer(
          (filter_layer): FrequencyLayer(
            (out_dropout): Dropout(p=0.5, inplace=False)
            (LayerNorm): LayerNorm()
          )
          (attention_layer): MultiHeadAttention(
            (query): Linear(in_features=64, out_features=64, bias=True)
            (key): Linear(in_features=64, out_features=64, bias=True)
            (value): Linear(in_features=64, out_features=64, bias=True)
            (softmax): Softmax(dim=-1)
            (attn_dropout): Dropout(p=0.5, inplace=False)
            (dense): Linear(in_features=64, out_features=64, bias=True)
            (LayerNorm): LayerNorm((64,), eps=1e-12, elementwise_affine=True)
            (out_dropout): Dropout(p=0.5, inplace=False)
          )
        )
        (feed_forward_sa): FeedForward(
          (dense_1): Linear(in_features=64, out_features=256, bias=True)
          (dense_2): Linear(in_features=256, out_features=64, bias=True)
          (LayerNorm): LayerNorm()
          (dropout): Dropout(p=0.5, inplace=False)
        )
        (feed_forward_g): FeedForward(
          (dense_1): Linear(in_features=64, out_features=256, bias=True)
          (dense_2): Linear(in_features=256, out_features=64, bias=True)
          (LayerNorm): LayerNorm()
          (dropout): Dropout(p=0.5, inplace=False)
        )
        (fusion_module): ModalityFusion()
      )
    )
  )
)
2025-01-06 19:29:08,924 - Total Parameters: 1345028
2025-01-06 19:30:34,558 - {'epoch': 0, 'rec_loss': '9.3758'}
2025-01-06 19:30:59,572 - {'Epoch': 0, 'HR@5': '0.0092', 'NDCG@5': '0.0060', 'HR@10': '0.0152', 'NDCG@10': '0.0079', 'HR@20': '0.0271', 'NDCG@20': '0.0109'}
2025-01-06 19:30:59,576 - Validation score increased.  Saving model ...
2025-01-06 19:32:33,074 - {'epoch': 1, 'rec_loss': '9.0353'}
2025-01-06 19:32:56,925 - {'Epoch': 1, 'HR@5': '0.0160', 'NDCG@5': '0.0106', 'HR@10': '0.0277', 'NDCG@10': '0.0144', 'HR@20': '0.0442', 'NDCG@20': '0.0185'}
2025-01-06 19:32:56,926 - Validation score increased.  Saving model ...
2025-01-06 19:34:33,900 - {'epoch': 2, 'rec_loss': '8.7831'}
2025-01-06 19:34:59,078 - {'Epoch': 2, 'HR@5': '0.0177', 'NDCG@5': '0.0115', 'HR@10': '0.0316', 'NDCG@10': '0.0159', 'HR@20': '0.0507', 'NDCG@20': '0.0207'}
2025-01-06 19:34:59,079 - Validation score increased.  Saving model ...
2025-01-06 19:36:36,135 - {'epoch': 3, 'rec_loss': '8.6122'}
2025-01-06 19:37:00,068 - {'Epoch': 3, 'HR@5': '0.0256', 'NDCG@5': '0.0169', 'HR@10': '0.0397', 'NDCG@10': '0.0214', 'HR@20': '0.0618', 'NDCG@20': '0.0269'}
2025-01-06 19:37:00,069 - Validation score increased.  Saving model ...
2025-01-06 19:38:31,770 - {'epoch': 4, 'rec_loss': '8.4607'}
2025-01-06 19:38:55,309 - {'Epoch': 4, 'HR@5': '0.0310', 'NDCG@5': '0.0207', 'HR@10': '0.0473', 'NDCG@10': '0.0259', 'HR@20': '0.0701', 'NDCG@20': '0.0316'}
2025-01-06 19:38:55,309 - Validation score increased.  Saving model ...
2025-01-06 19:40:31,804 - {'epoch': 5, 'rec_loss': '8.3266'}
2025-01-06 19:40:55,952 - {'Epoch': 5, 'HR@5': '0.0343', 'NDCG@5': '0.0233', 'HR@10': '0.0504', 'NDCG@10': '0.0285', 'HR@20': '0.0758', 'NDCG@20': '0.0349'}
2025-01-06 19:40:55,953 - Validation score increased.  Saving model ...
2025-01-06 19:42:29,550 - {'epoch': 6, 'rec_loss': '8.2031'}
2025-01-06 19:42:53,504 - {'Epoch': 6, 'HR@5': '0.0384', 'NDCG@5': '0.0262', 'HR@10': '0.0569', 'NDCG@10': '0.0322', 'HR@20': '0.0805', 'NDCG@20': '0.0381'}
2025-01-06 19:42:53,513 - Validation score increased.  Saving model ...
2025-01-06 19:44:26,804 - {'epoch': 7, 'rec_loss': '8.0918'}
2025-01-06 19:44:51,204 - {'Epoch': 7, 'HR@5': '0.0405', 'NDCG@5': '0.0280', 'HR@10': '0.0590', 'NDCG@10': '0.0339', 'HR@20': '0.0848', 'NDCG@20': '0.0404'}
2025-01-06 19:44:51,205 - Validation score increased.  Saving model ...
2025-01-06 19:46:26,390 - {'epoch': 8, 'rec_loss': '7.9930'}
2025-01-06 19:46:50,024 - {'Epoch': 8, 'HR@5': '0.0430', 'NDCG@5': '0.0301', 'HR@10': '0.0628', 'NDCG@10': '0.0365', 'HR@20': '0.0875', 'NDCG@20': '0.0427'}
2025-01-06 19:46:50,024 - Validation score increased.  Saving model ...
2025-01-06 19:48:26,564 - {'epoch': 9, 'rec_loss': '7.9039'}
2025-01-06 19:48:51,362 - {'Epoch': 9, 'HR@5': '0.0441', 'NDCG@5': '0.0310', 'HR@10': '0.0633', 'NDCG@10': '0.0372', 'HR@20': '0.0896', 'NDCG@20': '0.0438'}
2025-01-06 19:48:51,363 - Validation score increased.  Saving model ...
2025-01-06 19:50:27,400 - {'epoch': 10, 'rec_loss': '7.8276'}
2025-01-06 19:50:51,177 - {'Epoch': 10, 'HR@5': '0.0457', 'NDCG@5': '0.0324', 'HR@10': '0.0640', 'NDCG@10': '0.0383', 'HR@20': '0.0904', 'NDCG@20': '0.0449'}
2025-01-06 19:50:51,177 - Validation score increased.  Saving model ...
2025-01-06 19:52:27,402 - {'epoch': 11, 'rec_loss': '7.7639'}
2025-01-06 19:52:52,125 - {'Epoch': 11, 'HR@5': '0.0462', 'NDCG@5': '0.0329', 'HR@10': '0.0658', 'NDCG@10': '0.0392', 'HR@20': '0.0923', 'NDCG@20': '0.0458'}
2025-01-06 19:52:52,126 - Validation score increased.  Saving model ...
2025-01-06 19:54:24,571 - {'epoch': 12, 'rec_loss': '7.7092'}
2025-01-06 19:54:50,269 - {'Epoch': 12, 'HR@5': '0.0458', 'NDCG@5': '0.0327', 'HR@10': '0.0657', 'NDCG@10': '0.0391', 'HR@20': '0.0926', 'NDCG@20': '0.0459'}
2025-01-06 19:54:50,270 - Validation score increased.  Saving model ...
2025-01-06 19:56:26,420 - {'epoch': 13, 'rec_loss': '7.6644'}
2025-01-06 19:56:50,969 - {'Epoch': 13, 'HR@5': '0.0471', 'NDCG@5': '0.0336', 'HR@10': '0.0661', 'NDCG@10': '0.0397', 'HR@20': '0.0942', 'NDCG@20': '0.0467'}
2025-01-06 19:56:50,970 - Validation score increased.  Saving model ...
2025-01-06 19:58:28,172 - {'epoch': 14, 'rec_loss': '7.6250'}
2025-01-06 19:58:52,735 - {'Epoch': 14, 'HR@5': '0.0479', 'NDCG@5': '0.0336', 'HR@10': '0.0675', 'NDCG@10': '0.0400', 'HR@20': '0.0936', 'NDCG@20': '0.0465'}
2025-01-06 19:58:52,736 - EarlyStopping counter: 1 out of 10
2025-01-06 20:00:26,590 - {'epoch': 15, 'rec_loss': '7.5887'}
2025-01-06 20:00:50,229 - {'Epoch': 15, 'HR@5': '0.0476', 'NDCG@5': '0.0338', 'HR@10': '0.0669', 'NDCG@10': '0.0400', 'HR@20': '0.0940', 'NDCG@20': '0.0468'}
2025-01-06 20:00:50,230 - Validation score increased.  Saving model ...
2025-01-06 20:02:23,611 - {'epoch': 16, 'rec_loss': '7.5561'}
2025-01-06 20:02:48,733 - {'Epoch': 16, 'HR@5': '0.0480', 'NDCG@5': '0.0340', 'HR@10': '0.0676', 'NDCG@10': '0.0404', 'HR@20': '0.0947', 'NDCG@20': '0.0472'}
2025-01-06 20:02:48,734 - Validation score increased.  Saving model ...
2025-01-06 20:04:20,976 - {'epoch': 17, 'rec_loss': '7.5312'}
2025-01-06 20:04:46,462 - {'Epoch': 17, 'HR@5': '0.0477', 'NDCG@5': '0.0338', 'HR@10': '0.0681', 'NDCG@10': '0.0404', 'HR@20': '0.0949', 'NDCG@20': '0.0471'}
2025-01-06 20:04:46,462 - EarlyStopping counter: 1 out of 10
2025-01-06 20:06:21,965 - {'epoch': 18, 'rec_loss': '7.5024'}
2025-01-06 20:06:46,786 - {'Epoch': 18, 'HR@5': '0.0474', 'NDCG@5': '0.0336', 'HR@10': '0.0682', 'NDCG@10': '0.0403', 'HR@20': '0.0953', 'NDCG@20': '0.0471'}
2025-01-06 20:06:46,787 - EarlyStopping counter: 2 out of 10
2025-01-06 20:08:20,998 - {'epoch': 19, 'rec_loss': '7.4809'}
2025-01-06 20:08:45,542 - {'Epoch': 19, 'HR@5': '0.0465', 'NDCG@5': '0.0334', 'HR@10': '0.0682', 'NDCG@10': '0.0404', 'HR@20': '0.0953', 'NDCG@20': '0.0472'}
2025-01-06 20:08:45,543 - Validation score increased.  Saving model ...
2025-01-06 20:10:24,937 - {'epoch': 20, 'rec_loss': '7.4600'}
2025-01-06 20:10:50,064 - {'Epoch': 20, 'HR@5': '0.0481', 'NDCG@5': '0.0335', 'HR@10': '0.0690', 'NDCG@10': '0.0403', 'HR@20': '0.0962', 'NDCG@20': '0.0471'}
2025-01-06 20:10:50,065 - EarlyStopping counter: 1 out of 10
2025-01-06 20:12:27,468 - {'epoch': 21, 'rec_loss': '7.4392'}
2025-01-06 20:12:52,065 - {'Epoch': 21, 'HR@5': '0.0489', 'NDCG@5': '0.0346', 'HR@10': '0.0690', 'NDCG@10': '0.0411', 'HR@20': '0.0955', 'NDCG@20': '0.0477'}
2025-01-06 20:12:52,066 - Validation score increased.  Saving model ...
2025-01-06 20:14:25,823 - {'epoch': 22, 'rec_loss': '7.4289'}
2025-01-06 20:14:50,024 - {'Epoch': 22, 'HR@5': '0.0478', 'NDCG@5': '0.0335', 'HR@10': '0.0694', 'NDCG@10': '0.0405', 'HR@20': '0.0960', 'NDCG@20': '0.0471'}
2025-01-06 20:14:50,025 - EarlyStopping counter: 1 out of 10
2025-01-06 20:16:24,238 - {'epoch': 23, 'rec_loss': '7.4101'}
2025-01-06 20:16:49,702 - {'Epoch': 23, 'HR@5': '0.0485', 'NDCG@5': '0.0340', 'HR@10': '0.0698', 'NDCG@10': '0.0409', 'HR@20': '0.0973', 'NDCG@20': '0.0478'}
2025-01-06 20:16:49,703 - Validation score increased.  Saving model ...
2025-01-06 20:18:22,987 - {'epoch': 24, 'rec_loss': '7.3929'}
2025-01-06 20:18:47,040 - {'Epoch': 24, 'HR@5': '0.0489', 'NDCG@5': '0.0341', 'HR@10': '0.0693', 'NDCG@10': '0.0406', 'HR@20': '0.0972', 'NDCG@20': '0.0476'}
2025-01-06 20:18:47,041 - EarlyStopping counter: 1 out of 10
2025-01-06 20:20:24,410 - {'epoch': 25, 'rec_loss': '7.3811'}
2025-01-06 20:20:49,032 - {'Epoch': 25, 'HR@5': '0.0483', 'NDCG@5': '0.0339', 'HR@10': '0.0689', 'NDCG@10': '0.0405', 'HR@20': '0.0975', 'NDCG@20': '0.0477'}
2025-01-06 20:20:49,033 - EarlyStopping counter: 2 out of 10
2025-01-06 20:22:25,193 - {'epoch': 26, 'rec_loss': '7.3618'}
2025-01-06 20:22:49,026 - {'Epoch': 26, 'HR@5': '0.0493', 'NDCG@5': '0.0345', 'HR@10': '0.0694', 'NDCG@10': '0.0410', 'HR@20': '0.0966', 'NDCG@20': '0.0479'}
2025-01-06 20:22:49,027 - Validation score increased.  Saving model ...
2025-01-06 20:24:25,530 - {'epoch': 27, 'rec_loss': '7.3508'}
2025-01-06 20:24:49,216 - {'Epoch': 27, 'HR@5': '0.0490', 'NDCG@5': '0.0342', 'HR@10': '0.0708', 'NDCG@10': '0.0411', 'HR@20': '0.0980', 'NDCG@20': '0.0480'}
2025-01-06 20:24:49,217 - Validation score increased.  Saving model ...
2025-01-06 20:26:27,704 - {'epoch': 28, 'rec_loss': '7.3387'}
2025-01-06 20:26:52,388 - {'Epoch': 28, 'HR@5': '0.0501', 'NDCG@5': '0.0348', 'HR@10': '0.0707', 'NDCG@10': '0.0414', 'HR@20': '0.0973', 'NDCG@20': '0.0481'}
2025-01-06 20:26:52,389 - Validation score increased.  Saving model ...
2025-01-06 20:28:25,938 - {'epoch': 29, 'rec_loss': '7.3324'}
2025-01-06 20:28:51,027 - {'Epoch': 29, 'HR@5': '0.0485', 'NDCG@5': '0.0338', 'HR@10': '0.0692', 'NDCG@10': '0.0404', 'HR@20': '0.0970', 'NDCG@20': '0.0474'}
2025-01-06 20:28:51,028 - EarlyStopping counter: 1 out of 10
2025-01-06 20:30:27,268 - {'epoch': 30, 'rec_loss': '7.3215'}
2025-01-06 20:30:52,556 - {'Epoch': 30, 'HR@5': '0.0488', 'NDCG@5': '0.0340', 'HR@10': '0.0692', 'NDCG@10': '0.0406', 'HR@20': '0.0975', 'NDCG@20': '0.0477'}
2025-01-06 20:30:52,557 - EarlyStopping counter: 2 out of 10
2025-01-06 20:32:27,247 - {'epoch': 31, 'rec_loss': '7.3117'}
2025-01-06 20:32:51,284 - {'Epoch': 31, 'HR@5': '0.0488', 'NDCG@5': '0.0337', 'HR@10': '0.0699', 'NDCG@10': '0.0405', 'HR@20': '0.0967', 'NDCG@20': '0.0473'}
2025-01-06 20:32:51,285 - EarlyStopping counter: 3 out of 10
2025-01-06 20:34:28,051 - {'epoch': 32, 'rec_loss': '7.3028'}
2025-01-06 20:34:53,657 - {'Epoch': 32, 'HR@5': '0.0493', 'NDCG@5': '0.0341', 'HR@10': '0.0705', 'NDCG@10': '0.0409', 'HR@20': '0.0979', 'NDCG@20': '0.0478'}
2025-01-06 20:34:53,658 - EarlyStopping counter: 4 out of 10
2025-01-06 20:36:31,757 - {'epoch': 33, 'rec_loss': '7.2901'}
2025-01-06 20:36:56,677 - {'Epoch': 33, 'HR@5': '0.0490', 'NDCG@5': '0.0343', 'HR@10': '0.0703', 'NDCG@10': '0.0411', 'HR@20': '0.0984', 'NDCG@20': '0.0482'}
2025-01-06 20:36:56,678 - Validation score increased.  Saving model ...
2025-01-06 20:38:35,370 - {'epoch': 34, 'rec_loss': '7.2787'}
2025-01-06 20:39:00,670 - {'Epoch': 34, 'HR@5': '0.0499', 'NDCG@5': '0.0343', 'HR@10': '0.0709', 'NDCG@10': '0.0411', 'HR@20': '0.0987', 'NDCG@20': '0.0481'}
2025-01-06 20:39:00,671 - EarlyStopping counter: 1 out of 10
2025-01-06 20:40:39,187 - {'epoch': 35, 'rec_loss': '7.2703'}
2025-01-06 20:41:03,195 - {'Epoch': 35, 'HR@5': '0.0486', 'NDCG@5': '0.0338', 'HR@10': '0.0703', 'NDCG@10': '0.0408', 'HR@20': '0.0989', 'NDCG@20': '0.0480'}
2025-01-06 20:41:03,196 - EarlyStopping counter: 2 out of 10
2025-01-06 20:42:38,866 - {'epoch': 36, 'rec_loss': '7.2699'}
2025-01-06 20:43:02,891 - {'Epoch': 36, 'HR@5': '0.0492', 'NDCG@5': '0.0343', 'HR@10': '0.0705', 'NDCG@10': '0.0412', 'HR@20': '0.0982', 'NDCG@20': '0.0481'}
2025-01-06 20:43:02,892 - EarlyStopping counter: 3 out of 10
2025-01-06 20:44:40,483 - {'epoch': 37, 'rec_loss': '7.2580'}
2025-01-06 20:45:04,112 - {'Epoch': 37, 'HR@5': '0.0489', 'NDCG@5': '0.0339', 'HR@10': '0.0703', 'NDCG@10': '0.0408', 'HR@20': '0.0978', 'NDCG@20': '0.0477'}
2025-01-06 20:45:04,113 - EarlyStopping counter: 4 out of 10
2025-01-06 20:46:37,172 - {'epoch': 38, 'rec_loss': '7.2499'}
2025-01-06 20:46:59,953 - {'Epoch': 38, 'HR@5': '0.0494', 'NDCG@5': '0.0347', 'HR@10': '0.0701', 'NDCG@10': '0.0413', 'HR@20': '0.0983', 'NDCG@20': '0.0484'}
2025-01-06 20:46:59,954 - Validation score increased.  Saving model ...
2025-01-06 20:48:23,355 - {'epoch': 39, 'rec_loss': '7.2439'}
2025-01-06 20:48:43,489 - {'Epoch': 39, 'HR@5': '0.0487', 'NDCG@5': '0.0342', 'HR@10': '0.0703', 'NDCG@10': '0.0412', 'HR@20': '0.0987', 'NDCG@20': '0.0483'}
2025-01-06 20:48:43,490 - EarlyStopping counter: 1 out of 10
2025-01-06 20:50:00,307 - {'epoch': 40, 'rec_loss': '7.2358'}
2025-01-06 20:50:19,956 - {'Epoch': 40, 'HR@5': '0.0496', 'NDCG@5': '0.0345', 'HR@10': '0.0704', 'NDCG@10': '0.0412', 'HR@20': '0.0997', 'NDCG@20': '0.0485'}
2025-01-06 20:50:19,956 - Validation score increased.  Saving model ...
2025-01-06 20:51:38,287 - {'epoch': 41, 'rec_loss': '7.2286'}
2025-01-06 20:51:58,298 - {'Epoch': 41, 'HR@5': '0.0497', 'NDCG@5': '0.0345', 'HR@10': '0.0698', 'NDCG@10': '0.0409', 'HR@20': '0.0991', 'NDCG@20': '0.0483'}
2025-01-06 20:51:58,299 - EarlyStopping counter: 1 out of 10
2025-01-06 20:53:17,160 - {'epoch': 42, 'rec_loss': '7.2273'}
2025-01-06 20:53:40,160 - {'Epoch': 42, 'HR@5': '0.0499', 'NDCG@5': '0.0348', 'HR@10': '0.0694', 'NDCG@10': '0.0411', 'HR@20': '0.0985', 'NDCG@20': '0.0484'}
2025-01-06 20:53:40,161 - EarlyStopping counter: 2 out of 10
2025-01-06 20:55:21,343 - {'epoch': 43, 'rec_loss': '7.2186'}
2025-01-06 20:55:46,505 - {'Epoch': 43, 'HR@5': '0.0495', 'NDCG@5': '0.0343', 'HR@10': '0.0707', 'NDCG@10': '0.0412', 'HR@20': '0.0989', 'NDCG@20': '0.0483'}
2025-01-06 20:55:46,506 - EarlyStopping counter: 3 out of 10
2025-01-06 20:57:13,032 - {'epoch': 44, 'rec_loss': '7.2101'}
2025-01-06 20:57:33,954 - {'Epoch': 44, 'HR@5': '0.0487', 'NDCG@5': '0.0339', 'HR@10': '0.0701', 'NDCG@10': '0.0408', 'HR@20': '0.0998', 'NDCG@20': '0.0482'}
2025-01-06 20:57:33,955 - EarlyStopping counter: 4 out of 10
2025-01-06 20:58:49,843 - {'epoch': 45, 'rec_loss': '7.2027'}
2025-01-06 20:59:10,918 - {'Epoch': 45, 'HR@5': '0.0484', 'NDCG@5': '0.0340', 'HR@10': '0.0707', 'NDCG@10': '0.0411', 'HR@20': '0.0985', 'NDCG@20': '0.0481'}
2025-01-06 20:59:10,919 - EarlyStopping counter: 5 out of 10
2025-01-06 21:00:27,500 - {'epoch': 46, 'rec_loss': '7.2001'}
2025-01-06 21:00:48,336 - {'Epoch': 46, 'HR@5': '0.0491', 'NDCG@5': '0.0344', 'HR@10': '0.0702', 'NDCG@10': '0.0411', 'HR@20': '0.0987', 'NDCG@20': '0.0483'}
2025-01-06 21:00:48,337 - EarlyStopping counter: 6 out of 10
2025-01-06 21:02:05,134 - {'epoch': 47, 'rec_loss': '7.1941'}
2025-01-06 21:02:25,163 - {'Epoch': 47, 'HR@5': '0.0497', 'NDCG@5': '0.0345', 'HR@10': '0.0702', 'NDCG@10': '0.0411', 'HR@20': '0.0990', 'NDCG@20': '0.0483'}
2025-01-06 21:02:25,164 - EarlyStopping counter: 7 out of 10
2025-01-06 21:03:34,743 - {'epoch': 48, 'rec_loss': '7.1883'}
2025-01-06 21:03:53,078 - {'Epoch': 48, 'HR@5': '0.0493', 'NDCG@5': '0.0339', 'HR@10': '0.0700', 'NDCG@10': '0.0405', 'HR@20': '0.0984', 'NDCG@20': '0.0477'}
2025-01-06 21:03:53,079 - EarlyStopping counter: 8 out of 10
2025-01-06 21:05:00,367 - {'epoch': 49, 'rec_loss': '7.1810'}
2025-01-06 21:05:19,580 - {'Epoch': 49, 'HR@5': '0.0494', 'NDCG@5': '0.0342', 'HR@10': '0.0705', 'NDCG@10': '0.0410', 'HR@20': '0.0991', 'NDCG@20': '0.0482'}
2025-01-06 21:05:19,581 - EarlyStopping counter: 9 out of 10
2025-01-06 21:06:26,961 - {'epoch': 50, 'rec_loss': '7.1739'}
2025-01-06 21:06:44,568 - {'Epoch': 50, 'HR@5': '0.0494', 'NDCG@5': '0.0346', 'HR@10': '0.0705', 'NDCG@10': '0.0414', 'HR@20': '0.0993', 'NDCG@20': '0.0486'}
2025-01-06 21:06:44,569 - Validation score increased.  Saving model ...
2025-01-06 21:07:33,927 - {'epoch': 51, 'rec_loss': '7.1740'}
2025-01-06 21:07:49,154 - {'Epoch': 51, 'HR@5': '0.0487', 'NDCG@5': '0.0338', 'HR@10': '0.0698', 'NDCG@10': '0.0406', 'HR@20': '0.0983', 'NDCG@20': '0.0477'}
2025-01-06 21:07:49,155 - EarlyStopping counter: 1 out of 10
2025-01-06 21:08:53,577 - {'epoch': 52, 'rec_loss': '7.1676'}
2025-01-06 21:09:17,025 - {'Epoch': 52, 'HR@5': '0.0492', 'NDCG@5': '0.0341', 'HR@10': '0.0707', 'NDCG@10': '0.0411', 'HR@20': '0.0995', 'NDCG@20': '0.0483'}
2025-01-06 21:09:17,026 - EarlyStopping counter: 2 out of 10
2025-01-06 21:10:49,939 - {'epoch': 53, 'rec_loss': '7.1614'}
2025-01-06 21:11:14,206 - {'Epoch': 53, 'HR@5': '0.0489', 'NDCG@5': '0.0343', 'HR@10': '0.0705', 'NDCG@10': '0.0412', 'HR@20': '0.0994', 'NDCG@20': '0.0485'}
2025-01-06 21:11:14,207 - EarlyStopping counter: 3 out of 10
2025-01-06 21:12:42,918 - {'epoch': 54, 'rec_loss': '7.1577'}
2025-01-06 21:13:07,960 - {'Epoch': 54, 'HR@5': '0.0493', 'NDCG@5': '0.0345', 'HR@10': '0.0704', 'NDCG@10': '0.0413', 'HR@20': '0.0994', 'NDCG@20': '0.0486'}
2025-01-06 21:13:07,961 - EarlyStopping counter: 4 out of 10
2025-01-06 21:14:41,121 - {'epoch': 55, 'rec_loss': '7.1520'}
2025-01-06 21:15:07,116 - {'Epoch': 55, 'HR@5': '0.0485', 'NDCG@5': '0.0344', 'HR@10': '0.0703', 'NDCG@10': '0.0414', 'HR@20': '0.0992', 'NDCG@20': '0.0487'}
2025-01-06 21:15:07,117 - Validation score increased.  Saving model ...
2025-01-06 21:16:38,396 - {'epoch': 56, 'rec_loss': '7.1514'}
2025-01-06 21:17:02,656 - {'Epoch': 56, 'HR@5': '0.0486', 'NDCG@5': '0.0338', 'HR@10': '0.0696', 'NDCG@10': '0.0406', 'HR@20': '0.0977', 'NDCG@20': '0.0477'}
2025-01-06 21:17:02,656 - EarlyStopping counter: 1 out of 10
2025-01-06 21:18:38,214 - {'epoch': 57, 'rec_loss': '7.1407'}
2025-01-06 21:19:04,087 - {'Epoch': 57, 'HR@5': '0.0490', 'NDCG@5': '0.0340', 'HR@10': '0.0699', 'NDCG@10': '0.0407', 'HR@20': '0.0994', 'NDCG@20': '0.0482'}
2025-01-06 21:19:04,088 - EarlyStopping counter: 2 out of 10
2025-01-06 21:20:35,712 - {'epoch': 58, 'rec_loss': '7.1382'}
2025-01-06 21:21:03,132 - {'Epoch': 58, 'HR@5': '0.0489', 'NDCG@5': '0.0340', 'HR@10': '0.0698', 'NDCG@10': '0.0407', 'HR@20': '0.0982', 'NDCG@20': '0.0478'}
2025-01-06 21:21:03,133 - EarlyStopping counter: 3 out of 10
2025-01-06 21:22:37,461 - {'epoch': 59, 'rec_loss': '7.1380'}
2025-01-06 21:23:03,007 - {'Epoch': 59, 'HR@5': '0.0492', 'NDCG@5': '0.0345', 'HR@10': '0.0711', 'NDCG@10': '0.0416', 'HR@20': '0.0994', 'NDCG@20': '0.0487'}
2025-01-06 21:23:03,008 - Validation score increased.  Saving model ...
2025-01-06 21:24:34,020 - {'epoch': 60, 'rec_loss': '7.1305'}
2025-01-06 21:24:59,259 - {'Epoch': 60, 'HR@5': '0.0501', 'NDCG@5': '0.0345', 'HR@10': '0.0712', 'NDCG@10': '0.0412', 'HR@20': '0.0987', 'NDCG@20': '0.0481'}
2025-01-06 21:24:59,260 - EarlyStopping counter: 1 out of 10
2025-01-06 21:26:31,350 - {'epoch': 61, 'rec_loss': '7.1277'}
2025-01-06 21:26:56,337 - {'Epoch': 61, 'HR@5': '0.0486', 'NDCG@5': '0.0339', 'HR@10': '0.0704', 'NDCG@10': '0.0409', 'HR@20': '0.0984', 'NDCG@20': '0.0480'}
2025-01-06 21:26:56,338 - EarlyStopping counter: 2 out of 10
2025-01-06 21:28:24,905 - {'epoch': 62, 'rec_loss': '7.1192'}
2025-01-06 21:28:50,504 - {'Epoch': 62, 'HR@5': '0.0489', 'NDCG@5': '0.0343', 'HR@10': '0.0714', 'NDCG@10': '0.0415', 'HR@20': '0.0991', 'NDCG@20': '0.0485'}
2025-01-06 21:28:50,505 - EarlyStopping counter: 3 out of 10
2025-01-06 21:30:16,227 - {'epoch': 63, 'rec_loss': '7.1200'}
2025-01-06 21:30:39,796 - {'Epoch': 63, 'HR@5': '0.0494', 'NDCG@5': '0.0345', 'HR@10': '0.0707', 'NDCG@10': '0.0413', 'HR@20': '0.0999', 'NDCG@20': '0.0486'}
2025-01-06 21:30:39,797 - EarlyStopping counter: 4 out of 10
2025-01-06 21:32:13,741 - {'epoch': 64, 'rec_loss': '7.1122'}
2025-01-06 21:32:39,186 - {'Epoch': 64, 'HR@5': '0.0498', 'NDCG@5': '0.0346', 'HR@10': '0.0712', 'NDCG@10': '0.0415', 'HR@20': '0.0996', 'NDCG@20': '0.0486'}
2025-01-06 21:32:39,187 - EarlyStopping counter: 5 out of 10
2025-01-06 21:34:11,979 - {'epoch': 65, 'rec_loss': '7.1087'}
2025-01-06 21:34:38,906 - {'Epoch': 65, 'HR@5': '0.0485', 'NDCG@5': '0.0337', 'HR@10': '0.0690', 'NDCG@10': '0.0403', 'HR@20': '0.0987', 'NDCG@20': '0.0478'}
2025-01-06 21:34:38,907 - EarlyStopping counter: 6 out of 10
2025-01-06 21:36:08,310 - {'epoch': 66, 'rec_loss': '7.1084'}
2025-01-06 21:36:33,170 - {'Epoch': 66, 'HR@5': '0.0487', 'NDCG@5': '0.0341', 'HR@10': '0.0701', 'NDCG@10': '0.0410', 'HR@20': '0.0988', 'NDCG@20': '0.0482'}
2025-01-06 21:36:33,171 - EarlyStopping counter: 7 out of 10
2025-01-06 21:38:05,391 - {'epoch': 67, 'rec_loss': '7.1022'}
2025-01-06 21:38:31,588 - {'Epoch': 67, 'HR@5': '0.0490', 'NDCG@5': '0.0345', 'HR@10': '0.0696', 'NDCG@10': '0.0411', 'HR@20': '0.0980', 'NDCG@20': '0.0482'}
2025-01-06 21:38:31,589 - EarlyStopping counter: 8 out of 10
2025-01-06 21:40:02,143 - {'epoch': 68, 'rec_loss': '7.1030'}
2025-01-06 21:40:27,928 - {'Epoch': 68, 'HR@5': '0.0494', 'NDCG@5': '0.0345', 'HR@10': '0.0703', 'NDCG@10': '0.0412', 'HR@20': '0.0987', 'NDCG@20': '0.0484'}
2025-01-06 21:40:27,929 - EarlyStopping counter: 9 out of 10
2025-01-06 21:41:55,185 - {'epoch': 69, 'rec_loss': '7.0970'}
2025-01-06 21:42:22,296 - {'Epoch': 69, 'HR@5': '0.0491', 'NDCG@5': '0.0344', 'HR@10': '0.0707', 'NDCG@10': '0.0413', 'HR@20': '0.1001', 'NDCG@20': '0.0487'}
2025-01-06 21:42:22,296 - Validation score increased.  Saving model ...
2025-01-06 21:43:53,550 - {'epoch': 70, 'rec_loss': '7.0888'}
2025-01-06 21:44:16,654 - {'Epoch': 70, 'HR@5': '0.0479', 'NDCG@5': '0.0336', 'HR@10': '0.0696', 'NDCG@10': '0.0406', 'HR@20': '0.0982', 'NDCG@20': '0.0478'}
2025-01-06 21:44:16,655 - EarlyStopping counter: 1 out of 10
2025-01-06 21:45:49,579 - {'epoch': 71, 'rec_loss': '7.0874'}
2025-01-06 21:46:14,445 - {'Epoch': 71, 'HR@5': '0.0488', 'NDCG@5': '0.0343', 'HR@10': '0.0701', 'NDCG@10': '0.0411', 'HR@20': '0.0998', 'NDCG@20': '0.0486'}
2025-01-06 21:46:14,446 - EarlyStopping counter: 2 out of 10
2025-01-06 21:47:49,982 - {'epoch': 72, 'rec_loss': '7.0873'}
2025-01-06 21:48:16,489 - {'Epoch': 72, 'HR@5': '0.0489', 'NDCG@5': '0.0343', 'HR@10': '0.0707', 'NDCG@10': '0.0413', 'HR@20': '0.0996', 'NDCG@20': '0.0485'}
2025-01-06 21:48:16,490 - EarlyStopping counter: 3 out of 10
2025-01-06 21:49:43,728 - {'epoch': 73, 'rec_loss': '7.0832'}
2025-01-06 21:50:07,748 - {'Epoch': 73, 'HR@5': '0.0490', 'NDCG@5': '0.0341', 'HR@10': '0.0706', 'NDCG@10': '0.0410', 'HR@20': '0.0999', 'NDCG@20': '0.0484'}
2025-01-06 21:50:07,749 - EarlyStopping counter: 4 out of 10
2025-01-06 21:51:27,884 - {'epoch': 74, 'rec_loss': '7.0821'}
2025-01-06 21:51:50,572 - {'Epoch': 74, 'HR@5': '0.0490', 'NDCG@5': '0.0342', 'HR@10': '0.0698', 'NDCG@10': '0.0408', 'HR@20': '0.0993', 'NDCG@20': '0.0483'}
2025-01-06 21:51:50,573 - EarlyStopping counter: 5 out of 10
2025-01-06 21:53:13,085 - {'epoch': 75, 'rec_loss': '7.0768'}
2025-01-06 21:53:35,664 - {'Epoch': 75, 'HR@5': '0.0497', 'NDCG@5': '0.0345', 'HR@10': '0.0712', 'NDCG@10': '0.0414', 'HR@20': '0.1001', 'NDCG@20': '0.0486'}
2025-01-06 21:53:35,665 - EarlyStopping counter: 6 out of 10
2025-01-06 21:54:58,668 - {'epoch': 76, 'rec_loss': '7.0737'}
2025-01-06 21:55:21,723 - {'Epoch': 76, 'HR@5': '0.0489', 'NDCG@5': '0.0342', 'HR@10': '0.0705', 'NDCG@10': '0.0411', 'HR@20': '0.0996', 'NDCG@20': '0.0485'}
2025-01-06 21:55:21,724 - EarlyStopping counter: 7 out of 10
2025-01-06 21:56:44,129 - {'epoch': 77, 'rec_loss': '7.0708'}
2025-01-06 21:57:05,526 - {'Epoch': 77, 'HR@5': '0.0488', 'NDCG@5': '0.0341', 'HR@10': '0.0702', 'NDCG@10': '0.0409', 'HR@20': '0.1005', 'NDCG@20': '0.0486'}
2025-01-06 21:57:05,527 - EarlyStopping counter: 8 out of 10
2025-01-06 21:58:23,233 - {'epoch': 78, 'rec_loss': '7.0641'}
2025-01-06 21:58:42,318 - {'Epoch': 78, 'HR@5': '0.0485', 'NDCG@5': '0.0339', 'HR@10': '0.0712', 'NDCG@10': '0.0412', 'HR@20': '0.0997', 'NDCG@20': '0.0483'}
2025-01-06 21:58:42,319 - EarlyStopping counter: 9 out of 10
2025-01-06 21:59:54,444 - {'epoch': 79, 'rec_loss': '7.0691'}
2025-01-06 22:00:15,324 - {'Epoch': 79, 'HR@5': '0.0489', 'NDCG@5': '0.0340', 'HR@10': '0.0711', 'NDCG@10': '0.0412', 'HR@20': '0.1001', 'NDCG@20': '0.0485'}
2025-01-06 22:00:15,325 - EarlyStopping counter: 10 out of 10
2025-01-06 22:00:15,326 - Early stopping
2025-01-06 22:00:15,326 - ---------------Test Score---------------
2025-01-06 22:00:34,398 - {'Epoch': 0, 'HR@5': '0.0407', 'NDCG@5': '0.0285', 'HR@10': '0.0584', 'NDCG@10': '0.0342', 'HR@20': '0.0815', 'NDCG@20': '0.0400'}
2025-01-06 22:00:34,399 - BSARec_SA_S_Sports_and_Outdoors
2025-01-06 22:00:34,399 - {'Epoch': 0, 'HR@5': '0.0407', 'NDCG@5': '0.0285', 'HR@10': '0.0584', 'NDCG@10': '0.0342', 'HR@20': '0.0815', 'NDCG@20': '0.0400'}
