2025-01-06 19:24:36,636 - Namespace(data_dir='./data/', output_dir='output/', data_name='ML-1M', do_eval=False, load_model=None, train_name='BSARec_S_ML-1M', num_items=10, num_users=6041, lr=0.0005, batch_size=256, epochs=200, no_cuda=False, log_freq=1, patience=10, num_workers=4, seed=42, weight_decay=0.0, adam_beta1=0.9, adam_beta2=0.999, gpu_id='0', variance=5, model_type='BSARec_S', max_seq_length=50, hidden_size=64, num_hidden_layers=2, hidden_act='gelu', num_attention_heads=1, attention_probs_dropout_prob=0.5, hidden_dropout_prob=0.5, initializer_range=0.02, c=5, alpha=0.7, cuda_condition=True, data_file='./data/ML-1M.txt', item_size=3417, checkpoint_path='output/BSARec_S_ML-1M.pt', same_target_path='./data/ML-1M_same_target.npy')
2025-01-06 19:24:36,645 - BSARecModel_S(
  (item_embeddings): Embedding(3417, 64, padding_idx=0)
  (position_embeddings): Embedding(50, 64)
  (LayerNorm): LayerNorm()
  (dropout): Dropout(p=0.5, inplace=False)
  (item_encoder): BSARecEncoder(
    (blocks): ModuleList(
      (0): BSARecBlock(
        (layer): BSARecLayer(
          (filter_layer): FrequencyLayer(
            (out_dropout): Dropout(p=0.5, inplace=False)
            (LayerNorm): LayerNorm()
          )
          (attention_layer): MultiHeadAttention(
            (query): Linear(in_features=64, out_features=64, bias=True)
            (key): Linear(in_features=64, out_features=64, bias=True)
            (value): Linear(in_features=64, out_features=64, bias=True)
            (softmax): Softmax(dim=-1)
            (attn_dropout): Dropout(p=0.5, inplace=False)
            (dense): Linear(in_features=64, out_features=64, bias=True)
            (LayerNorm): LayerNorm((64,), eps=1e-12, elementwise_affine=True)
            (out_dropout): Dropout(p=0.5, inplace=False)
          )
        )
        (feed_forward_g): FeedForward(
          (dense_1): Linear(in_features=64, out_features=256, bias=True)
          (dense_2): Linear(in_features=256, out_features=64, bias=True)
          (LayerNorm): LayerNorm()
          (dropout): Dropout(p=0.5, inplace=False)
        )
      )
      (1): BSARecBlock(
        (layer): BSARecLayer(
          (filter_layer): FrequencyLayer(
            (out_dropout): Dropout(p=0.5, inplace=False)
            (LayerNorm): LayerNorm()
          )
          (attention_layer): MultiHeadAttention(
            (query): Linear(in_features=64, out_features=64, bias=True)
            (key): Linear(in_features=64, out_features=64, bias=True)
            (value): Linear(in_features=64, out_features=64, bias=True)
            (softmax): Softmax(dim=-1)
            (attn_dropout): Dropout(p=0.5, inplace=False)
            (dense): Linear(in_features=64, out_features=64, bias=True)
            (LayerNorm): LayerNorm((64,), eps=1e-12, elementwise_affine=True)
            (out_dropout): Dropout(p=0.5, inplace=False)
          )
        )
        (feed_forward_g): FeedForward(
          (dense_1): Linear(in_features=64, out_features=256, bias=True)
          (dense_2): Linear(in_features=256, out_features=64, bias=True)
          (LayerNorm): LayerNorm()
          (dropout): Dropout(p=0.5, inplace=False)
        )
      )
    )
  )
)
2025-01-06 19:24:39,165 - Total Parameters: 322368
2025-01-06 19:25:39,734 - {'epoch': 0, 'rec_loss': '7.3085'}
2025-01-06 19:25:41,750 - {'Epoch': 0, 'HR@5': '0.0684', 'NDCG@5': '0.0452', 'HR@10': '0.1132', 'NDCG@10': '0.0596', 'HR@20': '0.1695', 'NDCG@20': '0.0737'}
2025-01-06 19:25:41,751 - Validation score increased.  Saving model ...
2025-01-06 19:26:42,916 - {'epoch': 1, 'rec_loss': '6.6288'}
2025-01-06 19:26:45,113 - {'Epoch': 1, 'HR@5': '0.1293', 'NDCG@5': '0.0845', 'HR@10': '0.1922', 'NDCG@10': '0.1047', 'HR@20': '0.2748', 'NDCG@20': '0.1256'}
2025-01-06 19:26:45,114 - Validation score increased.  Saving model ...
2025-01-06 19:27:46,507 - {'epoch': 2, 'rec_loss': '6.3398'}
2025-01-06 19:27:48,418 - {'Epoch': 2, 'HR@5': '0.1470', 'NDCG@5': '0.0970', 'HR@10': '0.2149', 'NDCG@10': '0.1189', 'HR@20': '0.3028', 'NDCG@20': '0.1410'}
2025-01-06 19:27:48,418 - Validation score increased.  Saving model ...
2025-01-06 19:28:49,690 - {'epoch': 3, 'rec_loss': '6.2255'}
2025-01-06 19:28:51,785 - {'Epoch': 3, 'HR@5': '0.1545', 'NDCG@5': '0.1025', 'HR@10': '0.2313', 'NDCG@10': '0.1271', 'HR@20': '0.3252', 'NDCG@20': '0.1509'}
2025-01-06 19:28:51,786 - Validation score increased.  Saving model ...
2025-01-06 19:30:16,918 - {'epoch': 4, 'rec_loss': '6.1526'}
2025-01-06 19:30:20,020 - {'Epoch': 4, 'HR@5': '0.1581', 'NDCG@5': '0.1047', 'HR@10': '0.2311', 'NDCG@10': '0.1282', 'HR@20': '0.3318', 'NDCG@20': '0.1537'}
2025-01-06 19:30:20,021 - Validation score increased.  Saving model ...
2025-01-06 19:32:02,589 - {'epoch': 5, 'rec_loss': '6.1047'}
2025-01-06 19:32:05,919 - {'Epoch': 5, 'HR@5': '0.1639', 'NDCG@5': '0.1090', 'HR@10': '0.2449', 'NDCG@10': '0.1351', 'HR@20': '0.3430', 'NDCG@20': '0.1599'}
2025-01-06 19:32:05,920 - Validation score increased.  Saving model ...
2025-01-06 19:33:43,895 - {'epoch': 6, 'rec_loss': '6.0702'}
2025-01-06 19:33:47,056 - {'Epoch': 6, 'HR@5': '0.1575', 'NDCG@5': '0.1047', 'HR@10': '0.2427', 'NDCG@10': '0.1322', 'HR@20': '0.3414', 'NDCG@20': '0.1571'}
2025-01-06 19:33:47,056 - EarlyStopping counter: 1 out of 10
2025-01-06 19:35:25,984 - {'epoch': 7, 'rec_loss': '6.0412'}
2025-01-06 19:35:29,170 - {'Epoch': 7, 'HR@5': '0.1634', 'NDCG@5': '0.1078', 'HR@10': '0.2464', 'NDCG@10': '0.1345', 'HR@20': '0.3500', 'NDCG@20': '0.1606'}
2025-01-06 19:35:29,170 - Validation score increased.  Saving model ...
2025-01-06 19:37:09,459 - {'epoch': 8, 'rec_loss': '6.0151'}
2025-01-06 19:37:12,525 - {'Epoch': 8, 'HR@5': '0.1690', 'NDCG@5': '0.1120', 'HR@10': '0.2480', 'NDCG@10': '0.1373', 'HR@20': '0.3535', 'NDCG@20': '0.1640'}
2025-01-06 19:37:12,526 - Validation score increased.  Saving model ...
2025-01-06 19:38:54,912 - {'epoch': 9, 'rec_loss': '6.0007'}
2025-01-06 19:38:58,107 - {'Epoch': 9, 'HR@5': '0.1680', 'NDCG@5': '0.1109', 'HR@10': '0.2480', 'NDCG@10': '0.1368', 'HR@20': '0.3540', 'NDCG@20': '0.1635'}
2025-01-06 19:38:58,108 - EarlyStopping counter: 1 out of 10
2025-01-06 19:40:40,656 - {'epoch': 10, 'rec_loss': '5.9814'}
2025-01-06 19:40:43,790 - {'Epoch': 10, 'HR@5': '0.1672', 'NDCG@5': '0.1095', 'HR@10': '0.2512', 'NDCG@10': '0.1365', 'HR@20': '0.3533', 'NDCG@20': '0.1623'}
2025-01-06 19:40:43,791 - EarlyStopping counter: 2 out of 10
2025-01-06 19:42:26,238 - {'epoch': 11, 'rec_loss': '5.9690'}
2025-01-06 19:42:29,147 - {'Epoch': 11, 'HR@5': '0.1715', 'NDCG@5': '0.1130', 'HR@10': '0.2627', 'NDCG@10': '0.1423', 'HR@20': '0.3689', 'NDCG@20': '0.1692'}
2025-01-06 19:42:29,148 - Validation score increased.  Saving model ...
2025-01-06 19:44:08,326 - {'epoch': 12, 'rec_loss': '5.9556'}
2025-01-06 19:44:11,381 - {'Epoch': 12, 'HR@5': '0.1697', 'NDCG@5': '0.1132', 'HR@10': '0.2575', 'NDCG@10': '0.1415', 'HR@20': '0.3674', 'NDCG@20': '0.1692'}
2025-01-06 19:44:11,382 - Validation score increased.  Saving model ...
2025-01-06 19:45:51,708 - {'epoch': 13, 'rec_loss': '5.9446'}
2025-01-06 19:45:54,713 - {'Epoch': 13, 'HR@5': '0.1745', 'NDCG@5': '0.1158', 'HR@10': '0.2589', 'NDCG@10': '0.1429', 'HR@20': '0.3717', 'NDCG@20': '0.1713'}
2025-01-06 19:45:54,714 - Validation score increased.  Saving model ...
2025-01-06 19:47:35,840 - {'epoch': 14, 'rec_loss': '5.9359'}
2025-01-06 19:47:38,998 - {'Epoch': 14, 'HR@5': '0.1737', 'NDCG@5': '0.1165', 'HR@10': '0.2586', 'NDCG@10': '0.1437', 'HR@20': '0.3666', 'NDCG@20': '0.1710'}
2025-01-06 19:47:38,999 - EarlyStopping counter: 1 out of 10
2025-01-06 19:49:19,668 - {'epoch': 15, 'rec_loss': '5.9278'}
2025-01-06 19:49:22,765 - {'Epoch': 15, 'HR@5': '0.1719', 'NDCG@5': '0.1140', 'HR@10': '0.2601', 'NDCG@10': '0.1423', 'HR@20': '0.3682', 'NDCG@20': '0.1695'}
2025-01-06 19:49:22,766 - EarlyStopping counter: 2 out of 10
2025-01-06 19:51:04,387 - {'epoch': 16, 'rec_loss': '5.9209'}
2025-01-06 19:51:07,407 - {'Epoch': 16, 'HR@5': '0.1740', 'NDCG@5': '0.1164', 'HR@10': '0.2671', 'NDCG@10': '0.1462', 'HR@20': '0.3806', 'NDCG@20': '0.1749'}
2025-01-06 19:51:07,416 - Validation score increased.  Saving model ...
2025-01-06 19:52:47,406 - {'epoch': 17, 'rec_loss': '5.9135'}
2025-01-06 19:52:50,880 - {'Epoch': 17, 'HR@5': '0.1793', 'NDCG@5': '0.1179', 'HR@10': '0.2662', 'NDCG@10': '0.1458', 'HR@20': '0.3765', 'NDCG@20': '0.1736'}
2025-01-06 19:52:50,880 - EarlyStopping counter: 1 out of 10
2025-01-06 19:54:31,013 - {'epoch': 18, 'rec_loss': '5.9083'}
2025-01-06 19:54:34,119 - {'Epoch': 18, 'HR@5': '0.1778', 'NDCG@5': '0.1164', 'HR@10': '0.2634', 'NDCG@10': '0.1441', 'HR@20': '0.3760', 'NDCG@20': '0.1724'}
2025-01-06 19:54:34,119 - EarlyStopping counter: 2 out of 10
2025-01-06 19:56:19,297 - {'epoch': 19, 'rec_loss': '5.9022'}
2025-01-06 19:56:22,916 - {'Epoch': 19, 'HR@5': '0.1808', 'NDCG@5': '0.1206', 'HR@10': '0.2685', 'NDCG@10': '0.1488', 'HR@20': '0.3795', 'NDCG@20': '0.1768'}
2025-01-06 19:56:22,917 - Validation score increased.  Saving model ...
2025-01-06 19:58:04,211 - {'epoch': 20, 'rec_loss': '5.8968'}
2025-01-06 19:58:07,140 - {'Epoch': 20, 'HR@5': '0.1776', 'NDCG@5': '0.1177', 'HR@10': '0.2674', 'NDCG@10': '0.1467', 'HR@20': '0.3793', 'NDCG@20': '0.1750'}
2025-01-06 19:58:07,141 - EarlyStopping counter: 1 out of 10
2025-01-06 19:59:46,916 - {'epoch': 21, 'rec_loss': '5.8906'}
2025-01-06 19:59:50,036 - {'Epoch': 21, 'HR@5': '0.1791', 'NDCG@5': '0.1196', 'HR@10': '0.2694', 'NDCG@10': '0.1487', 'HR@20': '0.3816', 'NDCG@20': '0.1771'}
2025-01-06 19:59:50,037 - Validation score increased.  Saving model ...
2025-01-06 20:01:30,637 - {'epoch': 22, 'rec_loss': '5.8885'}
2025-01-06 20:01:34,182 - {'Epoch': 22, 'HR@5': '0.1798', 'NDCG@5': '0.1185', 'HR@10': '0.2652', 'NDCG@10': '0.1459', 'HR@20': '0.3788', 'NDCG@20': '0.1746'}
2025-01-06 20:01:34,183 - EarlyStopping counter: 1 out of 10
2025-01-06 20:03:12,957 - {'epoch': 23, 'rec_loss': '5.8830'}
2025-01-06 20:03:16,404 - {'Epoch': 23, 'HR@5': '0.1800', 'NDCG@5': '0.1194', 'HR@10': '0.2702', 'NDCG@10': '0.1485', 'HR@20': '0.3838', 'NDCG@20': '0.1772'}
2025-01-06 20:03:16,405 - Validation score increased.  Saving model ...
2025-01-06 20:04:50,732 - {'epoch': 24, 'rec_loss': '5.8780'}
2025-01-06 20:04:54,335 - {'Epoch': 24, 'HR@5': '0.1858', 'NDCG@5': '0.1213', 'HR@10': '0.2790', 'NDCG@10': '0.1513', 'HR@20': '0.3932', 'NDCG@20': '0.1801'}
2025-01-06 20:04:54,336 - Validation score increased.  Saving model ...
2025-01-06 20:06:34,891 - {'epoch': 25, 'rec_loss': '5.8754'}
2025-01-06 20:06:38,321 - {'Epoch': 25, 'HR@5': '0.1803', 'NDCG@5': '0.1191', 'HR@10': '0.2707', 'NDCG@10': '0.1484', 'HR@20': '0.3834', 'NDCG@20': '0.1768'}
2025-01-06 20:06:38,322 - EarlyStopping counter: 1 out of 10
2025-01-06 20:08:16,202 - {'epoch': 26, 'rec_loss': '5.8757'}
2025-01-06 20:08:19,845 - {'Epoch': 26, 'HR@5': '0.1803', 'NDCG@5': '0.1214', 'HR@10': '0.2715', 'NDCG@10': '0.1509', 'HR@20': '0.3899', 'NDCG@20': '0.1806'}
2025-01-06 20:08:19,845 - Validation score increased.  Saving model ...
2025-01-06 20:10:00,169 - {'epoch': 27, 'rec_loss': '5.8709'}
2025-01-06 20:10:03,081 - {'Epoch': 27, 'HR@5': '0.1863', 'NDCG@5': '0.1223', 'HR@10': '0.2803', 'NDCG@10': '0.1528', 'HR@20': '0.3871', 'NDCG@20': '0.1798'}
2025-01-06 20:10:03,082 - EarlyStopping counter: 1 out of 10
2025-01-06 20:11:43,671 - {'epoch': 28, 'rec_loss': '5.8663'}
2025-01-06 20:11:46,669 - {'Epoch': 28, 'HR@5': '0.1839', 'NDCG@5': '0.1221', 'HR@10': '0.2747', 'NDCG@10': '0.1514', 'HR@20': '0.3896', 'NDCG@20': '0.1805'}
2025-01-06 20:11:46,670 - EarlyStopping counter: 2 out of 10
2025-01-06 20:13:28,206 - {'epoch': 29, 'rec_loss': '5.8654'}
2025-01-06 20:13:31,659 - {'Epoch': 29, 'HR@5': '0.1843', 'NDCG@5': '0.1211', 'HR@10': '0.2803', 'NDCG@10': '0.1521', 'HR@20': '0.3906', 'NDCG@20': '0.1799'}
2025-01-06 20:13:31,659 - EarlyStopping counter: 3 out of 10
2025-01-06 20:15:15,300 - {'epoch': 30, 'rec_loss': '5.8606'}
2025-01-06 20:15:18,828 - {'Epoch': 30, 'HR@5': '0.1851', 'NDCG@5': '0.1230', 'HR@10': '0.2745', 'NDCG@10': '0.1518', 'HR@20': '0.3916', 'NDCG@20': '0.1814'}
2025-01-06 20:15:18,829 - Validation score increased.  Saving model ...
2025-01-06 20:16:59,847 - {'epoch': 31, 'rec_loss': '5.8603'}
2025-01-06 20:17:03,313 - {'Epoch': 31, 'HR@5': '0.1884', 'NDCG@5': '0.1243', 'HR@10': '0.2760', 'NDCG@10': '0.1525', 'HR@20': '0.3940', 'NDCG@20': '0.1823'}
2025-01-06 20:17:03,314 - Validation score increased.  Saving model ...
2025-01-06 20:18:45,865 - {'epoch': 32, 'rec_loss': '5.8577'}
2025-01-06 20:18:48,939 - {'Epoch': 32, 'HR@5': '0.1829', 'NDCG@5': '0.1222', 'HR@10': '0.2796', 'NDCG@10': '0.1534', 'HR@20': '0.3925', 'NDCG@20': '0.1820'}
2025-01-06 20:18:48,939 - EarlyStopping counter: 1 out of 10
2025-01-06 20:20:32,429 - {'epoch': 33, 'rec_loss': '5.8543'}
2025-01-06 20:20:35,677 - {'Epoch': 33, 'HR@5': '0.1874', 'NDCG@5': '0.1215', 'HR@10': '0.2737', 'NDCG@10': '0.1493', 'HR@20': '0.3896', 'NDCG@20': '0.1786'}
2025-01-06 20:20:35,678 - EarlyStopping counter: 2 out of 10
2025-01-06 20:22:18,285 - {'epoch': 34, 'rec_loss': '5.8508'}
2025-01-06 20:22:21,152 - {'Epoch': 34, 'HR@5': '0.1854', 'NDCG@5': '0.1260', 'HR@10': '0.2770', 'NDCG@10': '0.1555', 'HR@20': '0.3917', 'NDCG@20': '0.1845'}
2025-01-06 20:22:21,152 - Validation score increased.  Saving model ...
2025-01-06 20:24:01,342 - {'epoch': 35, 'rec_loss': '5.8478'}
2025-01-06 20:24:04,511 - {'Epoch': 35, 'HR@5': '0.1871', 'NDCG@5': '0.1235', 'HR@10': '0.2776', 'NDCG@10': '0.1527', 'HR@20': '0.3871', 'NDCG@20': '0.1803'}
2025-01-06 20:24:04,511 - EarlyStopping counter: 1 out of 10
2025-01-06 20:25:44,103 - {'epoch': 36, 'rec_loss': '5.8466'}
2025-01-06 20:25:47,384 - {'Epoch': 36, 'HR@5': '0.1861', 'NDCG@5': '0.1249', 'HR@10': '0.2796', 'NDCG@10': '0.1550', 'HR@20': '0.3957', 'NDCG@20': '0.1844'}
2025-01-06 20:25:47,385 - EarlyStopping counter: 2 out of 10
2025-01-06 20:27:26,283 - {'epoch': 37, 'rec_loss': '5.8436'}
2025-01-06 20:27:29,371 - {'Epoch': 37, 'HR@5': '0.1914', 'NDCG@5': '0.1264', 'HR@10': '0.2818', 'NDCG@10': '0.1555', 'HR@20': '0.3945', 'NDCG@20': '0.1840'}
2025-01-06 20:27:29,371 - EarlyStopping counter: 3 out of 10
2025-01-06 20:29:10,051 - {'epoch': 38, 'rec_loss': '5.8399'}
2025-01-06 20:29:13,482 - {'Epoch': 38, 'HR@5': '0.1882', 'NDCG@5': '0.1269', 'HR@10': '0.2773', 'NDCG@10': '0.1556', 'HR@20': '0.3925', 'NDCG@20': '0.1846'}
2025-01-06 20:29:13,483 - Validation score increased.  Saving model ...
2025-01-06 20:30:54,347 - {'epoch': 39, 'rec_loss': '5.8400'}
2025-01-06 20:30:57,170 - {'Epoch': 39, 'HR@5': '0.1884', 'NDCG@5': '0.1257', 'HR@10': '0.2825', 'NDCG@10': '0.1557', 'HR@20': '0.3917', 'NDCG@20': '0.1834'}
2025-01-06 20:30:57,171 - EarlyStopping counter: 1 out of 10
2025-01-06 20:32:36,964 - {'epoch': 40, 'rec_loss': '5.8364'}
2025-01-06 20:32:40,068 - {'Epoch': 40, 'HR@5': '0.1896', 'NDCG@5': '0.1275', 'HR@10': '0.2868', 'NDCG@10': '0.1587', 'HR@20': '0.4005', 'NDCG@20': '0.1874'}
2025-01-06 20:32:40,069 - Validation score increased.  Saving model ...
2025-01-06 20:34:24,433 - {'epoch': 41, 'rec_loss': '5.8310'}
2025-01-06 20:34:27,728 - {'Epoch': 41, 'HR@5': '0.1917', 'NDCG@5': '0.1276', 'HR@10': '0.2866', 'NDCG@10': '0.1581', 'HR@20': '0.3975', 'NDCG@20': '0.1863'}
2025-01-06 20:34:27,729 - EarlyStopping counter: 1 out of 10
2025-01-06 20:36:07,381 - {'epoch': 42, 'rec_loss': '5.8341'}
2025-01-06 20:36:10,525 - {'Epoch': 42, 'HR@5': '0.1937', 'NDCG@5': '0.1284', 'HR@10': '0.2874', 'NDCG@10': '0.1584', 'HR@20': '0.3997', 'NDCG@20': '0.1868'}
2025-01-06 20:36:10,526 - EarlyStopping counter: 2 out of 10
2025-01-06 20:37:50,023 - {'epoch': 43, 'rec_loss': '5.8341'}
2025-01-06 20:37:53,242 - {'Epoch': 43, 'HR@5': '0.1868', 'NDCG@5': '0.1255', 'HR@10': '0.2853', 'NDCG@10': '0.1572', 'HR@20': '0.3960', 'NDCG@20': '0.1852'}
2025-01-06 20:37:53,243 - EarlyStopping counter: 3 out of 10
2025-01-06 20:39:33,461 - {'epoch': 44, 'rec_loss': '5.8297'}
2025-01-06 20:39:36,455 - {'Epoch': 44, 'HR@5': '0.1921', 'NDCG@5': '0.1260', 'HR@10': '0.2856', 'NDCG@10': '0.1561', 'HR@20': '0.3935', 'NDCG@20': '0.1834'}
2025-01-06 20:39:36,455 - EarlyStopping counter: 4 out of 10
2025-01-06 20:41:15,341 - {'epoch': 45, 'rec_loss': '5.8298'}
2025-01-06 20:41:18,965 - {'Epoch': 45, 'HR@5': '0.1889', 'NDCG@5': '0.1266', 'HR@10': '0.2871', 'NDCG@10': '0.1583', 'HR@20': '0.4023', 'NDCG@20': '0.1874'}
2025-01-06 20:41:18,965 - Validation score increased.  Saving model ...
2025-01-06 20:42:59,679 - {'epoch': 46, 'rec_loss': '5.8248'}
2025-01-06 20:43:02,211 - {'Epoch': 46, 'HR@5': '0.1889', 'NDCG@5': '0.1253', 'HR@10': '0.2882', 'NDCG@10': '0.1573', 'HR@20': '0.4066', 'NDCG@20': '0.1870'}
2025-01-06 20:43:02,211 - EarlyStopping counter: 1 out of 10
2025-01-06 20:44:43,575 - {'epoch': 47, 'rec_loss': '5.8257'}
2025-01-06 20:44:46,316 - {'Epoch': 47, 'HR@5': '0.1955', 'NDCG@5': '0.1292', 'HR@10': '0.2906', 'NDCG@10': '0.1598', 'HR@20': '0.4030', 'NDCG@20': '0.1882'}
2025-01-06 20:44:46,316 - Validation score increased.  Saving model ...
2025-01-06 20:46:27,360 - {'epoch': 48, 'rec_loss': '5.8244'}
2025-01-06 20:46:30,014 - {'Epoch': 48, 'HR@5': '0.1942', 'NDCG@5': '0.1282', 'HR@10': '0.2854', 'NDCG@10': '0.1576', 'HR@20': '0.4002', 'NDCG@20': '0.1866'}
2025-01-06 20:46:30,014 - EarlyStopping counter: 1 out of 10
2025-01-06 20:47:58,304 - {'epoch': 49, 'rec_loss': '5.8213'}
2025-01-06 20:48:00,849 - {'Epoch': 49, 'HR@5': '0.1889', 'NDCG@5': '0.1253', 'HR@10': '0.2851', 'NDCG@10': '0.1564', 'HR@20': '0.4036', 'NDCG@20': '0.1864'}
2025-01-06 20:48:00,850 - EarlyStopping counter: 2 out of 10
2025-01-06 20:49:20,296 - {'epoch': 50, 'rec_loss': '5.8190'}
2025-01-06 20:49:22,869 - {'Epoch': 50, 'HR@5': '0.1892', 'NDCG@5': '0.1272', 'HR@10': '0.2889', 'NDCG@10': '0.1593', 'HR@20': '0.3974', 'NDCG@20': '0.1868'}
2025-01-06 20:49:22,870 - EarlyStopping counter: 3 out of 10
2025-01-06 20:50:43,071 - {'epoch': 51, 'rec_loss': '5.8205'}
2025-01-06 20:50:45,650 - {'Epoch': 51, 'HR@5': '0.1965', 'NDCG@5': '0.1300', 'HR@10': '0.2894', 'NDCG@10': '0.1599', 'HR@20': '0.4030', 'NDCG@20': '0.1886'}
2025-01-06 20:50:45,650 - Validation score increased.  Saving model ...
2025-01-06 20:52:04,700 - {'epoch': 52, 'rec_loss': '5.8164'}
2025-01-06 20:52:07,491 - {'Epoch': 52, 'HR@5': '0.1998', 'NDCG@5': '0.1318', 'HR@10': '0.2912', 'NDCG@10': '0.1612', 'HR@20': '0.4026', 'NDCG@20': '0.1894'}
2025-01-06 20:52:07,492 - Validation score increased.  Saving model ...
2025-01-06 20:53:31,655 - {'epoch': 53, 'rec_loss': '5.8153'}
2025-01-06 20:53:35,192 - {'Epoch': 53, 'HR@5': '0.1939', 'NDCG@5': '0.1278', 'HR@10': '0.2871', 'NDCG@10': '0.1579', 'HR@20': '0.4026', 'NDCG@20': '0.1872'}
2025-01-06 20:53:35,193 - EarlyStopping counter: 1 out of 10
2025-01-06 20:55:13,743 - {'epoch': 54, 'rec_loss': '5.8167'}
2025-01-06 20:55:16,745 - {'Epoch': 54, 'HR@5': '0.1934', 'NDCG@5': '0.1285', 'HR@10': '0.2940', 'NDCG@10': '0.1609', 'HR@20': '0.4003', 'NDCG@20': '0.1878'}
2025-01-06 20:55:16,746 - EarlyStopping counter: 2 out of 10
2025-01-06 20:56:55,035 - {'epoch': 55, 'rec_loss': '5.8138'}
2025-01-06 20:56:58,213 - {'Epoch': 55, 'HR@5': '0.1925', 'NDCG@5': '0.1286', 'HR@10': '0.2919', 'NDCG@10': '0.1605', 'HR@20': '0.4066', 'NDCG@20': '0.1895'}
2025-01-06 20:56:58,214 - Validation score increased.  Saving model ...
2025-01-06 20:58:17,855 - {'epoch': 56, 'rec_loss': '5.8130'}
2025-01-06 20:58:20,718 - {'Epoch': 56, 'HR@5': '0.1969', 'NDCG@5': '0.1299', 'HR@10': '0.2896', 'NDCG@10': '0.1596', 'HR@20': '0.4078', 'NDCG@20': '0.1894'}
2025-01-06 20:58:20,719 - EarlyStopping counter: 1 out of 10
2025-01-06 20:59:42,280 - {'epoch': 57, 'rec_loss': '5.8124'}
2025-01-06 20:59:45,146 - {'Epoch': 57, 'HR@5': '0.1962', 'NDCG@5': '0.1308', 'HR@10': '0.2892', 'NDCG@10': '0.1607', 'HR@20': '0.4041', 'NDCG@20': '0.1898'}
2025-01-06 20:59:45,147 - Validation score increased.  Saving model ...
2025-01-06 21:01:05,880 - {'epoch': 58, 'rec_loss': '5.8113'}
2025-01-06 21:01:08,640 - {'Epoch': 58, 'HR@5': '0.1945', 'NDCG@5': '0.1286', 'HR@10': '0.2876', 'NDCG@10': '0.1586', 'HR@20': '0.4046', 'NDCG@20': '0.1882'}
2025-01-06 21:01:08,640 - EarlyStopping counter: 1 out of 10
2025-01-06 21:02:26,562 - {'epoch': 59, 'rec_loss': '5.8091'}
2025-01-06 21:02:29,456 - {'Epoch': 59, 'HR@5': '0.1957', 'NDCG@5': '0.1305', 'HR@10': '0.2858', 'NDCG@10': '0.1596', 'HR@20': '0.4070', 'NDCG@20': '0.1902'}
2025-01-06 21:02:29,456 - Validation score increased.  Saving model ...
2025-01-06 21:03:41,575 - {'epoch': 60, 'rec_loss': '5.8082'}
2025-01-06 21:03:43,526 - {'Epoch': 60, 'HR@5': '0.1978', 'NDCG@5': '0.1290', 'HR@10': '0.2882', 'NDCG@10': '0.1579', 'HR@20': '0.4043', 'NDCG@20': '0.1873'}
2025-01-06 21:03:43,527 - EarlyStopping counter: 1 out of 10
2025-01-06 21:04:52,691 - {'epoch': 61, 'rec_loss': '5.8081'}
2025-01-06 21:04:55,028 - {'Epoch': 61, 'HR@5': '0.1959', 'NDCG@5': '0.1298', 'HR@10': '0.2925', 'NDCG@10': '0.1609', 'HR@20': '0.4078', 'NDCG@20': '0.1901'}
2025-01-06 21:04:55,029 - EarlyStopping counter: 2 out of 10
2025-01-06 21:06:03,781 - {'epoch': 62, 'rec_loss': '5.8071'}
2025-01-06 21:06:06,062 - {'Epoch': 62, 'HR@5': '0.1985', 'NDCG@5': '0.1303', 'HR@10': '0.2892', 'NDCG@10': '0.1596', 'HR@20': '0.4036', 'NDCG@20': '0.1886'}
2025-01-06 21:06:06,063 - EarlyStopping counter: 3 out of 10
2025-01-06 21:07:04,339 - {'epoch': 63, 'rec_loss': '5.8064'}
2025-01-06 21:07:06,065 - {'Epoch': 63, 'HR@5': '0.1962', 'NDCG@5': '0.1293', 'HR@10': '0.2954', 'NDCG@10': '0.1615', 'HR@20': '0.4061', 'NDCG@20': '0.1895'}
2025-01-06 21:07:06,066 - EarlyStopping counter: 4 out of 10
2025-01-06 21:07:53,412 - {'epoch': 64, 'rec_loss': '5.8025'}
2025-01-06 21:07:55,054 - {'Epoch': 64, 'HR@5': '0.2005', 'NDCG@5': '0.1331', 'HR@10': '0.2939', 'NDCG@10': '0.1631', 'HR@20': '0.4065', 'NDCG@20': '0.1914'}
2025-01-06 21:07:55,055 - Validation score increased.  Saving model ...
2025-01-06 21:09:09,000 - {'epoch': 65, 'rec_loss': '5.8038'}
2025-01-06 21:09:12,093 - {'Epoch': 65, 'HR@5': '0.1977', 'NDCG@5': '0.1306', 'HR@10': '0.2930', 'NDCG@10': '0.1615', 'HR@20': '0.4070', 'NDCG@20': '0.1903'}
2025-01-06 21:09:12,094 - EarlyStopping counter: 1 out of 10
2025-01-06 21:10:47,794 - {'epoch': 66, 'rec_loss': '5.8010'}
2025-01-06 21:10:51,374 - {'Epoch': 66, 'HR@5': '0.1934', 'NDCG@5': '0.1298', 'HR@10': '0.2902', 'NDCG@10': '0.1610', 'HR@20': '0.4045', 'NDCG@20': '0.1899'}
2025-01-06 21:10:51,375 - EarlyStopping counter: 2 out of 10
2025-01-06 21:12:31,184 - {'epoch': 67, 'rec_loss': '5.8002'}
2025-01-06 21:12:34,370 - {'Epoch': 67, 'HR@5': '0.1969', 'NDCG@5': '0.1299', 'HR@10': '0.2937', 'NDCG@10': '0.1610', 'HR@20': '0.4055', 'NDCG@20': '0.1892'}
2025-01-06 21:12:34,371 - EarlyStopping counter: 3 out of 10
2025-01-06 21:14:10,085 - {'epoch': 68, 'rec_loss': '5.7992'}
2025-01-06 21:14:13,736 - {'Epoch': 68, 'HR@5': '0.1940', 'NDCG@5': '0.1293', 'HR@10': '0.2922', 'NDCG@10': '0.1608', 'HR@20': '0.4008', 'NDCG@20': '0.1883'}
2025-01-06 21:14:13,737 - EarlyStopping counter: 4 out of 10
2025-01-06 21:15:47,235 - {'epoch': 69, 'rec_loss': '5.7991'}
2025-01-06 21:15:50,235 - {'Epoch': 69, 'HR@5': '0.1970', 'NDCG@5': '0.1318', 'HR@10': '0.2934', 'NDCG@10': '0.1628', 'HR@20': '0.4075', 'NDCG@20': '0.1916'}
2025-01-06 21:15:50,236 - Validation score increased.  Saving model ...
2025-01-06 21:17:30,329 - {'epoch': 70, 'rec_loss': '5.8003'}
2025-01-06 21:17:33,454 - {'Epoch': 70, 'HR@5': '0.2002', 'NDCG@5': '0.1329', 'HR@10': '0.2929', 'NDCG@10': '0.1627', 'HR@20': '0.4111', 'NDCG@20': '0.1926'}
2025-01-06 21:17:33,455 - Validation score increased.  Saving model ...
2025-01-06 21:19:07,926 - {'epoch': 71, 'rec_loss': '5.7971'}
2025-01-06 21:19:11,135 - {'Epoch': 71, 'HR@5': '0.2007', 'NDCG@5': '0.1321', 'HR@10': '0.2940', 'NDCG@10': '0.1622', 'HR@20': '0.4071', 'NDCG@20': '0.1908'}
2025-01-06 21:19:11,136 - EarlyStopping counter: 1 out of 10
2025-01-06 21:20:46,664 - {'epoch': 72, 'rec_loss': '5.7969'}
2025-01-06 21:20:50,911 - {'Epoch': 72, 'HR@5': '0.1942', 'NDCG@5': '0.1289', 'HR@10': '0.2902', 'NDCG@10': '0.1600', 'HR@20': '0.4075', 'NDCG@20': '0.1895'}
2025-01-06 21:20:50,912 - EarlyStopping counter: 2 out of 10
2025-01-06 21:22:27,032 - {'epoch': 73, 'rec_loss': '5.7948'}
2025-01-06 21:22:29,971 - {'Epoch': 73, 'HR@5': '0.1969', 'NDCG@5': '0.1321', 'HR@10': '0.2912', 'NDCG@10': '0.1625', 'HR@20': '0.4028', 'NDCG@20': '0.1908'}
2025-01-06 21:22:29,971 - EarlyStopping counter: 3 out of 10
2025-01-06 21:24:06,654 - {'epoch': 74, 'rec_loss': '5.7963'}
2025-01-06 21:24:09,416 - {'Epoch': 74, 'HR@5': '0.1995', 'NDCG@5': '0.1320', 'HR@10': '0.2957', 'NDCG@10': '0.1631', 'HR@20': '0.4104', 'NDCG@20': '0.1921'}
2025-01-06 21:24:09,417 - EarlyStopping counter: 4 out of 10
2025-01-06 21:25:45,108 - {'epoch': 75, 'rec_loss': '5.7919'}
2025-01-06 21:25:48,519 - {'Epoch': 75, 'HR@5': '0.1947', 'NDCG@5': '0.1294', 'HR@10': '0.2945', 'NDCG@10': '0.1616', 'HR@20': '0.4076', 'NDCG@20': '0.1901'}
2025-01-06 21:25:48,520 - EarlyStopping counter: 5 out of 10
2025-01-06 21:27:22,904 - {'epoch': 76, 'rec_loss': '5.7919'}
2025-01-06 21:27:26,128 - {'Epoch': 76, 'HR@5': '0.1983', 'NDCG@5': '0.1314', 'HR@10': '0.2990', 'NDCG@10': '0.1637', 'HR@20': '0.4081', 'NDCG@20': '0.1911'}
2025-01-06 21:27:26,129 - EarlyStopping counter: 6 out of 10
2025-01-06 21:29:08,217 - {'epoch': 77, 'rec_loss': '5.7908'}
2025-01-06 21:29:11,422 - {'Epoch': 77, 'HR@5': '0.1972', 'NDCG@5': '0.1313', 'HR@10': '0.2972', 'NDCG@10': '0.1634', 'HR@20': '0.4063', 'NDCG@20': '0.1910'}
2025-01-06 21:29:11,423 - EarlyStopping counter: 7 out of 10
2025-01-06 21:30:52,893 - {'epoch': 78, 'rec_loss': '5.7912'}
2025-01-06 21:30:56,063 - {'Epoch': 78, 'HR@5': '0.2035', 'NDCG@5': '0.1341', 'HR@10': '0.2939', 'NDCG@10': '0.1631', 'HR@20': '0.4035', 'NDCG@20': '0.1908'}
2025-01-06 21:30:56,064 - EarlyStopping counter: 8 out of 10
2025-01-06 21:32:35,064 - {'epoch': 79, 'rec_loss': '5.7927'}
2025-01-06 21:32:37,952 - {'Epoch': 79, 'HR@5': '0.1987', 'NDCG@5': '0.1310', 'HR@10': '0.2942', 'NDCG@10': '0.1618', 'HR@20': '0.4093', 'NDCG@20': '0.1909'}
2025-01-06 21:32:37,953 - EarlyStopping counter: 9 out of 10
2025-01-06 21:34:12,700 - {'epoch': 80, 'rec_loss': '5.7889'}
2025-01-06 21:34:15,768 - {'Epoch': 80, 'HR@5': '0.2017', 'NDCG@5': '0.1338', 'HR@10': '0.2952', 'NDCG@10': '0.1639', 'HR@20': '0.4099', 'NDCG@20': '0.1929'}
2025-01-06 21:34:15,769 - Validation score increased.  Saving model ...
2025-01-06 21:35:57,513 - {'epoch': 81, 'rec_loss': '5.7894'}
2025-01-06 21:36:00,981 - {'Epoch': 81, 'HR@5': '0.1969', 'NDCG@5': '0.1304', 'HR@10': '0.2935', 'NDCG@10': '0.1615', 'HR@20': '0.4113', 'NDCG@20': '0.1912'}
2025-01-06 21:36:00,982 - EarlyStopping counter: 1 out of 10
2025-01-06 21:37:32,609 - {'epoch': 82, 'rec_loss': '5.7894'}
2025-01-06 21:37:36,475 - {'Epoch': 82, 'HR@5': '0.2022', 'NDCG@5': '0.1345', 'HR@10': '0.2949', 'NDCG@10': '0.1644', 'HR@20': '0.4116', 'NDCG@20': '0.1939'}
2025-01-06 21:37:36,475 - Validation score increased.  Saving model ...
2025-01-06 21:39:10,781 - {'epoch': 83, 'rec_loss': '5.7888'}
2025-01-06 21:39:13,749 - {'Epoch': 83, 'HR@5': '0.1988', 'NDCG@5': '0.1323', 'HR@10': '0.2964', 'NDCG@10': '0.1637', 'HR@20': '0.4111', 'NDCG@20': '0.1926'}
2025-01-06 21:39:13,758 - EarlyStopping counter: 1 out of 10
2025-01-06 21:40:48,870 - {'epoch': 84, 'rec_loss': '5.7867'}
2025-01-06 21:40:51,904 - {'Epoch': 84, 'HR@5': '0.1952', 'NDCG@5': '0.1287', 'HR@10': '0.2945', 'NDCG@10': '0.1607', 'HR@20': '0.4103', 'NDCG@20': '0.1900'}
2025-01-06 21:40:51,905 - EarlyStopping counter: 2 out of 10
2025-01-06 21:42:30,926 - {'epoch': 85, 'rec_loss': '5.7846'}
2025-01-06 21:42:34,851 - {'Epoch': 85, 'HR@5': '0.1944', 'NDCG@5': '0.1282', 'HR@10': '0.2957', 'NDCG@10': '0.1608', 'HR@20': '0.4094', 'NDCG@20': '0.1895'}
2025-01-06 21:42:34,851 - EarlyStopping counter: 3 out of 10
2025-01-06 21:44:12,253 - {'epoch': 86, 'rec_loss': '5.7843'}
2025-01-06 21:44:15,187 - {'Epoch': 86, 'HR@5': '0.1964', 'NDCG@5': '0.1300', 'HR@10': '0.2942', 'NDCG@10': '0.1616', 'HR@20': '0.4111', 'NDCG@20': '0.1911'}
2025-01-06 21:44:15,188 - EarlyStopping counter: 4 out of 10
2025-01-06 21:45:49,921 - {'epoch': 87, 'rec_loss': '5.7869'}
2025-01-06 21:45:53,250 - {'Epoch': 87, 'HR@5': '0.1975', 'NDCG@5': '0.1303', 'HR@10': '0.2975', 'NDCG@10': '0.1625', 'HR@20': '0.4104', 'NDCG@20': '0.1910'}
2025-01-06 21:45:53,251 - EarlyStopping counter: 5 out of 10
2025-01-06 21:47:27,947 - {'epoch': 88, 'rec_loss': '5.7815'}
2025-01-06 21:47:31,536 - {'Epoch': 88, 'HR@5': '0.1977', 'NDCG@5': '0.1311', 'HR@10': '0.2935', 'NDCG@10': '0.1620', 'HR@20': '0.4075', 'NDCG@20': '0.1907'}
2025-01-06 21:47:31,536 - EarlyStopping counter: 6 out of 10
2025-01-06 21:49:07,605 - {'epoch': 89, 'rec_loss': '5.7816'}
2025-01-06 21:49:10,439 - {'Epoch': 89, 'HR@5': '0.1974', 'NDCG@5': '0.1313', 'HR@10': '0.2998', 'NDCG@10': '0.1644', 'HR@20': '0.4118', 'NDCG@20': '0.1926'}
2025-01-06 21:49:10,440 - EarlyStopping counter: 7 out of 10
2025-01-06 21:50:38,741 - {'epoch': 90, 'rec_loss': '5.7815'}
2025-01-06 21:50:41,607 - {'Epoch': 90, 'HR@5': '0.2018', 'NDCG@5': '0.1346', 'HR@10': '0.3023', 'NDCG@10': '0.1670', 'HR@20': '0.4127', 'NDCG@20': '0.1948'}
2025-01-06 21:50:41,608 - Validation score increased.  Saving model ...
2025-01-06 21:52:10,278 - {'epoch': 91, 'rec_loss': '5.7803'}
2025-01-06 21:52:13,218 - {'Epoch': 91, 'HR@5': '0.2007', 'NDCG@5': '0.1325', 'HR@10': '0.2969', 'NDCG@10': '0.1635', 'HR@20': '0.4113', 'NDCG@20': '0.1925'}
2025-01-06 21:52:13,219 - EarlyStopping counter: 1 out of 10
2025-01-06 21:53:41,174 - {'epoch': 92, 'rec_loss': '5.7801'}
2025-01-06 21:53:44,326 - {'Epoch': 92, 'HR@5': '0.2025', 'NDCG@5': '0.1338', 'HR@10': '0.2983', 'NDCG@10': '0.1646', 'HR@20': '0.4124', 'NDCG@20': '0.1934'}
2025-01-06 21:53:44,326 - EarlyStopping counter: 2 out of 10
2025-01-06 21:55:15,222 - {'epoch': 93, 'rec_loss': '5.7801'}
2025-01-06 21:55:18,228 - {'Epoch': 93, 'HR@5': '0.1959', 'NDCG@5': '0.1305', 'HR@10': '0.2982', 'NDCG@10': '0.1636', 'HR@20': '0.4099', 'NDCG@20': '0.1918'}
2025-01-06 21:55:18,229 - EarlyStopping counter: 3 out of 10
2025-01-06 21:56:46,697 - {'epoch': 94, 'rec_loss': '5.7823'}
2025-01-06 21:56:49,653 - {'Epoch': 94, 'HR@5': '0.2020', 'NDCG@5': '0.1339', 'HR@10': '0.2985', 'NDCG@10': '0.1650', 'HR@20': '0.4171', 'NDCG@20': '0.1949'}
2025-01-06 21:56:49,653 - Validation score increased.  Saving model ...
2025-01-06 21:58:08,316 - {'epoch': 95, 'rec_loss': '5.7794'}
2025-01-06 21:58:11,054 - {'Epoch': 95, 'HR@5': '0.2026', 'NDCG@5': '0.1343', 'HR@10': '0.2955', 'NDCG@10': '0.1643', 'HR@20': '0.4119', 'NDCG@20': '0.1937'}
2025-01-06 21:58:11,055 - EarlyStopping counter: 1 out of 10
2025-01-06 21:59:30,632 - {'epoch': 96, 'rec_loss': '5.7810'}
2025-01-06 21:59:33,084 - {'Epoch': 96, 'HR@5': '0.2008', 'NDCG@5': '0.1312', 'HR@10': '0.2957', 'NDCG@10': '0.1618', 'HR@20': '0.4076', 'NDCG@20': '0.1900'}
2025-01-06 21:59:33,085 - EarlyStopping counter: 2 out of 10
2025-01-06 22:00:43,953 - {'epoch': 97, 'rec_loss': '5.7775'}
2025-01-06 22:00:45,705 - {'Epoch': 97, 'HR@5': '0.2005', 'NDCG@5': '0.1339', 'HR@10': '0.2959', 'NDCG@10': '0.1645', 'HR@20': '0.4136', 'NDCG@20': '0.1942'}
2025-01-06 22:00:45,705 - EarlyStopping counter: 3 out of 10
2025-01-06 22:01:33,017 - {'epoch': 98, 'rec_loss': '5.7799'}
2025-01-06 22:01:34,967 - {'Epoch': 98, 'HR@5': '0.2007', 'NDCG@5': '0.1330', 'HR@10': '0.2987', 'NDCG@10': '0.1646', 'HR@20': '0.4089', 'NDCG@20': '0.1925'}
2025-01-06 22:01:34,968 - EarlyStopping counter: 4 out of 10
2025-01-06 22:02:23,156 - {'epoch': 99, 'rec_loss': '5.7791'}
2025-01-06 22:02:24,602 - {'Epoch': 99, 'HR@5': '0.1992', 'NDCG@5': '0.1317', 'HR@10': '0.2955', 'NDCG@10': '0.1628', 'HR@20': '0.4109', 'NDCG@20': '0.1919'}
2025-01-06 22:02:24,603 - EarlyStopping counter: 5 out of 10
2025-01-06 22:03:09,206 - {'epoch': 100, 'rec_loss': '5.7751'}
2025-01-06 22:03:10,723 - {'Epoch': 100, 'HR@5': '0.2012', 'NDCG@5': '0.1340', 'HR@10': '0.2985', 'NDCG@10': '0.1653', 'HR@20': '0.4129', 'NDCG@20': '0.1941'}
2025-01-06 22:03:10,724 - EarlyStopping counter: 6 out of 10
2025-01-06 22:03:45,666 - {'epoch': 101, 'rec_loss': '5.7768'}
2025-01-06 22:03:47,218 - {'Epoch': 101, 'HR@5': '0.2031', 'NDCG@5': '0.1346', 'HR@10': '0.2969', 'NDCG@10': '0.1649', 'HR@20': '0.4152', 'NDCG@20': '0.1948'}
2025-01-06 22:03:47,219 - EarlyStopping counter: 7 out of 10
2025-01-06 22:04:23,096 - {'epoch': 102, 'rec_loss': '5.7757'}
2025-01-06 22:04:24,736 - {'Epoch': 102, 'HR@5': '0.2051', 'NDCG@5': '0.1347', 'HR@10': '0.3003', 'NDCG@10': '0.1652', 'HR@20': '0.4174', 'NDCG@20': '0.1948'}
2025-01-06 22:04:24,736 - EarlyStopping counter: 8 out of 10
2025-01-06 22:05:01,352 - {'epoch': 103, 'rec_loss': '5.7755'}
2025-01-06 22:05:02,897 - {'Epoch': 103, 'HR@5': '0.1982', 'NDCG@5': '0.1306', 'HR@10': '0.2982', 'NDCG@10': '0.1628', 'HR@20': '0.4121', 'NDCG@20': '0.1914'}
2025-01-06 22:05:02,898 - EarlyStopping counter: 9 out of 10
2025-01-06 22:05:29,466 - {'epoch': 104, 'rec_loss': '5.7733'}
2025-01-06 22:05:30,563 - {'Epoch': 104, 'HR@5': '0.1983', 'NDCG@5': '0.1307', 'HR@10': '0.2974', 'NDCG@10': '0.1627', 'HR@20': '0.4149', 'NDCG@20': '0.1924'}
2025-01-06 22:05:30,564 - EarlyStopping counter: 10 out of 10
2025-01-06 22:05:30,564 - Early stopping
2025-01-06 22:05:30,564 - ---------------Test Score---------------
2025-01-06 22:05:31,622 - {'Epoch': 0, 'HR@5': '0.1932', 'NDCG@5': '0.1325', 'HR@10': '0.2833', 'NDCG@10': '0.1616', 'HR@20': '0.3863', 'NDCG@20': '0.1873'}
2025-01-06 22:05:31,623 - BSARec_S_ML-1M
2025-01-06 22:05:31,623 - {'Epoch': 0, 'HR@5': '0.1932', 'NDCG@5': '0.1325', 'HR@10': '0.2833', 'NDCG@10': '0.1616', 'HR@20': '0.3863', 'NDCG@20': '0.1873'}
