2025-01-06 20:53:35,254 - Namespace(data_dir='./data/', output_dir='output/', data_name='Sports_and_Outdoors', do_eval=False, load_model=None, train_name='BSARec_S_Sports_and_Outdoors', num_items=10, num_users=35599, lr=0.0005, batch_size=256, epochs=200, no_cuda=False, log_freq=1, patience=10, num_workers=4, seed=42, weight_decay=0.0, adam_beta1=0.9, adam_beta2=0.999, gpu_id='0', variance=5, model_type='BSARec_S', max_seq_length=50, hidden_size=64, num_hidden_layers=2, hidden_act='gelu', num_attention_heads=1, attention_probs_dropout_prob=0.5, hidden_dropout_prob=0.5, initializer_range=0.02, c=5, alpha=0.7, cuda_condition=True, data_file='./data/Sports_and_Outdoors.txt', item_size=18358, checkpoint_path='output/BSARec_S_Sports_and_Outdoors.pt', same_target_path='./data/Sports_and_Outdoors_same_target.npy')
2025-01-06 20:53:35,277 - BSARecModel_S(
  (item_embeddings): Embedding(18358, 64, padding_idx=0)
  (position_embeddings): Embedding(50, 64)
  (LayerNorm): LayerNorm()
  (dropout): Dropout(p=0.5, inplace=False)
  (item_encoder): BSARecEncoder(
    (blocks): ModuleList(
      (0): BSARecBlock(
        (layer): BSARecLayer(
          (filter_layer): FrequencyLayer(
            (out_dropout): Dropout(p=0.5, inplace=False)
            (LayerNorm): LayerNorm()
          )
          (attention_layer): MultiHeadAttention(
            (query): Linear(in_features=64, out_features=64, bias=True)
            (key): Linear(in_features=64, out_features=64, bias=True)
            (value): Linear(in_features=64, out_features=64, bias=True)
            (softmax): Softmax(dim=-1)
            (attn_dropout): Dropout(p=0.5, inplace=False)
            (dense): Linear(in_features=64, out_features=64, bias=True)
            (LayerNorm): LayerNorm((64,), eps=1e-12, elementwise_affine=True)
            (out_dropout): Dropout(p=0.5, inplace=False)
          )
        )
        (feed_forward_g): FeedForward(
          (dense_1): Linear(in_features=64, out_features=256, bias=True)
          (dense_2): Linear(in_features=256, out_features=64, bias=True)
          (LayerNorm): LayerNorm()
          (dropout): Dropout(p=0.5, inplace=False)
        )
      )
      (1): BSARecBlock(
        (layer): BSARecLayer(
          (filter_layer): FrequencyLayer(
            (out_dropout): Dropout(p=0.5, inplace=False)
            (LayerNorm): LayerNorm()
          )
          (attention_layer): MultiHeadAttention(
            (query): Linear(in_features=64, out_features=64, bias=True)
            (key): Linear(in_features=64, out_features=64, bias=True)
            (value): Linear(in_features=64, out_features=64, bias=True)
            (softmax): Softmax(dim=-1)
            (attn_dropout): Dropout(p=0.5, inplace=False)
            (dense): Linear(in_features=64, out_features=64, bias=True)
            (LayerNorm): LayerNorm((64,), eps=1e-12, elementwise_affine=True)
            (out_dropout): Dropout(p=0.5, inplace=False)
          )
        )
        (feed_forward_g): FeedForward(
          (dense_1): Linear(in_features=64, out_features=256, bias=True)
          (dense_2): Linear(in_features=256, out_features=64, bias=True)
          (LayerNorm): LayerNorm()
          (dropout): Dropout(p=0.5, inplace=False)
        )
      )
    )
  )
)
2025-01-06 20:53:37,516 - Total Parameters: 1278592
2025-01-06 20:55:05,339 - {'epoch': 0, 'rec_loss': '9.3837'}
2025-01-06 20:55:29,563 - {'Epoch': 0, 'HR@5': '0.0089', 'NDCG@5': '0.0058', 'HR@10': '0.0155', 'NDCG@10': '0.0079', 'HR@20': '0.0268', 'NDCG@20': '0.0107'}
2025-01-06 20:55:29,563 - Validation score increased.  Saving model ...
2025-01-06 20:56:50,476 - {'epoch': 1, 'rec_loss': '9.0641'}
2025-01-06 20:57:12,748 - {'Epoch': 1, 'HR@5': '0.0161', 'NDCG@5': '0.0103', 'HR@10': '0.0273', 'NDCG@10': '0.0139', 'HR@20': '0.0437', 'NDCG@20': '0.0180'}
2025-01-06 20:57:12,750 - Validation score increased.  Saving model ...
2025-01-06 20:58:21,570 - {'epoch': 2, 'rec_loss': '8.8021'}
2025-01-06 20:58:41,836 - {'Epoch': 2, 'HR@5': '0.0197', 'NDCG@5': '0.0126', 'HR@10': '0.0317', 'NDCG@10': '0.0165', 'HR@20': '0.0523', 'NDCG@20': '0.0216'}
2025-01-06 20:58:41,839 - Validation score increased.  Saving model ...
2025-01-06 20:59:47,352 - {'epoch': 3, 'rec_loss': '8.6282'}
2025-01-06 21:00:07,551 - {'Epoch': 3, 'HR@5': '0.0241', 'NDCG@5': '0.0157', 'HR@10': '0.0390', 'NDCG@10': '0.0205', 'HR@20': '0.0610', 'NDCG@20': '0.0260'}
2025-01-06 21:00:07,551 - Validation score increased.  Saving model ...
2025-01-06 21:01:13,407 - {'epoch': 4, 'rec_loss': '8.4772'}
2025-01-06 21:01:33,554 - {'Epoch': 4, 'HR@5': '0.0303', 'NDCG@5': '0.0206', 'HR@10': '0.0469', 'NDCG@10': '0.0260', 'HR@20': '0.0709', 'NDCG@20': '0.0320'}
2025-01-06 21:01:33,557 - Validation score increased.  Saving model ...
2025-01-06 21:02:39,600 - {'epoch': 5, 'rec_loss': '8.3403'}
2025-01-06 21:02:59,195 - {'Epoch': 5, 'HR@5': '0.0368', 'NDCG@5': '0.0248', 'HR@10': '0.0534', 'NDCG@10': '0.0301', 'HR@20': '0.0782', 'NDCG@20': '0.0363'}
2025-01-06 21:02:59,195 - Validation score increased.  Saving model ...
2025-01-06 21:03:56,066 - {'epoch': 6, 'rec_loss': '8.2222'}
2025-01-06 21:04:14,839 - {'Epoch': 6, 'HR@5': '0.0391', 'NDCG@5': '0.0270', 'HR@10': '0.0551', 'NDCG@10': '0.0322', 'HR@20': '0.0807', 'NDCG@20': '0.0386'}
2025-01-06 21:04:14,842 - Validation score increased.  Saving model ...
2025-01-06 21:05:13,657 - {'epoch': 7, 'rec_loss': '8.1162'}
2025-01-06 21:05:31,565 - {'Epoch': 7, 'HR@5': '0.0423', 'NDCG@5': '0.0297', 'HR@10': '0.0603', 'NDCG@10': '0.0355', 'HR@20': '0.0857', 'NDCG@20': '0.0419'}
2025-01-06 21:05:31,566 - Validation score increased.  Saving model ...
2025-01-06 21:06:31,532 - {'epoch': 8, 'rec_loss': '8.0178'}
2025-01-06 21:06:47,474 - {'Epoch': 8, 'HR@5': '0.0433', 'NDCG@5': '0.0304', 'HR@10': '0.0613', 'NDCG@10': '0.0363', 'HR@20': '0.0865', 'NDCG@20': '0.0426'}
2025-01-06 21:06:47,475 - Validation score increased.  Saving model ...
2025-01-06 21:07:29,225 - {'epoch': 9, 'rec_loss': '7.9374'}
2025-01-06 21:07:43,714 - {'Epoch': 9, 'HR@5': '0.0444', 'NDCG@5': '0.0312', 'HR@10': '0.0632', 'NDCG@10': '0.0373', 'HR@20': '0.0883', 'NDCG@20': '0.0436'}
2025-01-06 21:07:43,715 - Validation score increased.  Saving model ...
2025-01-06 21:08:33,599 - {'epoch': 10, 'rec_loss': '7.8678'}
2025-01-06 21:08:53,559 - {'Epoch': 10, 'HR@5': '0.0445', 'NDCG@5': '0.0314', 'HR@10': '0.0631', 'NDCG@10': '0.0374', 'HR@20': '0.0898', 'NDCG@20': '0.0441'}
2025-01-06 21:08:53,560 - Validation score increased.  Saving model ...
2025-01-06 21:10:14,858 - {'epoch': 11, 'rec_loss': '7.8108'}
2025-01-06 21:10:38,717 - {'Epoch': 11, 'HR@5': '0.0453', 'NDCG@5': '0.0319', 'HR@10': '0.0646', 'NDCG@10': '0.0381', 'HR@20': '0.0901', 'NDCG@20': '0.0445'}
2025-01-06 21:10:38,717 - Validation score increased.  Saving model ...
2025-01-06 21:12:01,095 - {'epoch': 12, 'rec_loss': '7.7573'}
2025-01-06 21:12:25,106 - {'Epoch': 12, 'HR@5': '0.0452', 'NDCG@5': '0.0320', 'HR@10': '0.0644', 'NDCG@10': '0.0382', 'HR@20': '0.0904', 'NDCG@20': '0.0447'}
2025-01-06 21:12:25,106 - Validation score increased.  Saving model ...
2025-01-06 21:13:43,374 - {'epoch': 13, 'rec_loss': '7.7168'}
2025-01-06 21:14:07,876 - {'Epoch': 13, 'HR@5': '0.0461', 'NDCG@5': '0.0323', 'HR@10': '0.0652', 'NDCG@10': '0.0385', 'HR@20': '0.0911', 'NDCG@20': '0.0450'}
2025-01-06 21:14:07,877 - Validation score increased.  Saving model ...
2025-01-06 21:15:31,622 - {'epoch': 14, 'rec_loss': '7.6753'}
2025-01-06 21:15:57,235 - {'Epoch': 14, 'HR@5': '0.0457', 'NDCG@5': '0.0323', 'HR@10': '0.0653', 'NDCG@10': '0.0386', 'HR@20': '0.0913', 'NDCG@20': '0.0451'}
2025-01-06 21:15:57,235 - Validation score increased.  Saving model ...
2025-01-06 21:17:17,609 - {'epoch': 15, 'rec_loss': '7.6433'}
2025-01-06 21:17:42,816 - {'Epoch': 15, 'HR@5': '0.0461', 'NDCG@5': '0.0328', 'HR@10': '0.0658', 'NDCG@10': '0.0392', 'HR@20': '0.0918', 'NDCG@20': '0.0457'}
2025-01-06 21:17:42,822 - Validation score increased.  Saving model ...
2025-01-06 21:19:07,347 - {'epoch': 16, 'rec_loss': '7.6153'}
2025-01-06 21:19:34,508 - {'Epoch': 16, 'HR@5': '0.0461', 'NDCG@5': '0.0324', 'HR@10': '0.0653', 'NDCG@10': '0.0386', 'HR@20': '0.0917', 'NDCG@20': '0.0452'}
2025-01-06 21:19:34,511 - EarlyStopping counter: 1 out of 10
2025-01-06 21:20:55,935 - {'epoch': 17, 'rec_loss': '7.5945'}
2025-01-06 21:21:20,864 - {'Epoch': 17, 'HR@5': '0.0469', 'NDCG@5': '0.0330', 'HR@10': '0.0675', 'NDCG@10': '0.0396', 'HR@20': '0.0943', 'NDCG@20': '0.0463'}
2025-01-06 21:21:20,865 - Validation score increased.  Saving model ...
2025-01-06 21:22:43,116 - {'epoch': 18, 'rec_loss': '7.5701'}
2025-01-06 21:23:06,897 - {'Epoch': 18, 'HR@5': '0.0457', 'NDCG@5': '0.0322', 'HR@10': '0.0664', 'NDCG@10': '0.0389', 'HR@20': '0.0933', 'NDCG@20': '0.0456'}
2025-01-06 21:23:06,898 - EarlyStopping counter: 1 out of 10
2025-01-06 21:24:28,874 - {'epoch': 19, 'rec_loss': '7.5493'}
2025-01-06 21:24:52,266 - {'Epoch': 19, 'HR@5': '0.0467', 'NDCG@5': '0.0329', 'HR@10': '0.0664', 'NDCG@10': '0.0393', 'HR@20': '0.0929', 'NDCG@20': '0.0459'}
2025-01-06 21:24:52,266 - EarlyStopping counter: 2 out of 10
2025-01-06 21:26:12,193 - {'epoch': 20, 'rec_loss': '7.5334'}
2025-01-06 21:26:37,203 - {'Epoch': 20, 'HR@5': '0.0467', 'NDCG@5': '0.0332', 'HR@10': '0.0669', 'NDCG@10': '0.0397', 'HR@20': '0.0937', 'NDCG@20': '0.0464'}
2025-01-06 21:26:37,204 - Validation score increased.  Saving model ...
2025-01-06 21:27:57,336 - {'epoch': 21, 'rec_loss': '7.5177'}
2025-01-06 21:28:22,620 - {'Epoch': 21, 'HR@5': '0.0463', 'NDCG@5': '0.0329', 'HR@10': '0.0658', 'NDCG@10': '0.0391', 'HR@20': '0.0936', 'NDCG@20': '0.0461'}
2025-01-06 21:28:22,623 - EarlyStopping counter: 1 out of 10
2025-01-06 21:29:40,942 - {'epoch': 22, 'rec_loss': '7.5009'}
2025-01-06 21:30:05,008 - {'Epoch': 22, 'HR@5': '0.0460', 'NDCG@5': '0.0325', 'HR@10': '0.0667', 'NDCG@10': '0.0393', 'HR@20': '0.0921', 'NDCG@20': '0.0456'}
2025-01-06 21:30:05,009 - EarlyStopping counter: 2 out of 10
2025-01-06 21:31:22,940 - {'epoch': 23, 'rec_loss': '7.4890'}
2025-01-06 21:31:48,975 - {'Epoch': 23, 'HR@5': '0.0473', 'NDCG@5': '0.0333', 'HR@10': '0.0675', 'NDCG@10': '0.0398', 'HR@20': '0.0939', 'NDCG@20': '0.0464'}
2025-01-06 21:31:48,975 - EarlyStopping counter: 3 out of 10
2025-01-06 21:33:11,010 - {'epoch': 24, 'rec_loss': '7.4747'}
2025-01-06 21:33:37,210 - {'Epoch': 24, 'HR@5': '0.0476', 'NDCG@5': '0.0334', 'HR@10': '0.0670', 'NDCG@10': '0.0396', 'HR@20': '0.0932', 'NDCG@20': '0.0462'}
2025-01-06 21:33:37,211 - EarlyStopping counter: 4 out of 10
2025-01-06 21:35:01,193 - {'epoch': 25, 'rec_loss': '7.4617'}
2025-01-06 21:35:26,055 - {'Epoch': 25, 'HR@5': '0.0475', 'NDCG@5': '0.0331', 'HR@10': '0.0673', 'NDCG@10': '0.0395', 'HR@20': '0.0936', 'NDCG@20': '0.0461'}
2025-01-06 21:35:26,058 - EarlyStopping counter: 5 out of 10
2025-01-06 21:36:50,033 - {'epoch': 26, 'rec_loss': '7.4528'}
2025-01-06 21:37:16,490 - {'Epoch': 26, 'HR@5': '0.0472', 'NDCG@5': '0.0331', 'HR@10': '0.0667', 'NDCG@10': '0.0394', 'HR@20': '0.0939', 'NDCG@20': '0.0463'}
2025-01-06 21:37:16,491 - EarlyStopping counter: 6 out of 10
2025-01-06 21:38:40,194 - {'epoch': 27, 'rec_loss': '7.4380'}
2025-01-06 21:39:04,383 - {'Epoch': 27, 'HR@5': '0.0464', 'NDCG@5': '0.0328', 'HR@10': '0.0658', 'NDCG@10': '0.0391', 'HR@20': '0.0939', 'NDCG@20': '0.0461'}
2025-01-06 21:39:04,383 - EarlyStopping counter: 7 out of 10
2025-01-06 21:40:27,012 - {'epoch': 28, 'rec_loss': '7.4296'}
2025-01-06 21:40:51,854 - {'Epoch': 28, 'HR@5': '0.0472', 'NDCG@5': '0.0332', 'HR@10': '0.0672', 'NDCG@10': '0.0396', 'HR@20': '0.0945', 'NDCG@20': '0.0465'}
2025-01-06 21:40:51,857 - Validation score increased.  Saving model ...
2025-01-06 21:42:17,169 - {'epoch': 29, 'rec_loss': '7.4190'}
2025-01-06 21:42:40,744 - {'Epoch': 29, 'HR@5': '0.0472', 'NDCG@5': '0.0335', 'HR@10': '0.0666', 'NDCG@10': '0.0397', 'HR@20': '0.0945', 'NDCG@20': '0.0467'}
2025-01-06 21:42:40,745 - Validation score increased.  Saving model ...
2025-01-06 21:44:00,053 - {'epoch': 30, 'rec_loss': '7.4106'}
2025-01-06 21:44:23,514 - {'Epoch': 30, 'HR@5': '0.0469', 'NDCG@5': '0.0329', 'HR@10': '0.0675', 'NDCG@10': '0.0396', 'HR@20': '0.0939', 'NDCG@20': '0.0463'}
2025-01-06 21:44:23,523 - EarlyStopping counter: 1 out of 10
2025-01-06 21:45:50,791 - {'epoch': 31, 'rec_loss': '7.4047'}
2025-01-06 21:46:16,405 - {'Epoch': 31, 'HR@5': '0.0467', 'NDCG@5': '0.0330', 'HR@10': '0.0681', 'NDCG@10': '0.0398', 'HR@20': '0.0959', 'NDCG@20': '0.0468'}
2025-01-06 21:46:16,406 - Validation score increased.  Saving model ...
2025-01-06 21:47:36,828 - {'epoch': 32, 'rec_loss': '7.3966'}
2025-01-06 21:48:01,951 - {'Epoch': 32, 'HR@5': '0.0476', 'NDCG@5': '0.0332', 'HR@10': '0.0689', 'NDCG@10': '0.0400', 'HR@20': '0.0956', 'NDCG@20': '0.0468'}
2025-01-06 21:48:01,952 - EarlyStopping counter: 1 out of 10
2025-01-06 21:49:24,570 - {'epoch': 33, 'rec_loss': '7.3850'}
2025-01-06 21:49:47,515 - {'Epoch': 33, 'HR@5': '0.0472', 'NDCG@5': '0.0332', 'HR@10': '0.0679', 'NDCG@10': '0.0399', 'HR@20': '0.0960', 'NDCG@20': '0.0470'}
2025-01-06 21:49:47,516 - Validation score increased.  Saving model ...
2025-01-06 21:51:02,546 - {'epoch': 34, 'rec_loss': '7.3796'}
2025-01-06 21:51:25,186 - {'Epoch': 34, 'HR@5': '0.0470', 'NDCG@5': '0.0331', 'HR@10': '0.0677', 'NDCG@10': '0.0397', 'HR@20': '0.0942', 'NDCG@20': '0.0464'}
2025-01-06 21:51:25,189 - EarlyStopping counter: 1 out of 10
2025-01-06 21:52:39,667 - {'epoch': 35, 'rec_loss': '7.3770'}
2025-01-06 21:53:02,044 - {'Epoch': 35, 'HR@5': '0.0467', 'NDCG@5': '0.0329', 'HR@10': '0.0684', 'NDCG@10': '0.0399', 'HR@20': '0.0956', 'NDCG@20': '0.0468'}
2025-01-06 21:53:02,045 - EarlyStopping counter: 2 out of 10
2025-01-06 21:54:17,394 - {'epoch': 36, 'rec_loss': '7.3705'}
2025-01-06 21:54:39,554 - {'Epoch': 36, 'HR@5': '0.0474', 'NDCG@5': '0.0335', 'HR@10': '0.0679', 'NDCG@10': '0.0402', 'HR@20': '0.0956', 'NDCG@20': '0.0472'}
2025-01-06 21:54:39,554 - Validation score increased.  Saving model ...
2025-01-06 21:55:50,678 - {'epoch': 37, 'rec_loss': '7.3626'}
2025-01-06 21:56:13,884 - {'Epoch': 37, 'HR@5': '0.0472', 'NDCG@5': '0.0331', 'HR@10': '0.0671', 'NDCG@10': '0.0395', 'HR@20': '0.0958', 'NDCG@20': '0.0467'}
2025-01-06 21:56:13,887 - EarlyStopping counter: 1 out of 10
2025-01-06 21:57:26,322 - {'epoch': 38, 'rec_loss': '7.3551'}
2025-01-06 21:57:46,812 - {'Epoch': 38, 'HR@5': '0.0476', 'NDCG@5': '0.0335', 'HR@10': '0.0683', 'NDCG@10': '0.0401', 'HR@20': '0.0955', 'NDCG@20': '0.0470'}
2025-01-06 21:57:46,813 - EarlyStopping counter: 2 out of 10
2025-01-06 21:58:49,977 - {'epoch': 39, 'rec_loss': '7.3478'}
2025-01-06 21:59:10,294 - {'Epoch': 39, 'HR@5': '0.0475', 'NDCG@5': '0.0335', 'HR@10': '0.0693', 'NDCG@10': '0.0405', 'HR@20': '0.0965', 'NDCG@20': '0.0474'}
2025-01-06 21:59:10,295 - Validation score increased.  Saving model ...
2025-01-06 22:00:16,920 - {'epoch': 40, 'rec_loss': '7.3389'}
2025-01-06 22:00:36,197 - {'Epoch': 40, 'HR@5': '0.0472', 'NDCG@5': '0.0335', 'HR@10': '0.0693', 'NDCG@10': '0.0406', 'HR@20': '0.0976', 'NDCG@20': '0.0477'}
2025-01-06 22:00:36,198 - Validation score increased.  Saving model ...
2025-01-06 22:01:18,240 - {'epoch': 41, 'rec_loss': '7.3368'}
2025-01-06 22:01:33,088 - {'Epoch': 41, 'HR@5': '0.0482', 'NDCG@5': '0.0341', 'HR@10': '0.0685', 'NDCG@10': '0.0406', 'HR@20': '0.0958', 'NDCG@20': '0.0475'}
2025-01-06 22:01:33,089 - EarlyStopping counter: 1 out of 10
2025-01-06 22:02:14,532 - {'epoch': 42, 'rec_loss': '7.3338'}
2025-01-06 22:02:29,530 - {'Epoch': 42, 'HR@5': '0.0478', 'NDCG@5': '0.0334', 'HR@10': '0.0686', 'NDCG@10': '0.0401', 'HR@20': '0.0962', 'NDCG@20': '0.0470'}
2025-01-06 22:02:29,531 - EarlyStopping counter: 2 out of 10
2025-01-06 22:03:08,078 - {'epoch': 43, 'rec_loss': '7.3280'}
2025-01-06 22:03:21,962 - {'Epoch': 43, 'HR@5': '0.0474', 'NDCG@5': '0.0333', 'HR@10': '0.0677', 'NDCG@10': '0.0398', 'HR@20': '0.0966', 'NDCG@20': '0.0471'}
2025-01-06 22:03:21,968 - EarlyStopping counter: 3 out of 10
2025-01-06 22:03:53,768 - {'epoch': 44, 'rec_loss': '7.3237'}
2025-01-06 22:04:07,615 - {'Epoch': 44, 'HR@5': '0.0480', 'NDCG@5': '0.0338', 'HR@10': '0.0680', 'NDCG@10': '0.0402', 'HR@20': '0.0961', 'NDCG@20': '0.0473'}
2025-01-06 22:04:07,616 - EarlyStopping counter: 4 out of 10
2025-01-06 22:04:39,441 - {'epoch': 45, 'rec_loss': '7.3159'}
2025-01-06 22:04:52,556 - {'Epoch': 45, 'HR@5': '0.0473', 'NDCG@5': '0.0333', 'HR@10': '0.0674', 'NDCG@10': '0.0398', 'HR@20': '0.0962', 'NDCG@20': '0.0470'}
2025-01-06 22:04:52,556 - EarlyStopping counter: 5 out of 10
2025-01-06 22:05:19,256 - {'epoch': 46, 'rec_loss': '7.3108'}
2025-01-06 22:05:31,390 - {'Epoch': 46, 'HR@5': '0.0478', 'NDCG@5': '0.0339', 'HR@10': '0.0691', 'NDCG@10': '0.0408', 'HR@20': '0.0978', 'NDCG@20': '0.0480'}
2025-01-06 22:05:31,391 - Validation score increased.  Saving model ...
2025-01-06 22:05:46,382 - {'epoch': 47, 'rec_loss': '7.3064'}
2025-01-06 22:05:56,889 - {'Epoch': 47, 'HR@5': '0.0485', 'NDCG@5': '0.0341', 'HR@10': '0.0687', 'NDCG@10': '0.0406', 'HR@20': '0.0972', 'NDCG@20': '0.0477'}
2025-01-06 22:05:56,890 - EarlyStopping counter: 1 out of 10
2025-01-06 22:06:12,786 - {'epoch': 48, 'rec_loss': '7.3066'}
2025-01-06 22:06:24,220 - {'Epoch': 48, 'HR@5': '0.0484', 'NDCG@5': '0.0339', 'HR@10': '0.0683', 'NDCG@10': '0.0403', 'HR@20': '0.0965', 'NDCG@20': '0.0473'}
2025-01-06 22:06:24,221 - EarlyStopping counter: 2 out of 10
2025-01-06 22:06:38,777 - {'epoch': 49, 'rec_loss': '7.3016'}
2025-01-06 22:06:49,224 - {'Epoch': 49, 'HR@5': '0.0483', 'NDCG@5': '0.0335', 'HR@10': '0.0685', 'NDCG@10': '0.0400', 'HR@20': '0.0966', 'NDCG@20': '0.0470'}
2025-01-06 22:06:49,225 - EarlyStopping counter: 3 out of 10
2025-01-06 22:07:04,520 - {'epoch': 50, 'rec_loss': '7.2944'}
2025-01-06 22:07:15,789 - {'Epoch': 50, 'HR@5': '0.0479', 'NDCG@5': '0.0337', 'HR@10': '0.0689', 'NDCG@10': '0.0405', 'HR@20': '0.0969', 'NDCG@20': '0.0475'}
2025-01-06 22:07:15,789 - EarlyStopping counter: 4 out of 10
2025-01-06 22:07:30,521 - {'epoch': 51, 'rec_loss': '7.2907'}
2025-01-06 22:07:41,172 - {'Epoch': 51, 'HR@5': '0.0472', 'NDCG@5': '0.0331', 'HR@10': '0.0678', 'NDCG@10': '0.0397', 'HR@20': '0.0971', 'NDCG@20': '0.0470'}
2025-01-06 22:07:41,172 - EarlyStopping counter: 5 out of 10
2025-01-06 22:07:56,291 - {'epoch': 52, 'rec_loss': '7.2891'}
2025-01-06 22:08:07,553 - {'Epoch': 52, 'HR@5': '0.0476', 'NDCG@5': '0.0336', 'HR@10': '0.0683', 'NDCG@10': '0.0403', 'HR@20': '0.0978', 'NDCG@20': '0.0477'}
2025-01-06 22:08:07,553 - EarlyStopping counter: 6 out of 10
2025-01-06 22:08:22,160 - {'epoch': 53, 'rec_loss': '7.2846'}
2025-01-06 22:08:32,812 - {'Epoch': 53, 'HR@5': '0.0472', 'NDCG@5': '0.0330', 'HR@10': '0.0673', 'NDCG@10': '0.0394', 'HR@20': '0.0970', 'NDCG@20': '0.0469'}
2025-01-06 22:08:32,812 - EarlyStopping counter: 7 out of 10
2025-01-06 22:08:44,487 - {'epoch': 54, 'rec_loss': '7.2769'}
2025-01-06 22:08:53,197 - {'Epoch': 54, 'HR@5': '0.0469', 'NDCG@5': '0.0327', 'HR@10': '0.0672', 'NDCG@10': '0.0393', 'HR@20': '0.0962', 'NDCG@20': '0.0466'}
2025-01-06 22:08:53,197 - EarlyStopping counter: 8 out of 10
2025-01-06 22:09:03,137 - {'epoch': 55, 'rec_loss': '7.2736'}
2025-01-06 22:09:12,010 - {'Epoch': 55, 'HR@5': '0.0483', 'NDCG@5': '0.0338', 'HR@10': '0.0686', 'NDCG@10': '0.0403', 'HR@20': '0.0961', 'NDCG@20': '0.0473'}
2025-01-06 22:09:12,011 - EarlyStopping counter: 9 out of 10
2025-01-06 22:09:22,002 - {'epoch': 56, 'rec_loss': '7.2708'}
2025-01-06 22:09:30,822 - {'Epoch': 56, 'HR@5': '0.0473', 'NDCG@5': '0.0332', 'HR@10': '0.0670', 'NDCG@10': '0.0395', 'HR@20': '0.0958', 'NDCG@20': '0.0467'}
2025-01-06 22:09:30,822 - EarlyStopping counter: 10 out of 10
2025-01-06 22:09:30,822 - Early stopping
2025-01-06 22:09:30,822 - ---------------Test Score---------------
2025-01-06 22:09:39,497 - {'Epoch': 0, 'HR@5': '0.0385', 'NDCG@5': '0.0274', 'HR@10': '0.0544', 'NDCG@10': '0.0325', 'HR@20': '0.0778', 'NDCG@20': '0.0384'}
2025-01-06 22:09:39,498 - BSARec_S_Sports_and_Outdoors
2025-01-06 22:09:39,498 - {'Epoch': 0, 'HR@5': '0.0385', 'NDCG@5': '0.0274', 'HR@10': '0.0544', 'NDCG@10': '0.0325', 'HR@20': '0.0778', 'NDCG@20': '0.0384'}
