2025-01-06 19:24:13,156 - Namespace(data_dir='./data/', output_dir='output/', data_name='ML-1M', do_eval=False, load_model=None, train_name='BSARec_SA_S_ML-1M', num_items=10, num_users=6041, lr=0.0005, batch_size=256, epochs=200, no_cuda=False, log_freq=1, patience=10, num_workers=4, seed=42, weight_decay=0.0, adam_beta1=0.9, adam_beta2=0.999, gpu_id='0', variance=5, model_type='BSARec_SA_S', max_seq_length=50, hidden_size=64, num_hidden_layers=2, hidden_act='gelu', num_attention_heads=1, attention_probs_dropout_prob=0.5, hidden_dropout_prob=0.5, initializer_range=0.02, c=5, alpha=0.7, cuda_condition=True, data_file='./data/ML-1M.txt', item_size=3417, checkpoint_path='output/BSARec_SA_S_ML-1M.pt', same_target_path='./data/ML-1M_same_target.npy')
2025-01-06 19:24:13,166 - BSARecModel_SA_S(
  (item_embeddings): Embedding(3417, 64, padding_idx=0)
  (position_embeddings): Embedding(50, 64)
  (LayerNorm): LayerNorm()
  (dropout): Dropout(p=0.5, inplace=False)
  (item_encoder): BSARecEncoder(
    (blocks): ModuleList(
      (0): BSARecBlock(
        (layer): BSARecLayer(
          (filter_layer): FrequencyLayer(
            (out_dropout): Dropout(p=0.5, inplace=False)
            (LayerNorm): LayerNorm()
          )
          (attention_layer): MultiHeadAttention(
            (query): Linear(in_features=64, out_features=64, bias=True)
            (key): Linear(in_features=64, out_features=64, bias=True)
            (value): Linear(in_features=64, out_features=64, bias=True)
            (softmax): Softmax(dim=-1)
            (attn_dropout): Dropout(p=0.5, inplace=False)
            (dense): Linear(in_features=64, out_features=64, bias=True)
            (LayerNorm): LayerNorm((64,), eps=1e-12, elementwise_affine=True)
            (out_dropout): Dropout(p=0.5, inplace=False)
          )
        )
        (feed_forward_sa): FeedForward(
          (dense_1): Linear(in_features=64, out_features=256, bias=True)
          (dense_2): Linear(in_features=256, out_features=64, bias=True)
          (LayerNorm): LayerNorm()
          (dropout): Dropout(p=0.5, inplace=False)
        )
        (feed_forward_g): FeedForward(
          (dense_1): Linear(in_features=64, out_features=256, bias=True)
          (dense_2): Linear(in_features=256, out_features=64, bias=True)
          (LayerNorm): LayerNorm()
          (dropout): Dropout(p=0.5, inplace=False)
        )
        (fusion_module): ModalityFusion()
      )
      (1): BSARecBlock(
        (layer): BSARecLayer(
          (filter_layer): FrequencyLayer(
            (out_dropout): Dropout(p=0.5, inplace=False)
            (LayerNorm): LayerNorm()
          )
          (attention_layer): MultiHeadAttention(
            (query): Linear(in_features=64, out_features=64, bias=True)
            (key): Linear(in_features=64, out_features=64, bias=True)
            (value): Linear(in_features=64, out_features=64, bias=True)
            (softmax): Softmax(dim=-1)
            (attn_dropout): Dropout(p=0.5, inplace=False)
            (dense): Linear(in_features=64, out_features=64, bias=True)
            (LayerNorm): LayerNorm((64,), eps=1e-12, elementwise_affine=True)
            (out_dropout): Dropout(p=0.5, inplace=False)
          )
        )
        (feed_forward_sa): FeedForward(
          (dense_1): Linear(in_features=64, out_features=256, bias=True)
          (dense_2): Linear(in_features=256, out_features=64, bias=True)
          (LayerNorm): LayerNorm()
          (dropout): Dropout(p=0.5, inplace=False)
        )
        (feed_forward_g): FeedForward(
          (dense_1): Linear(in_features=64, out_features=256, bias=True)
          (dense_2): Linear(in_features=256, out_features=64, bias=True)
          (LayerNorm): LayerNorm()
          (dropout): Dropout(p=0.5, inplace=False)
        )
        (fusion_module): ModalityFusion()
      )
    )
  )
)
2025-01-06 19:24:14,924 - Total Parameters: 388804
2025-01-06 19:25:01,295 - {'epoch': 0, 'rec_loss': '7.2948'}
2025-01-06 19:25:03,425 - {'Epoch': 0, 'HR@5': '0.0733', 'NDCG@5': '0.0460', 'HR@10': '0.1204', 'NDCG@10': '0.0611', 'HR@20': '0.1780', 'NDCG@20': '0.0755'}
2025-01-06 19:25:03,425 - Validation score increased.  Saving model ...
2025-01-06 19:26:14,927 - {'epoch': 1, 'rec_loss': '6.5923'}
2025-01-06 19:26:17,075 - {'Epoch': 1, 'HR@5': '0.1331', 'NDCG@5': '0.0860', 'HR@10': '0.1929', 'NDCG@10': '0.1051', 'HR@20': '0.2785', 'NDCG@20': '0.1268'}
2025-01-06 19:26:17,076 - Validation score increased.  Saving model ...
2025-01-06 19:27:28,064 - {'epoch': 2, 'rec_loss': '6.3100'}
2025-01-06 19:27:30,098 - {'Epoch': 2, 'HR@5': '0.1464', 'NDCG@5': '0.0979', 'HR@10': '0.2179', 'NDCG@10': '0.1209', 'HR@20': '0.3123', 'NDCG@20': '0.1446'}
2025-01-06 19:27:30,099 - Validation score increased.  Saving model ...
2025-01-06 19:28:42,067 - {'epoch': 3, 'rec_loss': '6.1843'}
2025-01-06 19:28:44,352 - {'Epoch': 3, 'HR@5': '0.1540', 'NDCG@5': '0.1020', 'HR@10': '0.2308', 'NDCG@10': '0.1268', 'HR@20': '0.3364', 'NDCG@20': '0.1535'}
2025-01-06 19:28:44,353 - Validation score increased.  Saving model ...
2025-01-06 19:30:19,419 - {'epoch': 4, 'rec_loss': '6.1049'}
2025-01-06 19:30:22,312 - {'Epoch': 4, 'HR@5': '0.1621', 'NDCG@5': '0.1066', 'HR@10': '0.2480', 'NDCG@10': '0.1343', 'HR@20': '0.3492', 'NDCG@20': '0.1599'}
2025-01-06 19:30:22,313 - Validation score increased.  Saving model ...
2025-01-06 19:32:19,169 - {'epoch': 5, 'rec_loss': '6.0489'}
2025-01-06 19:32:22,501 - {'Epoch': 5, 'HR@5': '0.1657', 'NDCG@5': '0.1115', 'HR@10': '0.2523', 'NDCG@10': '0.1395', 'HR@20': '0.3593', 'NDCG@20': '0.1665'}
2025-01-06 19:32:22,502 - Validation score increased.  Saving model ...
2025-01-06 19:34:20,030 - {'epoch': 6, 'rec_loss': '6.0055'}
2025-01-06 19:34:23,195 - {'Epoch': 6, 'HR@5': '0.1709', 'NDCG@5': '0.1124', 'HR@10': '0.2594', 'NDCG@10': '0.1408', 'HR@20': '0.3659', 'NDCG@20': '0.1676'}
2025-01-06 19:34:23,196 - Validation score increased.  Saving model ...
2025-01-06 19:36:19,341 - {'epoch': 7, 'rec_loss': '5.9705'}
2025-01-06 19:36:22,640 - {'Epoch': 7, 'HR@5': '0.1775', 'NDCG@5': '0.1163', 'HR@10': '0.2662', 'NDCG@10': '0.1448', 'HR@20': '0.3738', 'NDCG@20': '0.1719'}
2025-01-06 19:36:22,641 - Validation score increased.  Saving model ...
2025-01-06 19:38:16,111 - {'epoch': 8, 'rec_loss': '5.9439'}
2025-01-06 19:38:19,251 - {'Epoch': 8, 'HR@5': '0.1730', 'NDCG@5': '0.1132', 'HR@10': '0.2671', 'NDCG@10': '0.1435', 'HR@20': '0.3755', 'NDCG@20': '0.1709'}
2025-01-06 19:38:19,252 - EarlyStopping counter: 1 out of 10
2025-01-06 19:40:11,234 - {'epoch': 9, 'rec_loss': '5.9181'}
2025-01-06 19:40:14,781 - {'Epoch': 9, 'HR@5': '0.1745', 'NDCG@5': '0.1143', 'HR@10': '0.2735', 'NDCG@10': '0.1460', 'HR@20': '0.3803', 'NDCG@20': '0.1731'}
2025-01-06 19:40:14,782 - Validation score increased.  Saving model ...
2025-01-06 19:42:09,387 - {'epoch': 10, 'rec_loss': '5.8992'}
2025-01-06 19:42:12,487 - {'Epoch': 10, 'HR@5': '0.1743', 'NDCG@5': '0.1133', 'HR@10': '0.2714', 'NDCG@10': '0.1445', 'HR@20': '0.3821', 'NDCG@20': '0.1725'}
2025-01-06 19:42:12,488 - EarlyStopping counter: 1 out of 10
2025-01-06 19:44:06,401 - {'epoch': 11, 'rec_loss': '5.8817'}
2025-01-06 19:44:10,248 - {'Epoch': 11, 'HR@5': '0.1758', 'NDCG@5': '0.1152', 'HR@10': '0.2747', 'NDCG@10': '0.1471', 'HR@20': '0.3833', 'NDCG@20': '0.1745'}
2025-01-06 19:44:10,249 - Validation score increased.  Saving model ...
2025-01-06 19:46:04,456 - {'epoch': 12, 'rec_loss': '5.8687'}
2025-01-06 19:46:07,717 - {'Epoch': 12, 'HR@5': '0.1826', 'NDCG@5': '0.1182', 'HR@10': '0.2727', 'NDCG@10': '0.1472', 'HR@20': '0.3843', 'NDCG@20': '0.1755'}
2025-01-06 19:46:07,718 - Validation score increased.  Saving model ...
2025-01-06 19:48:02,904 - {'epoch': 13, 'rec_loss': '5.8556'}
2025-01-06 19:48:06,431 - {'Epoch': 13, 'HR@5': '0.1747', 'NDCG@5': '0.1151', 'HR@10': '0.2699', 'NDCG@10': '0.1456', 'HR@20': '0.3896', 'NDCG@20': '0.1758'}
2025-01-06 19:48:06,440 - Validation score increased.  Saving model ...
2025-01-06 19:49:56,160 - {'epoch': 14, 'rec_loss': '5.8440'}
2025-01-06 19:49:59,246 - {'Epoch': 14, 'HR@5': '0.1816', 'NDCG@5': '0.1185', 'HR@10': '0.2772', 'NDCG@10': '0.1492', 'HR@20': '0.3919', 'NDCG@20': '0.1782'}
2025-01-06 19:49:59,247 - Validation score increased.  Saving model ...
2025-01-06 19:51:51,681 - {'epoch': 15, 'rec_loss': '5.8343'}
2025-01-06 19:51:55,067 - {'Epoch': 15, 'HR@5': '0.1805', 'NDCG@5': '0.1180', 'HR@10': '0.2793', 'NDCG@10': '0.1498', 'HR@20': '0.3950', 'NDCG@20': '0.1790'}
2025-01-06 19:51:55,067 - Validation score increased.  Saving model ...
2025-01-06 19:53:49,650 - {'epoch': 16, 'rec_loss': '5.8227'}
2025-01-06 19:53:52,546 - {'Epoch': 16, 'HR@5': '0.1836', 'NDCG@5': '0.1199', 'HR@10': '0.2770', 'NDCG@10': '0.1500', 'HR@20': '0.3954', 'NDCG@20': '0.1799'}
2025-01-06 19:53:52,547 - Validation score increased.  Saving model ...
2025-01-06 19:55:42,688 - {'epoch': 17, 'rec_loss': '5.8158'}
2025-01-06 19:55:45,831 - {'Epoch': 17, 'HR@5': '0.1758', 'NDCG@5': '0.1153', 'HR@10': '0.2767', 'NDCG@10': '0.1480', 'HR@20': '0.3904', 'NDCG@20': '0.1767'}
2025-01-06 19:55:45,831 - EarlyStopping counter: 1 out of 10
2025-01-06 19:57:41,429 - {'epoch': 18, 'rec_loss': '5.8090'}
2025-01-06 19:57:44,734 - {'Epoch': 18, 'HR@5': '0.1788', 'NDCG@5': '0.1179', 'HR@10': '0.2763', 'NDCG@10': '0.1492', 'HR@20': '0.3950', 'NDCG@20': '0.1792'}
2025-01-06 19:57:44,735 - EarlyStopping counter: 2 out of 10
2025-01-06 19:59:35,074 - {'epoch': 19, 'rec_loss': '5.8006'}
2025-01-06 19:59:38,926 - {'Epoch': 19, 'HR@5': '0.1790', 'NDCG@5': '0.1165', 'HR@10': '0.2778', 'NDCG@10': '0.1483', 'HR@20': '0.3897', 'NDCG@20': '0.1765'}
2025-01-06 19:59:38,927 - EarlyStopping counter: 3 out of 10
2025-01-06 20:01:30,081 - {'epoch': 20, 'rec_loss': '5.7949'}
2025-01-06 20:01:33,102 - {'Epoch': 20, 'HR@5': '0.1816', 'NDCG@5': '0.1199', 'HR@10': '0.2773', 'NDCG@10': '0.1506', 'HR@20': '0.3945', 'NDCG@20': '0.1801'}
2025-01-06 20:01:33,103 - Validation score increased.  Saving model ...
2025-01-06 20:03:23,766 - {'epoch': 21, 'rec_loss': '5.7884'}
2025-01-06 20:03:27,319 - {'Epoch': 21, 'HR@5': '0.1793', 'NDCG@5': '0.1170', 'HR@10': '0.2730', 'NDCG@10': '0.1471', 'HR@20': '0.3954', 'NDCG@20': '0.1779'}
2025-01-06 20:03:27,320 - EarlyStopping counter: 1 out of 10
2025-01-06 20:05:17,633 - {'epoch': 22, 'rec_loss': '5.7814'}
2025-01-06 20:05:21,005 - {'Epoch': 22, 'HR@5': '0.1863', 'NDCG@5': '0.1213', 'HR@10': '0.2839', 'NDCG@10': '0.1528', 'HR@20': '0.3957', 'NDCG@20': '0.1810'}
2025-01-06 20:05:21,006 - Validation score increased.  Saving model ...
2025-01-06 20:07:16,018 - {'epoch': 23, 'rec_loss': '5.7755'}
2025-01-06 20:07:19,868 - {'Epoch': 23, 'HR@5': '0.1791', 'NDCG@5': '0.1174', 'HR@10': '0.2775', 'NDCG@10': '0.1490', 'HR@20': '0.4003', 'NDCG@20': '0.1800'}
2025-01-06 20:07:19,868 - EarlyStopping counter: 1 out of 10
2025-01-06 20:09:15,268 - {'epoch': 24, 'rec_loss': '5.7709'}
2025-01-06 20:09:18,592 - {'Epoch': 24, 'HR@5': '0.1868', 'NDCG@5': '0.1210', 'HR@10': '0.2786', 'NDCG@10': '0.1507', 'HR@20': '0.3977', 'NDCG@20': '0.1806'}
2025-01-06 20:09:18,593 - EarlyStopping counter: 2 out of 10
2025-01-06 20:11:08,122 - {'epoch': 25, 'rec_loss': '5.7672'}
2025-01-06 20:11:11,627 - {'Epoch': 25, 'HR@5': '0.1834', 'NDCG@5': '0.1193', 'HR@10': '0.2813', 'NDCG@10': '0.1508', 'HR@20': '0.3978', 'NDCG@20': '0.1802'}
2025-01-06 20:11:11,628 - EarlyStopping counter: 3 out of 10
2025-01-06 20:13:01,335 - {'epoch': 26, 'rec_loss': '5.7645'}
2025-01-06 20:13:04,776 - {'Epoch': 26, 'HR@5': '0.1841', 'NDCG@5': '0.1194', 'HR@10': '0.2811', 'NDCG@10': '0.1507', 'HR@20': '0.4000', 'NDCG@20': '0.1807'}
2025-01-06 20:13:04,777 - EarlyStopping counter: 4 out of 10
2025-01-06 20:14:58,088 - {'epoch': 27, 'rec_loss': '5.7578'}
2025-01-06 20:15:01,690 - {'Epoch': 27, 'HR@5': '0.1879', 'NDCG@5': '0.1222', 'HR@10': '0.2795', 'NDCG@10': '0.1518', 'HR@20': '0.3974', 'NDCG@20': '0.1815'}
2025-01-06 20:15:01,691 - Validation score increased.  Saving model ...
2025-01-06 20:16:53,317 - {'epoch': 28, 'rec_loss': '5.7546'}
2025-01-06 20:16:56,594 - {'Epoch': 28, 'HR@5': '0.1854', 'NDCG@5': '0.1215', 'HR@10': '0.2825', 'NDCG@10': '0.1528', 'HR@20': '0.4013', 'NDCG@20': '0.1827'}
2025-01-06 20:16:56,595 - Validation score increased.  Saving model ...
2025-01-06 20:18:51,682 - {'epoch': 29, 'rec_loss': '5.7490'}
2025-01-06 20:18:54,487 - {'Epoch': 29, 'HR@5': '0.1869', 'NDCG@5': '0.1230', 'HR@10': '0.2808', 'NDCG@10': '0.1532', 'HR@20': '0.4000', 'NDCG@20': '0.1834'}
2025-01-06 20:18:54,488 - Validation score increased.  Saving model ...
2025-01-06 20:20:48,133 - {'epoch': 30, 'rec_loss': '5.7445'}
2025-01-06 20:20:51,840 - {'Epoch': 30, 'HR@5': '0.1894', 'NDCG@5': '0.1248', 'HR@10': '0.2821', 'NDCG@10': '0.1548', 'HR@20': '0.3992', 'NDCG@20': '0.1843'}
2025-01-06 20:20:51,841 - Validation score increased.  Saving model ...
2025-01-06 20:22:43,991 - {'epoch': 31, 'rec_loss': '5.7442'}
2025-01-06 20:22:47,383 - {'Epoch': 31, 'HR@5': '0.1871', 'NDCG@5': '0.1216', 'HR@10': '0.2753', 'NDCG@10': '0.1501', 'HR@20': '0.3978', 'NDCG@20': '0.1810'}
2025-01-06 20:22:47,384 - EarlyStopping counter: 1 out of 10
2025-01-06 20:24:41,749 - {'epoch': 32, 'rec_loss': '5.7375'}
2025-01-06 20:24:45,256 - {'Epoch': 32, 'HR@5': '0.1869', 'NDCG@5': '0.1220', 'HR@10': '0.2848', 'NDCG@10': '0.1534', 'HR@20': '0.3987', 'NDCG@20': '0.1823'}
2025-01-06 20:24:45,256 - EarlyStopping counter: 2 out of 10
2025-01-06 20:26:40,815 - {'epoch': 33, 'rec_loss': '5.7360'}
2025-01-06 20:26:44,561 - {'Epoch': 33, 'HR@5': '0.1833', 'NDCG@5': '0.1192', 'HR@10': '0.2833', 'NDCG@10': '0.1514', 'HR@20': '0.3988', 'NDCG@20': '0.1807'}
2025-01-06 20:26:44,562 - EarlyStopping counter: 3 out of 10
2025-01-06 20:28:36,761 - {'epoch': 34, 'rec_loss': '5.7334'}
2025-01-06 20:28:39,829 - {'Epoch': 34, 'HR@5': '0.1911', 'NDCG@5': '0.1256', 'HR@10': '0.2897', 'NDCG@10': '0.1573', 'HR@20': '0.4063', 'NDCG@20': '0.1867'}
2025-01-06 20:28:39,830 - Validation score increased.  Saving model ...
2025-01-06 20:30:35,881 - {'epoch': 35, 'rec_loss': '5.7317'}
2025-01-06 20:30:38,933 - {'Epoch': 35, 'HR@5': '0.1874', 'NDCG@5': '0.1232', 'HR@10': '0.2876', 'NDCG@10': '0.1554', 'HR@20': '0.3995', 'NDCG@20': '0.1837'}
2025-01-06 20:30:38,934 - EarlyStopping counter: 1 out of 10
2025-01-06 20:32:32,158 - {'epoch': 36, 'rec_loss': '5.7257'}
2025-01-06 20:32:35,164 - {'Epoch': 36, 'HR@5': '0.1922', 'NDCG@5': '0.1250', 'HR@10': '0.2838', 'NDCG@10': '0.1544', 'HR@20': '0.4056', 'NDCG@20': '0.1852'}
2025-01-06 20:32:35,165 - EarlyStopping counter: 2 out of 10
2025-01-06 20:34:30,343 - {'epoch': 37, 'rec_loss': '5.7249'}
2025-01-06 20:34:33,564 - {'Epoch': 37, 'HR@5': '0.1937', 'NDCG@5': '0.1272', 'HR@10': '0.2854', 'NDCG@10': '0.1567', 'HR@20': '0.4046', 'NDCG@20': '0.1869'}
2025-01-06 20:34:33,565 - Validation score increased.  Saving model ...
2025-01-06 20:36:29,586 - {'epoch': 38, 'rec_loss': '5.7202'}
2025-01-06 20:36:33,349 - {'Epoch': 38, 'HR@5': '0.1884', 'NDCG@5': '0.1238', 'HR@10': '0.2914', 'NDCG@10': '0.1569', 'HR@20': '0.4063', 'NDCG@20': '0.1859'}
2025-01-06 20:36:33,350 - EarlyStopping counter: 1 out of 10
2025-01-06 20:38:25,841 - {'epoch': 39, 'rec_loss': '5.7181'}
2025-01-06 20:38:29,836 - {'Epoch': 39, 'HR@5': '0.1965', 'NDCG@5': '0.1284', 'HR@10': '0.2861', 'NDCG@10': '0.1572', 'HR@20': '0.4083', 'NDCG@20': '0.1880'}
2025-01-06 20:38:29,837 - Validation score increased.  Saving model ...
2025-01-06 20:40:24,991 - {'epoch': 40, 'rec_loss': '5.7160'}
2025-01-06 20:40:29,060 - {'Epoch': 40, 'HR@5': '0.1899', 'NDCG@5': '0.1251', 'HR@10': '0.2816', 'NDCG@10': '0.1546', 'HR@20': '0.4036', 'NDCG@20': '0.1854'}
2025-01-06 20:40:29,060 - EarlyStopping counter: 1 out of 10
2025-01-06 20:42:21,105 - {'epoch': 41, 'rec_loss': '5.7098'}
2025-01-06 20:42:24,241 - {'Epoch': 41, 'HR@5': '0.1813', 'NDCG@5': '0.1208', 'HR@10': '0.2829', 'NDCG@10': '0.1536', 'HR@20': '0.4030', 'NDCG@20': '0.1839'}
2025-01-06 20:42:24,242 - EarlyStopping counter: 2 out of 10
2025-01-06 20:44:20,981 - {'epoch': 42, 'rec_loss': '5.7108'}
2025-01-06 20:44:24,267 - {'Epoch': 42, 'HR@5': '0.1876', 'NDCG@5': '0.1224', 'HR@10': '0.2877', 'NDCG@10': '0.1547', 'HR@20': '0.4040', 'NDCG@20': '0.1841'}
2025-01-06 20:44:24,267 - EarlyStopping counter: 3 out of 10
2025-01-06 20:46:11,327 - {'epoch': 43, 'rec_loss': '5.7094'}
2025-01-06 20:46:13,995 - {'Epoch': 43, 'HR@5': '0.1937', 'NDCG@5': '0.1273', 'HR@10': '0.2876', 'NDCG@10': '0.1574', 'HR@20': '0.4075', 'NDCG@20': '0.1876'}
2025-01-06 20:46:13,996 - EarlyStopping counter: 4 out of 10
2025-01-06 20:47:57,937 - {'epoch': 44, 'rec_loss': '5.7076'}
2025-01-06 20:48:00,600 - {'Epoch': 44, 'HR@5': '0.1960', 'NDCG@5': '0.1272', 'HR@10': '0.2911', 'NDCG@10': '0.1577', 'HR@20': '0.4073', 'NDCG@20': '0.1872'}
2025-01-06 20:48:00,601 - EarlyStopping counter: 5 out of 10
2025-01-06 20:49:31,460 - {'epoch': 45, 'rec_loss': '5.7063'}
2025-01-06 20:49:34,120 - {'Epoch': 45, 'HR@5': '0.1896', 'NDCG@5': '0.1241', 'HR@10': '0.2876', 'NDCG@10': '0.1556', 'HR@20': '0.4010', 'NDCG@20': '0.1842'}
2025-01-06 20:49:34,121 - EarlyStopping counter: 6 out of 10
2025-01-06 20:51:06,551 - {'epoch': 46, 'rec_loss': '5.7036'}
2025-01-06 20:51:09,009 - {'Epoch': 46, 'HR@5': '0.1929', 'NDCG@5': '0.1261', 'HR@10': '0.2889', 'NDCG@10': '0.1570', 'HR@20': '0.4058', 'NDCG@20': '0.1864'}
2025-01-06 20:51:09,010 - EarlyStopping counter: 7 out of 10
2025-01-06 20:52:41,415 - {'epoch': 47, 'rec_loss': '5.7040'}
2025-01-06 20:52:44,296 - {'Epoch': 47, 'HR@5': '0.1947', 'NDCG@5': '0.1282', 'HR@10': '0.2891', 'NDCG@10': '0.1587', 'HR@20': '0.4015', 'NDCG@20': '0.1871'}
2025-01-06 20:52:44,297 - EarlyStopping counter: 8 out of 10
2025-01-06 20:54:29,906 - {'epoch': 48, 'rec_loss': '5.7015'}
2025-01-06 20:54:33,365 - {'Epoch': 48, 'HR@5': '0.1886', 'NDCG@5': '0.1251', 'HR@10': '0.2934', 'NDCG@10': '0.1589', 'HR@20': '0.4038', 'NDCG@20': '0.1868'}
2025-01-06 20:54:33,366 - EarlyStopping counter: 9 out of 10
2025-01-06 20:56:27,166 - {'epoch': 49, 'rec_loss': '5.6988'}
2025-01-06 20:56:30,393 - {'Epoch': 49, 'HR@5': '0.1930', 'NDCG@5': '0.1255', 'HR@10': '0.2942', 'NDCG@10': '0.1582', 'HR@20': '0.4061', 'NDCG@20': '0.1864'}
2025-01-06 20:56:30,394 - EarlyStopping counter: 10 out of 10
2025-01-06 20:56:30,394 - Early stopping
2025-01-06 20:56:30,394 - ---------------Test Score---------------
2025-01-06 20:56:33,481 - {'Epoch': 0, 'HR@5': '0.1854', 'NDCG@5': '0.1247', 'HR@10': '0.2725', 'NDCG@10': '0.1528', 'HR@20': '0.3815', 'NDCG@20': '0.1804'}
2025-01-06 20:56:33,482 - BSARec_SA_S_ML-1M
2025-01-06 20:56:33,482 - {'Epoch': 0, 'HR@5': '0.1854', 'NDCG@5': '0.1247', 'HR@10': '0.2725', 'NDCG@10': '0.1528', 'HR@20': '0.3815', 'NDCG@20': '0.1804'}
