2025-01-06 21:08:09,821 - Namespace(data_dir='./data/', output_dir='output/', data_name='Toys_and_Games', do_eval=False, load_model=None, train_name='BSARec_SA_S_Toys_and_Games', num_items=10, num_users=19413, lr=0.0005, batch_size=256, epochs=200, no_cuda=False, log_freq=1, patience=10, num_workers=4, seed=42, weight_decay=0.0, adam_beta1=0.9, adam_beta2=0.999, gpu_id='0', variance=5, model_type='BSARec_SA_S', max_seq_length=50, hidden_size=64, num_hidden_layers=2, hidden_act='gelu', num_attention_heads=1, attention_probs_dropout_prob=0.5, hidden_dropout_prob=0.5, initializer_range=0.02, c=5, alpha=0.7, cuda_condition=True, data_file='./data/Toys_and_Games.txt', item_size=11925, checkpoint_path='output/BSARec_SA_S_Toys_and_Games.pt', same_target_path='./data/Toys_and_Games_same_target.npy')
2025-01-06 21:08:09,873 - BSARecModel_SA_S(
  (item_embeddings): Embedding(11925, 64, padding_idx=0)
  (position_embeddings): Embedding(50, 64)
  (LayerNorm): LayerNorm()
  (dropout): Dropout(p=0.5, inplace=False)
  (item_encoder): BSARecEncoder(
    (blocks): ModuleList(
      (0): BSARecBlock(
        (layer): BSARecLayer(
          (filter_layer): FrequencyLayer(
            (out_dropout): Dropout(p=0.5, inplace=False)
            (LayerNorm): LayerNorm()
          )
          (attention_layer): MultiHeadAttention(
            (query): Linear(in_features=64, out_features=64, bias=True)
            (key): Linear(in_features=64, out_features=64, bias=True)
            (value): Linear(in_features=64, out_features=64, bias=True)
            (softmax): Softmax(dim=-1)
            (attn_dropout): Dropout(p=0.5, inplace=False)
            (dense): Linear(in_features=64, out_features=64, bias=True)
            (LayerNorm): LayerNorm((64,), eps=1e-12, elementwise_affine=True)
            (out_dropout): Dropout(p=0.5, inplace=False)
          )
        )
        (feed_forward_sa): FeedForward(
          (dense_1): Linear(in_features=64, out_features=256, bias=True)
          (dense_2): Linear(in_features=256, out_features=64, bias=True)
          (LayerNorm): LayerNorm()
          (dropout): Dropout(p=0.5, inplace=False)
        )
        (feed_forward_g): FeedForward(
          (dense_1): Linear(in_features=64, out_features=256, bias=True)
          (dense_2): Linear(in_features=256, out_features=64, bias=True)
          (LayerNorm): LayerNorm()
          (dropout): Dropout(p=0.5, inplace=False)
        )
        (fusion_module): ModalityFusion()
      )
      (1): BSARecBlock(
        (layer): BSARecLayer(
          (filter_layer): FrequencyLayer(
            (out_dropout): Dropout(p=0.5, inplace=False)
            (LayerNorm): LayerNorm()
          )
          (attention_layer): MultiHeadAttention(
            (query): Linear(in_features=64, out_features=64, bias=True)
            (key): Linear(in_features=64, out_features=64, bias=True)
            (value): Linear(in_features=64, out_features=64, bias=True)
            (softmax): Softmax(dim=-1)
            (attn_dropout): Dropout(p=0.5, inplace=False)
            (dense): Linear(in_features=64, out_features=64, bias=True)
            (LayerNorm): LayerNorm((64,), eps=1e-12, elementwise_affine=True)
            (out_dropout): Dropout(p=0.5, inplace=False)
          )
        )
        (feed_forward_sa): FeedForward(
          (dense_1): Linear(in_features=64, out_features=256, bias=True)
          (dense_2): Linear(in_features=256, out_features=64, bias=True)
          (LayerNorm): LayerNorm()
          (dropout): Dropout(p=0.5, inplace=False)
        )
        (feed_forward_g): FeedForward(
          (dense_1): Linear(in_features=64, out_features=256, bias=True)
          (dense_2): Linear(in_features=256, out_features=64, bias=True)
          (LayerNorm): LayerNorm()
          (dropout): Dropout(p=0.5, inplace=False)
        )
        (fusion_module): ModalityFusion()
      )
    )
  )
)
2025-01-06 21:08:12,235 - Total Parameters: 933316
2025-01-06 21:08:55,738 - {'epoch': 0, 'rec_loss': '9.0732'}
2025-01-06 21:09:06,464 - {'Epoch': 0, 'HR@5': '0.0061', 'NDCG@5': '0.0039', 'HR@10': '0.0118', 'NDCG@10': '0.0057', 'HR@20': '0.0195', 'NDCG@20': '0.0077'}
2025-01-06 21:09:06,467 - Validation score increased.  Saving model ...
2025-01-06 21:09:57,242 - {'epoch': 1, 'rec_loss': '8.6810'}
2025-01-06 21:10:09,621 - {'Epoch': 1, 'HR@5': '0.0124', 'NDCG@5': '0.0079', 'HR@10': '0.0206', 'NDCG@10': '0.0105', 'HR@20': '0.0351', 'NDCG@20': '0.0141'}
2025-01-06 21:10:09,621 - Validation score increased.  Saving model ...
2025-01-06 21:11:01,823 - {'epoch': 2, 'rec_loss': '8.4183'}
2025-01-06 21:11:12,911 - {'Epoch': 2, 'HR@5': '0.0218', 'NDCG@5': '0.0150', 'HR@10': '0.0343', 'NDCG@10': '0.0190', 'HR@20': '0.0527', 'NDCG@20': '0.0236'}
2025-01-06 21:11:12,915 - Validation score increased.  Saving model ...
2025-01-06 21:12:06,392 - {'epoch': 3, 'rec_loss': '8.1487'}
2025-01-06 21:12:17,557 - {'Epoch': 3, 'HR@5': '0.0468', 'NDCG@5': '0.0334', 'HR@10': '0.0642', 'NDCG@10': '0.0390', 'HR@20': '0.0903', 'NDCG@20': '0.0455'}
2025-01-06 21:12:17,560 - Validation score increased.  Saving model ...
2025-01-06 21:13:06,868 - {'epoch': 4, 'rec_loss': '7.8649'}
2025-01-06 21:13:19,345 - {'Epoch': 4, 'HR@5': '0.0618', 'NDCG@5': '0.0455', 'HR@10': '0.0840', 'NDCG@10': '0.0527', 'HR@20': '0.1117', 'NDCG@20': '0.0596'}
2025-01-06 21:13:19,351 - Validation score increased.  Saving model ...
2025-01-06 21:14:13,523 - {'epoch': 5, 'rec_loss': '7.6427'}
2025-01-06 21:14:25,538 - {'Epoch': 5, 'HR@5': '0.0712', 'NDCG@5': '0.0516', 'HR@10': '0.0957', 'NDCG@10': '0.0595', 'HR@20': '0.1253', 'NDCG@20': '0.0670'}
2025-01-06 21:14:25,544 - Validation score increased.  Saving model ...
2025-01-06 21:15:14,959 - {'epoch': 6, 'rec_loss': '7.4760'}
2025-01-06 21:15:26,346 - {'Epoch': 6, 'HR@5': '0.0762', 'NDCG@5': '0.0554', 'HR@10': '0.1013', 'NDCG@10': '0.0635', 'HR@20': '0.1307', 'NDCG@20': '0.0709'}
2025-01-06 21:15:26,351 - Validation score increased.  Saving model ...
2025-01-06 21:16:17,230 - {'epoch': 7, 'rec_loss': '7.3488'}
2025-01-06 21:16:28,343 - {'Epoch': 7, 'HR@5': '0.0819', 'NDCG@5': '0.0596', 'HR@10': '0.1066', 'NDCG@10': '0.0676', 'HR@20': '0.1383', 'NDCG@20': '0.0755'}
2025-01-06 21:16:28,344 - Validation score increased.  Saving model ...
2025-01-06 21:17:19,611 - {'epoch': 8, 'rec_loss': '7.2475'}
2025-01-06 21:17:31,949 - {'Epoch': 8, 'HR@5': '0.0818', 'NDCG@5': '0.0600', 'HR@10': '0.1092', 'NDCG@10': '0.0688', 'HR@20': '0.1413', 'NDCG@20': '0.0769'}
2025-01-06 21:17:31,954 - Validation score increased.  Saving model ...
2025-01-06 21:18:22,250 - {'epoch': 9, 'rec_loss': '7.1635'}
2025-01-06 21:18:33,321 - {'Epoch': 9, 'HR@5': '0.0848', 'NDCG@5': '0.0616', 'HR@10': '0.1114', 'NDCG@10': '0.0701', 'HR@20': '0.1435', 'NDCG@20': '0.0782'}
2025-01-06 21:18:33,322 - Validation score increased.  Saving model ...
2025-01-06 21:19:22,863 - {'epoch': 10, 'rec_loss': '7.1025'}
2025-01-06 21:19:33,735 - {'Epoch': 10, 'HR@5': '0.0841', 'NDCG@5': '0.0620', 'HR@10': '0.1126', 'NDCG@10': '0.0712', 'HR@20': '0.1464', 'NDCG@20': '0.0797'}
2025-01-06 21:19:33,740 - Validation score increased.  Saving model ...
2025-01-06 21:20:25,125 - {'epoch': 11, 'rec_loss': '7.0429'}
2025-01-06 21:20:36,865 - {'Epoch': 11, 'HR@5': '0.0869', 'NDCG@5': '0.0637', 'HR@10': '0.1133', 'NDCG@10': '0.0722', 'HR@20': '0.1474', 'NDCG@20': '0.0808'}
2025-01-06 21:20:36,870 - Validation score increased.  Saving model ...
2025-01-06 21:21:25,886 - {'epoch': 12, 'rec_loss': '6.9994'}
2025-01-06 21:21:36,837 - {'Epoch': 12, 'HR@5': '0.0865', 'NDCG@5': '0.0631', 'HR@10': '0.1146', 'NDCG@10': '0.0722', 'HR@20': '0.1500', 'NDCG@20': '0.0811'}
2025-01-06 21:21:36,841 - Validation score increased.  Saving model ...
2025-01-06 21:22:26,602 - {'epoch': 13, 'rec_loss': '6.9589'}
2025-01-06 21:22:38,191 - {'Epoch': 13, 'HR@5': '0.0878', 'NDCG@5': '0.0638', 'HR@10': '0.1166', 'NDCG@10': '0.0731', 'HR@20': '0.1497', 'NDCG@20': '0.0815'}
2025-01-06 21:22:38,197 - Validation score increased.  Saving model ...
2025-01-06 21:23:30,901 - {'epoch': 14, 'rec_loss': '6.9212'}
2025-01-06 21:23:43,418 - {'Epoch': 14, 'HR@5': '0.0877', 'NDCG@5': '0.0642', 'HR@10': '0.1174', 'NDCG@10': '0.0737', 'HR@20': '0.1541', 'NDCG@20': '0.0829'}
2025-01-06 21:23:43,422 - Validation score increased.  Saving model ...
2025-01-06 21:24:34,037 - {'epoch': 15, 'rec_loss': '6.8904'}
2025-01-06 21:24:45,461 - {'Epoch': 15, 'HR@5': '0.0883', 'NDCG@5': '0.0644', 'HR@10': '0.1171', 'NDCG@10': '0.0736', 'HR@20': '0.1528', 'NDCG@20': '0.0827'}
2025-01-06 21:24:45,462 - EarlyStopping counter: 1 out of 10
2025-01-06 21:25:38,149 - {'epoch': 16, 'rec_loss': '6.8641'}
2025-01-06 21:25:50,788 - {'Epoch': 16, 'HR@5': '0.0883', 'NDCG@5': '0.0641', 'HR@10': '0.1175', 'NDCG@10': '0.0735', 'HR@20': '0.1535', 'NDCG@20': '0.0825'}
2025-01-06 21:25:50,795 - EarlyStopping counter: 2 out of 10
2025-01-06 21:26:43,355 - {'epoch': 17, 'rec_loss': '6.8361'}
2025-01-06 21:26:55,743 - {'Epoch': 17, 'HR@5': '0.0880', 'NDCG@5': '0.0647', 'HR@10': '0.1187', 'NDCG@10': '0.0746', 'HR@20': '0.1542', 'NDCG@20': '0.0835'}
2025-01-06 21:26:55,749 - Validation score increased.  Saving model ...
2025-01-06 21:27:47,489 - {'epoch': 18, 'rec_loss': '6.8184'}
2025-01-06 21:28:00,123 - {'Epoch': 18, 'HR@5': '0.0880', 'NDCG@5': '0.0645', 'HR@10': '0.1198', 'NDCG@10': '0.0748', 'HR@20': '0.1541', 'NDCG@20': '0.0835'}
2025-01-06 21:28:00,129 - EarlyStopping counter: 1 out of 10
2025-01-06 21:28:51,924 - {'epoch': 19, 'rec_loss': '6.7970'}
2025-01-06 21:29:05,133 - {'Epoch': 19, 'HR@5': '0.0875', 'NDCG@5': '0.0648', 'HR@10': '0.1189', 'NDCG@10': '0.0750', 'HR@20': '0.1546', 'NDCG@20': '0.0840'}
2025-01-06 21:29:05,134 - Validation score increased.  Saving model ...
2025-01-06 21:29:57,514 - {'epoch': 20, 'rec_loss': '6.7739'}
2025-01-06 21:30:10,994 - {'Epoch': 20, 'HR@5': '0.0875', 'NDCG@5': '0.0644', 'HR@10': '0.1168', 'NDCG@10': '0.0739', 'HR@20': '0.1539', 'NDCG@20': '0.0833'}
2025-01-06 21:30:11,000 - EarlyStopping counter: 1 out of 10
2025-01-06 21:31:02,507 - {'epoch': 21, 'rec_loss': '6.7553'}
2025-01-06 21:31:15,015 - {'Epoch': 21, 'HR@5': '0.0891', 'NDCG@5': '0.0655', 'HR@10': '0.1189', 'NDCG@10': '0.0750', 'HR@20': '0.1558', 'NDCG@20': '0.0843'}
2025-01-06 21:31:15,021 - Validation score increased.  Saving model ...
2025-01-06 21:32:05,122 - {'epoch': 22, 'rec_loss': '6.7390'}
2025-01-06 21:32:17,525 - {'Epoch': 22, 'HR@5': '0.0878', 'NDCG@5': '0.0643', 'HR@10': '0.1198', 'NDCG@10': '0.0747', 'HR@20': '0.1551', 'NDCG@20': '0.0836'}
2025-01-06 21:32:17,526 - EarlyStopping counter: 1 out of 10
2025-01-06 21:33:11,216 - {'epoch': 23, 'rec_loss': '6.7235'}
2025-01-06 21:33:23,424 - {'Epoch': 23, 'HR@5': '0.0913', 'NDCG@5': '0.0661', 'HR@10': '0.1205', 'NDCG@10': '0.0755', 'HR@20': '0.1563', 'NDCG@20': '0.0845'}
2025-01-06 21:33:23,430 - Validation score increased.  Saving model ...
2025-01-06 21:34:13,645 - {'epoch': 24, 'rec_loss': '6.7090'}
2025-01-06 21:34:25,225 - {'Epoch': 24, 'HR@5': '0.0898', 'NDCG@5': '0.0658', 'HR@10': '0.1195', 'NDCG@10': '0.0754', 'HR@20': '0.1571', 'NDCG@20': '0.0849'}
2025-01-06 21:34:25,226 - Validation score increased.  Saving model ...
2025-01-06 21:35:16,576 - {'epoch': 25, 'rec_loss': '6.6957'}
2025-01-06 21:35:28,394 - {'Epoch': 25, 'HR@5': '0.0893', 'NDCG@5': '0.0650', 'HR@10': '0.1193', 'NDCG@10': '0.0747', 'HR@20': '0.1563', 'NDCG@20': '0.0840'}
2025-01-06 21:35:28,401 - EarlyStopping counter: 1 out of 10
2025-01-06 21:36:21,434 - {'epoch': 26, 'rec_loss': '6.6817'}
2025-01-06 21:36:32,639 - {'Epoch': 26, 'HR@5': '0.0891', 'NDCG@5': '0.0655', 'HR@10': '0.1197', 'NDCG@10': '0.0754', 'HR@20': '0.1574', 'NDCG@20': '0.0849'}
2025-01-06 21:36:32,645 - Validation score increased.  Saving model ...
2025-01-06 21:37:22,986 - {'epoch': 27, 'rec_loss': '6.6693'}
2025-01-06 21:37:35,575 - {'Epoch': 27, 'HR@5': '0.0907', 'NDCG@5': '0.0659', 'HR@10': '0.1222', 'NDCG@10': '0.0761', 'HR@20': '0.1577', 'NDCG@20': '0.0850'}
2025-01-06 21:37:35,576 - Validation score increased.  Saving model ...
2025-01-06 21:38:26,224 - {'epoch': 28, 'rec_loss': '6.6555'}
2025-01-06 21:38:38,413 - {'Epoch': 28, 'HR@5': '0.0905', 'NDCG@5': '0.0660', 'HR@10': '0.1226', 'NDCG@10': '0.0764', 'HR@20': '0.1591', 'NDCG@20': '0.0856'}
2025-01-06 21:38:38,414 - Validation score increased.  Saving model ...
2025-01-06 21:39:27,074 - {'epoch': 29, 'rec_loss': '6.6466'}
2025-01-06 21:39:39,504 - {'Epoch': 29, 'HR@5': '0.0905', 'NDCG@5': '0.0659', 'HR@10': '0.1198', 'NDCG@10': '0.0754', 'HR@20': '0.1579', 'NDCG@20': '0.0850'}
2025-01-06 21:39:39,505 - EarlyStopping counter: 1 out of 10
2025-01-06 21:40:31,033 - {'epoch': 30, 'rec_loss': '6.6328'}
2025-01-06 21:40:42,958 - {'Epoch': 30, 'HR@5': '0.0916', 'NDCG@5': '0.0661', 'HR@10': '0.1217', 'NDCG@10': '0.0758', 'HR@20': '0.1584', 'NDCG@20': '0.0850'}
2025-01-06 21:40:42,964 - EarlyStopping counter: 2 out of 10
2025-01-06 21:41:33,536 - {'epoch': 31, 'rec_loss': '6.6303'}
2025-01-06 21:41:45,977 - {'Epoch': 31, 'HR@5': '0.0905', 'NDCG@5': '0.0665', 'HR@10': '0.1212', 'NDCG@10': '0.0765', 'HR@20': '0.1585', 'NDCG@20': '0.0859'}
2025-01-06 21:41:45,981 - Validation score increased.  Saving model ...
2025-01-06 21:42:35,018 - {'epoch': 32, 'rec_loss': '6.6139'}
2025-01-06 21:42:46,847 - {'Epoch': 32, 'HR@5': '0.0899', 'NDCG@5': '0.0658', 'HR@10': '0.1209', 'NDCG@10': '0.0758', 'HR@20': '0.1583', 'NDCG@20': '0.0853'}
2025-01-06 21:42:46,852 - EarlyStopping counter: 1 out of 10
2025-01-06 21:43:37,645 - {'epoch': 33, 'rec_loss': '6.6009'}
2025-01-06 21:43:50,459 - {'Epoch': 33, 'HR@5': '0.0912', 'NDCG@5': '0.0665', 'HR@10': '0.1211', 'NDCG@10': '0.0761', 'HR@20': '0.1586', 'NDCG@20': '0.0856'}
2025-01-06 21:43:50,459 - EarlyStopping counter: 2 out of 10
2025-01-06 21:44:41,594 - {'epoch': 34, 'rec_loss': '6.5892'}
2025-01-06 21:44:53,700 - {'Epoch': 34, 'HR@5': '0.0915', 'NDCG@5': '0.0667', 'HR@10': '0.1213', 'NDCG@10': '0.0763', 'HR@20': '0.1581', 'NDCG@20': '0.0856'}
2025-01-06 21:44:53,707 - EarlyStopping counter: 3 out of 10
2025-01-06 21:45:47,769 - {'epoch': 35, 'rec_loss': '6.5800'}
2025-01-06 21:45:58,828 - {'Epoch': 35, 'HR@5': '0.0915', 'NDCG@5': '0.0670', 'HR@10': '0.1219', 'NDCG@10': '0.0768', 'HR@20': '0.1579', 'NDCG@20': '0.0859'}
2025-01-06 21:45:58,834 - EarlyStopping counter: 4 out of 10
2025-01-06 21:46:52,168 - {'epoch': 36, 'rec_loss': '6.5732'}
2025-01-06 21:47:04,820 - {'Epoch': 36, 'HR@5': '0.0928', 'NDCG@5': '0.0674', 'HR@10': '0.1211', 'NDCG@10': '0.0765', 'HR@20': '0.1587', 'NDCG@20': '0.0860'}
2025-01-06 21:47:04,825 - Validation score increased.  Saving model ...
2025-01-06 21:47:55,115 - {'epoch': 37, 'rec_loss': '6.5694'}
2025-01-06 21:48:06,799 - {'Epoch': 37, 'HR@5': '0.0923', 'NDCG@5': '0.0677', 'HR@10': '0.1208', 'NDCG@10': '0.0769', 'HR@20': '0.1597', 'NDCG@20': '0.0867'}
2025-01-06 21:48:06,804 - Validation score increased.  Saving model ...
2025-01-06 21:48:56,244 - {'epoch': 38, 'rec_loss': '6.5574'}
2025-01-06 21:49:08,670 - {'Epoch': 38, 'HR@5': '0.0920', 'NDCG@5': '0.0675', 'HR@10': '0.1218', 'NDCG@10': '0.0771', 'HR@20': '0.1608', 'NDCG@20': '0.0868'}
2025-01-06 21:49:08,675 - Validation score increased.  Saving model ...
2025-01-06 21:50:00,878 - {'epoch': 39, 'rec_loss': '6.5462'}
2025-01-06 21:50:12,041 - {'Epoch': 39, 'HR@5': '0.0927', 'NDCG@5': '0.0674', 'HR@10': '0.1223', 'NDCG@10': '0.0771', 'HR@20': '0.1600', 'NDCG@20': '0.0865'}
2025-01-06 21:50:12,045 - EarlyStopping counter: 1 out of 10
2025-01-06 21:50:59,810 - {'epoch': 40, 'rec_loss': '6.5404'}
2025-01-06 21:51:10,856 - {'Epoch': 40, 'HR@5': '0.0922', 'NDCG@5': '0.0679', 'HR@10': '0.1229', 'NDCG@10': '0.0778', 'HR@20': '0.1622', 'NDCG@20': '0.0877'}
2025-01-06 21:51:10,864 - Validation score increased.  Saving model ...
2025-01-06 21:51:57,264 - {'epoch': 41, 'rec_loss': '6.5374'}
2025-01-06 21:52:07,850 - {'Epoch': 41, 'HR@5': '0.0925', 'NDCG@5': '0.0677', 'HR@10': '0.1210', 'NDCG@10': '0.0769', 'HR@20': '0.1603', 'NDCG@20': '0.0868'}
2025-01-06 21:52:07,856 - EarlyStopping counter: 1 out of 10
2025-01-06 21:52:55,380 - {'epoch': 42, 'rec_loss': '6.5264'}
2025-01-06 21:53:06,460 - {'Epoch': 42, 'HR@5': '0.0936', 'NDCG@5': '0.0681', 'HR@10': '0.1225', 'NDCG@10': '0.0774', 'HR@20': '0.1605', 'NDCG@20': '0.0870'}
2025-01-06 21:53:06,466 - EarlyStopping counter: 2 out of 10
2025-01-06 21:53:53,286 - {'epoch': 43, 'rec_loss': '6.5209'}
2025-01-06 21:54:04,113 - {'Epoch': 43, 'HR@5': '0.0921', 'NDCG@5': '0.0670', 'HR@10': '0.1215', 'NDCG@10': '0.0765', 'HR@20': '0.1593', 'NDCG@20': '0.0860'}
2025-01-06 21:54:04,118 - EarlyStopping counter: 3 out of 10
2025-01-06 21:54:50,692 - {'epoch': 44, 'rec_loss': '6.5115'}
2025-01-06 21:55:01,974 - {'Epoch': 44, 'HR@5': '0.0923', 'NDCG@5': '0.0670', 'HR@10': '0.1217', 'NDCG@10': '0.0765', 'HR@20': '0.1604', 'NDCG@20': '0.0863'}
2025-01-06 21:55:01,980 - EarlyStopping counter: 4 out of 10
2025-01-06 21:55:49,230 - {'epoch': 45, 'rec_loss': '6.5087'}
2025-01-06 21:55:59,687 - {'Epoch': 45, 'HR@5': '0.0920', 'NDCG@5': '0.0671', 'HR@10': '0.1217', 'NDCG@10': '0.0767', 'HR@20': '0.1607', 'NDCG@20': '0.0866'}
2025-01-06 21:55:59,691 - EarlyStopping counter: 5 out of 10
2025-01-06 21:56:46,309 - {'epoch': 46, 'rec_loss': '6.4991'}
2025-01-06 21:56:57,656 - {'Epoch': 46, 'HR@5': '0.0934', 'NDCG@5': '0.0685', 'HR@10': '0.1219', 'NDCG@10': '0.0777', 'HR@20': '0.1597', 'NDCG@20': '0.0872'}
2025-01-06 21:56:57,660 - EarlyStopping counter: 6 out of 10
2025-01-06 21:57:42,737 - {'epoch': 47, 'rec_loss': '6.4930'}
2025-01-06 21:57:52,168 - {'Epoch': 47, 'HR@5': '0.0923', 'NDCG@5': '0.0680', 'HR@10': '0.1222', 'NDCG@10': '0.0776', 'HR@20': '0.1617', 'NDCG@20': '0.0875'}
2025-01-06 21:57:52,174 - EarlyStopping counter: 7 out of 10
2025-01-06 21:58:35,366 - {'epoch': 48, 'rec_loss': '6.4924'}
2025-01-06 21:58:45,032 - {'Epoch': 48, 'HR@5': '0.0922', 'NDCG@5': '0.0682', 'HR@10': '0.1217', 'NDCG@10': '0.0777', 'HR@20': '0.1601', 'NDCG@20': '0.0874'}
2025-01-06 21:58:45,037 - EarlyStopping counter: 8 out of 10
2025-01-06 21:59:28,226 - {'epoch': 49, 'rec_loss': '6.4835'}
2025-01-06 21:59:37,812 - {'Epoch': 49, 'HR@5': '0.0910', 'NDCG@5': '0.0668', 'HR@10': '0.1206', 'NDCG@10': '0.0763', 'HR@20': '0.1588', 'NDCG@20': '0.0859'}
2025-01-06 21:59:37,816 - EarlyStopping counter: 9 out of 10
2025-01-06 22:00:21,092 - {'epoch': 50, 'rec_loss': '6.4757'}
2025-01-06 22:00:30,120 - {'Epoch': 50, 'HR@5': '0.0926', 'NDCG@5': '0.0679', 'HR@10': '0.1212', 'NDCG@10': '0.0772', 'HR@20': '0.1598', 'NDCG@20': '0.0869'}
2025-01-06 22:00:30,125 - EarlyStopping counter: 10 out of 10
2025-01-06 22:00:30,125 - Early stopping
2025-01-06 22:00:30,125 - ---------------Test Score---------------
2025-01-06 22:00:39,257 - {'Epoch': 0, 'HR@5': '0.0773', 'NDCG@5': '0.0572', 'HR@10': '0.1026', 'NDCG@10': '0.0653', 'HR@20': '0.1385', 'NDCG@20': '0.0744'}
2025-01-06 22:00:39,258 - BSARec_SA_S_Toys_and_Games
2025-01-06 22:00:39,258 - {'Epoch': 0, 'HR@5': '0.0773', 'NDCG@5': '0.0572', 'HR@10': '0.1026', 'NDCG@10': '0.0653', 'HR@20': '0.1385', 'NDCG@20': '0.0744'}
