2025-01-06 19:24:46,586 - Namespace(data_dir='./data/', output_dir='output/', data_name='ML-1M', do_eval=False, load_model=None, train_name='BSARec_A_ML-1M', num_items=10, num_users=6041, lr=0.0005, batch_size=256, epochs=200, no_cuda=False, log_freq=1, patience=10, num_workers=4, seed=42, weight_decay=0.0, adam_beta1=0.9, adam_beta2=0.999, gpu_id='0', variance=5, model_type='BSARec_A', max_seq_length=50, hidden_size=64, num_hidden_layers=2, hidden_act='gelu', num_attention_heads=1, attention_probs_dropout_prob=0.5, hidden_dropout_prob=0.5, initializer_range=0.02, c=5, alpha=0.7, cuda_condition=True, data_file='./data/ML-1M.txt', item_size=3417, checkpoint_path='output/BSARec_A_ML-1M.pt', same_target_path='./data/ML-1M_same_target.npy')
2025-01-06 19:24:46,595 - BSARecModel_A(
  (item_embeddings): Embedding(3417, 64, padding_idx=0)
  (position_embeddings): Embedding(50, 64)
  (LayerNorm): LayerNorm()
  (dropout): Dropout(p=0.5, inplace=False)
  (item_encoder): BSARecEncoder(
    (blocks): ModuleList(
      (0): BSARecBlock(
        (layer): BSARecLayer(
          (filter_layer): FrequencyLayer(
            (out_dropout): Dropout(p=0.5, inplace=False)
            (LayerNorm): LayerNorm()
          )
          (attention_layer): MultiHeadAttention(
            (query): Linear(in_features=64, out_features=64, bias=True)
            (key): Linear(in_features=64, out_features=64, bias=True)
            (value): Linear(in_features=64, out_features=64, bias=True)
            (softmax): Softmax(dim=-1)
            (attn_dropout): Dropout(p=0.5, inplace=False)
            (dense): Linear(in_features=64, out_features=64, bias=True)
            (LayerNorm): LayerNorm((64,), eps=1e-12, elementwise_affine=True)
            (out_dropout): Dropout(p=0.5, inplace=False)
          )
        )
        (feed_forward_d): FeedForward(
          (dense_1): Linear(in_features=64, out_features=256, bias=True)
          (dense_2): Linear(in_features=256, out_features=64, bias=True)
          (LayerNorm): LayerNorm()
          (dropout): Dropout(p=0.5, inplace=False)
        )
      )
      (1): BSARecBlock(
        (layer): BSARecLayer(
          (filter_layer): FrequencyLayer(
            (out_dropout): Dropout(p=0.5, inplace=False)
            (LayerNorm): LayerNorm()
          )
          (attention_layer): MultiHeadAttention(
            (query): Linear(in_features=64, out_features=64, bias=True)
            (key): Linear(in_features=64, out_features=64, bias=True)
            (value): Linear(in_features=64, out_features=64, bias=True)
            (softmax): Softmax(dim=-1)
            (attn_dropout): Dropout(p=0.5, inplace=False)
            (dense): Linear(in_features=64, out_features=64, bias=True)
            (LayerNorm): LayerNorm((64,), eps=1e-12, elementwise_affine=True)
            (out_dropout): Dropout(p=0.5, inplace=False)
          )
        )
        (feed_forward_d): FeedForward(
          (dense_1): Linear(in_features=64, out_features=256, bias=True)
          (dense_2): Linear(in_features=256, out_features=64, bias=True)
          (LayerNorm): LayerNorm()
          (dropout): Dropout(p=0.5, inplace=False)
        )
      )
    )
  )
)
2025-01-06 19:24:49,209 - Total Parameters: 322368
2025-01-06 19:25:50,232 - {'epoch': 0, 'rec_loss': '7.3624'}
2025-01-06 19:25:52,111 - {'Epoch': 0, 'HR@5': '0.0353', 'NDCG@5': '0.0219', 'HR@10': '0.0652', 'NDCG@10': '0.0316', 'HR@20': '0.1131', 'NDCG@20': '0.0435'}
2025-01-06 19:25:52,111 - Validation score increased.  Saving model ...
2025-01-06 19:26:51,611 - {'epoch': 1, 'rec_loss': '6.8287'}
2025-01-06 19:26:53,510 - {'Epoch': 1, 'HR@5': '0.1118', 'NDCG@5': '0.0720', 'HR@10': '0.1654', 'NDCG@10': '0.0892', 'HR@20': '0.2435', 'NDCG@20': '0.1089'}
2025-01-06 19:26:53,511 - Validation score increased.  Saving model ...
2025-01-06 19:27:51,958 - {'epoch': 2, 'rec_loss': '6.4176'}
2025-01-06 19:27:53,918 - {'Epoch': 2, 'HR@5': '0.1344', 'NDCG@5': '0.0892', 'HR@10': '0.2066', 'NDCG@10': '0.1124', 'HR@20': '0.3033', 'NDCG@20': '0.1367'}
2025-01-06 19:27:53,927 - Validation score increased.  Saving model ...
2025-01-06 19:28:54,207 - {'epoch': 3, 'rec_loss': '6.2427'}
2025-01-06 19:28:56,756 - {'Epoch': 3, 'HR@5': '0.1531', 'NDCG@5': '0.1005', 'HR@10': '0.2334', 'NDCG@10': '0.1264', 'HR@20': '0.3300', 'NDCG@20': '0.1508'}
2025-01-06 19:28:56,757 - Validation score increased.  Saving model ...
2025-01-06 19:30:22,706 - {'epoch': 4, 'rec_loss': '6.1487'}
2025-01-06 19:30:25,932 - {'Epoch': 4, 'HR@5': '0.1563', 'NDCG@5': '0.1031', 'HR@10': '0.2487', 'NDCG@10': '0.1326', 'HR@20': '0.3513', 'NDCG@20': '0.1585'}
2025-01-06 19:30:25,933 - Validation score increased.  Saving model ...
2025-01-06 19:32:00,911 - {'epoch': 5, 'rec_loss': '6.0897'}
2025-01-06 19:32:03,808 - {'Epoch': 5, 'HR@5': '0.1654', 'NDCG@5': '0.1093', 'HR@10': '0.2558', 'NDCG@10': '0.1384', 'HR@20': '0.3578', 'NDCG@20': '0.1641'}
2025-01-06 19:32:03,808 - Validation score increased.  Saving model ...
2025-01-06 19:33:43,620 - {'epoch': 6, 'rec_loss': '6.0501'}
2025-01-06 19:33:47,102 - {'Epoch': 6, 'HR@5': '0.1654', 'NDCG@5': '0.1080', 'HR@10': '0.2584', 'NDCG@10': '0.1378', 'HR@20': '0.3679', 'NDCG@20': '0.1654'}
2025-01-06 19:33:47,103 - Validation score increased.  Saving model ...
2025-01-06 19:35:23,990 - {'epoch': 7, 'rec_loss': '6.0159'}
2025-01-06 19:35:27,223 - {'Epoch': 7, 'HR@5': '0.1684', 'NDCG@5': '0.1091', 'HR@10': '0.2611', 'NDCG@10': '0.1390', 'HR@20': '0.3724', 'NDCG@20': '0.1670'}
2025-01-06 19:35:27,223 - Validation score increased.  Saving model ...
2025-01-06 19:37:05,214 - {'epoch': 8, 'rec_loss': '5.9881'}
2025-01-06 19:37:08,425 - {'Epoch': 8, 'HR@5': '0.1730', 'NDCG@5': '0.1135', 'HR@10': '0.2601', 'NDCG@10': '0.1417', 'HR@20': '0.3750', 'NDCG@20': '0.1707'}
2025-01-06 19:37:08,426 - Validation score increased.  Saving model ...
2025-01-06 19:38:49,146 - {'epoch': 9, 'rec_loss': '5.9680'}
2025-01-06 19:38:52,064 - {'Epoch': 9, 'HR@5': '0.1748', 'NDCG@5': '0.1148', 'HR@10': '0.2662', 'NDCG@10': '0.1443', 'HR@20': '0.3816', 'NDCG@20': '0.1735'}
2025-01-06 19:38:52,065 - Validation score increased.  Saving model ...
2025-01-06 19:40:29,711 - {'epoch': 10, 'rec_loss': '5.9488'}
2025-01-06 19:40:33,064 - {'Epoch': 10, 'HR@5': '0.1790', 'NDCG@5': '0.1148', 'HR@10': '0.2724', 'NDCG@10': '0.1448', 'HR@20': '0.3834', 'NDCG@20': '0.1729'}
2025-01-06 19:40:33,064 - EarlyStopping counter: 1 out of 10
2025-01-06 19:42:07,406 - {'epoch': 11, 'rec_loss': '5.9329'}
2025-01-06 19:42:10,864 - {'Epoch': 11, 'HR@5': '0.1755', 'NDCG@5': '0.1156', 'HR@10': '0.2742', 'NDCG@10': '0.1473', 'HR@20': '0.3848', 'NDCG@20': '0.1752'}
2025-01-06 19:42:10,865 - Validation score increased.  Saving model ...
2025-01-06 19:43:49,083 - {'epoch': 12, 'rec_loss': '5.9208'}
2025-01-06 19:43:52,188 - {'Epoch': 12, 'HR@5': '0.1757', 'NDCG@5': '0.1144', 'HR@10': '0.2745', 'NDCG@10': '0.1461', 'HR@20': '0.3849', 'NDCG@20': '0.1739'}
2025-01-06 19:43:52,188 - EarlyStopping counter: 1 out of 10
2025-01-06 19:45:27,688 - {'epoch': 13, 'rec_loss': '5.9099'}
2025-01-06 19:45:30,632 - {'Epoch': 13, 'HR@5': '0.1753', 'NDCG@5': '0.1164', 'HR@10': '0.2730', 'NDCG@10': '0.1478', 'HR@20': '0.3886', 'NDCG@20': '0.1771'}
2025-01-06 19:45:30,633 - Validation score increased.  Saving model ...
2025-01-06 19:47:05,118 - {'epoch': 14, 'rec_loss': '5.8983'}
2025-01-06 19:47:08,318 - {'Epoch': 14, 'HR@5': '0.1786', 'NDCG@5': '0.1173', 'HR@10': '0.2680', 'NDCG@10': '0.1463', 'HR@20': '0.3829', 'NDCG@20': '0.1754'}
2025-01-06 19:47:08,318 - EarlyStopping counter: 1 out of 10
2025-01-06 19:48:45,663 - {'epoch': 15, 'rec_loss': '5.8892'}
2025-01-06 19:48:48,833 - {'Epoch': 15, 'HR@5': '0.1745', 'NDCG@5': '0.1120', 'HR@10': '0.2738', 'NDCG@10': '0.1439', 'HR@20': '0.3869', 'NDCG@20': '0.1724'}
2025-01-06 19:48:48,833 - EarlyStopping counter: 2 out of 10
2025-01-06 19:50:25,933 - {'epoch': 16, 'rec_loss': '5.8819'}
2025-01-06 19:50:29,085 - {'Epoch': 16, 'HR@5': '0.1773', 'NDCG@5': '0.1169', 'HR@10': '0.2752', 'NDCG@10': '0.1484', 'HR@20': '0.3863', 'NDCG@20': '0.1765'}
2025-01-06 19:50:29,086 - EarlyStopping counter: 3 out of 10
2025-01-06 19:52:04,789 - {'epoch': 17, 'rec_loss': '5.8742'}
2025-01-06 19:52:07,792 - {'Epoch': 17, 'HR@5': '0.1818', 'NDCG@5': '0.1170', 'HR@10': '0.2758', 'NDCG@10': '0.1473', 'HR@20': '0.3854', 'NDCG@20': '0.1750'}
2025-01-06 19:52:07,792 - EarlyStopping counter: 4 out of 10
2025-01-06 19:53:42,271 - {'epoch': 18, 'rec_loss': '5.8666'}
2025-01-06 19:53:45,692 - {'Epoch': 18, 'HR@5': '0.1823', 'NDCG@5': '0.1179', 'HR@10': '0.2810', 'NDCG@10': '0.1496', 'HR@20': '0.3939', 'NDCG@20': '0.1780'}
2025-01-06 19:53:45,692 - Validation score increased.  Saving model ...
2025-01-06 19:55:25,232 - {'epoch': 19, 'rec_loss': '5.8632'}
2025-01-06 19:55:28,436 - {'Epoch': 19, 'HR@5': '0.1765', 'NDCG@5': '0.1150', 'HR@10': '0.2765', 'NDCG@10': '0.1473', 'HR@20': '0.3947', 'NDCG@20': '0.1771'}
2025-01-06 19:55:28,437 - EarlyStopping counter: 1 out of 10
2025-01-06 19:57:08,571 - {'epoch': 20, 'rec_loss': '5.8556'}
2025-01-06 19:57:11,522 - {'Epoch': 20, 'HR@5': '0.1796', 'NDCG@5': '0.1195', 'HR@10': '0.2755', 'NDCG@10': '0.1502', 'HR@20': '0.3930', 'NDCG@20': '0.1799'}
2025-01-06 19:57:11,523 - Validation score increased.  Saving model ...
2025-01-06 19:58:52,657 - {'epoch': 21, 'rec_loss': '5.8488'}
2025-01-06 19:58:55,804 - {'Epoch': 21, 'HR@5': '0.1828', 'NDCG@5': '0.1192', 'HR@10': '0.2742', 'NDCG@10': '0.1485', 'HR@20': '0.3929', 'NDCG@20': '0.1786'}
2025-01-06 19:58:55,805 - EarlyStopping counter: 1 out of 10
2025-01-06 20:00:33,485 - {'epoch': 22, 'rec_loss': '5.8458'}
2025-01-06 20:00:36,212 - {'Epoch': 22, 'HR@5': '0.1846', 'NDCG@5': '0.1192', 'HR@10': '0.2760', 'NDCG@10': '0.1486', 'HR@20': '0.3922', 'NDCG@20': '0.1779'}
2025-01-06 20:00:36,212 - EarlyStopping counter: 2 out of 10
2025-01-06 20:02:14,035 - {'epoch': 23, 'rec_loss': '5.8411'}
2025-01-06 20:02:17,072 - {'Epoch': 23, 'HR@5': '0.1813', 'NDCG@5': '0.1198', 'HR@10': '0.2776', 'NDCG@10': '0.1509', 'HR@20': '0.3909', 'NDCG@20': '0.1795'}
2025-01-06 20:02:17,073 - EarlyStopping counter: 3 out of 10
2025-01-06 20:03:54,931 - {'epoch': 24, 'rec_loss': '5.8355'}
2025-01-06 20:03:57,849 - {'Epoch': 24, 'HR@5': '0.1806', 'NDCG@5': '0.1182', 'HR@10': '0.2805', 'NDCG@10': '0.1502', 'HR@20': '0.3924', 'NDCG@20': '0.1786'}
2025-01-06 20:03:57,849 - EarlyStopping counter: 4 out of 10
2025-01-06 20:05:35,111 - {'epoch': 25, 'rec_loss': '5.8319'}
2025-01-06 20:05:38,214 - {'Epoch': 25, 'HR@5': '0.1823', 'NDCG@5': '0.1199', 'HR@10': '0.2825', 'NDCG@10': '0.1519', 'HR@20': '0.3914', 'NDCG@20': '0.1794'}
2025-01-06 20:05:38,215 - EarlyStopping counter: 5 out of 10
2025-01-06 20:07:15,705 - {'epoch': 26, 'rec_loss': '5.8276'}
2025-01-06 20:07:18,622 - {'Epoch': 26, 'HR@5': '0.1856', 'NDCG@5': '0.1218', 'HR@10': '0.2815', 'NDCG@10': '0.1526', 'HR@20': '0.3950', 'NDCG@20': '0.1814'}
2025-01-06 20:07:18,622 - Validation score increased.  Saving model ...
2025-01-06 20:08:56,555 - {'epoch': 27, 'rec_loss': '5.8245'}
2025-01-06 20:08:59,647 - {'Epoch': 27, 'HR@5': '0.1886', 'NDCG@5': '0.1234', 'HR@10': '0.2843', 'NDCG@10': '0.1542', 'HR@20': '0.3975', 'NDCG@20': '0.1828'}
2025-01-06 20:08:59,647 - Validation score increased.  Saving model ...
2025-01-06 20:10:41,380 - {'epoch': 28, 'rec_loss': '5.8188'}
2025-01-06 20:10:44,237 - {'Epoch': 28, 'HR@5': '0.1843', 'NDCG@5': '0.1208', 'HR@10': '0.2768', 'NDCG@10': '0.1508', 'HR@20': '0.3942', 'NDCG@20': '0.1806'}
2025-01-06 20:10:44,238 - EarlyStopping counter: 1 out of 10
2025-01-06 20:12:22,449 - {'epoch': 29, 'rec_loss': '5.8157'}
2025-01-06 20:12:25,562 - {'Epoch': 29, 'HR@5': '0.1846', 'NDCG@5': '0.1216', 'HR@10': '0.2733', 'NDCG@10': '0.1500', 'HR@20': '0.3955', 'NDCG@20': '0.1811'}
2025-01-06 20:12:25,563 - EarlyStopping counter: 2 out of 10
2025-01-06 20:14:04,502 - {'epoch': 30, 'rec_loss': '5.8144'}
2025-01-06 20:14:07,642 - {'Epoch': 30, 'HR@5': '0.1818', 'NDCG@5': '0.1210', 'HR@10': '0.2755', 'NDCG@10': '0.1510', 'HR@20': '0.3952', 'NDCG@20': '0.1812'}
2025-01-06 20:14:07,643 - EarlyStopping counter: 3 out of 10
2025-01-06 20:15:46,042 - {'epoch': 31, 'rec_loss': '5.8126'}
2025-01-06 20:15:48,981 - {'Epoch': 31, 'HR@5': '0.1863', 'NDCG@5': '0.1237', 'HR@10': '0.2788', 'NDCG@10': '0.1536', 'HR@20': '0.3930', 'NDCG@20': '0.1825'}
2025-01-06 20:15:48,981 - EarlyStopping counter: 4 out of 10
2025-01-06 20:17:27,711 - {'epoch': 32, 'rec_loss': '5.8073'}
2025-01-06 20:17:30,929 - {'Epoch': 32, 'HR@5': '0.1869', 'NDCG@5': '0.1214', 'HR@10': '0.2833', 'NDCG@10': '0.1524', 'HR@20': '0.4000', 'NDCG@20': '0.1818'}
2025-01-06 20:17:30,930 - EarlyStopping counter: 5 out of 10
2025-01-06 20:19:06,690 - {'epoch': 33, 'rec_loss': '5.8054'}
2025-01-06 20:19:10,003 - {'Epoch': 33, 'HR@5': '0.1864', 'NDCG@5': '0.1207', 'HR@10': '0.2790', 'NDCG@10': '0.1506', 'HR@20': '0.3967', 'NDCG@20': '0.1804'}
2025-01-06 20:19:10,004 - EarlyStopping counter: 6 out of 10
2025-01-06 20:20:45,472 - {'epoch': 34, 'rec_loss': '5.8039'}
2025-01-06 20:20:48,317 - {'Epoch': 34, 'HR@5': '0.1944', 'NDCG@5': '0.1254', 'HR@10': '0.2833', 'NDCG@10': '0.1539', 'HR@20': '0.4002', 'NDCG@20': '0.1835'}
2025-01-06 20:20:48,318 - Validation score increased.  Saving model ...
2025-01-06 20:22:25,513 - {'epoch': 35, 'rec_loss': '5.7976'}
2025-01-06 20:22:28,993 - {'Epoch': 35, 'HR@5': '0.1897', 'NDCG@5': '0.1252', 'HR@10': '0.2843', 'NDCG@10': '0.1556', 'HR@20': '0.3964', 'NDCG@20': '0.1840'}
2025-01-06 20:22:28,993 - Validation score increased.  Saving model ...
2025-01-06 20:24:06,515 - {'epoch': 36, 'rec_loss': '5.7960'}
2025-01-06 20:24:09,598 - {'Epoch': 36, 'HR@5': '0.1877', 'NDCG@5': '0.1232', 'HR@10': '0.2826', 'NDCG@10': '0.1536', 'HR@20': '0.3964', 'NDCG@20': '0.1824'}
2025-01-06 20:24:09,598 - EarlyStopping counter: 1 out of 10
2025-01-06 20:25:47,186 - {'epoch': 37, 'rec_loss': '5.7942'}
2025-01-06 20:25:50,881 - {'Epoch': 37, 'HR@5': '0.1873', 'NDCG@5': '0.1226', 'HR@10': '0.2801', 'NDCG@10': '0.1527', 'HR@20': '0.3934', 'NDCG@20': '0.1812'}
2025-01-06 20:25:50,882 - EarlyStopping counter: 2 out of 10
2025-01-06 20:27:25,184 - {'epoch': 38, 'rec_loss': '5.7910'}
2025-01-06 20:27:28,149 - {'Epoch': 38, 'HR@5': '0.1884', 'NDCG@5': '0.1263', 'HR@10': '0.2818', 'NDCG@10': '0.1562', 'HR@20': '0.3982', 'NDCG@20': '0.1856'}
2025-01-06 20:27:28,149 - Validation score increased.  Saving model ...
2025-01-06 20:29:07,533 - {'epoch': 39, 'rec_loss': '5.7907'}
2025-01-06 20:29:10,557 - {'Epoch': 39, 'HR@5': '0.1863', 'NDCG@5': '0.1224', 'HR@10': '0.2833', 'NDCG@10': '0.1535', 'HR@20': '0.3980', 'NDCG@20': '0.1825'}
2025-01-06 20:29:10,558 - EarlyStopping counter: 1 out of 10
2025-01-06 20:30:47,539 - {'epoch': 40, 'rec_loss': '5.7870'}
2025-01-06 20:30:50,727 - {'Epoch': 40, 'HR@5': '0.1858', 'NDCG@5': '0.1206', 'HR@10': '0.2808', 'NDCG@10': '0.1511', 'HR@20': '0.3983', 'NDCG@20': '0.1808'}
2025-01-06 20:30:50,728 - EarlyStopping counter: 2 out of 10
2025-01-06 20:32:30,006 - {'epoch': 41, 'rec_loss': '5.7871'}
2025-01-06 20:32:33,159 - {'Epoch': 41, 'HR@5': '0.1841', 'NDCG@5': '0.1214', 'HR@10': '0.2803', 'NDCG@10': '0.1524', 'HR@20': '0.3995', 'NDCG@20': '0.1825'}
2025-01-06 20:32:33,159 - EarlyStopping counter: 3 out of 10
2025-01-06 20:34:12,087 - {'epoch': 42, 'rec_loss': '5.7832'}
2025-01-06 20:34:15,592 - {'Epoch': 42, 'HR@5': '0.1881', 'NDCG@5': '0.1236', 'HR@10': '0.2836', 'NDCG@10': '0.1543', 'HR@20': '0.3970', 'NDCG@20': '0.1828'}
2025-01-06 20:34:15,593 - EarlyStopping counter: 4 out of 10
2025-01-06 20:35:54,847 - {'epoch': 43, 'rec_loss': '5.7823'}
2025-01-06 20:35:57,972 - {'Epoch': 43, 'HR@5': '0.1844', 'NDCG@5': '0.1225', 'HR@10': '0.2810', 'NDCG@10': '0.1537', 'HR@20': '0.3957', 'NDCG@20': '0.1825'}
2025-01-06 20:35:57,973 - EarlyStopping counter: 5 out of 10
2025-01-06 20:37:33,886 - {'epoch': 44, 'rec_loss': '5.7799'}
2025-01-06 20:37:37,168 - {'Epoch': 44, 'HR@5': '0.1839', 'NDCG@5': '0.1208', 'HR@10': '0.2869', 'NDCG@10': '0.1541', 'HR@20': '0.4012', 'NDCG@20': '0.1828'}
2025-01-06 20:37:37,169 - EarlyStopping counter: 6 out of 10
2025-01-06 20:39:16,586 - {'epoch': 45, 'rec_loss': '5.7773'}
2025-01-06 20:39:19,490 - {'Epoch': 45, 'HR@5': '0.1882', 'NDCG@5': '0.1231', 'HR@10': '0.2836', 'NDCG@10': '0.1539', 'HR@20': '0.4031', 'NDCG@20': '0.1841'}
2025-01-06 20:39:19,490 - EarlyStopping counter: 7 out of 10
2025-01-06 20:40:58,421 - {'epoch': 46, 'rec_loss': '5.7759'}
2025-01-06 20:41:01,599 - {'Epoch': 46, 'HR@5': '0.1873', 'NDCG@5': '0.1215', 'HR@10': '0.2863', 'NDCG@10': '0.1534', 'HR@20': '0.4015', 'NDCG@20': '0.1825'}
2025-01-06 20:41:01,600 - EarlyStopping counter: 8 out of 10
2025-01-06 20:42:42,621 - {'epoch': 47, 'rec_loss': '5.7755'}
2025-01-06 20:42:46,055 - {'Epoch': 47, 'HR@5': '0.1874', 'NDCG@5': '0.1225', 'HR@10': '0.2881', 'NDCG@10': '0.1549', 'HR@20': '0.3988', 'NDCG@20': '0.1828'}
2025-01-06 20:42:46,056 - EarlyStopping counter: 9 out of 10
2025-01-06 20:44:23,032 - {'epoch': 48, 'rec_loss': '5.7736'}
2025-01-06 20:44:26,327 - {'Epoch': 48, 'HR@5': '0.1886', 'NDCG@5': '0.1255', 'HR@10': '0.2896', 'NDCG@10': '0.1580', 'HR@20': '0.3998', 'NDCG@20': '0.1858'}
2025-01-06 20:44:26,328 - Validation score increased.  Saving model ...
2025-01-06 20:46:04,206 - {'epoch': 49, 'rec_loss': '5.7710'}
2025-01-06 20:46:07,777 - {'Epoch': 49, 'HR@5': '0.1881', 'NDCG@5': '0.1241', 'HR@10': '0.2841', 'NDCG@10': '0.1551', 'HR@20': '0.3982', 'NDCG@20': '0.1838'}
2025-01-06 20:46:07,778 - EarlyStopping counter: 1 out of 10
2025-01-06 20:47:35,162 - {'epoch': 50, 'rec_loss': '5.7688'}
2025-01-06 20:47:38,081 - {'Epoch': 50, 'HR@5': '0.1902', 'NDCG@5': '0.1245', 'HR@10': '0.2833', 'NDCG@10': '0.1546', 'HR@20': '0.3975', 'NDCG@20': '0.1836'}
2025-01-06 20:47:38,082 - EarlyStopping counter: 2 out of 10
2025-01-06 20:48:58,041 - {'epoch': 51, 'rec_loss': '5.7683'}
2025-01-06 20:49:00,617 - {'Epoch': 51, 'HR@5': '0.1907', 'NDCG@5': '0.1244', 'HR@10': '0.2884', 'NDCG@10': '0.1558', 'HR@20': '0.4048', 'NDCG@20': '0.1852'}
2025-01-06 20:49:00,618 - EarlyStopping counter: 3 out of 10
2025-01-06 20:50:18,948 - {'epoch': 52, 'rec_loss': '5.7676'}
2025-01-06 20:50:21,439 - {'Epoch': 52, 'HR@5': '0.1927', 'NDCG@5': '0.1258', 'HR@10': '0.2864', 'NDCG@10': '0.1560', 'HR@20': '0.4046', 'NDCG@20': '0.1858'}
2025-01-06 20:50:21,440 - Validation score increased.  Saving model ...
2025-01-06 20:51:40,696 - {'epoch': 53, 'rec_loss': '5.7666'}
2025-01-06 20:51:43,157 - {'Epoch': 53, 'HR@5': '0.1939', 'NDCG@5': '0.1246', 'HR@10': '0.2917', 'NDCG@10': '0.1562', 'HR@20': '0.4051', 'NDCG@20': '0.1848'}
2025-01-06 20:51:43,158 - EarlyStopping counter: 1 out of 10
2025-01-06 20:53:00,651 - {'epoch': 54, 'rec_loss': '5.7623'}
2025-01-06 20:53:03,379 - {'Epoch': 54, 'HR@5': '0.1967', 'NDCG@5': '0.1296', 'HR@10': '0.2947', 'NDCG@10': '0.1612', 'HR@20': '0.4043', 'NDCG@20': '0.1888'}
2025-01-06 20:53:03,380 - Validation score increased.  Saving model ...
2025-01-06 20:54:37,800 - {'epoch': 55, 'rec_loss': '5.7641'}
2025-01-06 20:54:41,150 - {'Epoch': 55, 'HR@5': '0.1927', 'NDCG@5': '0.1253', 'HR@10': '0.2922', 'NDCG@10': '0.1573', 'HR@20': '0.4036', 'NDCG@20': '0.1855'}
2025-01-06 20:54:41,151 - EarlyStopping counter: 1 out of 10
2025-01-06 20:56:14,954 - {'epoch': 56, 'rec_loss': '5.7606'}
2025-01-06 20:56:18,650 - {'Epoch': 56, 'HR@5': '0.1930', 'NDCG@5': '0.1266', 'HR@10': '0.2889', 'NDCG@10': '0.1574', 'HR@20': '0.4040', 'NDCG@20': '0.1864'}
2025-01-06 20:56:18,651 - EarlyStopping counter: 2 out of 10
2025-01-06 20:57:45,783 - {'epoch': 57, 'rec_loss': '5.7584'}
2025-01-06 20:57:48,583 - {'Epoch': 57, 'HR@5': '0.1925', 'NDCG@5': '0.1260', 'HR@10': '0.2891', 'NDCG@10': '0.1571', 'HR@20': '0.4028', 'NDCG@20': '0.1859'}
2025-01-06 20:57:48,584 - EarlyStopping counter: 3 out of 10
2025-01-06 20:59:05,631 - {'epoch': 58, 'rec_loss': '5.7576'}
2025-01-06 20:59:08,286 - {'Epoch': 58, 'HR@5': '0.1932', 'NDCG@5': '0.1253', 'HR@10': '0.2871', 'NDCG@10': '0.1555', 'HR@20': '0.4010', 'NDCG@20': '0.1843'}
2025-01-06 20:59:08,287 - EarlyStopping counter: 4 out of 10
2025-01-06 21:00:25,995 - {'epoch': 59, 'rec_loss': '5.7579'}
2025-01-06 21:00:28,656 - {'Epoch': 59, 'HR@5': '0.1904', 'NDCG@5': '0.1274', 'HR@10': '0.2887', 'NDCG@10': '0.1589', 'HR@20': '0.3965', 'NDCG@20': '0.1862'}
2025-01-06 21:00:28,656 - EarlyStopping counter: 5 out of 10
2025-01-06 21:01:44,521 - {'epoch': 60, 'rec_loss': '5.7541'}
2025-01-06 21:01:47,456 - {'Epoch': 60, 'HR@5': '0.1869', 'NDCG@5': '0.1235', 'HR@10': '0.2891', 'NDCG@10': '0.1563', 'HR@20': '0.4036', 'NDCG@20': '0.1853'}
2025-01-06 21:01:47,456 - EarlyStopping counter: 6 out of 10
2025-01-06 21:03:03,004 - {'epoch': 61, 'rec_loss': '5.7547'}
2025-01-06 21:03:05,429 - {'Epoch': 61, 'HR@5': '0.1899', 'NDCG@5': '0.1246', 'HR@10': '0.2896', 'NDCG@10': '0.1567', 'HR@20': '0.4023', 'NDCG@20': '0.1852'}
2025-01-06 21:03:05,429 - EarlyStopping counter: 7 out of 10
2025-01-06 21:04:11,895 - {'epoch': 62, 'rec_loss': '5.7538'}
2025-01-06 21:04:14,130 - {'Epoch': 62, 'HR@5': '0.1977', 'NDCG@5': '0.1277', 'HR@10': '0.2942', 'NDCG@10': '0.1587', 'HR@20': '0.4046', 'NDCG@20': '0.1866'}
2025-01-06 21:04:14,131 - EarlyStopping counter: 8 out of 10
2025-01-06 21:05:20,344 - {'epoch': 63, 'rec_loss': '5.7537'}
2025-01-06 21:05:22,505 - {'Epoch': 63, 'HR@5': '0.1939', 'NDCG@5': '0.1267', 'HR@10': '0.2869', 'NDCG@10': '0.1568', 'HR@20': '0.4026', 'NDCG@20': '0.1860'}
2025-01-06 21:05:22,505 - EarlyStopping counter: 9 out of 10
2025-01-06 21:06:30,585 - {'epoch': 64, 'rec_loss': '5.7516'}
2025-01-06 21:06:32,807 - {'Epoch': 64, 'HR@5': '0.1916', 'NDCG@5': '0.1242', 'HR@10': '0.2897', 'NDCG@10': '0.1558', 'HR@20': '0.4026', 'NDCG@20': '0.1842'}
2025-01-06 21:06:32,807 - EarlyStopping counter: 10 out of 10
2025-01-06 21:06:32,807 - Early stopping
2025-01-06 21:06:32,807 - ---------------Test Score---------------
2025-01-06 21:06:34,873 - {'Epoch': 0, 'HR@5': '0.1917', 'NDCG@5': '0.1260', 'HR@10': '0.2772', 'NDCG@10': '0.1534', 'HR@20': '0.3825', 'NDCG@20': '0.1801'}
2025-01-06 21:06:34,873 - BSARec_A_ML-1M
2025-01-06 21:06:34,873 - {'Epoch': 0, 'HR@5': '0.1917', 'NDCG@5': '0.1260', 'HR@10': '0.2772', 'NDCG@10': '0.1534', 'HR@20': '0.3825', 'NDCG@20': '0.1801'}
