2025-01-06 19:28:50,280 - Namespace(data_dir='./data/', output_dir='output/', data_name='Sports_and_Outdoors', do_eval=False, load_model=None, train_name='BSARec_S_A_Sports_and_Outdoors', num_items=10, num_users=35599, lr=0.0005, batch_size=256, epochs=200, no_cuda=False, log_freq=1, patience=10, num_workers=4, seed=42, weight_decay=0.0, adam_beta1=0.9, adam_beta2=0.999, gpu_id='0', variance=5, model_type='BSARec_S_A', max_seq_length=50, hidden_size=64, num_hidden_layers=2, hidden_act='gelu', num_attention_heads=1, attention_probs_dropout_prob=0.5, hidden_dropout_prob=0.5, initializer_range=0.02, c=5, alpha=0.7, cuda_condition=True, data_file='./data/Sports_and_Outdoors.txt', item_size=18358, checkpoint_path='output/BSARec_S_A_Sports_and_Outdoors.pt', same_target_path='./data/Sports_and_Outdoors_same_target.npy')
2025-01-06 19:28:50,303 - BSARecModel_S_A(
  (item_embeddings): Embedding(18358, 64, padding_idx=0)
  (position_embeddings): Embedding(50, 64)
  (LayerNorm): LayerNorm()
  (dropout): Dropout(p=0.5, inplace=False)
  (item_encoder): BSARecEncoder(
    (blocks): ModuleList(
      (0): BSARecBlock(
        (layer): BSARecLayer(
          (filter_layer): FrequencyLayer(
            (out_dropout): Dropout(p=0.5, inplace=False)
            (LayerNorm): LayerNorm()
          )
          (attention_layer): MultiHeadAttention(
            (query): Linear(in_features=64, out_features=64, bias=True)
            (key): Linear(in_features=64, out_features=64, bias=True)
            (value): Linear(in_features=64, out_features=64, bias=True)
            (softmax): Softmax(dim=-1)
            (attn_dropout): Dropout(p=0.5, inplace=False)
            (dense): Linear(in_features=64, out_features=64, bias=True)
            (LayerNorm): LayerNorm((64,), eps=1e-12, elementwise_affine=True)
            (out_dropout): Dropout(p=0.5, inplace=False)
          )
        )
        (feed_forward_d): FeedForward(
          (dense_1): Linear(in_features=64, out_features=256, bias=True)
          (dense_2): Linear(in_features=256, out_features=64, bias=True)
          (LayerNorm): LayerNorm()
          (dropout): Dropout(p=0.5, inplace=False)
        )
        (feed_forward_g): FeedForward(
          (dense_1): Linear(in_features=64, out_features=256, bias=True)
          (dense_2): Linear(in_features=256, out_features=64, bias=True)
          (LayerNorm): LayerNorm()
          (dropout): Dropout(p=0.5, inplace=False)
        )
        (fusion_module): ModalityFusion()
      )
      (1): BSARecBlock(
        (layer): BSARecLayer(
          (filter_layer): FrequencyLayer(
            (out_dropout): Dropout(p=0.5, inplace=False)
            (LayerNorm): LayerNorm()
          )
          (attention_layer): MultiHeadAttention(
            (query): Linear(in_features=64, out_features=64, bias=True)
            (key): Linear(in_features=64, out_features=64, bias=True)
            (value): Linear(in_features=64, out_features=64, bias=True)
            (softmax): Softmax(dim=-1)
            (attn_dropout): Dropout(p=0.5, inplace=False)
            (dense): Linear(in_features=64, out_features=64, bias=True)
            (LayerNorm): LayerNorm((64,), eps=1e-12, elementwise_affine=True)
            (out_dropout): Dropout(p=0.5, inplace=False)
          )
        )
        (feed_forward_d): FeedForward(
          (dense_1): Linear(in_features=64, out_features=256, bias=True)
          (dense_2): Linear(in_features=256, out_features=64, bias=True)
          (LayerNorm): LayerNorm()
          (dropout): Dropout(p=0.5, inplace=False)
        )
        (feed_forward_g): FeedForward(
          (dense_1): Linear(in_features=64, out_features=256, bias=True)
          (dense_2): Linear(in_features=256, out_features=64, bias=True)
          (LayerNorm): LayerNorm()
          (dropout): Dropout(p=0.5, inplace=False)
        )
        (fusion_module): ModalityFusion()
      )
    )
  )
)
2025-01-06 19:28:52,675 - Total Parameters: 1345028
2025-01-06 19:30:16,813 - {'epoch': 0, 'rec_loss': '9.3753'}
2025-01-06 19:30:41,365 - {'Epoch': 0, 'HR@5': '0.0090', 'NDCG@5': '0.0060', 'HR@10': '0.0154', 'NDCG@10': '0.0080', 'HR@20': '0.0265', 'NDCG@20': '0.0108'}
2025-01-06 19:30:41,366 - Validation score increased.  Saving model ...
2025-01-06 19:32:19,421 - {'epoch': 1, 'rec_loss': '9.0368'}
2025-01-06 19:32:42,785 - {'Epoch': 1, 'HR@5': '0.0163', 'NDCG@5': '0.0108', 'HR@10': '0.0273', 'NDCG@10': '0.0143', 'HR@20': '0.0434', 'NDCG@20': '0.0184'}
2025-01-06 19:32:42,788 - Validation score increased.  Saving model ...
2025-01-06 19:34:17,893 - {'epoch': 2, 'rec_loss': '8.7881'}
2025-01-06 19:34:41,686 - {'Epoch': 2, 'HR@5': '0.0181', 'NDCG@5': '0.0117', 'HR@10': '0.0313', 'NDCG@10': '0.0159', 'HR@20': '0.0508', 'NDCG@20': '0.0208'}
2025-01-06 19:34:41,687 - Validation score increased.  Saving model ...
2025-01-06 19:36:16,237 - {'epoch': 3, 'rec_loss': '8.6188'}
2025-01-06 19:36:40,493 - {'Epoch': 3, 'HR@5': '0.0257', 'NDCG@5': '0.0168', 'HR@10': '0.0390', 'NDCG@10': '0.0211', 'HR@20': '0.0618', 'NDCG@20': '0.0268'}
2025-01-06 19:36:40,495 - Validation score increased.  Saving model ...
2025-01-06 19:38:15,216 - {'epoch': 4, 'rec_loss': '8.4609'}
2025-01-06 19:38:39,263 - {'Epoch': 4, 'HR@5': '0.0323', 'NDCG@5': '0.0220', 'HR@10': '0.0478', 'NDCG@10': '0.0270', 'HR@20': '0.0708', 'NDCG@20': '0.0328'}
2025-01-06 19:38:39,264 - Validation score increased.  Saving model ...
2025-01-06 19:40:16,133 - {'epoch': 5, 'rec_loss': '8.3103'}
2025-01-06 19:40:39,848 - {'Epoch': 5, 'HR@5': '0.0352', 'NDCG@5': '0.0241', 'HR@10': '0.0525', 'NDCG@10': '0.0297', 'HR@20': '0.0762', 'NDCG@20': '0.0356'}
2025-01-06 19:40:39,849 - Validation score increased.  Saving model ...
2025-01-06 19:42:16,625 - {'epoch': 6, 'rec_loss': '8.1804'}
2025-01-06 19:42:40,858 - {'Epoch': 6, 'HR@5': '0.0391', 'NDCG@5': '0.0272', 'HR@10': '0.0573', 'NDCG@10': '0.0331', 'HR@20': '0.0812', 'NDCG@20': '0.0391'}
2025-01-06 19:42:40,861 - Validation score increased.  Saving model ...
2025-01-06 19:44:20,418 - {'epoch': 7, 'rec_loss': '8.0690'}
2025-01-06 19:44:44,098 - {'Epoch': 7, 'HR@5': '0.0404', 'NDCG@5': '0.0283', 'HR@10': '0.0593', 'NDCG@10': '0.0344', 'HR@20': '0.0841', 'NDCG@20': '0.0406'}
2025-01-06 19:44:44,099 - Validation score increased.  Saving model ...
2025-01-06 19:46:22,176 - {'epoch': 8, 'rec_loss': '7.9727'}
2025-01-06 19:46:46,537 - {'Epoch': 8, 'HR@5': '0.0419', 'NDCG@5': '0.0294', 'HR@10': '0.0614', 'NDCG@10': '0.0357', 'HR@20': '0.0870', 'NDCG@20': '0.0422'}
2025-01-06 19:46:46,540 - Validation score increased.  Saving model ...
2025-01-06 19:48:19,074 - {'epoch': 9, 'rec_loss': '7.8918'}
2025-01-06 19:48:43,492 - {'Epoch': 9, 'HR@5': '0.0436', 'NDCG@5': '0.0307', 'HR@10': '0.0621', 'NDCG@10': '0.0366', 'HR@20': '0.0878', 'NDCG@20': '0.0431'}
2025-01-06 19:48:43,492 - Validation score increased.  Saving model ...
2025-01-06 19:50:17,282 - {'epoch': 10, 'rec_loss': '7.8226'}
2025-01-06 19:50:41,102 - {'Epoch': 10, 'HR@5': '0.0446', 'NDCG@5': '0.0316', 'HR@10': '0.0628', 'NDCG@10': '0.0374', 'HR@20': '0.0889', 'NDCG@20': '0.0440'}
2025-01-06 19:50:41,102 - Validation score increased.  Saving model ...
2025-01-06 19:52:17,948 - {'epoch': 11, 'rec_loss': '7.7654'}
2025-01-06 19:52:40,446 - {'Epoch': 11, 'HR@5': '0.0463', 'NDCG@5': '0.0326', 'HR@10': '0.0649', 'NDCG@10': '0.0386', 'HR@20': '0.0905', 'NDCG@20': '0.0450'}
2025-01-06 19:52:40,447 - Validation score increased.  Saving model ...
2025-01-06 19:54:15,100 - {'epoch': 12, 'rec_loss': '7.7189'}
2025-01-06 19:54:39,577 - {'Epoch': 12, 'HR@5': '0.0461', 'NDCG@5': '0.0325', 'HR@10': '0.0640', 'NDCG@10': '0.0383', 'HR@20': '0.0906', 'NDCG@20': '0.0449'}
2025-01-06 19:54:39,580 - EarlyStopping counter: 1 out of 10
2025-01-06 19:56:15,478 - {'epoch': 13, 'rec_loss': '7.6774'}
2025-01-06 19:56:39,696 - {'Epoch': 13, 'HR@5': '0.0458', 'NDCG@5': '0.0325', 'HR@10': '0.0657', 'NDCG@10': '0.0389', 'HR@20': '0.0916', 'NDCG@20': '0.0454'}
2025-01-06 19:56:39,697 - Validation score increased.  Saving model ...
2025-01-06 19:58:12,568 - {'epoch': 14, 'rec_loss': '7.6429'}
2025-01-06 19:58:37,687 - {'Epoch': 14, 'HR@5': '0.0462', 'NDCG@5': '0.0324', 'HR@10': '0.0674', 'NDCG@10': '0.0392', 'HR@20': '0.0945', 'NDCG@20': '0.0461'}
2025-01-06 19:58:37,688 - Validation score increased.  Saving model ...
2025-01-06 20:00:11,186 - {'epoch': 15, 'rec_loss': '7.6067'}
2025-01-06 20:00:35,806 - {'Epoch': 15, 'HR@5': '0.0471', 'NDCG@5': '0.0332', 'HR@10': '0.0660', 'NDCG@10': '0.0393', 'HR@20': '0.0930', 'NDCG@20': '0.0461'}
2025-01-06 20:00:35,807 - Validation score increased.  Saving model ...
2025-01-06 20:02:09,843 - {'epoch': 16, 'rec_loss': '7.5791'}
2025-01-06 20:02:33,697 - {'Epoch': 16, 'HR@5': '0.0471', 'NDCG@5': '0.0332', 'HR@10': '0.0680', 'NDCG@10': '0.0399', 'HR@20': '0.0943', 'NDCG@20': '0.0465'}
2025-01-06 20:02:33,699 - Validation score increased.  Saving model ...
2025-01-06 20:04:06,653 - {'epoch': 17, 'rec_loss': '7.5547'}
2025-01-06 20:04:32,293 - {'Epoch': 17, 'HR@5': '0.0476', 'NDCG@5': '0.0333', 'HR@10': '0.0674', 'NDCG@10': '0.0397', 'HR@20': '0.0943', 'NDCG@20': '0.0464'}
2025-01-06 20:04:32,296 - EarlyStopping counter: 1 out of 10
2025-01-06 20:06:06,612 - {'epoch': 18, 'rec_loss': '7.5289'}
2025-01-06 20:06:31,028 - {'Epoch': 18, 'HR@5': '0.0472', 'NDCG@5': '0.0329', 'HR@10': '0.0680', 'NDCG@10': '0.0396', 'HR@20': '0.0951', 'NDCG@20': '0.0465'}
2025-01-06 20:06:31,029 - EarlyStopping counter: 2 out of 10
2025-01-06 20:08:04,732 - {'epoch': 19, 'rec_loss': '7.5073'}
2025-01-06 20:08:28,711 - {'Epoch': 19, 'HR@5': '0.0467', 'NDCG@5': '0.0327', 'HR@10': '0.0675', 'NDCG@10': '0.0394', 'HR@20': '0.0952', 'NDCG@20': '0.0464'}
2025-01-06 20:08:28,714 - EarlyStopping counter: 3 out of 10
2025-01-06 20:10:03,424 - {'epoch': 20, 'rec_loss': '7.4894'}
2025-01-06 20:10:28,030 - {'Epoch': 20, 'HR@5': '0.0477', 'NDCG@5': '0.0330', 'HR@10': '0.0679', 'NDCG@10': '0.0395', 'HR@20': '0.0960', 'NDCG@20': '0.0466'}
2025-01-06 20:10:28,031 - Validation score increased.  Saving model ...
2025-01-06 20:12:01,953 - {'epoch': 21, 'rec_loss': '7.4686'}
2025-01-06 20:12:26,312 - {'Epoch': 21, 'HR@5': '0.0486', 'NDCG@5': '0.0341', 'HR@10': '0.0684', 'NDCG@10': '0.0405', 'HR@20': '0.0966', 'NDCG@20': '0.0476'}
2025-01-06 20:12:26,314 - Validation score increased.  Saving model ...
2025-01-06 20:14:01,339 - {'epoch': 22, 'rec_loss': '7.4588'}
2025-01-06 20:14:24,800 - {'Epoch': 22, 'HR@5': '0.0474', 'NDCG@5': '0.0328', 'HR@10': '0.0683', 'NDCG@10': '0.0395', 'HR@20': '0.0963', 'NDCG@20': '0.0466'}
2025-01-06 20:14:24,803 - EarlyStopping counter: 1 out of 10
2025-01-06 20:15:58,466 - {'epoch': 23, 'rec_loss': '7.4387'}
2025-01-06 20:16:22,566 - {'Epoch': 23, 'HR@5': '0.0487', 'NDCG@5': '0.0340', 'HR@10': '0.0695', 'NDCG@10': '0.0406', 'HR@20': '0.0971', 'NDCG@20': '0.0476'}
2025-01-06 20:16:22,569 - EarlyStopping counter: 2 out of 10
2025-01-06 20:17:59,300 - {'epoch': 24, 'rec_loss': '7.4241'}
2025-01-06 20:18:23,315 - {'Epoch': 24, 'HR@5': '0.0483', 'NDCG@5': '0.0338', 'HR@10': '0.0685', 'NDCG@10': '0.0403', 'HR@20': '0.0973', 'NDCG@20': '0.0475'}
2025-01-06 20:18:23,316 - EarlyStopping counter: 3 out of 10
2025-01-06 20:19:58,947 - {'epoch': 25, 'rec_loss': '7.4124'}
2025-01-06 20:20:24,086 - {'Epoch': 25, 'HR@5': '0.0479', 'NDCG@5': '0.0337', 'HR@10': '0.0684', 'NDCG@10': '0.0403', 'HR@20': '0.0968', 'NDCG@20': '0.0474'}
2025-01-06 20:20:24,086 - EarlyStopping counter: 4 out of 10
2025-01-06 20:21:57,207 - {'epoch': 26, 'rec_loss': '7.3928'}
2025-01-06 20:22:21,596 - {'Epoch': 26, 'HR@5': '0.0488', 'NDCG@5': '0.0343', 'HR@10': '0.0696', 'NDCG@10': '0.0410', 'HR@20': '0.0962', 'NDCG@20': '0.0477'}
2025-01-06 20:22:21,598 - Validation score increased.  Saving model ...
2025-01-06 20:23:55,657 - {'epoch': 27, 'rec_loss': '7.3836'}
2025-01-06 20:24:20,501 - {'Epoch': 27, 'HR@5': '0.0484', 'NDCG@5': '0.0337', 'HR@10': '0.0684', 'NDCG@10': '0.0402', 'HR@20': '0.0976', 'NDCG@20': '0.0475'}
2025-01-06 20:24:20,502 - EarlyStopping counter: 1 out of 10
2025-01-06 20:25:56,416 - {'epoch': 28, 'rec_loss': '7.3707'}
2025-01-06 20:26:20,325 - {'Epoch': 28, 'HR@5': '0.0489', 'NDCG@5': '0.0343', 'HR@10': '0.0687', 'NDCG@10': '0.0407', 'HR@20': '0.0979', 'NDCG@20': '0.0481'}
2025-01-06 20:26:20,328 - Validation score increased.  Saving model ...
2025-01-06 20:27:54,088 - {'epoch': 29, 'rec_loss': '7.3639'}
2025-01-06 20:28:18,300 - {'Epoch': 29, 'HR@5': '0.0483', 'NDCG@5': '0.0337', 'HR@10': '0.0681', 'NDCG@10': '0.0400', 'HR@20': '0.0967', 'NDCG@20': '0.0472'}
2025-01-06 20:28:18,301 - EarlyStopping counter: 1 out of 10
2025-01-06 20:29:51,446 - {'epoch': 30, 'rec_loss': '7.3545'}
2025-01-06 20:30:15,023 - {'Epoch': 30, 'HR@5': '0.0476', 'NDCG@5': '0.0335', 'HR@10': '0.0692', 'NDCG@10': '0.0404', 'HR@20': '0.0970', 'NDCG@20': '0.0474'}
2025-01-06 20:30:15,023 - EarlyStopping counter: 2 out of 10
2025-01-06 20:31:47,037 - {'epoch': 31, 'rec_loss': '7.3463'}
2025-01-06 20:32:11,516 - {'Epoch': 31, 'HR@5': '0.0477', 'NDCG@5': '0.0334', 'HR@10': '0.0689', 'NDCG@10': '0.0402', 'HR@20': '0.0974', 'NDCG@20': '0.0473'}
2025-01-06 20:32:11,517 - EarlyStopping counter: 3 out of 10
2025-01-06 20:33:43,358 - {'epoch': 32, 'rec_loss': '7.3345'}
2025-01-06 20:34:07,714 - {'Epoch': 32, 'HR@5': '0.0481', 'NDCG@5': '0.0333', 'HR@10': '0.0692', 'NDCG@10': '0.0401', 'HR@20': '0.0974', 'NDCG@20': '0.0472'}
2025-01-06 20:34:07,715 - EarlyStopping counter: 4 out of 10
2025-01-06 20:35:40,481 - {'epoch': 33, 'rec_loss': '7.3231'}
2025-01-06 20:36:04,585 - {'Epoch': 33, 'HR@5': '0.0482', 'NDCG@5': '0.0338', 'HR@10': '0.0700', 'NDCG@10': '0.0408', 'HR@20': '0.0973', 'NDCG@20': '0.0477'}
2025-01-06 20:36:04,588 - EarlyStopping counter: 5 out of 10
2025-01-06 20:37:38,861 - {'epoch': 34, 'rec_loss': '7.3139'}
2025-01-06 20:38:02,430 - {'Epoch': 34, 'HR@5': '0.0489', 'NDCG@5': '0.0338', 'HR@10': '0.0692', 'NDCG@10': '0.0404', 'HR@20': '0.0979', 'NDCG@20': '0.0476'}
2025-01-06 20:38:02,430 - EarlyStopping counter: 6 out of 10
2025-01-06 20:39:35,338 - {'epoch': 35, 'rec_loss': '7.3055'}
2025-01-06 20:39:59,255 - {'Epoch': 35, 'HR@5': '0.0482', 'NDCG@5': '0.0334', 'HR@10': '0.0694', 'NDCG@10': '0.0402', 'HR@20': '0.0978', 'NDCG@20': '0.0474'}
2025-01-06 20:39:59,256 - EarlyStopping counter: 7 out of 10
2025-01-06 20:41:36,548 - {'epoch': 36, 'rec_loss': '7.3006'}
2025-01-06 20:42:00,001 - {'Epoch': 36, 'HR@5': '0.0483', 'NDCG@5': '0.0335', 'HR@10': '0.0690', 'NDCG@10': '0.0402', 'HR@20': '0.0975', 'NDCG@20': '0.0474'}
2025-01-06 20:42:00,002 - EarlyStopping counter: 8 out of 10
2025-01-06 20:43:30,854 - {'epoch': 37, 'rec_loss': '7.2901'}
2025-01-06 20:43:54,766 - {'Epoch': 37, 'HR@5': '0.0490', 'NDCG@5': '0.0341', 'HR@10': '0.0693', 'NDCG@10': '0.0406', 'HR@20': '0.0981', 'NDCG@20': '0.0478'}
2025-01-06 20:43:54,766 - EarlyStopping counter: 9 out of 10
2025-01-06 20:45:28,731 - {'epoch': 38, 'rec_loss': '7.2836'}
2025-01-06 20:45:52,998 - {'Epoch': 38, 'HR@5': '0.0488', 'NDCG@5': '0.0343', 'HR@10': '0.0694', 'NDCG@10': '0.0409', 'HR@20': '0.0979', 'NDCG@20': '0.0481'}
2025-01-06 20:45:52,999 - EarlyStopping counter: 10 out of 10
2025-01-06 20:45:52,999 - Early stopping
2025-01-06 20:45:52,999 - ---------------Test Score---------------
2025-01-06 20:46:16,815 - {'Epoch': 0, 'HR@5': '0.0394', 'NDCG@5': '0.0272', 'HR@10': '0.0558', 'NDCG@10': '0.0325', 'HR@20': '0.0776', 'NDCG@20': '0.0379'}
2025-01-06 20:46:16,816 - BSARec_S_A_Sports_and_Outdoors
2025-01-06 20:46:16,816 - {'Epoch': 0, 'HR@5': '0.0394', 'NDCG@5': '0.0272', 'HR@10': '0.0558', 'NDCG@10': '0.0325', 'HR@20': '0.0776', 'NDCG@20': '0.0379'}
