2025-01-06 19:14:00,004 - Namespace(data_dir='./data/', output_dir='output/', data_name='LastFM', do_eval=False, load_model=None, train_name='BSARec_SA_A_LastFM', num_items=10, num_users=1091, lr=0.0005, batch_size=256, epochs=200, no_cuda=False, log_freq=1, patience=10, num_workers=4, seed=42, weight_decay=0.0, adam_beta1=0.9, adam_beta2=0.999, gpu_id='0', variance=5, model_type='BSARec_SA_A', max_seq_length=50, hidden_size=64, num_hidden_layers=2, hidden_act='gelu', num_attention_heads=1, attention_probs_dropout_prob=0.5, hidden_dropout_prob=0.5, initializer_range=0.02, c=5, alpha=0.7, cuda_condition=True, data_file='./data/LastFM.txt', item_size=3647, checkpoint_path='output/BSARec_SA_A_LastFM.pt', same_target_path='./data/LastFM_same_target.npy')
2025-01-06 19:14:00,017 - BSARecModel_SA_A(
  (item_embeddings): Embedding(3647, 64, padding_idx=0)
  (position_embeddings): Embedding(50, 64)
  (LayerNorm): LayerNorm()
  (dropout): Dropout(p=0.5, inplace=False)
  (item_encoder): BSARecEncoder(
    (blocks): ModuleList(
      (0): BSARecBlock(
        (layer): BSARecLayer(
          (filter_layer): FrequencyLayer(
            (out_dropout): Dropout(p=0.5, inplace=False)
            (LayerNorm): LayerNorm()
          )
          (attention_layer): MultiHeadAttention(
            (query): Linear(in_features=64, out_features=64, bias=True)
            (key): Linear(in_features=64, out_features=64, bias=True)
            (value): Linear(in_features=64, out_features=64, bias=True)
            (softmax): Softmax(dim=-1)
            (attn_dropout): Dropout(p=0.5, inplace=False)
            (dense): Linear(in_features=64, out_features=64, bias=True)
            (LayerNorm): LayerNorm((64,), eps=1e-12, elementwise_affine=True)
            (out_dropout): Dropout(p=0.5, inplace=False)
          )
        )
        (feed_forward_sa): FeedForward(
          (dense_1): Linear(in_features=64, out_features=256, bias=True)
          (dense_2): Linear(in_features=256, out_features=64, bias=True)
          (LayerNorm): LayerNorm()
          (dropout): Dropout(p=0.5, inplace=False)
        )
        (feed_forward_d): FeedForward(
          (dense_1): Linear(in_features=64, out_features=256, bias=True)
          (dense_2): Linear(in_features=256, out_features=64, bias=True)
          (LayerNorm): LayerNorm()
          (dropout): Dropout(p=0.5, inplace=False)
        )
        (fusion_module): ModalityFusion()
      )
      (1): BSARecBlock(
        (layer): BSARecLayer(
          (filter_layer): FrequencyLayer(
            (out_dropout): Dropout(p=0.5, inplace=False)
            (LayerNorm): LayerNorm()
          )
          (attention_layer): MultiHeadAttention(
            (query): Linear(in_features=64, out_features=64, bias=True)
            (key): Linear(in_features=64, out_features=64, bias=True)
            (value): Linear(in_features=64, out_features=64, bias=True)
            (softmax): Softmax(dim=-1)
            (attn_dropout): Dropout(p=0.5, inplace=False)
            (dense): Linear(in_features=64, out_features=64, bias=True)
            (LayerNorm): LayerNorm((64,), eps=1e-12, elementwise_affine=True)
            (out_dropout): Dropout(p=0.5, inplace=False)
          )
        )
        (feed_forward_sa): FeedForward(
          (dense_1): Linear(in_features=64, out_features=256, bias=True)
          (dense_2): Linear(in_features=256, out_features=64, bias=True)
          (LayerNorm): LayerNorm()
          (dropout): Dropout(p=0.5, inplace=False)
        )
        (feed_forward_d): FeedForward(
          (dense_1): Linear(in_features=64, out_features=256, bias=True)
          (dense_2): Linear(in_features=256, out_features=64, bias=True)
          (LayerNorm): LayerNorm()
          (dropout): Dropout(p=0.5, inplace=False)
        )
        (fusion_module): ModalityFusion()
      )
    )
  )
)
2025-01-06 19:14:02,356 - Total Parameters: 403524
2025-01-06 19:14:09,042 - {'epoch': 0, 'rec_loss': '8.0531'}
2025-01-06 19:14:09,650 - {'Epoch': 0, 'HR@5': '0.0239', 'NDCG@5': '0.0141', 'HR@10': '0.0413', 'NDCG@10': '0.0196', 'HR@20': '0.0550', 'NDCG@20': '0.0230'}
2025-01-06 19:14:09,651 - Validation score increased.  Saving model ...
2025-01-06 19:14:15,479 - {'epoch': 1, 'rec_loss': '7.8159'}
2025-01-06 19:14:16,163 - {'Epoch': 1, 'HR@5': '0.0239', 'NDCG@5': '0.0153', 'HR@10': '0.0376', 'NDCG@10': '0.0198', 'HR@20': '0.0606', 'NDCG@20': '0.0255'}
2025-01-06 19:14:16,164 - Validation score increased.  Saving model ...
2025-01-06 19:14:23,302 - {'epoch': 2, 'rec_loss': '7.7093'}
2025-01-06 19:14:23,995 - {'Epoch': 2, 'HR@5': '0.0229', 'NDCG@5': '0.0144', 'HR@10': '0.0358', 'NDCG@10': '0.0186', 'HR@20': '0.0560', 'NDCG@20': '0.0236'}
2025-01-06 19:14:23,996 - EarlyStopping counter: 1 out of 10
2025-01-06 19:14:30,761 - {'epoch': 3, 'rec_loss': '7.5899'}
2025-01-06 19:14:31,393 - {'Epoch': 3, 'HR@5': '0.0248', 'NDCG@5': '0.0141', 'HR@10': '0.0376', 'NDCG@10': '0.0182', 'HR@20': '0.0541', 'NDCG@20': '0.0223'}
2025-01-06 19:14:31,394 - EarlyStopping counter: 2 out of 10
2025-01-06 19:14:38,491 - {'epoch': 4, 'rec_loss': '7.4799'}
2025-01-06 19:14:39,352 - {'Epoch': 4, 'HR@5': '0.0275', 'NDCG@5': '0.0182', 'HR@10': '0.0413', 'NDCG@10': '0.0226', 'HR@20': '0.0560', 'NDCG@20': '0.0262'}
2025-01-06 19:14:39,356 - Validation score increased.  Saving model ...
2025-01-06 19:14:47,190 - {'epoch': 5, 'rec_loss': '7.3635'}
2025-01-06 19:14:48,097 - {'Epoch': 5, 'HR@5': '0.0303', 'NDCG@5': '0.0203', 'HR@10': '0.0431', 'NDCG@10': '0.0243', 'HR@20': '0.0615', 'NDCG@20': '0.0290'}
2025-01-06 19:14:48,101 - Validation score increased.  Saving model ...
2025-01-06 19:14:56,038 - {'epoch': 6, 'rec_loss': '7.2455'}
2025-01-06 19:14:56,879 - {'Epoch': 6, 'HR@5': '0.0303', 'NDCG@5': '0.0204', 'HR@10': '0.0459', 'NDCG@10': '0.0256', 'HR@20': '0.0734', 'NDCG@20': '0.0324'}
2025-01-06 19:14:56,880 - Validation score increased.  Saving model ...
2025-01-06 19:15:05,870 - {'epoch': 7, 'rec_loss': '7.1304'}
2025-01-06 19:15:06,663 - {'Epoch': 7, 'HR@5': '0.0358', 'NDCG@5': '0.0228', 'HR@10': '0.0541', 'NDCG@10': '0.0288', 'HR@20': '0.0771', 'NDCG@20': '0.0344'}
2025-01-06 19:15:06,664 - Validation score increased.  Saving model ...
2025-01-06 19:15:15,649 - {'epoch': 8, 'rec_loss': '7.0035'}
2025-01-06 19:15:16,528 - {'Epoch': 8, 'HR@5': '0.0376', 'NDCG@5': '0.0236', 'HR@10': '0.0560', 'NDCG@10': '0.0295', 'HR@20': '0.0844', 'NDCG@20': '0.0366'}
2025-01-06 19:15:16,529 - Validation score increased.  Saving model ...
2025-01-06 19:15:24,843 - {'epoch': 9, 'rec_loss': '6.7902'}
2025-01-06 19:15:25,702 - {'Epoch': 9, 'HR@5': '0.0358', 'NDCG@5': '0.0211', 'HR@10': '0.0596', 'NDCG@10': '0.0288', 'HR@20': '0.0899', 'NDCG@20': '0.0363'}
2025-01-06 19:15:25,703 - EarlyStopping counter: 1 out of 10
2025-01-06 19:15:33,767 - {'epoch': 10, 'rec_loss': '6.5275'}
2025-01-06 19:15:34,593 - {'Epoch': 10, 'HR@5': '0.0495', 'NDCG@5': '0.0297', 'HR@10': '0.0697', 'NDCG@10': '0.0361', 'HR@20': '0.1037', 'NDCG@20': '0.0447'}
2025-01-06 19:15:34,594 - Validation score increased.  Saving model ...
2025-01-06 19:15:42,491 - {'epoch': 11, 'rec_loss': '6.3163'}
2025-01-06 19:15:43,214 - {'Epoch': 11, 'HR@5': '0.0532', 'NDCG@5': '0.0342', 'HR@10': '0.0835', 'NDCG@10': '0.0439', 'HR@20': '0.1202', 'NDCG@20': '0.0531'}
2025-01-06 19:15:43,218 - Validation score increased.  Saving model ...
2025-01-06 19:15:51,045 - {'epoch': 12, 'rec_loss': '6.1280'}
2025-01-06 19:15:51,831 - {'Epoch': 12, 'HR@5': '0.0523', 'NDCG@5': '0.0339', 'HR@10': '0.0826', 'NDCG@10': '0.0436', 'HR@20': '0.1202', 'NDCG@20': '0.0532'}
2025-01-06 19:15:51,832 - Validation score increased.  Saving model ...
2025-01-06 19:15:59,619 - {'epoch': 13, 'rec_loss': '5.9867'}
2025-01-06 19:16:00,395 - {'Epoch': 13, 'HR@5': '0.0569', 'NDCG@5': '0.0358', 'HR@10': '0.0826', 'NDCG@10': '0.0440', 'HR@20': '0.1321', 'NDCG@20': '0.0564'}
2025-01-06 19:16:00,396 - Validation score increased.  Saving model ...
2025-01-06 19:16:08,313 - {'epoch': 14, 'rec_loss': '5.8669'}
2025-01-06 19:16:08,994 - {'Epoch': 14, 'HR@5': '0.0550', 'NDCG@5': '0.0380', 'HR@10': '0.0890', 'NDCG@10': '0.0489', 'HR@20': '0.1294', 'NDCG@20': '0.0592'}
2025-01-06 19:16:08,995 - Validation score increased.  Saving model ...
2025-01-06 19:16:16,779 - {'epoch': 15, 'rec_loss': '5.7588'}
2025-01-06 19:16:17,568 - {'Epoch': 15, 'HR@5': '0.0514', 'NDCG@5': '0.0350', 'HR@10': '0.0835', 'NDCG@10': '0.0454', 'HR@20': '0.1321', 'NDCG@20': '0.0577'}
2025-01-06 19:16:17,569 - EarlyStopping counter: 1 out of 10
2025-01-06 19:16:25,772 - {'epoch': 16, 'rec_loss': '5.6918'}
2025-01-06 19:16:26,690 - {'Epoch': 16, 'HR@5': '0.0550', 'NDCG@5': '0.0365', 'HR@10': '0.0890', 'NDCG@10': '0.0473', 'HR@20': '0.1349', 'NDCG@20': '0.0589'}
2025-01-06 19:16:26,690 - EarlyStopping counter: 2 out of 10
2025-01-06 19:16:34,504 - {'epoch': 17, 'rec_loss': '5.6301'}
2025-01-06 19:16:35,438 - {'Epoch': 17, 'HR@5': '0.0541', 'NDCG@5': '0.0354', 'HR@10': '0.0927', 'NDCG@10': '0.0476', 'HR@20': '0.1312', 'NDCG@20': '0.0573'}
2025-01-06 19:16:35,439 - EarlyStopping counter: 3 out of 10
2025-01-06 19:16:43,359 - {'epoch': 18, 'rec_loss': '5.5543'}
2025-01-06 19:16:44,086 - {'Epoch': 18, 'HR@5': '0.0615', 'NDCG@5': '0.0377', 'HR@10': '0.0963', 'NDCG@10': '0.0488', 'HR@20': '0.1349', 'NDCG@20': '0.0583'}
2025-01-06 19:16:44,086 - EarlyStopping counter: 4 out of 10
2025-01-06 19:16:52,315 - {'epoch': 19, 'rec_loss': '5.5083'}
2025-01-06 19:16:53,052 - {'Epoch': 19, 'HR@5': '0.0596', 'NDCG@5': '0.0384', 'HR@10': '0.1009', 'NDCG@10': '0.0517', 'HR@20': '0.1450', 'NDCG@20': '0.0628'}
2025-01-06 19:16:53,053 - Validation score increased.  Saving model ...
2025-01-06 19:17:00,832 - {'epoch': 20, 'rec_loss': '5.4604'}
2025-01-06 19:17:01,646 - {'Epoch': 20, 'HR@5': '0.0642', 'NDCG@5': '0.0404', 'HR@10': '0.1018', 'NDCG@10': '0.0525', 'HR@20': '0.1422', 'NDCG@20': '0.0626'}
2025-01-06 19:17:01,647 - EarlyStopping counter: 1 out of 10
2025-01-06 19:17:09,673 - {'epoch': 21, 'rec_loss': '5.4263'}
2025-01-06 19:17:10,466 - {'Epoch': 21, 'HR@5': '0.0624', 'NDCG@5': '0.0398', 'HR@10': '0.0917', 'NDCG@10': '0.0493', 'HR@20': '0.1413', 'NDCG@20': '0.0619'}
2025-01-06 19:17:10,467 - EarlyStopping counter: 2 out of 10
2025-01-06 19:17:18,304 - {'epoch': 22, 'rec_loss': '5.3828'}
2025-01-06 19:17:19,173 - {'Epoch': 22, 'HR@5': '0.0578', 'NDCG@5': '0.0392', 'HR@10': '0.0982', 'NDCG@10': '0.0522', 'HR@20': '0.1495', 'NDCG@20': '0.0651'}
2025-01-06 19:17:19,174 - Validation score increased.  Saving model ...
2025-01-06 19:17:26,884 - {'epoch': 23, 'rec_loss': '5.3520'}
2025-01-06 19:17:27,700 - {'Epoch': 23, 'HR@5': '0.0624', 'NDCG@5': '0.0401', 'HR@10': '0.0991', 'NDCG@10': '0.0519', 'HR@20': '0.1413', 'NDCG@20': '0.0624'}
2025-01-06 19:17:27,701 - EarlyStopping counter: 1 out of 10
2025-01-06 19:17:35,815 - {'epoch': 24, 'rec_loss': '5.3172'}
2025-01-06 19:17:36,644 - {'Epoch': 24, 'HR@5': '0.0633', 'NDCG@5': '0.0410', 'HR@10': '0.0963', 'NDCG@10': '0.0516', 'HR@20': '0.1376', 'NDCG@20': '0.0621'}
2025-01-06 19:17:36,645 - EarlyStopping counter: 2 out of 10
2025-01-06 19:17:44,282 - {'epoch': 25, 'rec_loss': '5.3011'}
2025-01-06 19:17:45,048 - {'Epoch': 25, 'HR@5': '0.0633', 'NDCG@5': '0.0398', 'HR@10': '0.0954', 'NDCG@10': '0.0502', 'HR@20': '0.1450', 'NDCG@20': '0.0627'}
2025-01-06 19:17:45,049 - EarlyStopping counter: 3 out of 10
2025-01-06 19:17:53,030 - {'epoch': 26, 'rec_loss': '5.2712'}
2025-01-06 19:17:53,720 - {'Epoch': 26, 'HR@5': '0.0642', 'NDCG@5': '0.0388', 'HR@10': '0.1028', 'NDCG@10': '0.0513', 'HR@20': '0.1477', 'NDCG@20': '0.0626'}
2025-01-06 19:17:53,721 - EarlyStopping counter: 4 out of 10
2025-01-06 19:18:01,283 - {'epoch': 27, 'rec_loss': '5.2424'}
2025-01-06 19:18:02,118 - {'Epoch': 27, 'HR@5': '0.0642', 'NDCG@5': '0.0416', 'HR@10': '0.1018', 'NDCG@10': '0.0538', 'HR@20': '0.1514', 'NDCG@20': '0.0663'}
2025-01-06 19:18:02,119 - Validation score increased.  Saving model ...
2025-01-06 19:18:10,273 - {'epoch': 28, 'rec_loss': '5.2174'}
2025-01-06 19:18:11,211 - {'Epoch': 28, 'HR@5': '0.0651', 'NDCG@5': '0.0426', 'HR@10': '0.1046', 'NDCG@10': '0.0552', 'HR@20': '0.1477', 'NDCG@20': '0.0661'}
2025-01-06 19:18:11,212 - EarlyStopping counter: 1 out of 10
2025-01-06 19:18:18,930 - {'epoch': 29, 'rec_loss': '5.1977'}
2025-01-06 19:18:19,828 - {'Epoch': 29, 'HR@5': '0.0642', 'NDCG@5': '0.0400', 'HR@10': '0.1046', 'NDCG@10': '0.0533', 'HR@20': '0.1578', 'NDCG@20': '0.0667'}
2025-01-06 19:18:19,829 - Validation score increased.  Saving model ...
2025-01-06 19:18:27,726 - {'epoch': 30, 'rec_loss': '5.1622'}
2025-01-06 19:18:28,556 - {'Epoch': 30, 'HR@5': '0.0661', 'NDCG@5': '0.0411', 'HR@10': '0.1046', 'NDCG@10': '0.0533', 'HR@20': '0.1459', 'NDCG@20': '0.0637'}
2025-01-06 19:18:28,557 - EarlyStopping counter: 1 out of 10
2025-01-06 19:18:36,451 - {'epoch': 31, 'rec_loss': '5.1461'}
2025-01-06 19:18:37,380 - {'Epoch': 31, 'HR@5': '0.0706', 'NDCG@5': '0.0418', 'HR@10': '0.1055', 'NDCG@10': '0.0531', 'HR@20': '0.1505', 'NDCG@20': '0.0643'}
2025-01-06 19:18:37,381 - EarlyStopping counter: 2 out of 10
2025-01-06 19:18:45,283 - {'epoch': 32, 'rec_loss': '5.1246'}
2025-01-06 19:18:46,171 - {'Epoch': 32, 'HR@5': '0.0642', 'NDCG@5': '0.0397', 'HR@10': '0.1101', 'NDCG@10': '0.0545', 'HR@20': '0.1550', 'NDCG@20': '0.0658'}
2025-01-06 19:18:46,172 - EarlyStopping counter: 3 out of 10
2025-01-06 19:18:54,541 - {'epoch': 33, 'rec_loss': '5.1136'}
2025-01-06 19:18:55,313 - {'Epoch': 33, 'HR@5': '0.0688', 'NDCG@5': '0.0407', 'HR@10': '0.1000', 'NDCG@10': '0.0510', 'HR@20': '0.1486', 'NDCG@20': '0.0633'}
2025-01-06 19:18:55,314 - EarlyStopping counter: 4 out of 10
2025-01-06 19:19:03,399 - {'epoch': 34, 'rec_loss': '5.0974'}
2025-01-06 19:19:04,106 - {'Epoch': 34, 'HR@5': '0.0642', 'NDCG@5': '0.0408', 'HR@10': '0.1028', 'NDCG@10': '0.0533', 'HR@20': '0.1495', 'NDCG@20': '0.0651'}
2025-01-06 19:19:04,107 - EarlyStopping counter: 5 out of 10
2025-01-06 19:19:11,922 - {'epoch': 35, 'rec_loss': '5.0816'}
2025-01-06 19:19:12,646 - {'Epoch': 35, 'HR@5': '0.0642', 'NDCG@5': '0.0390', 'HR@10': '0.0972', 'NDCG@10': '0.0498', 'HR@20': '0.1477', 'NDCG@20': '0.0625'}
2025-01-06 19:19:12,646 - EarlyStopping counter: 6 out of 10
2025-01-06 19:19:19,635 - {'epoch': 36, 'rec_loss': '5.0687'}
2025-01-06 19:19:20,317 - {'Epoch': 36, 'HR@5': '0.0633', 'NDCG@5': '0.0378', 'HR@10': '0.1009', 'NDCG@10': '0.0501', 'HR@20': '0.1450', 'NDCG@20': '0.0612'}
2025-01-06 19:19:20,317 - EarlyStopping counter: 7 out of 10
2025-01-06 19:19:26,950 - {'epoch': 37, 'rec_loss': '5.0479'}
2025-01-06 19:19:27,680 - {'Epoch': 37, 'HR@5': '0.0661', 'NDCG@5': '0.0395', 'HR@10': '0.1000', 'NDCG@10': '0.0503', 'HR@20': '0.1523', 'NDCG@20': '0.0634'}
2025-01-06 19:19:27,681 - EarlyStopping counter: 8 out of 10
2025-01-06 19:19:34,221 - {'epoch': 38, 'rec_loss': '5.0270'}
2025-01-06 19:19:34,820 - {'Epoch': 38, 'HR@5': '0.0651', 'NDCG@5': '0.0384', 'HR@10': '0.1037', 'NDCG@10': '0.0508', 'HR@20': '0.1523', 'NDCG@20': '0.0630'}
2025-01-06 19:19:34,821 - EarlyStopping counter: 9 out of 10
2025-01-06 19:19:40,951 - {'epoch': 39, 'rec_loss': '5.0162'}
2025-01-06 19:19:41,527 - {'Epoch': 39, 'HR@5': '0.0606', 'NDCG@5': '0.0379', 'HR@10': '0.1009', 'NDCG@10': '0.0510', 'HR@20': '0.1450', 'NDCG@20': '0.0621'}
2025-01-06 19:19:41,528 - EarlyStopping counter: 10 out of 10
2025-01-06 19:19:41,528 - Early stopping
2025-01-06 19:19:41,528 - ---------------Test Score---------------
2025-01-06 19:19:42,164 - {'Epoch': 0, 'HR@5': '0.0459', 'NDCG@5': '0.0335', 'HR@10': '0.0697', 'NDCG@10': '0.0412', 'HR@20': '0.0991', 'NDCG@20': '0.0486'}
2025-01-06 19:19:42,164 - BSARec_SA_A_LastFM
2025-01-06 19:19:42,165 - {'Epoch': 0, 'HR@5': '0.0459', 'NDCG@5': '0.0335', 'HR@10': '0.0697', 'NDCG@10': '0.0412', 'HR@20': '0.0991', 'NDCG@20': '0.0486'}
