2025-01-06 19:03:56,967 - Namespace(data_dir='./data/', output_dir='output/', data_name='Beauty', do_eval=False, load_model=None, train_name='BSARec_A_Beauty', num_items=10, num_users=22364, lr=0.0005, batch_size=256, epochs=200, no_cuda=False, log_freq=1, patience=10, num_workers=4, seed=42, weight_decay=0.0, adam_beta1=0.9, adam_beta2=0.999, gpu_id='0', variance=5, model_type='BSARec_A', max_seq_length=50, hidden_size=64, num_hidden_layers=2, hidden_act='gelu', num_attention_heads=1, attention_probs_dropout_prob=0.5, hidden_dropout_prob=0.5, initializer_range=0.02, c=5, alpha=0.7, cuda_condition=True, data_file='./data/Beauty.txt', item_size=12102, checkpoint_path='output/BSARec_A_Beauty.pt', same_target_path='./data/Beauty_same_target.npy')
2025-01-06 19:03:56,978 - BSARecModel_A(
  (item_embeddings): Embedding(12102, 64, padding_idx=0)
  (position_embeddings): Embedding(50, 64)
  (LayerNorm): LayerNorm()
  (dropout): Dropout(p=0.5, inplace=False)
  (item_encoder): BSARecEncoder(
    (blocks): ModuleList(
      (0): BSARecBlock(
        (layer): BSARecLayer(
          (filter_layer): FrequencyLayer(
            (out_dropout): Dropout(p=0.5, inplace=False)
            (LayerNorm): LayerNorm()
          )
          (attention_layer): MultiHeadAttention(
            (query): Linear(in_features=64, out_features=64, bias=True)
            (key): Linear(in_features=64, out_features=64, bias=True)
            (value): Linear(in_features=64, out_features=64, bias=True)
            (softmax): Softmax(dim=-1)
            (attn_dropout): Dropout(p=0.5, inplace=False)
            (dense): Linear(in_features=64, out_features=64, bias=True)
            (LayerNorm): LayerNorm((64,), eps=1e-12, elementwise_affine=True)
            (out_dropout): Dropout(p=0.5, inplace=False)
          )
        )
        (feed_forward_d): FeedForward(
          (dense_1): Linear(in_features=64, out_features=256, bias=True)
          (dense_2): Linear(in_features=256, out_features=64, bias=True)
          (LayerNorm): LayerNorm()
          (dropout): Dropout(p=0.5, inplace=False)
        )
      )
      (1): BSARecBlock(
        (layer): BSARecLayer(
          (filter_layer): FrequencyLayer(
            (out_dropout): Dropout(p=0.5, inplace=False)
            (LayerNorm): LayerNorm()
          )
          (attention_layer): MultiHeadAttention(
            (query): Linear(in_features=64, out_features=64, bias=True)
            (key): Linear(in_features=64, out_features=64, bias=True)
            (value): Linear(in_features=64, out_features=64, bias=True)
            (softmax): Softmax(dim=-1)
            (attn_dropout): Dropout(p=0.5, inplace=False)
            (dense): Linear(in_features=64, out_features=64, bias=True)
            (LayerNorm): LayerNorm((64,), eps=1e-12, elementwise_affine=True)
            (out_dropout): Dropout(p=0.5, inplace=False)
          )
        )
        (feed_forward_d): FeedForward(
          (dense_1): Linear(in_features=64, out_features=256, bias=True)
          (dense_2): Linear(in_features=256, out_features=64, bias=True)
          (LayerNorm): LayerNorm()
          (dropout): Dropout(p=0.5, inplace=False)
        )
      )
    )
  )
)
2025-01-06 19:03:58,609 - Total Parameters: 878208
2025-01-06 19:04:10,626 - {'epoch': 0, 'rec_loss': '8.8959'}
2025-01-06 19:04:15,372 - {'Epoch': 0, 'HR@5': '0.0119', 'NDCG@5': '0.0076', 'HR@10': '0.0206', 'NDCG@10': '0.0104', 'HR@20': '0.0348', 'NDCG@20': '0.0140'}
2025-01-06 19:04:15,372 - Validation score increased.  Saving model ...
2025-01-06 19:04:26,463 - {'epoch': 1, 'rec_loss': '8.5295'}
2025-01-06 19:04:31,474 - {'Epoch': 1, 'HR@5': '0.0151', 'NDCG@5': '0.0095', 'HR@10': '0.0252', 'NDCG@10': '0.0128', 'HR@20': '0.0422', 'NDCG@20': '0.0170'}
2025-01-06 19:04:31,474 - Validation score increased.  Saving model ...
2025-01-06 19:04:42,516 - {'epoch': 2, 'rec_loss': '8.3605'}
2025-01-06 19:04:47,772 - {'Epoch': 2, 'HR@5': '0.0227', 'NDCG@5': '0.0141', 'HR@10': '0.0383', 'NDCG@10': '0.0191', 'HR@20': '0.0586', 'NDCG@20': '0.0242'}
2025-01-06 19:04:47,776 - Validation score increased.  Saving model ...
2025-01-06 19:04:58,761 - {'epoch': 3, 'rec_loss': '8.1639'}
2025-01-06 19:05:03,032 - {'Epoch': 3, 'HR@5': '0.0313', 'NDCG@5': '0.0208', 'HR@10': '0.0508', 'NDCG@10': '0.0271', 'HR@20': '0.0764', 'NDCG@20': '0.0335'}
2025-01-06 19:05:03,032 - Validation score increased.  Saving model ...
2025-01-06 19:05:14,572 - {'epoch': 4, 'rec_loss': '7.9764'}
2025-01-06 19:05:19,330 - {'Epoch': 4, 'HR@5': '0.0401', 'NDCG@5': '0.0263', 'HR@10': '0.0602', 'NDCG@10': '0.0328', 'HR@20': '0.0891', 'NDCG@20': '0.0401'}
2025-01-06 19:05:19,331 - Validation score increased.  Saving model ...
2025-01-06 19:05:30,848 - {'epoch': 5, 'rec_loss': '7.8265'}
2025-01-06 19:05:35,241 - {'Epoch': 5, 'HR@5': '0.0472', 'NDCG@5': '0.0313', 'HR@10': '0.0692', 'NDCG@10': '0.0384', 'HR@20': '0.1014', 'NDCG@20': '0.0465'}
2025-01-06 19:05:35,242 - Validation score increased.  Saving model ...
2025-01-06 19:05:46,382 - {'epoch': 6, 'rec_loss': '7.6894'}
2025-01-06 19:05:50,900 - {'Epoch': 6, 'HR@5': '0.0571', 'NDCG@5': '0.0372', 'HR@10': '0.0809', 'NDCG@10': '0.0448', 'HR@20': '0.1157', 'NDCG@20': '0.0536'}
2025-01-06 19:05:50,901 - Validation score increased.  Saving model ...
2025-01-06 19:06:01,046 - {'epoch': 7, 'rec_loss': '7.5672'}
2025-01-06 19:06:05,853 - {'Epoch': 7, 'HR@5': '0.0634', 'NDCG@5': '0.0432', 'HR@10': '0.0910', 'NDCG@10': '0.0521', 'HR@20': '0.1274', 'NDCG@20': '0.0613'}
2025-01-06 19:06:05,858 - Validation score increased.  Saving model ...
2025-01-06 19:06:15,734 - {'epoch': 8, 'rec_loss': '7.4562'}
2025-01-06 19:06:20,762 - {'Epoch': 8, 'HR@5': '0.0705', 'NDCG@5': '0.0491', 'HR@10': '0.0972', 'NDCG@10': '0.0577', 'HR@20': '0.1349', 'NDCG@20': '0.0671'}
2025-01-06 19:06:20,762 - Validation score increased.  Saving model ...
2025-01-06 19:06:30,197 - {'epoch': 9, 'rec_loss': '7.3569'}
2025-01-06 19:06:35,639 - {'Epoch': 9, 'HR@5': '0.0726', 'NDCG@5': '0.0514', 'HR@10': '0.1010', 'NDCG@10': '0.0606', 'HR@20': '0.1387', 'NDCG@20': '0.0700'}
2025-01-06 19:06:35,640 - Validation score increased.  Saving model ...
2025-01-06 19:06:44,433 - {'epoch': 10, 'rec_loss': '7.2691'}
2025-01-06 19:06:50,237 - {'Epoch': 10, 'HR@5': '0.0762', 'NDCG@5': '0.0542', 'HR@10': '0.1054', 'NDCG@10': '0.0635', 'HR@20': '0.1433', 'NDCG@20': '0.0731'}
2025-01-06 19:06:50,238 - Validation score increased.  Saving model ...
2025-01-06 19:06:59,036 - {'epoch': 11, 'rec_loss': '7.1929'}
2025-01-06 19:07:04,937 - {'Epoch': 11, 'HR@5': '0.0780', 'NDCG@5': '0.0553', 'HR@10': '0.1093', 'NDCG@10': '0.0653', 'HR@20': '0.1458', 'NDCG@20': '0.0746'}
2025-01-06 19:07:04,942 - Validation score increased.  Saving model ...
2025-01-06 19:07:14,145 - {'epoch': 12, 'rec_loss': '7.1273'}
2025-01-06 19:07:19,679 - {'Epoch': 12, 'HR@5': '0.0800', 'NDCG@5': '0.0565', 'HR@10': '0.1112', 'NDCG@10': '0.0665', 'HR@20': '0.1482', 'NDCG@20': '0.0758'}
2025-01-06 19:07:19,683 - Validation score increased.  Saving model ...
2025-01-06 19:07:28,463 - {'epoch': 13, 'rec_loss': '7.0710'}
2025-01-06 19:07:34,215 - {'Epoch': 13, 'HR@5': '0.0812', 'NDCG@5': '0.0576', 'HR@10': '0.1126', 'NDCG@10': '0.0678', 'HR@20': '0.1518', 'NDCG@20': '0.0776'}
2025-01-06 19:07:34,215 - Validation score increased.  Saving model ...
2025-01-06 19:07:43,711 - {'epoch': 14, 'rec_loss': '7.0147'}
2025-01-06 19:07:49,427 - {'Epoch': 14, 'HR@5': '0.0813', 'NDCG@5': '0.0574', 'HR@10': '0.1122', 'NDCG@10': '0.0673', 'HR@20': '0.1512', 'NDCG@20': '0.0771'}
2025-01-06 19:07:49,428 - EarlyStopping counter: 1 out of 10
2025-01-06 19:07:59,059 - {'epoch': 15, 'rec_loss': '6.9755'}
2025-01-06 19:08:04,450 - {'Epoch': 15, 'HR@5': '0.0833', 'NDCG@5': '0.0591', 'HR@10': '0.1132', 'NDCG@10': '0.0687', 'HR@20': '0.1528', 'NDCG@20': '0.0787'}
2025-01-06 19:08:04,451 - Validation score increased.  Saving model ...
2025-01-06 19:08:14,251 - {'epoch': 16, 'rec_loss': '6.9360'}
2025-01-06 19:08:19,821 - {'Epoch': 16, 'HR@5': '0.0845', 'NDCG@5': '0.0602', 'HR@10': '0.1160', 'NDCG@10': '0.0703', 'HR@20': '0.1548', 'NDCG@20': '0.0801'}
2025-01-06 19:08:19,822 - Validation score increased.  Saving model ...
2025-01-06 19:08:29,591 - {'epoch': 17, 'rec_loss': '6.9053'}
2025-01-06 19:08:35,008 - {'Epoch': 17, 'HR@5': '0.0830', 'NDCG@5': '0.0590', 'HR@10': '0.1148', 'NDCG@10': '0.0693', 'HR@20': '0.1559', 'NDCG@20': '0.0797'}
2025-01-06 19:08:35,010 - EarlyStopping counter: 1 out of 10
2025-01-06 19:08:45,174 - {'epoch': 18, 'rec_loss': '6.8772'}
2025-01-06 19:08:50,781 - {'Epoch': 18, 'HR@5': '0.0851', 'NDCG@5': '0.0604', 'HR@10': '0.1148', 'NDCG@10': '0.0700', 'HR@20': '0.1566', 'NDCG@20': '0.0805'}
2025-01-06 19:08:50,782 - Validation score increased.  Saving model ...
2025-01-06 19:09:00,746 - {'epoch': 19, 'rec_loss': '6.8487'}
2025-01-06 19:09:06,111 - {'Epoch': 19, 'HR@5': '0.0833', 'NDCG@5': '0.0591', 'HR@10': '0.1162', 'NDCG@10': '0.0697', 'HR@20': '0.1574', 'NDCG@20': '0.0801'}
2025-01-06 19:09:06,112 - EarlyStopping counter: 1 out of 10
2025-01-06 19:09:16,116 - {'epoch': 20, 'rec_loss': '6.8232'}
2025-01-06 19:09:20,852 - {'Epoch': 20, 'HR@5': '0.0834', 'NDCG@5': '0.0585', 'HR@10': '0.1148', 'NDCG@10': '0.0686', 'HR@20': '0.1559', 'NDCG@20': '0.0789'}
2025-01-06 19:09:20,854 - EarlyStopping counter: 2 out of 10
2025-01-06 19:09:31,201 - {'epoch': 21, 'rec_loss': '6.8057'}
2025-01-06 19:09:35,755 - {'Epoch': 21, 'HR@5': '0.0840', 'NDCG@5': '0.0596', 'HR@10': '0.1159', 'NDCG@10': '0.0698', 'HR@20': '0.1558', 'NDCG@20': '0.0798'}
2025-01-06 19:09:35,755 - EarlyStopping counter: 3 out of 10
2025-01-06 19:09:46,324 - {'epoch': 22, 'rec_loss': '6.7845'}
2025-01-06 19:09:51,402 - {'Epoch': 22, 'HR@5': '0.0869', 'NDCG@5': '0.0616', 'HR@10': '0.1165', 'NDCG@10': '0.0711', 'HR@20': '0.1564', 'NDCG@20': '0.0812'}
2025-01-06 19:09:51,402 - Validation score increased.  Saving model ...
2025-01-06 19:10:02,250 - {'epoch': 23, 'rec_loss': '6.7715'}
2025-01-06 19:10:06,752 - {'Epoch': 23, 'HR@5': '0.0846', 'NDCG@5': '0.0603', 'HR@10': '0.1164', 'NDCG@10': '0.0705', 'HR@20': '0.1564', 'NDCG@20': '0.0806'}
2025-01-06 19:10:06,752 - EarlyStopping counter: 1 out of 10
2025-01-06 19:10:17,902 - {'epoch': 24, 'rec_loss': '6.7491'}
2025-01-06 19:10:22,824 - {'Epoch': 24, 'HR@5': '0.0838', 'NDCG@5': '0.0586', 'HR@10': '0.1163', 'NDCG@10': '0.0691', 'HR@20': '0.1573', 'NDCG@20': '0.0794'}
2025-01-06 19:10:22,829 - EarlyStopping counter: 2 out of 10
2025-01-06 19:10:33,939 - {'epoch': 25, 'rec_loss': '6.7359'}
2025-01-06 19:10:38,526 - {'Epoch': 25, 'HR@5': '0.0844', 'NDCG@5': '0.0594', 'HR@10': '0.1175', 'NDCG@10': '0.0700', 'HR@20': '0.1575', 'NDCG@20': '0.0801'}
2025-01-06 19:10:38,529 - EarlyStopping counter: 3 out of 10
2025-01-06 19:10:50,040 - {'epoch': 26, 'rec_loss': '6.7202'}
2025-01-06 19:10:54,456 - {'Epoch': 26, 'HR@5': '0.0845', 'NDCG@5': '0.0599', 'HR@10': '0.1170', 'NDCG@10': '0.0704', 'HR@20': '0.1565', 'NDCG@20': '0.0803'}
2025-01-06 19:10:54,457 - EarlyStopping counter: 4 out of 10
2025-01-06 19:11:06,058 - {'epoch': 27, 'rec_loss': '6.7106'}
2025-01-06 19:11:10,513 - {'Epoch': 27, 'HR@5': '0.0849', 'NDCG@5': '0.0599', 'HR@10': '0.1177', 'NDCG@10': '0.0705', 'HR@20': '0.1580', 'NDCG@20': '0.0806'}
2025-01-06 19:11:10,516 - EarlyStopping counter: 5 out of 10
2025-01-06 19:11:22,187 - {'epoch': 28, 'rec_loss': '6.6966'}
2025-01-06 19:11:26,610 - {'Epoch': 28, 'HR@5': '0.0846', 'NDCG@5': '0.0598', 'HR@10': '0.1173', 'NDCG@10': '0.0704', 'HR@20': '0.1575', 'NDCG@20': '0.0805'}
2025-01-06 19:11:26,610 - EarlyStopping counter: 6 out of 10
2025-01-06 19:11:37,854 - {'epoch': 29, 'rec_loss': '6.6862'}
2025-01-06 19:11:42,629 - {'Epoch': 29, 'HR@5': '0.0827', 'NDCG@5': '0.0585', 'HR@10': '0.1177', 'NDCG@10': '0.0698', 'HR@20': '0.1571', 'NDCG@20': '0.0797'}
2025-01-06 19:11:42,629 - EarlyStopping counter: 7 out of 10
2025-01-06 19:11:53,286 - {'epoch': 30, 'rec_loss': '6.6724'}
2025-01-06 19:11:58,112 - {'Epoch': 30, 'HR@5': '0.0846', 'NDCG@5': '0.0594', 'HR@10': '0.1165', 'NDCG@10': '0.0697', 'HR@20': '0.1577', 'NDCG@20': '0.0800'}
2025-01-06 19:11:58,116 - EarlyStopping counter: 8 out of 10
2025-01-06 19:12:07,956 - {'epoch': 31, 'rec_loss': '6.6609'}
2025-01-06 19:12:12,933 - {'Epoch': 31, 'HR@5': '0.0860', 'NDCG@5': '0.0609', 'HR@10': '0.1189', 'NDCG@10': '0.0715', 'HR@20': '0.1598', 'NDCG@20': '0.0818'}
2025-01-06 19:12:12,934 - Validation score increased.  Saving model ...
2025-01-06 19:12:21,831 - {'epoch': 32, 'rec_loss': '6.6542'}
2025-01-06 19:12:27,137 - {'Epoch': 32, 'HR@5': '0.0848', 'NDCG@5': '0.0596', 'HR@10': '0.1170', 'NDCG@10': '0.0700', 'HR@20': '0.1588', 'NDCG@20': '0.0805'}
2025-01-06 19:12:27,138 - EarlyStopping counter: 1 out of 10
2025-01-06 19:12:35,746 - {'epoch': 33, 'rec_loss': '6.6447'}
2025-01-06 19:12:41,119 - {'Epoch': 33, 'HR@5': '0.0855', 'NDCG@5': '0.0604', 'HR@10': '0.1183', 'NDCG@10': '0.0709', 'HR@20': '0.1587', 'NDCG@20': '0.0811'}
2025-01-06 19:12:41,120 - EarlyStopping counter: 2 out of 10
2025-01-06 19:12:50,199 - {'epoch': 34, 'rec_loss': '6.6378'}
2025-01-06 19:12:55,596 - {'Epoch': 34, 'HR@5': '0.0862', 'NDCG@5': '0.0604', 'HR@10': '0.1188', 'NDCG@10': '0.0709', 'HR@20': '0.1593', 'NDCG@20': '0.0810'}
2025-01-06 19:12:55,597 - EarlyStopping counter: 3 out of 10
2025-01-06 19:13:04,871 - {'epoch': 35, 'rec_loss': '6.6262'}
2025-01-06 19:13:10,755 - {'Epoch': 35, 'HR@5': '0.0846', 'NDCG@5': '0.0603', 'HR@10': '0.1163', 'NDCG@10': '0.0705', 'HR@20': '0.1590', 'NDCG@20': '0.0813'}
2025-01-06 19:13:10,761 - EarlyStopping counter: 4 out of 10
2025-01-06 19:13:20,106 - {'epoch': 36, 'rec_loss': '6.6185'}
2025-01-06 19:13:25,692 - {'Epoch': 36, 'HR@5': '0.0846', 'NDCG@5': '0.0598', 'HR@10': '0.1177', 'NDCG@10': '0.0705', 'HR@20': '0.1592', 'NDCG@20': '0.0809'}
2025-01-06 19:13:25,693 - EarlyStopping counter: 5 out of 10
2025-01-06 19:13:35,428 - {'epoch': 37, 'rec_loss': '6.6136'}
2025-01-06 19:13:41,065 - {'Epoch': 37, 'HR@5': '0.0848', 'NDCG@5': '0.0601', 'HR@10': '0.1172', 'NDCG@10': '0.0705', 'HR@20': '0.1598', 'NDCG@20': '0.0812'}
2025-01-06 19:13:41,066 - EarlyStopping counter: 6 out of 10
2025-01-06 19:13:55,895 - {'epoch': 38, 'rec_loss': '6.6010'}
2025-01-06 19:14:02,650 - {'Epoch': 38, 'HR@5': '0.0861', 'NDCG@5': '0.0604', 'HR@10': '0.1189', 'NDCG@10': '0.0709', 'HR@20': '0.1603', 'NDCG@20': '0.0813'}
2025-01-06 19:14:02,652 - EarlyStopping counter: 7 out of 10
2025-01-06 19:14:31,494 - {'epoch': 39, 'rec_loss': '6.6025'}
2025-01-06 19:14:40,683 - {'Epoch': 39, 'HR@5': '0.0863', 'NDCG@5': '0.0607', 'HR@10': '0.1185', 'NDCG@10': '0.0711', 'HR@20': '0.1617', 'NDCG@20': '0.0820'}
2025-01-06 19:14:40,685 - Validation score increased.  Saving model ...
2025-01-06 19:15:20,328 - {'epoch': 40, 'rec_loss': '6.5892'}
2025-01-06 19:15:31,454 - {'Epoch': 40, 'HR@5': '0.0842', 'NDCG@5': '0.0599', 'HR@10': '0.1176', 'NDCG@10': '0.0706', 'HR@20': '0.1591', 'NDCG@20': '0.0811'}
2025-01-06 19:15:31,455 - EarlyStopping counter: 1 out of 10
2025-01-06 19:16:09,573 - {'epoch': 41, 'rec_loss': '6.5822'}
2025-01-06 19:16:18,965 - {'Epoch': 41, 'HR@5': '0.0842', 'NDCG@5': '0.0595', 'HR@10': '0.1184', 'NDCG@10': '0.0705', 'HR@20': '0.1597', 'NDCG@20': '0.0809'}
2025-01-06 19:16:18,965 - EarlyStopping counter: 2 out of 10
2025-01-06 19:16:56,382 - {'epoch': 42, 'rec_loss': '6.5833'}
2025-01-06 19:17:06,206 - {'Epoch': 42, 'HR@5': '0.0829', 'NDCG@5': '0.0591', 'HR@10': '0.1164', 'NDCG@10': '0.0700', 'HR@20': '0.1608', 'NDCG@20': '0.0811'}
2025-01-06 19:17:06,210 - EarlyStopping counter: 3 out of 10
2025-01-06 19:17:44,490 - {'epoch': 43, 'rec_loss': '6.5756'}
2025-01-06 19:17:54,377 - {'Epoch': 43, 'HR@5': '0.0849', 'NDCG@5': '0.0594', 'HR@10': '0.1174', 'NDCG@10': '0.0698', 'HR@20': '0.1609', 'NDCG@20': '0.0808'}
2025-01-06 19:17:54,378 - EarlyStopping counter: 4 out of 10
2025-01-06 19:18:32,130 - {'epoch': 44, 'rec_loss': '6.5667'}
2025-01-06 19:18:41,714 - {'Epoch': 44, 'HR@5': '0.0854', 'NDCG@5': '0.0610', 'HR@10': '0.1189', 'NDCG@10': '0.0718', 'HR@20': '0.1615', 'NDCG@20': '0.0825'}
2025-01-06 19:18:41,714 - Validation score increased.  Saving model ...
2025-01-06 19:19:17,888 - {'epoch': 45, 'rec_loss': '6.5648'}
2025-01-06 19:19:26,972 - {'Epoch': 45, 'HR@5': '0.0855', 'NDCG@5': '0.0602', 'HR@10': '0.1185', 'NDCG@10': '0.0708', 'HR@20': '0.1610', 'NDCG@20': '0.0815'}
2025-01-06 19:19:26,975 - EarlyStopping counter: 1 out of 10
2025-01-06 19:19:52,370 - {'epoch': 46, 'rec_loss': '6.5573'}
2025-01-06 19:19:59,648 - {'Epoch': 46, 'HR@5': '0.0841', 'NDCG@5': '0.0599', 'HR@10': '0.1192', 'NDCG@10': '0.0712', 'HR@20': '0.1608', 'NDCG@20': '0.0817'}
2025-01-06 19:19:59,653 - EarlyStopping counter: 2 out of 10
2025-01-06 19:20:21,093 - {'epoch': 47, 'rec_loss': '6.5500'}
2025-01-06 19:20:27,936 - {'Epoch': 47, 'HR@5': '0.0851', 'NDCG@5': '0.0598', 'HR@10': '0.1164', 'NDCG@10': '0.0699', 'HR@20': '0.1588', 'NDCG@20': '0.0806'}
2025-01-06 19:20:27,936 - EarlyStopping counter: 3 out of 10
2025-01-06 19:20:38,000 - {'epoch': 48, 'rec_loss': '6.5439'}
2025-01-06 19:20:42,837 - {'Epoch': 48, 'HR@5': '0.0863', 'NDCG@5': '0.0614', 'HR@10': '0.1197', 'NDCG@10': '0.0722', 'HR@20': '0.1617', 'NDCG@20': '0.0828'}
2025-01-06 19:20:42,838 - Validation score increased.  Saving model ...
2025-01-06 19:20:52,789 - {'epoch': 49, 'rec_loss': '6.5386'}
2025-01-06 19:20:57,288 - {'Epoch': 49, 'HR@5': '0.0846', 'NDCG@5': '0.0599', 'HR@10': '0.1189', 'NDCG@10': '0.0709', 'HR@20': '0.1611', 'NDCG@20': '0.0815'}
2025-01-06 19:20:57,288 - EarlyStopping counter: 1 out of 10
2025-01-06 19:21:03,234 - {'epoch': 50, 'rec_loss': '6.5355'}
2025-01-06 19:21:07,041 - {'Epoch': 50, 'HR@5': '0.0844', 'NDCG@5': '0.0600', 'HR@10': '0.1178', 'NDCG@10': '0.0708', 'HR@20': '0.1610', 'NDCG@20': '0.0817'}
2025-01-06 19:21:07,042 - EarlyStopping counter: 2 out of 10
2025-01-06 19:21:12,963 - {'epoch': 51, 'rec_loss': '6.5297'}
2025-01-06 19:21:16,855 - {'Epoch': 51, 'HR@5': '0.0853', 'NDCG@5': '0.0607', 'HR@10': '0.1192', 'NDCG@10': '0.0716', 'HR@20': '0.1634', 'NDCG@20': '0.0827'}
2025-01-06 19:21:16,855 - EarlyStopping counter: 3 out of 10
2025-01-06 19:21:22,904 - {'epoch': 52, 'rec_loss': '6.5255'}
2025-01-06 19:21:26,723 - {'Epoch': 52, 'HR@5': '0.0844', 'NDCG@5': '0.0607', 'HR@10': '0.1208', 'NDCG@10': '0.0724', 'HR@20': '0.1613', 'NDCG@20': '0.0826'}
2025-01-06 19:21:26,726 - EarlyStopping counter: 4 out of 10
2025-01-06 19:21:32,838 - {'epoch': 53, 'rec_loss': '6.5212'}
2025-01-06 19:21:36,603 - {'Epoch': 53, 'HR@5': '0.0854', 'NDCG@5': '0.0606', 'HR@10': '0.1201', 'NDCG@10': '0.0718', 'HR@20': '0.1617', 'NDCG@20': '0.0822'}
2025-01-06 19:21:36,604 - EarlyStopping counter: 5 out of 10
2025-01-06 19:21:42,564 - {'epoch': 54, 'rec_loss': '6.5161'}
2025-01-06 19:21:46,383 - {'Epoch': 54, 'HR@5': '0.0870', 'NDCG@5': '0.0617', 'HR@10': '0.1198', 'NDCG@10': '0.0723', 'HR@20': '0.1632', 'NDCG@20': '0.0833'}
2025-01-06 19:21:46,383 - Validation score increased.  Saving model ...
2025-01-06 19:21:52,328 - {'epoch': 55, 'rec_loss': '6.5063'}
2025-01-06 19:21:56,131 - {'Epoch': 55, 'HR@5': '0.0856', 'NDCG@5': '0.0602', 'HR@10': '0.1174', 'NDCG@10': '0.0704', 'HR@20': '0.1596', 'NDCG@20': '0.0810'}
2025-01-06 19:21:56,132 - EarlyStopping counter: 1 out of 10
2025-01-06 19:22:02,128 - {'epoch': 56, 'rec_loss': '6.5113'}
2025-01-06 19:22:05,877 - {'Epoch': 56, 'HR@5': '0.0855', 'NDCG@5': '0.0604', 'HR@10': '0.1185', 'NDCG@10': '0.0710', 'HR@20': '0.1600', 'NDCG@20': '0.0814'}
2025-01-06 19:22:05,877 - EarlyStopping counter: 2 out of 10
2025-01-06 19:22:11,923 - {'epoch': 57, 'rec_loss': '6.5060'}
2025-01-06 19:22:15,709 - {'Epoch': 57, 'HR@5': '0.0861', 'NDCG@5': '0.0612', 'HR@10': '0.1189', 'NDCG@10': '0.0717', 'HR@20': '0.1599', 'NDCG@20': '0.0821'}
2025-01-06 19:22:15,710 - EarlyStopping counter: 3 out of 10
2025-01-06 19:22:21,787 - {'epoch': 58, 'rec_loss': '6.4936'}
2025-01-06 19:22:25,645 - {'Epoch': 58, 'HR@5': '0.0860', 'NDCG@5': '0.0608', 'HR@10': '0.1190', 'NDCG@10': '0.0714', 'HR@20': '0.1612', 'NDCG@20': '0.0820'}
2025-01-06 19:22:25,645 - EarlyStopping counter: 4 out of 10
2025-01-06 19:22:31,705 - {'epoch': 59, 'rec_loss': '6.4979'}
2025-01-06 19:22:35,543 - {'Epoch': 59, 'HR@5': '0.0850', 'NDCG@5': '0.0606', 'HR@10': '0.1192', 'NDCG@10': '0.0716', 'HR@20': '0.1611', 'NDCG@20': '0.0821'}
2025-01-06 19:22:35,544 - EarlyStopping counter: 5 out of 10
2025-01-06 19:22:41,601 - {'epoch': 60, 'rec_loss': '6.4940'}
2025-01-06 19:22:45,399 - {'Epoch': 60, 'HR@5': '0.0864', 'NDCG@5': '0.0607', 'HR@10': '0.1178', 'NDCG@10': '0.0708', 'HR@20': '0.1614', 'NDCG@20': '0.0818'}
2025-01-06 19:22:45,402 - EarlyStopping counter: 6 out of 10
2025-01-06 19:22:51,489 - {'epoch': 61, 'rec_loss': '6.4898'}
2025-01-06 19:22:55,342 - {'Epoch': 61, 'HR@5': '0.0863', 'NDCG@5': '0.0616', 'HR@10': '0.1193', 'NDCG@10': '0.0722', 'HR@20': '0.1608', 'NDCG@20': '0.0826'}
2025-01-06 19:22:55,343 - EarlyStopping counter: 7 out of 10
2025-01-06 19:23:01,467 - {'epoch': 62, 'rec_loss': '6.4860'}
2025-01-06 19:23:05,395 - {'Epoch': 62, 'HR@5': '0.0866', 'NDCG@5': '0.0610', 'HR@10': '0.1196', 'NDCG@10': '0.0717', 'HR@20': '0.1619', 'NDCG@20': '0.0823'}
2025-01-06 19:23:05,395 - EarlyStopping counter: 8 out of 10
2025-01-06 19:23:11,548 - {'epoch': 63, 'rec_loss': '6.4817'}
2025-01-06 19:23:15,562 - {'Epoch': 63, 'HR@5': '0.0865', 'NDCG@5': '0.0614', 'HR@10': '0.1194', 'NDCG@10': '0.0720', 'HR@20': '0.1608', 'NDCG@20': '0.0824'}
2025-01-06 19:23:15,562 - EarlyStopping counter: 9 out of 10
2025-01-06 19:23:21,737 - {'epoch': 64, 'rec_loss': '6.4776'}
2025-01-06 19:23:25,594 - {'Epoch': 64, 'HR@5': '0.0867', 'NDCG@5': '0.0608', 'HR@10': '0.1195', 'NDCG@10': '0.0714', 'HR@20': '0.1609', 'NDCG@20': '0.0819'}
2025-01-06 19:23:25,597 - EarlyStopping counter: 10 out of 10
2025-01-06 19:23:25,597 - Early stopping
2025-01-06 19:23:25,597 - ---------------Test Score---------------
2025-01-06 19:23:29,535 - {'Epoch': 0, 'HR@5': '0.0711', 'NDCG@5': '0.0508', 'HR@10': '0.0981', 'NDCG@10': '0.0595', 'HR@20': '0.1352', 'NDCG@20': '0.0688'}
2025-01-06 19:23:29,536 - BSARec_A_Beauty
2025-01-06 19:23:29,536 - {'Epoch': 0, 'HR@5': '0.0711', 'NDCG@5': '0.0508', 'HR@10': '0.0981', 'NDCG@10': '0.0595', 'HR@20': '0.1352', 'NDCG@20': '0.0688'}
