2025-01-06 16:52:41,155 - Namespace(data_dir='./data/', output_dir='output/', data_name='Beauty', do_eval=False, load_model=None, train_name='BSARec_SA_A_Beauty', num_items=10, num_users=22364, lr=0.0005, batch_size=256, epochs=200, no_cuda=False, log_freq=1, patience=10, num_workers=4, seed=42, weight_decay=0.0, adam_beta1=0.9, adam_beta2=0.999, gpu_id='0', variance=5, model_type='BSARec_SA_A', max_seq_length=50, hidden_size=64, num_hidden_layers=2, hidden_act='gelu', num_attention_heads=1, attention_probs_dropout_prob=0.5, hidden_dropout_prob=0.5, initializer_range=0.02, c=5, alpha=0.7, cuda_condition=True, data_file='./data/Beauty.txt', item_size=12102, checkpoint_path='output/BSARec_SA_A_Beauty.pt', same_target_path='./data/Beauty_same_target.npy')
2025-01-06 16:52:41,167 - BSARecModel_SA_A(
  (item_embeddings): Embedding(12102, 64, padding_idx=0)
  (position_embeddings): Embedding(50, 64)
  (LayerNorm): LayerNorm()
  (dropout): Dropout(p=0.5, inplace=False)
  (item_encoder): BSARecEncoder(
    (blocks): ModuleList(
      (0): BSARecBlock(
        (layer): BSARecLayer(
          (filter_layer): FrequencyLayer(
            (out_dropout): Dropout(p=0.5, inplace=False)
            (LayerNorm): LayerNorm()
          )
          (attention_layer): MultiHeadAttention(
            (query): Linear(in_features=64, out_features=64, bias=True)
            (key): Linear(in_features=64, out_features=64, bias=True)
            (value): Linear(in_features=64, out_features=64, bias=True)
            (softmax): Softmax(dim=-1)
            (attn_dropout): Dropout(p=0.5, inplace=False)
            (dense): Linear(in_features=64, out_features=64, bias=True)
            (LayerNorm): LayerNorm((64,), eps=1e-12, elementwise_affine=True)
            (out_dropout): Dropout(p=0.5, inplace=False)
          )
        )
        (feed_forward_sa): FeedForward(
          (dense_1): Linear(in_features=64, out_features=256, bias=True)
          (dense_2): Linear(in_features=256, out_features=64, bias=True)
          (LayerNorm): LayerNorm()
          (dropout): Dropout(p=0.5, inplace=False)
        )
        (feed_forward_d): FeedForward(
          (dense_1): Linear(in_features=64, out_features=256, bias=True)
          (dense_2): Linear(in_features=256, out_features=64, bias=True)
          (LayerNorm): LayerNorm()
          (dropout): Dropout(p=0.5, inplace=False)
        )
        (fusion_module): ModalityFusion()
      )
      (1): BSARecBlock(
        (layer): BSARecLayer(
          (filter_layer): FrequencyLayer(
            (out_dropout): Dropout(p=0.5, inplace=False)
            (LayerNorm): LayerNorm()
          )
          (attention_layer): MultiHeadAttention(
            (query): Linear(in_features=64, out_features=64, bias=True)
            (key): Linear(in_features=64, out_features=64, bias=True)
            (value): Linear(in_features=64, out_features=64, bias=True)
            (softmax): Softmax(dim=-1)
            (attn_dropout): Dropout(p=0.5, inplace=False)
            (dense): Linear(in_features=64, out_features=64, bias=True)
            (LayerNorm): LayerNorm((64,), eps=1e-12, elementwise_affine=True)
            (out_dropout): Dropout(p=0.5, inplace=False)
          )
        )
        (feed_forward_sa): FeedForward(
          (dense_1): Linear(in_features=64, out_features=256, bias=True)
          (dense_2): Linear(in_features=256, out_features=64, bias=True)
          (LayerNorm): LayerNorm()
          (dropout): Dropout(p=0.5, inplace=False)
        )
        (feed_forward_d): FeedForward(
          (dense_1): Linear(in_features=64, out_features=256, bias=True)
          (dense_2): Linear(in_features=256, out_features=64, bias=True)
          (LayerNorm): LayerNorm()
          (dropout): Dropout(p=0.5, inplace=False)
        )
        (fusion_module): ModalityFusion()
      )
    )
  )
)
2025-01-06 16:52:42,540 - Total Parameters: 944644
2025-01-06 16:52:57,203 - {'epoch': 0, 'rec_loss': '8.8680'}
2025-01-06 16:53:02,217 - {'Epoch': 0, 'HR@5': '0.0121', 'NDCG@5': '0.0074', 'HR@10': '0.0211', 'NDCG@10': '0.0103', 'HR@20': '0.0355', 'NDCG@20': '0.0139'}
2025-01-06 16:53:02,219 - Validation score increased.  Saving model ...
2025-01-06 16:53:16,043 - {'epoch': 1, 'rec_loss': '8.4629'}
2025-01-06 16:53:20,845 - {'Epoch': 1, 'HR@5': '0.0182', 'NDCG@5': '0.0109', 'HR@10': '0.0298', 'NDCG@10': '0.0146', 'HR@20': '0.0476', 'NDCG@20': '0.0191'}
2025-01-06 16:53:20,846 - Validation score increased.  Saving model ...
2025-01-06 16:53:34,522 - {'epoch': 2, 'rec_loss': '8.2565'}
2025-01-06 16:53:39,476 - {'Epoch': 2, 'HR@5': '0.0308', 'NDCG@5': '0.0190', 'HR@10': '0.0499', 'NDCG@10': '0.0251', 'HR@20': '0.0749', 'NDCG@20': '0.0314'}
2025-01-06 16:53:39,477 - Validation score increased.  Saving model ...
2025-01-06 16:53:53,492 - {'epoch': 3, 'rec_loss': '8.0155'}
2025-01-06 16:53:58,224 - {'Epoch': 3, 'HR@5': '0.0386', 'NDCG@5': '0.0252', 'HR@10': '0.0615', 'NDCG@10': '0.0326', 'HR@20': '0.0920', 'NDCG@20': '0.0403'}
2025-01-06 16:53:58,224 - Validation score increased.  Saving model ...
2025-01-06 16:54:11,756 - {'epoch': 4, 'rec_loss': '7.8162'}
2025-01-06 16:54:16,573 - {'Epoch': 4, 'HR@5': '0.0549', 'NDCG@5': '0.0371', 'HR@10': '0.0795', 'NDCG@10': '0.0451', 'HR@20': '0.1123', 'NDCG@20': '0.0533'}
2025-01-06 16:54:16,574 - Validation score increased.  Saving model ...
2025-01-06 16:54:29,966 - {'epoch': 5, 'rec_loss': '7.6468'}
2025-01-06 16:54:34,886 - {'Epoch': 5, 'HR@5': '0.0637', 'NDCG@5': '0.0439', 'HR@10': '0.0899', 'NDCG@10': '0.0523', 'HR@20': '0.1268', 'NDCG@20': '0.0616'}
2025-01-06 16:54:34,886 - Validation score increased.  Saving model ...
2025-01-06 16:54:48,228 - {'epoch': 6, 'rec_loss': '7.4975'}
2025-01-06 16:54:53,318 - {'Epoch': 6, 'HR@5': '0.0680', 'NDCG@5': '0.0477', 'HR@10': '0.0956', 'NDCG@10': '0.0566', 'HR@20': '0.1327', 'NDCG@20': '0.0659'}
2025-01-06 16:54:53,320 - Validation score increased.  Saving model ...
2025-01-06 16:55:06,441 - {'epoch': 7, 'rec_loss': '7.3703'}
2025-01-06 16:55:12,032 - {'Epoch': 7, 'HR@5': '0.0745', 'NDCG@5': '0.0527', 'HR@10': '0.1005', 'NDCG@10': '0.0610', 'HR@20': '0.1397', 'NDCG@20': '0.0709'}
2025-01-06 16:55:12,032 - Validation score increased.  Saving model ...
2025-01-06 16:55:25,099 - {'epoch': 8, 'rec_loss': '7.2601'}
2025-01-06 16:55:30,003 - {'Epoch': 8, 'HR@5': '0.0745', 'NDCG@5': '0.0533', 'HR@10': '0.1041', 'NDCG@10': '0.0628', 'HR@20': '0.1416', 'NDCG@20': '0.0722'}
2025-01-06 16:55:30,004 - Validation score increased.  Saving model ...
2025-01-06 16:55:43,118 - {'epoch': 9, 'rec_loss': '7.1706'}
2025-01-06 16:55:48,761 - {'Epoch': 9, 'HR@5': '0.0782', 'NDCG@5': '0.0556', 'HR@10': '0.1061', 'NDCG@10': '0.0645', 'HR@20': '0.1453', 'NDCG@20': '0.0744'}
2025-01-06 16:55:48,764 - Validation score increased.  Saving model ...
2025-01-06 16:56:02,451 - {'epoch': 10, 'rec_loss': '7.0977'}
2025-01-06 16:56:07,450 - {'Epoch': 10, 'HR@5': '0.0773', 'NDCG@5': '0.0556', 'HR@10': '0.1082', 'NDCG@10': '0.0655', 'HR@20': '0.1480', 'NDCG@20': '0.0756'}
2025-01-06 16:56:07,451 - Validation score increased.  Saving model ...
2025-01-06 16:56:20,722 - {'epoch': 11, 'rec_loss': '7.0341'}
2025-01-06 16:56:25,767 - {'Epoch': 11, 'HR@5': '0.0793', 'NDCG@5': '0.0562', 'HR@10': '0.1093', 'NDCG@10': '0.0658', 'HR@20': '0.1490', 'NDCG@20': '0.0758'}
2025-01-06 16:56:25,768 - Validation score increased.  Saving model ...
2025-01-06 16:56:39,074 - {'epoch': 12, 'rec_loss': '6.9788'}
2025-01-06 16:56:44,887 - {'Epoch': 12, 'HR@5': '0.0790', 'NDCG@5': '0.0558', 'HR@10': '0.1102', 'NDCG@10': '0.0658', 'HR@20': '0.1508', 'NDCG@20': '0.0760'}
2025-01-06 16:56:44,888 - Validation score increased.  Saving model ...
2025-01-06 16:56:57,844 - {'epoch': 13, 'rec_loss': '6.9354'}
2025-01-06 16:57:03,399 - {'Epoch': 13, 'HR@5': '0.0810', 'NDCG@5': '0.0569', 'HR@10': '0.1114', 'NDCG@10': '0.0667', 'HR@20': '0.1516', 'NDCG@20': '0.0767'}
2025-01-06 16:57:03,400 - Validation score increased.  Saving model ...
2025-01-06 16:57:16,776 - {'epoch': 14, 'rec_loss': '6.8960'}
2025-01-06 16:57:22,339 - {'Epoch': 14, 'HR@5': '0.0804', 'NDCG@5': '0.0570', 'HR@10': '0.1122', 'NDCG@10': '0.0673', 'HR@20': '0.1529', 'NDCG@20': '0.0775'}
2025-01-06 16:57:22,340 - Validation score increased.  Saving model ...
2025-01-06 16:57:35,526 - {'epoch': 15, 'rec_loss': '6.8600'}
2025-01-06 16:57:41,332 - {'Epoch': 15, 'HR@5': '0.0829', 'NDCG@5': '0.0581', 'HR@10': '0.1127', 'NDCG@10': '0.0677', 'HR@20': '0.1521', 'NDCG@20': '0.0776'}
2025-01-06 16:57:41,333 - Validation score increased.  Saving model ...
2025-01-06 16:57:54,513 - {'epoch': 16, 'rec_loss': '6.8304'}
2025-01-06 16:57:59,749 - {'Epoch': 16, 'HR@5': '0.0817', 'NDCG@5': '0.0581', 'HR@10': '0.1132', 'NDCG@10': '0.0683', 'HR@20': '0.1537', 'NDCG@20': '0.0785'}
2025-01-06 16:57:59,750 - Validation score increased.  Saving model ...
2025-01-06 16:58:12,868 - {'epoch': 17, 'rec_loss': '6.8058'}
2025-01-06 16:58:17,811 - {'Epoch': 17, 'HR@5': '0.0827', 'NDCG@5': '0.0586', 'HR@10': '0.1138', 'NDCG@10': '0.0686', 'HR@20': '0.1541', 'NDCG@20': '0.0788'}
2025-01-06 16:58:17,814 - Validation score increased.  Saving model ...
2025-01-06 16:58:30,856 - {'epoch': 18, 'rec_loss': '6.7797'}
2025-01-06 16:58:35,962 - {'Epoch': 18, 'HR@5': '0.0831', 'NDCG@5': '0.0591', 'HR@10': '0.1146', 'NDCG@10': '0.0692', 'HR@20': '0.1577', 'NDCG@20': '0.0801'}
2025-01-06 16:58:35,963 - Validation score increased.  Saving model ...
2025-01-06 16:58:49,328 - {'epoch': 19, 'rec_loss': '6.7602'}
2025-01-06 16:58:54,962 - {'Epoch': 19, 'HR@5': '0.0846', 'NDCG@5': '0.0592', 'HR@10': '0.1164', 'NDCG@10': '0.0695', 'HR@20': '0.1562', 'NDCG@20': '0.0795'}
2025-01-06 16:58:54,963 - EarlyStopping counter: 1 out of 10
2025-01-06 16:59:11,873 - {'epoch': 20, 'rec_loss': '6.7329'}
2025-01-06 16:59:17,882 - {'Epoch': 20, 'HR@5': '0.0829', 'NDCG@5': '0.0583', 'HR@10': '0.1148', 'NDCG@10': '0.0686', 'HR@20': '0.1576', 'NDCG@20': '0.0794'}
2025-01-06 16:59:17,883 - EarlyStopping counter: 2 out of 10
2025-01-06 16:59:35,277 - {'epoch': 21, 'rec_loss': '6.7210'}
2025-01-06 16:59:41,217 - {'Epoch': 21, 'HR@5': '0.0824', 'NDCG@5': '0.0585', 'HR@10': '0.1154', 'NDCG@10': '0.0691', 'HR@20': '0.1571', 'NDCG@20': '0.0796'}
2025-01-06 16:59:41,218 - EarlyStopping counter: 3 out of 10
2025-01-06 16:59:58,611 - {'epoch': 22, 'rec_loss': '6.6979'}
2025-01-06 17:00:04,370 - {'Epoch': 22, 'HR@5': '0.0822', 'NDCG@5': '0.0587', 'HR@10': '0.1147', 'NDCG@10': '0.0692', 'HR@20': '0.1556', 'NDCG@20': '0.0795'}
2025-01-06 17:00:04,370 - EarlyStopping counter: 4 out of 10
2025-01-06 17:00:21,711 - {'epoch': 23, 'rec_loss': '6.6838'}
2025-01-06 17:00:27,863 - {'Epoch': 23, 'HR@5': '0.0832', 'NDCG@5': '0.0592', 'HR@10': '0.1164', 'NDCG@10': '0.0699', 'HR@20': '0.1566', 'NDCG@20': '0.0800'}
2025-01-06 17:00:27,864 - EarlyStopping counter: 5 out of 10
2025-01-06 17:00:45,831 - {'epoch': 24, 'rec_loss': '6.6688'}
2025-01-06 17:00:51,842 - {'Epoch': 24, 'HR@5': '0.0857', 'NDCG@5': '0.0609', 'HR@10': '0.1169', 'NDCG@10': '0.0709', 'HR@20': '0.1583', 'NDCG@20': '0.0813'}
2025-01-06 17:00:51,843 - Validation score increased.  Saving model ...
2025-01-06 17:01:10,195 - {'epoch': 25, 'rec_loss': '6.6547'}
2025-01-06 17:01:16,098 - {'Epoch': 25, 'HR@5': '0.0855', 'NDCG@5': '0.0610', 'HR@10': '0.1156', 'NDCG@10': '0.0706', 'HR@20': '0.1580', 'NDCG@20': '0.0813'}
2025-01-06 17:01:16,099 - Validation score increased.  Saving model ...
2025-01-06 17:01:34,583 - {'epoch': 26, 'rec_loss': '6.6400'}
2025-01-06 17:01:39,954 - {'Epoch': 26, 'HR@5': '0.0837', 'NDCG@5': '0.0589', 'HR@10': '0.1141', 'NDCG@10': '0.0687', 'HR@20': '0.1574', 'NDCG@20': '0.0796'}
2025-01-06 17:01:39,955 - EarlyStopping counter: 1 out of 10
2025-01-06 17:01:58,391 - {'epoch': 27, 'rec_loss': '6.6285'}
2025-01-06 17:02:04,408 - {'Epoch': 27, 'HR@5': '0.0848', 'NDCG@5': '0.0607', 'HR@10': '0.1173', 'NDCG@10': '0.0711', 'HR@20': '0.1596', 'NDCG@20': '0.0818'}
2025-01-06 17:02:04,409 - Validation score increased.  Saving model ...
2025-01-06 17:02:22,589 - {'epoch': 28, 'rec_loss': '6.6141'}
2025-01-06 17:02:28,773 - {'Epoch': 28, 'HR@5': '0.0851', 'NDCG@5': '0.0607', 'HR@10': '0.1174', 'NDCG@10': '0.0711', 'HR@20': '0.1607', 'NDCG@20': '0.0820'}
2025-01-06 17:02:28,774 - Validation score increased.  Saving model ...
2025-01-06 17:02:46,555 - {'epoch': 29, 'rec_loss': '6.6035'}
2025-01-06 17:02:52,796 - {'Epoch': 29, 'HR@5': '0.0846', 'NDCG@5': '0.0603', 'HR@10': '0.1176', 'NDCG@10': '0.0709', 'HR@20': '0.1590', 'NDCG@20': '0.0813'}
2025-01-06 17:02:52,797 - EarlyStopping counter: 1 out of 10
2025-01-06 17:03:10,471 - {'epoch': 30, 'rec_loss': '6.5952'}
2025-01-06 17:03:16,655 - {'Epoch': 30, 'HR@5': '0.0844', 'NDCG@5': '0.0596', 'HR@10': '0.1173', 'NDCG@10': '0.0702', 'HR@20': '0.1595', 'NDCG@20': '0.0808'}
2025-01-06 17:03:16,659 - EarlyStopping counter: 2 out of 10
2025-01-06 17:03:34,386 - {'epoch': 31, 'rec_loss': '6.5849'}
2025-01-06 17:03:40,562 - {'Epoch': 31, 'HR@5': '0.0851', 'NDCG@5': '0.0600', 'HR@10': '0.1164', 'NDCG@10': '0.0701', 'HR@20': '0.1578', 'NDCG@20': '0.0805'}
2025-01-06 17:03:40,563 - EarlyStopping counter: 3 out of 10
2025-01-06 17:03:57,596 - {'epoch': 32, 'rec_loss': '6.5756'}
2025-01-06 17:04:03,677 - {'Epoch': 32, 'HR@5': '0.0859', 'NDCG@5': '0.0615', 'HR@10': '0.1180', 'NDCG@10': '0.0718', 'HR@20': '0.1602', 'NDCG@20': '0.0824'}
2025-01-06 17:04:03,678 - Validation score increased.  Saving model ...
2025-01-06 17:04:21,214 - {'epoch': 33, 'rec_loss': '6.5648'}
2025-01-06 17:04:27,396 - {'Epoch': 33, 'HR@5': '0.0855', 'NDCG@5': '0.0606', 'HR@10': '0.1180', 'NDCG@10': '0.0711', 'HR@20': '0.1620', 'NDCG@20': '0.0822'}
2025-01-06 17:04:27,396 - EarlyStopping counter: 1 out of 10
2025-01-06 17:04:45,014 - {'epoch': 34, 'rec_loss': '6.5616'}
2025-01-06 17:04:50,700 - {'Epoch': 34, 'HR@5': '0.0850', 'NDCG@5': '0.0599', 'HR@10': '0.1163', 'NDCG@10': '0.0699', 'HR@20': '0.1606', 'NDCG@20': '0.0811'}
2025-01-06 17:04:50,701 - EarlyStopping counter: 2 out of 10
2025-01-06 17:05:08,297 - {'epoch': 35, 'rec_loss': '6.5468'}
2025-01-06 17:05:14,030 - {'Epoch': 35, 'HR@5': '0.0862', 'NDCG@5': '0.0606', 'HR@10': '0.1178', 'NDCG@10': '0.0707', 'HR@20': '0.1607', 'NDCG@20': '0.0815'}
2025-01-06 17:05:14,031 - EarlyStopping counter: 3 out of 10
2025-01-06 17:05:31,886 - {'epoch': 36, 'rec_loss': '6.5375'}
2025-01-06 17:05:37,978 - {'Epoch': 36, 'HR@5': '0.0857', 'NDCG@5': '0.0606', 'HR@10': '0.1185', 'NDCG@10': '0.0712', 'HR@20': '0.1591', 'NDCG@20': '0.0814'}
2025-01-06 17:05:37,979 - EarlyStopping counter: 4 out of 10
2025-01-06 17:05:56,326 - {'epoch': 37, 'rec_loss': '6.5297'}
2025-01-06 17:06:02,420 - {'Epoch': 37, 'HR@5': '0.0854', 'NDCG@5': '0.0608', 'HR@10': '0.1189', 'NDCG@10': '0.0716', 'HR@20': '0.1608', 'NDCG@20': '0.0822'}
2025-01-06 17:06:02,421 - EarlyStopping counter: 5 out of 10
2025-01-06 17:06:21,004 - {'epoch': 38, 'rec_loss': '6.5247'}
2025-01-06 17:06:26,693 - {'Epoch': 38, 'HR@5': '0.0866', 'NDCG@5': '0.0610', 'HR@10': '0.1163', 'NDCG@10': '0.0706', 'HR@20': '0.1587', 'NDCG@20': '0.0813'}
2025-01-06 17:06:26,694 - EarlyStopping counter: 6 out of 10
2025-01-06 17:06:44,793 - {'epoch': 39, 'rec_loss': '6.5158'}
2025-01-06 17:06:50,370 - {'Epoch': 39, 'HR@5': '0.0869', 'NDCG@5': '0.0609', 'HR@10': '0.1151', 'NDCG@10': '0.0700', 'HR@20': '0.1587', 'NDCG@20': '0.0810'}
2025-01-06 17:06:50,371 - EarlyStopping counter: 7 out of 10
2025-01-06 17:07:07,873 - {'epoch': 40, 'rec_loss': '6.5073'}
2025-01-06 17:07:14,060 - {'Epoch': 40, 'HR@5': '0.0868', 'NDCG@5': '0.0603', 'HR@10': '0.1175', 'NDCG@10': '0.0702', 'HR@20': '0.1604', 'NDCG@20': '0.0810'}
2025-01-06 17:07:14,061 - EarlyStopping counter: 8 out of 10
2025-01-06 17:07:31,749 - {'epoch': 41, 'rec_loss': '6.5012'}
2025-01-06 17:07:37,696 - {'Epoch': 41, 'HR@5': '0.0867', 'NDCG@5': '0.0614', 'HR@10': '0.1180', 'NDCG@10': '0.0714', 'HR@20': '0.1600', 'NDCG@20': '0.0820'}
2025-01-06 17:07:37,697 - EarlyStopping counter: 9 out of 10
2025-01-06 17:07:55,067 - {'epoch': 42, 'rec_loss': '6.4939'}
2025-01-06 17:08:00,993 - {'Epoch': 42, 'HR@5': '0.0863', 'NDCG@5': '0.0616', 'HR@10': '0.1162', 'NDCG@10': '0.0712', 'HR@20': '0.1594', 'NDCG@20': '0.0821'}
2025-01-06 17:08:00,994 - EarlyStopping counter: 10 out of 10
2025-01-06 17:08:00,994 - Early stopping
2025-01-06 17:08:00,994 - ---------------Test Score---------------
2025-01-06 17:08:06,525 - {'Epoch': 0, 'HR@5': '0.0698', 'NDCG@5': '0.0502', 'HR@10': '0.0969', 'NDCG@10': '0.0590', 'HR@20': '0.1320', 'NDCG@20': '0.0678'}
2025-01-06 17:08:06,527 - BSARec_SA_A_Beauty
2025-01-06 17:08:06,527 - {'Epoch': 0, 'HR@5': '0.0698', 'NDCG@5': '0.0502', 'HR@10': '0.0969', 'NDCG@10': '0.0590', 'HR@20': '0.1320', 'NDCG@20': '0.0678'}
