2025-01-06 19:13:39,214 - Namespace(data_dir='./data/', output_dir='output/', data_name='LastFM', do_eval=False, load_model=None, train_name='BSARec_S_A_LastFM', num_items=10, num_users=1091, lr=0.0005, batch_size=256, epochs=200, no_cuda=False, log_freq=1, patience=10, num_workers=4, seed=42, weight_decay=0.0, adam_beta1=0.9, adam_beta2=0.999, gpu_id='0', variance=5, model_type='BSARec_S_A', max_seq_length=50, hidden_size=64, num_hidden_layers=2, hidden_act='gelu', num_attention_heads=1, attention_probs_dropout_prob=0.5, hidden_dropout_prob=0.5, initializer_range=0.02, c=5, alpha=0.7, cuda_condition=True, data_file='./data/LastFM.txt', item_size=3647, checkpoint_path='output/BSARec_S_A_LastFM.pt', same_target_path='./data/LastFM_same_target.npy')
2025-01-06 19:13:39,226 - BSARecModel_S_A(
  (item_embeddings): Embedding(3647, 64, padding_idx=0)
  (position_embeddings): Embedding(50, 64)
  (LayerNorm): LayerNorm()
  (dropout): Dropout(p=0.5, inplace=False)
  (item_encoder): BSARecEncoder(
    (blocks): ModuleList(
      (0): BSARecBlock(
        (layer): BSARecLayer(
          (filter_layer): FrequencyLayer(
            (out_dropout): Dropout(p=0.5, inplace=False)
            (LayerNorm): LayerNorm()
          )
          (attention_layer): MultiHeadAttention(
            (query): Linear(in_features=64, out_features=64, bias=True)
            (key): Linear(in_features=64, out_features=64, bias=True)
            (value): Linear(in_features=64, out_features=64, bias=True)
            (softmax): Softmax(dim=-1)
            (attn_dropout): Dropout(p=0.5, inplace=False)
            (dense): Linear(in_features=64, out_features=64, bias=True)
            (LayerNorm): LayerNorm((64,), eps=1e-12, elementwise_affine=True)
            (out_dropout): Dropout(p=0.5, inplace=False)
          )
        )
        (feed_forward_d): FeedForward(
          (dense_1): Linear(in_features=64, out_features=256, bias=True)
          (dense_2): Linear(in_features=256, out_features=64, bias=True)
          (LayerNorm): LayerNorm()
          (dropout): Dropout(p=0.5, inplace=False)
        )
        (feed_forward_g): FeedForward(
          (dense_1): Linear(in_features=64, out_features=256, bias=True)
          (dense_2): Linear(in_features=256, out_features=64, bias=True)
          (LayerNorm): LayerNorm()
          (dropout): Dropout(p=0.5, inplace=False)
        )
        (fusion_module): ModalityFusion()
      )
      (1): BSARecBlock(
        (layer): BSARecLayer(
          (filter_layer): FrequencyLayer(
            (out_dropout): Dropout(p=0.5, inplace=False)
            (LayerNorm): LayerNorm()
          )
          (attention_layer): MultiHeadAttention(
            (query): Linear(in_features=64, out_features=64, bias=True)
            (key): Linear(in_features=64, out_features=64, bias=True)
            (value): Linear(in_features=64, out_features=64, bias=True)
            (softmax): Softmax(dim=-1)
            (attn_dropout): Dropout(p=0.5, inplace=False)
            (dense): Linear(in_features=64, out_features=64, bias=True)
            (LayerNorm): LayerNorm((64,), eps=1e-12, elementwise_affine=True)
            (out_dropout): Dropout(p=0.5, inplace=False)
          )
        )
        (feed_forward_d): FeedForward(
          (dense_1): Linear(in_features=64, out_features=256, bias=True)
          (dense_2): Linear(in_features=256, out_features=64, bias=True)
          (LayerNorm): LayerNorm()
          (dropout): Dropout(p=0.5, inplace=False)
        )
        (feed_forward_g): FeedForward(
          (dense_1): Linear(in_features=64, out_features=256, bias=True)
          (dense_2): Linear(in_features=256, out_features=64, bias=True)
          (LayerNorm): LayerNorm()
          (dropout): Dropout(p=0.5, inplace=False)
        )
        (fusion_module): ModalityFusion()
      )
    )
  )
)
2025-01-06 19:13:41,165 - Total Parameters: 403524
2025-01-06 19:13:45,942 - {'epoch': 0, 'rec_loss': '8.0433'}
2025-01-06 19:13:46,398 - {'Epoch': 0, 'HR@5': '0.0257', 'NDCG@5': '0.0133', 'HR@10': '0.0385', 'NDCG@10': '0.0174', 'HR@20': '0.0560', 'NDCG@20': '0.0216'}
2025-01-06 19:13:46,398 - Validation score increased.  Saving model ...
2025-01-06 19:13:50,100 - {'epoch': 1, 'rec_loss': '7.7890'}
2025-01-06 19:13:50,501 - {'Epoch': 1, 'HR@5': '0.0248', 'NDCG@5': '0.0160', 'HR@10': '0.0367', 'NDCG@10': '0.0198', 'HR@20': '0.0615', 'NDCG@20': '0.0260'}
2025-01-06 19:13:50,501 - Validation score increased.  Saving model ...
2025-01-06 19:13:54,131 - {'epoch': 2, 'rec_loss': '7.6486'}
2025-01-06 19:13:54,542 - {'Epoch': 2, 'HR@5': '0.0220', 'NDCG@5': '0.0148', 'HR@10': '0.0376', 'NDCG@10': '0.0197', 'HR@20': '0.0532', 'NDCG@20': '0.0235'}
2025-01-06 19:13:54,543 - EarlyStopping counter: 1 out of 10
2025-01-06 19:13:59,080 - {'epoch': 3, 'rec_loss': '7.5130'}
2025-01-06 19:13:59,568 - {'Epoch': 3, 'HR@5': '0.0229', 'NDCG@5': '0.0137', 'HR@10': '0.0413', 'NDCG@10': '0.0195', 'HR@20': '0.0615', 'NDCG@20': '0.0245'}
2025-01-06 19:13:59,569 - EarlyStopping counter: 2 out of 10
2025-01-06 19:14:04,495 - {'epoch': 4, 'rec_loss': '7.3869'}
2025-01-06 19:14:05,118 - {'Epoch': 4, 'HR@5': '0.0257', 'NDCG@5': '0.0162', 'HR@10': '0.0450', 'NDCG@10': '0.0226', 'HR@20': '0.0651', 'NDCG@20': '0.0276'}
2025-01-06 19:14:05,119 - Validation score increased.  Saving model ...
2025-01-06 19:14:11,006 - {'epoch': 5, 'rec_loss': '7.2582'}
2025-01-06 19:14:11,685 - {'Epoch': 5, 'HR@5': '0.0312', 'NDCG@5': '0.0201', 'HR@10': '0.0477', 'NDCG@10': '0.0252', 'HR@20': '0.0752', 'NDCG@20': '0.0321'}
2025-01-06 19:14:11,686 - Validation score increased.  Saving model ...
2025-01-06 19:14:18,117 - {'epoch': 6, 'rec_loss': '7.1181'}
2025-01-06 19:14:18,796 - {'Epoch': 6, 'HR@5': '0.0385', 'NDCG@5': '0.0253', 'HR@10': '0.0541', 'NDCG@10': '0.0302', 'HR@20': '0.0807', 'NDCG@20': '0.0369'}
2025-01-06 19:14:18,797 - Validation score increased.  Saving model ...
2025-01-06 19:14:25,652 - {'epoch': 7, 'rec_loss': '6.9760'}
2025-01-06 19:14:26,288 - {'Epoch': 7, 'HR@5': '0.0413', 'NDCG@5': '0.0279', 'HR@10': '0.0596', 'NDCG@10': '0.0339', 'HR@20': '0.0899', 'NDCG@20': '0.0414'}
2025-01-06 19:14:26,289 - Validation score increased.  Saving model ...
2025-01-06 19:14:32,897 - {'epoch': 8, 'rec_loss': '6.7962'}
2025-01-06 19:14:33,608 - {'Epoch': 8, 'HR@5': '0.0413', 'NDCG@5': '0.0252', 'HR@10': '0.0642', 'NDCG@10': '0.0326', 'HR@20': '0.0917', 'NDCG@20': '0.0395'}
2025-01-06 19:14:33,609 - EarlyStopping counter: 1 out of 10
2025-01-06 19:14:40,718 - {'epoch': 9, 'rec_loss': '6.4573'}
2025-01-06 19:14:41,678 - {'Epoch': 9, 'HR@5': '0.0376', 'NDCG@5': '0.0264', 'HR@10': '0.0642', 'NDCG@10': '0.0349', 'HR@20': '0.1028', 'NDCG@20': '0.0447'}
2025-01-06 19:14:41,678 - Validation score increased.  Saving model ...
2025-01-06 19:14:49,853 - {'epoch': 10, 'rec_loss': '6.2223'}
2025-01-06 19:14:50,618 - {'Epoch': 10, 'HR@5': '0.0468', 'NDCG@5': '0.0305', 'HR@10': '0.0761', 'NDCG@10': '0.0401', 'HR@20': '0.1083', 'NDCG@20': '0.0481'}
2025-01-06 19:14:50,619 - Validation score increased.  Saving model ...
2025-01-06 19:14:59,486 - {'epoch': 11, 'rec_loss': '6.0695'}
2025-01-06 19:15:00,320 - {'Epoch': 11, 'HR@5': '0.0495', 'NDCG@5': '0.0325', 'HR@10': '0.0835', 'NDCG@10': '0.0434', 'HR@20': '0.1239', 'NDCG@20': '0.0534'}
2025-01-06 19:15:00,321 - Validation score increased.  Saving model ...
2025-01-06 19:15:09,505 - {'epoch': 12, 'rec_loss': '5.9377'}
2025-01-06 19:15:10,503 - {'Epoch': 12, 'HR@5': '0.0477', 'NDCG@5': '0.0307', 'HR@10': '0.0798', 'NDCG@10': '0.0410', 'HR@20': '0.1220', 'NDCG@20': '0.0517'}
2025-01-06 19:15:10,504 - EarlyStopping counter: 1 out of 10
2025-01-06 19:15:19,282 - {'epoch': 13, 'rec_loss': '5.8273'}
2025-01-06 19:15:20,137 - {'Epoch': 13, 'HR@5': '0.0495', 'NDCG@5': '0.0324', 'HR@10': '0.0835', 'NDCG@10': '0.0432', 'HR@20': '0.1257', 'NDCG@20': '0.0538'}
2025-01-06 19:15:20,138 - Validation score increased.  Saving model ...
2025-01-06 19:15:28,392 - {'epoch': 14, 'rec_loss': '5.7390'}
2025-01-06 19:15:29,300 - {'Epoch': 14, 'HR@5': '0.0541', 'NDCG@5': '0.0348', 'HR@10': '0.0881', 'NDCG@10': '0.0455', 'HR@20': '0.1312', 'NDCG@20': '0.0565'}
2025-01-06 19:15:29,300 - Validation score increased.  Saving model ...
2025-01-06 19:15:36,841 - {'epoch': 15, 'rec_loss': '5.6562'}
2025-01-06 19:15:37,667 - {'Epoch': 15, 'HR@5': '0.0514', 'NDCG@5': '0.0344', 'HR@10': '0.0798', 'NDCG@10': '0.0436', 'HR@20': '0.1266', 'NDCG@20': '0.0556'}
2025-01-06 19:15:37,668 - EarlyStopping counter: 1 out of 10
2025-01-06 19:15:45,674 - {'epoch': 16, 'rec_loss': '5.6114'}
2025-01-06 19:15:46,534 - {'Epoch': 16, 'HR@5': '0.0560', 'NDCG@5': '0.0376', 'HR@10': '0.0835', 'NDCG@10': '0.0464', 'HR@20': '0.1294', 'NDCG@20': '0.0580'}
2025-01-06 19:15:46,535 - Validation score increased.  Saving model ...
2025-01-06 19:15:54,619 - {'epoch': 17, 'rec_loss': '5.5503'}
2025-01-06 19:15:55,552 - {'Epoch': 17, 'HR@5': '0.0495', 'NDCG@5': '0.0323', 'HR@10': '0.0890', 'NDCG@10': '0.0450', 'HR@20': '0.1284', 'NDCG@20': '0.0549'}
2025-01-06 19:15:55,553 - EarlyStopping counter: 1 out of 10
2025-01-06 19:16:03,527 - {'epoch': 18, 'rec_loss': '5.4983'}
2025-01-06 19:16:04,354 - {'Epoch': 18, 'HR@5': '0.0541', 'NDCG@5': '0.0360', 'HR@10': '0.0844', 'NDCG@10': '0.0458', 'HR@20': '0.1349', 'NDCG@20': '0.0584'}
2025-01-06 19:16:04,355 - Validation score increased.  Saving model ...
2025-01-06 19:16:11,921 - {'epoch': 19, 'rec_loss': '5.4542'}
2025-01-06 19:16:12,781 - {'Epoch': 19, 'HR@5': '0.0523', 'NDCG@5': '0.0364', 'HR@10': '0.0872', 'NDCG@10': '0.0476', 'HR@20': '0.1404', 'NDCG@20': '0.0610'}
2025-01-06 19:16:12,782 - Validation score increased.  Saving model ...
2025-01-06 19:16:20,444 - {'epoch': 20, 'rec_loss': '5.4156'}
2025-01-06 19:16:21,208 - {'Epoch': 20, 'HR@5': '0.0587', 'NDCG@5': '0.0380', 'HR@10': '0.0917', 'NDCG@10': '0.0486', 'HR@20': '0.1385', 'NDCG@20': '0.0603'}
2025-01-06 19:16:21,209 - EarlyStopping counter: 1 out of 10
2025-01-06 19:16:29,328 - {'epoch': 21, 'rec_loss': '5.3760'}
2025-01-06 19:16:30,274 - {'Epoch': 21, 'HR@5': '0.0560', 'NDCG@5': '0.0376', 'HR@10': '0.0908', 'NDCG@10': '0.0489', 'HR@20': '0.1349', 'NDCG@20': '0.0601'}
2025-01-06 19:16:30,275 - EarlyStopping counter: 2 out of 10
2025-01-06 19:16:38,254 - {'epoch': 22, 'rec_loss': '5.3424'}
2025-01-06 19:16:39,170 - {'Epoch': 22, 'HR@5': '0.0596', 'NDCG@5': '0.0399', 'HR@10': '0.0972', 'NDCG@10': '0.0521', 'HR@20': '0.1339', 'NDCG@20': '0.0613'}
2025-01-06 19:16:39,171 - Validation score increased.  Saving model ...
2025-01-06 19:16:47,232 - {'epoch': 23, 'rec_loss': '5.3171'}
2025-01-06 19:16:48,016 - {'Epoch': 23, 'HR@5': '0.0624', 'NDCG@5': '0.0397', 'HR@10': '0.0890', 'NDCG@10': '0.0485', 'HR@20': '0.1358', 'NDCG@20': '0.0604'}
2025-01-06 19:16:48,017 - EarlyStopping counter: 1 out of 10
2025-01-06 19:16:56,284 - {'epoch': 24, 'rec_loss': '5.2970'}
2025-01-06 19:16:57,146 - {'Epoch': 24, 'HR@5': '0.0642', 'NDCG@5': '0.0413', 'HR@10': '0.0908', 'NDCG@10': '0.0497', 'HR@20': '0.1394', 'NDCG@20': '0.0619'}
2025-01-06 19:16:57,147 - Validation score increased.  Saving model ...
2025-01-06 19:17:04,784 - {'epoch': 25, 'rec_loss': '5.2829'}
2025-01-06 19:17:05,528 - {'Epoch': 25, 'HR@5': '0.0596', 'NDCG@5': '0.0401', 'HR@10': '0.1000', 'NDCG@10': '0.0534', 'HR@20': '0.1358', 'NDCG@20': '0.0623'}
2025-01-06 19:17:05,528 - Validation score increased.  Saving model ...
2025-01-06 19:17:13,284 - {'epoch': 26, 'rec_loss': '5.2537'}
2025-01-06 19:17:14,195 - {'Epoch': 26, 'HR@5': '0.0606', 'NDCG@5': '0.0392', 'HR@10': '0.0963', 'NDCG@10': '0.0509', 'HR@20': '0.1358', 'NDCG@20': '0.0608'}
2025-01-06 19:17:14,196 - EarlyStopping counter: 1 out of 10
2025-01-06 19:17:21,823 - {'epoch': 27, 'rec_loss': '5.2209'}
2025-01-06 19:17:22,609 - {'Epoch': 27, 'HR@5': '0.0587', 'NDCG@5': '0.0393', 'HR@10': '0.0963', 'NDCG@10': '0.0515', 'HR@20': '0.1394', 'NDCG@20': '0.0622'}
2025-01-06 19:17:22,610 - EarlyStopping counter: 2 out of 10
2025-01-06 19:17:30,811 - {'epoch': 28, 'rec_loss': '5.2043'}
2025-01-06 19:17:31,605 - {'Epoch': 28, 'HR@5': '0.0587', 'NDCG@5': '0.0400', 'HR@10': '0.0972', 'NDCG@10': '0.0524', 'HR@20': '0.1376', 'NDCG@20': '0.0624'}
2025-01-06 19:17:31,606 - Validation score increased.  Saving model ...
2025-01-06 19:17:39,792 - {'epoch': 29, 'rec_loss': '5.1922'}
2025-01-06 19:17:40,621 - {'Epoch': 29, 'HR@5': '0.0642', 'NDCG@5': '0.0412', 'HR@10': '0.0972', 'NDCG@10': '0.0518', 'HR@20': '0.1422', 'NDCG@20': '0.0631'}
2025-01-06 19:17:40,621 - Validation score increased.  Saving model ...
2025-01-06 19:17:48,529 - {'epoch': 30, 'rec_loss': '5.1590'}
2025-01-06 19:17:49,353 - {'Epoch': 30, 'HR@5': '0.0596', 'NDCG@5': '0.0398', 'HR@10': '0.0963', 'NDCG@10': '0.0519', 'HR@20': '0.1339', 'NDCG@20': '0.0612'}
2025-01-06 19:17:49,354 - EarlyStopping counter: 1 out of 10
2025-01-06 19:17:56,752 - {'epoch': 31, 'rec_loss': '5.1392'}
2025-01-06 19:17:57,594 - {'Epoch': 31, 'HR@5': '0.0624', 'NDCG@5': '0.0391', 'HR@10': '0.1000', 'NDCG@10': '0.0513', 'HR@20': '0.1367', 'NDCG@20': '0.0605'}
2025-01-06 19:17:57,595 - EarlyStopping counter: 2 out of 10
2025-01-06 19:18:06,053 - {'epoch': 32, 'rec_loss': '5.1366'}
2025-01-06 19:18:06,918 - {'Epoch': 32, 'HR@5': '0.0615', 'NDCG@5': '0.0390', 'HR@10': '0.1009', 'NDCG@10': '0.0521', 'HR@20': '0.1385', 'NDCG@20': '0.0616'}
2025-01-06 19:18:06,919 - EarlyStopping counter: 3 out of 10
2025-01-06 19:18:14,777 - {'epoch': 33, 'rec_loss': '5.1113'}
2025-01-06 19:18:15,584 - {'Epoch': 33, 'HR@5': '0.0606', 'NDCG@5': '0.0380', 'HR@10': '0.0982', 'NDCG@10': '0.0503', 'HR@20': '0.1385', 'NDCG@20': '0.0604'}
2025-01-06 19:18:15,585 - EarlyStopping counter: 4 out of 10
2025-01-06 19:18:23,380 - {'epoch': 34, 'rec_loss': '5.1035'}
2025-01-06 19:18:24,187 - {'Epoch': 34, 'HR@5': '0.0642', 'NDCG@5': '0.0415', 'HR@10': '0.0982', 'NDCG@10': '0.0524', 'HR@20': '0.1367', 'NDCG@20': '0.0621'}
2025-01-06 19:18:24,188 - EarlyStopping counter: 5 out of 10
2025-01-06 19:18:32,139 - {'epoch': 35, 'rec_loss': '5.0851'}
2025-01-06 19:18:33,049 - {'Epoch': 35, 'HR@5': '0.0624', 'NDCG@5': '0.0395', 'HR@10': '0.0954', 'NDCG@10': '0.0500', 'HR@20': '0.1431', 'NDCG@20': '0.0619'}
2025-01-06 19:18:33,050 - EarlyStopping counter: 6 out of 10
2025-01-06 19:18:40,546 - {'epoch': 36, 'rec_loss': '5.0811'}
2025-01-06 19:18:41,211 - {'Epoch': 36, 'HR@5': '0.0606', 'NDCG@5': '0.0376', 'HR@10': '0.0954', 'NDCG@10': '0.0488', 'HR@20': '0.1376', 'NDCG@20': '0.0595'}
2025-01-06 19:18:41,211 - EarlyStopping counter: 7 out of 10
2025-01-06 19:18:49,152 - {'epoch': 37, 'rec_loss': '5.0538'}
2025-01-06 19:18:49,967 - {'Epoch': 37, 'HR@5': '0.0633', 'NDCG@5': '0.0398', 'HR@10': '0.0963', 'NDCG@10': '0.0504', 'HR@20': '0.1413', 'NDCG@20': '0.0618'}
2025-01-06 19:18:49,968 - EarlyStopping counter: 8 out of 10
2025-01-06 19:18:58,241 - {'epoch': 38, 'rec_loss': '5.0501'}
2025-01-06 19:18:59,063 - {'Epoch': 38, 'HR@5': '0.0615', 'NDCG@5': '0.0385', 'HR@10': '0.0927', 'NDCG@10': '0.0486', 'HR@20': '0.1413', 'NDCG@20': '0.0610'}
2025-01-06 19:18:59,064 - EarlyStopping counter: 9 out of 10
2025-01-06 19:19:07,031 - {'epoch': 39, 'rec_loss': '5.0402'}
2025-01-06 19:19:07,860 - {'Epoch': 39, 'HR@5': '0.0633', 'NDCG@5': '0.0379', 'HR@10': '0.0963', 'NDCG@10': '0.0484', 'HR@20': '0.1394', 'NDCG@20': '0.0595'}
2025-01-06 19:19:07,860 - EarlyStopping counter: 10 out of 10
2025-01-06 19:19:07,860 - Early stopping
2025-01-06 19:19:07,860 - ---------------Test Score---------------
2025-01-06 19:19:08,746 - {'Epoch': 0, 'HR@5': '0.0459', 'NDCG@5': '0.0311', 'HR@10': '0.0606', 'NDCG@10': '0.0356', 'HR@20': '0.0844', 'NDCG@20': '0.0418'}
2025-01-06 19:19:08,747 - BSARec_S_A_LastFM
2025-01-06 19:19:08,747 - {'Epoch': 0, 'HR@5': '0.0459', 'NDCG@5': '0.0311', 'HR@10': '0.0606', 'NDCG@10': '0.0356', 'HR@20': '0.0844', 'NDCG@20': '0.0418'}
