2025-01-06 21:11:41,777 - Namespace(data_dir='./data/', output_dir='output/', data_name='Toys_and_Games', do_eval=False, load_model=None, train_name='BSARec_A_Toys_and_Games', num_items=10, num_users=19413, lr=0.0005, batch_size=256, epochs=200, no_cuda=False, log_freq=1, patience=10, num_workers=4, seed=42, weight_decay=0.0, adam_beta1=0.9, adam_beta2=0.999, gpu_id='0', variance=5, model_type='BSARec_A', max_seq_length=50, hidden_size=64, num_hidden_layers=2, hidden_act='gelu', num_attention_heads=1, attention_probs_dropout_prob=0.5, hidden_dropout_prob=0.5, initializer_range=0.02, c=5, alpha=0.7, cuda_condition=True, data_file='./data/Toys_and_Games.txt', item_size=11925, checkpoint_path='output/BSARec_A_Toys_and_Games.pt', same_target_path='./data/Toys_and_Games_same_target.npy')
2025-01-06 21:11:41,831 - BSARecModel_A(
  (item_embeddings): Embedding(11925, 64, padding_idx=0)
  (position_embeddings): Embedding(50, 64)
  (LayerNorm): LayerNorm()
  (dropout): Dropout(p=0.5, inplace=False)
  (item_encoder): BSARecEncoder(
    (blocks): ModuleList(
      (0): BSARecBlock(
        (layer): BSARecLayer(
          (filter_layer): FrequencyLayer(
            (out_dropout): Dropout(p=0.5, inplace=False)
            (LayerNorm): LayerNorm()
          )
          (attention_layer): MultiHeadAttention(
            (query): Linear(in_features=64, out_features=64, bias=True)
            (key): Linear(in_features=64, out_features=64, bias=True)
            (value): Linear(in_features=64, out_features=64, bias=True)
            (softmax): Softmax(dim=-1)
            (attn_dropout): Dropout(p=0.5, inplace=False)
            (dense): Linear(in_features=64, out_features=64, bias=True)
            (LayerNorm): LayerNorm((64,), eps=1e-12, elementwise_affine=True)
            (out_dropout): Dropout(p=0.5, inplace=False)
          )
        )
        (feed_forward_d): FeedForward(
          (dense_1): Linear(in_features=64, out_features=256, bias=True)
          (dense_2): Linear(in_features=256, out_features=64, bias=True)
          (LayerNorm): LayerNorm()
          (dropout): Dropout(p=0.5, inplace=False)
        )
      )
      (1): BSARecBlock(
        (layer): BSARecLayer(
          (filter_layer): FrequencyLayer(
            (out_dropout): Dropout(p=0.5, inplace=False)
            (LayerNorm): LayerNorm()
          )
          (attention_layer): MultiHeadAttention(
            (query): Linear(in_features=64, out_features=64, bias=True)
            (key): Linear(in_features=64, out_features=64, bias=True)
            (value): Linear(in_features=64, out_features=64, bias=True)
            (softmax): Softmax(dim=-1)
            (attn_dropout): Dropout(p=0.5, inplace=False)
            (dense): Linear(in_features=64, out_features=64, bias=True)
            (LayerNorm): LayerNorm((64,), eps=1e-12, elementwise_affine=True)
            (out_dropout): Dropout(p=0.5, inplace=False)
          )
        )
        (feed_forward_d): FeedForward(
          (dense_1): Linear(in_features=64, out_features=256, bias=True)
          (dense_2): Linear(in_features=256, out_features=64, bias=True)
          (LayerNorm): LayerNorm()
          (dropout): Dropout(p=0.5, inplace=False)
        )
      )
    )
  )
)
2025-01-06 21:12:44,389 - Namespace(data_dir='./data/', output_dir='output/', data_name='Toys_and_Games', do_eval=False, load_model=None, train_name='BSARec_A_Toys_and_Games', num_items=10, num_users=19413, lr=0.0005, batch_size=256, epochs=200, no_cuda=False, log_freq=1, patience=10, num_workers=4, seed=42, weight_decay=0.0, adam_beta1=0.9, adam_beta2=0.999, gpu_id='0', variance=5, model_type='BSARec_A', max_seq_length=50, hidden_size=64, num_hidden_layers=2, hidden_act='gelu', num_attention_heads=1, attention_probs_dropout_prob=0.5, hidden_dropout_prob=0.5, initializer_range=0.02, c=5, alpha=0.7, cuda_condition=True, data_file='./data/Toys_and_Games.txt', item_size=11925, checkpoint_path='output/BSARec_A_Toys_and_Games.pt', same_target_path='./data/Toys_and_Games_same_target.npy')
2025-01-06 21:12:44,448 - BSARecModel_A(
  (item_embeddings): Embedding(11925, 64, padding_idx=0)
  (position_embeddings): Embedding(50, 64)
  (LayerNorm): LayerNorm()
  (dropout): Dropout(p=0.5, inplace=False)
  (item_encoder): BSARecEncoder(
    (blocks): ModuleList(
      (0): BSARecBlock(
        (layer): BSARecLayer(
          (filter_layer): FrequencyLayer(
            (out_dropout): Dropout(p=0.5, inplace=False)
            (LayerNorm): LayerNorm()
          )
          (attention_layer): MultiHeadAttention(
            (query): Linear(in_features=64, out_features=64, bias=True)
            (key): Linear(in_features=64, out_features=64, bias=True)
            (value): Linear(in_features=64, out_features=64, bias=True)
            (softmax): Softmax(dim=-1)
            (attn_dropout): Dropout(p=0.5, inplace=False)
            (dense): Linear(in_features=64, out_features=64, bias=True)
            (LayerNorm): LayerNorm((64,), eps=1e-12, elementwise_affine=True)
            (out_dropout): Dropout(p=0.5, inplace=False)
          )
        )
        (feed_forward_d): FeedForward(
          (dense_1): Linear(in_features=64, out_features=256, bias=True)
          (dense_2): Linear(in_features=256, out_features=64, bias=True)
          (LayerNorm): LayerNorm()
          (dropout): Dropout(p=0.5, inplace=False)
        )
      )
      (1): BSARecBlock(
        (layer): BSARecLayer(
          (filter_layer): FrequencyLayer(
            (out_dropout): Dropout(p=0.5, inplace=False)
            (LayerNorm): LayerNorm()
          )
          (attention_layer): MultiHeadAttention(
            (query): Linear(in_features=64, out_features=64, bias=True)
            (key): Linear(in_features=64, out_features=64, bias=True)
            (value): Linear(in_features=64, out_features=64, bias=True)
            (softmax): Softmax(dim=-1)
            (attn_dropout): Dropout(p=0.5, inplace=False)
            (dense): Linear(in_features=64, out_features=64, bias=True)
            (LayerNorm): LayerNorm((64,), eps=1e-12, elementwise_affine=True)
            (out_dropout): Dropout(p=0.5, inplace=False)
          )
        )
        (feed_forward_d): FeedForward(
          (dense_1): Linear(in_features=64, out_features=256, bias=True)
          (dense_2): Linear(in_features=256, out_features=64, bias=True)
          (LayerNorm): LayerNorm()
          (dropout): Dropout(p=0.5, inplace=False)
        )
      )
    )
  )
)
2025-01-06 21:12:46,755 - Total Parameters: 866880
2025-01-06 21:13:29,486 - {'epoch': 0, 'rec_loss': '9.0872'}
2025-01-06 21:13:40,845 - {'Epoch': 0, 'HR@5': '0.0061', 'NDCG@5': '0.0044', 'HR@10': '0.0110', 'NDCG@10': '0.0059', 'HR@20': '0.0186', 'NDCG@20': '0.0078'}
2025-01-06 21:13:40,847 - Validation score increased.  Saving model ...
2025-01-06 21:14:23,521 - {'epoch': 1, 'rec_loss': '8.7487'}
2025-01-06 21:14:35,997 - {'Epoch': 1, 'HR@5': '0.0091', 'NDCG@5': '0.0056', 'HR@10': '0.0162', 'NDCG@10': '0.0079', 'HR@20': '0.0279', 'NDCG@20': '0.0109'}
2025-01-06 21:14:36,000 - Validation score increased.  Saving model ...
2025-01-06 21:15:18,073 - {'epoch': 2, 'rec_loss': '8.5373'}
2025-01-06 21:15:29,338 - {'Epoch': 2, 'HR@5': '0.0145', 'NDCG@5': '0.0096', 'HR@10': '0.0234', 'NDCG@10': '0.0125', 'HR@20': '0.0404', 'NDCG@20': '0.0168'}
2025-01-06 21:15:29,341 - Validation score increased.  Saving model ...
2025-01-06 21:16:15,920 - {'epoch': 3, 'rec_loss': '8.3623'}
2025-01-06 21:16:27,447 - {'Epoch': 3, 'HR@5': '0.0237', 'NDCG@5': '0.0161', 'HR@10': '0.0358', 'NDCG@10': '0.0199', 'HR@20': '0.0540', 'NDCG@20': '0.0245'}
2025-01-06 21:16:27,451 - Validation score increased.  Saving model ...
2025-01-06 21:17:14,507 - {'epoch': 4, 'rec_loss': '8.1915'}
2025-01-06 21:17:26,419 - {'Epoch': 4, 'HR@5': '0.0317', 'NDCG@5': '0.0221', 'HR@10': '0.0476', 'NDCG@10': '0.0272', 'HR@20': '0.0705', 'NDCG@20': '0.0330'}
2025-01-06 21:17:26,423 - Validation score increased.  Saving model ...
2025-01-06 21:18:12,059 - {'epoch': 5, 'rec_loss': '8.0115'}
2025-01-06 21:18:23,874 - {'Epoch': 5, 'HR@5': '0.0422', 'NDCG@5': '0.0302', 'HR@10': '0.0607', 'NDCG@10': '0.0362', 'HR@20': '0.0854', 'NDCG@20': '0.0424'}
2025-01-06 21:18:23,879 - Validation score increased.  Saving model ...
2025-01-06 21:19:11,169 - {'epoch': 6, 'rec_loss': '7.8484'}
2025-01-06 21:19:23,336 - {'Epoch': 6, 'HR@5': '0.0534', 'NDCG@5': '0.0377', 'HR@10': '0.0745', 'NDCG@10': '0.0445', 'HR@20': '0.1023', 'NDCG@20': '0.0515'}
2025-01-06 21:19:23,341 - Validation score increased.  Saving model ...
2025-01-06 21:20:09,966 - {'epoch': 7, 'rec_loss': '7.7003'}
2025-01-06 21:20:22,354 - {'Epoch': 7, 'HR@5': '0.0630', 'NDCG@5': '0.0445', 'HR@10': '0.0871', 'NDCG@10': '0.0523', 'HR@20': '0.1195', 'NDCG@20': '0.0604'}
2025-01-06 21:20:22,359 - Validation score increased.  Saving model ...
2025-01-06 21:21:06,490 - {'epoch': 8, 'rec_loss': '7.5661'}
2025-01-06 21:21:17,769 - {'Epoch': 8, 'HR@5': '0.0694', 'NDCG@5': '0.0494', 'HR@10': '0.0984', 'NDCG@10': '0.0588', 'HR@20': '0.1304', 'NDCG@20': '0.0668'}
2025-01-06 21:21:17,772 - Validation score increased.  Saving model ...
2025-01-06 21:22:03,248 - {'epoch': 9, 'rec_loss': '7.4500'}
2025-01-06 21:22:15,493 - {'Epoch': 9, 'HR@5': '0.0758', 'NDCG@5': '0.0532', 'HR@10': '0.1045', 'NDCG@10': '0.0625', 'HR@20': '0.1392', 'NDCG@20': '0.0712'}
2025-01-06 21:22:15,497 - Validation score increased.  Saving model ...
2025-01-06 21:23:00,779 - {'epoch': 10, 'rec_loss': '7.3486'}
2025-01-06 21:23:12,542 - {'Epoch': 10, 'HR@5': '0.0796', 'NDCG@5': '0.0564', 'HR@10': '0.1100', 'NDCG@10': '0.0662', 'HR@20': '0.1455', 'NDCG@20': '0.0752'}
2025-01-06 21:23:12,547 - Validation score increased.  Saving model ...
2025-01-06 21:23:56,499 - {'epoch': 11, 'rec_loss': '7.2630'}
2025-01-06 21:24:08,599 - {'Epoch': 11, 'HR@5': '0.0823', 'NDCG@5': '0.0583', 'HR@10': '0.1137', 'NDCG@10': '0.0684', 'HR@20': '0.1506', 'NDCG@20': '0.0777'}
2025-01-06 21:24:08,603 - Validation score increased.  Saving model ...
2025-01-06 21:24:54,460 - {'epoch': 12, 'rec_loss': '7.1886'}
2025-01-06 21:25:05,922 - {'Epoch': 12, 'HR@5': '0.0832', 'NDCG@5': '0.0595', 'HR@10': '0.1147', 'NDCG@10': '0.0697', 'HR@20': '0.1534', 'NDCG@20': '0.0795'}
2025-01-06 21:25:05,927 - Validation score increased.  Saving model ...
2025-01-06 21:25:51,390 - {'epoch': 13, 'rec_loss': '7.1229'}
2025-01-06 21:26:02,547 - {'Epoch': 13, 'HR@5': '0.0847', 'NDCG@5': '0.0603', 'HR@10': '0.1175', 'NDCG@10': '0.0709', 'HR@20': '0.1546', 'NDCG@20': '0.0802'}
2025-01-06 21:26:02,551 - Validation score increased.  Saving model ...
2025-01-06 21:26:46,043 - {'epoch': 14, 'rec_loss': '7.0626'}
2025-01-06 21:26:56,875 - {'Epoch': 14, 'HR@5': '0.0864', 'NDCG@5': '0.0624', 'HR@10': '0.1164', 'NDCG@10': '0.0721', 'HR@20': '0.1565', 'NDCG@20': '0.0822'}
2025-01-06 21:26:56,879 - Validation score increased.  Saving model ...
2025-01-06 21:27:42,512 - {'epoch': 15, 'rec_loss': '7.0207'}
2025-01-06 21:27:55,066 - {'Epoch': 15, 'HR@5': '0.0866', 'NDCG@5': '0.0628', 'HR@10': '0.1189', 'NDCG@10': '0.0732', 'HR@20': '0.1575', 'NDCG@20': '0.0829'}
2025-01-06 21:27:55,069 - Validation score increased.  Saving model ...
2025-01-06 21:28:40,297 - {'epoch': 16, 'rec_loss': '6.9790'}
2025-01-06 21:28:51,721 - {'Epoch': 16, 'HR@5': '0.0888', 'NDCG@5': '0.0637', 'HR@10': '0.1200', 'NDCG@10': '0.0738', 'HR@20': '0.1576', 'NDCG@20': '0.0832'}
2025-01-06 21:28:51,726 - Validation score increased.  Saving model ...
2025-01-06 21:29:35,826 - {'epoch': 17, 'rec_loss': '6.9423'}
2025-01-06 21:29:47,879 - {'Epoch': 17, 'HR@5': '0.0896', 'NDCG@5': '0.0647', 'HR@10': '0.1214', 'NDCG@10': '0.0749', 'HR@20': '0.1592', 'NDCG@20': '0.0844'}
2025-01-06 21:29:47,883 - Validation score increased.  Saving model ...
2025-01-06 21:30:31,323 - {'epoch': 18, 'rec_loss': '6.9102'}
2025-01-06 21:30:44,638 - {'Epoch': 18, 'HR@5': '0.0904', 'NDCG@5': '0.0653', 'HR@10': '0.1211', 'NDCG@10': '0.0753', 'HR@20': '0.1596', 'NDCG@20': '0.0850'}
2025-01-06 21:30:44,642 - Validation score increased.  Saving model ...
2025-01-06 21:31:28,770 - {'epoch': 19, 'rec_loss': '6.8851'}
2025-01-06 21:31:40,045 - {'Epoch': 19, 'HR@5': '0.0906', 'NDCG@5': '0.0654', 'HR@10': '0.1220', 'NDCG@10': '0.0756', 'HR@20': '0.1609', 'NDCG@20': '0.0854'}
2025-01-06 21:31:40,050 - Validation score increased.  Saving model ...
2025-01-06 21:32:22,142 - {'epoch': 20, 'rec_loss': '6.8641'}
2025-01-06 21:32:33,695 - {'Epoch': 20, 'HR@5': '0.0916', 'NDCG@5': '0.0657', 'HR@10': '0.1225', 'NDCG@10': '0.0757', 'HR@20': '0.1605', 'NDCG@20': '0.0853'}
2025-01-06 21:32:33,701 - EarlyStopping counter: 1 out of 10
2025-01-06 21:33:20,633 - {'epoch': 21, 'rec_loss': '6.8345'}
2025-01-06 21:33:32,772 - {'Epoch': 21, 'HR@5': '0.0913', 'NDCG@5': '0.0654', 'HR@10': '0.1202', 'NDCG@10': '0.0747', 'HR@20': '0.1611', 'NDCG@20': '0.0850'}
2025-01-06 21:33:32,776 - EarlyStopping counter: 2 out of 10
2025-01-06 21:34:16,978 - {'epoch': 22, 'rec_loss': '6.8191'}
2025-01-06 21:34:29,556 - {'Epoch': 22, 'HR@5': '0.0902', 'NDCG@5': '0.0654', 'HR@10': '0.1221', 'NDCG@10': '0.0756', 'HR@20': '0.1610', 'NDCG@20': '0.0855'}
2025-01-06 21:34:29,562 - Validation score increased.  Saving model ...
2025-01-06 21:35:15,597 - {'epoch': 23, 'rec_loss': '6.7978'}
2025-01-06 21:35:26,636 - {'Epoch': 23, 'HR@5': '0.0913', 'NDCG@5': '0.0662', 'HR@10': '0.1230', 'NDCG@10': '0.0764', 'HR@20': '0.1628', 'NDCG@20': '0.0864'}
2025-01-06 21:35:26,639 - Validation score increased.  Saving model ...
2025-01-06 21:36:13,002 - {'epoch': 24, 'rec_loss': '6.7800'}
2025-01-06 21:36:25,128 - {'Epoch': 24, 'HR@5': '0.0918', 'NDCG@5': '0.0665', 'HR@10': '0.1247', 'NDCG@10': '0.0771', 'HR@20': '0.1643', 'NDCG@20': '0.0871'}
2025-01-06 21:36:25,133 - Validation score increased.  Saving model ...
2025-01-06 21:37:11,419 - {'epoch': 25, 'rec_loss': '6.7640'}
2025-01-06 21:37:22,082 - {'Epoch': 25, 'HR@5': '0.0922', 'NDCG@5': '0.0668', 'HR@10': '0.1229', 'NDCG@10': '0.0766', 'HR@20': '0.1617', 'NDCG@20': '0.0864'}
2025-01-06 21:37:22,087 - EarlyStopping counter: 1 out of 10
2025-01-06 21:38:07,614 - {'epoch': 26, 'rec_loss': '6.7488'}
2025-01-06 21:38:19,671 - {'Epoch': 26, 'HR@5': '0.0917', 'NDCG@5': '0.0661', 'HR@10': '0.1234', 'NDCG@10': '0.0763', 'HR@20': '0.1629', 'NDCG@20': '0.0863'}
2025-01-06 21:38:19,675 - EarlyStopping counter: 2 out of 10
2025-01-06 21:39:01,550 - {'epoch': 27, 'rec_loss': '6.7407'}
2025-01-06 21:39:14,321 - {'Epoch': 27, 'HR@5': '0.0913', 'NDCG@5': '0.0660', 'HR@10': '0.1236', 'NDCG@10': '0.0765', 'HR@20': '0.1623', 'NDCG@20': '0.0862'}
2025-01-06 21:39:14,324 - EarlyStopping counter: 3 out of 10
2025-01-06 21:40:00,888 - {'epoch': 28, 'rec_loss': '6.7250'}
2025-01-06 21:40:12,085 - {'Epoch': 28, 'HR@5': '0.0907', 'NDCG@5': '0.0656', 'HR@10': '0.1238', 'NDCG@10': '0.0763', 'HR@20': '0.1637', 'NDCG@20': '0.0863'}
2025-01-06 21:40:12,089 - EarlyStopping counter: 4 out of 10
2025-01-06 21:40:56,147 - {'epoch': 29, 'rec_loss': '6.7087'}
2025-01-06 21:41:08,450 - {'Epoch': 29, 'HR@5': '0.0926', 'NDCG@5': '0.0665', 'HR@10': '0.1240', 'NDCG@10': '0.0766', 'HR@20': '0.1649', 'NDCG@20': '0.0869'}
2025-01-06 21:41:08,455 - EarlyStopping counter: 5 out of 10
2025-01-06 21:41:54,261 - {'epoch': 30, 'rec_loss': '6.6982'}
2025-01-06 21:42:06,054 - {'Epoch': 30, 'HR@5': '0.0927', 'NDCG@5': '0.0665', 'HR@10': '0.1252', 'NDCG@10': '0.0770', 'HR@20': '0.1652', 'NDCG@20': '0.0870'}
2025-01-06 21:42:06,058 - EarlyStopping counter: 6 out of 10
2025-01-06 21:42:49,737 - {'epoch': 31, 'rec_loss': '6.6847'}
2025-01-06 21:43:02,240 - {'Epoch': 31, 'HR@5': '0.0926', 'NDCG@5': '0.0666', 'HR@10': '0.1258', 'NDCG@10': '0.0773', 'HR@20': '0.1645', 'NDCG@20': '0.0870'}
2025-01-06 21:43:02,245 - EarlyStopping counter: 7 out of 10
2025-01-06 21:43:52,405 - {'epoch': 32, 'rec_loss': '6.6806'}
2025-01-06 21:44:05,238 - {'Epoch': 32, 'HR@5': '0.0926', 'NDCG@5': '0.0670', 'HR@10': '0.1237', 'NDCG@10': '0.0770', 'HR@20': '0.1640', 'NDCG@20': '0.0872'}
2025-01-06 21:44:05,242 - Validation score increased.  Saving model ...
2025-01-06 21:44:48,169 - {'epoch': 33, 'rec_loss': '6.6646'}
2025-01-06 21:45:00,153 - {'Epoch': 33, 'HR@5': '0.0922', 'NDCG@5': '0.0664', 'HR@10': '0.1244', 'NDCG@10': '0.0768', 'HR@20': '0.1642', 'NDCG@20': '0.0868'}
2025-01-06 21:45:00,157 - EarlyStopping counter: 1 out of 10
2025-01-06 21:45:45,942 - {'epoch': 34, 'rec_loss': '6.6613'}
2025-01-06 21:45:57,145 - {'Epoch': 34, 'HR@5': '0.0936', 'NDCG@5': '0.0673', 'HR@10': '0.1246', 'NDCG@10': '0.0774', 'HR@20': '0.1658', 'NDCG@20': '0.0877'}
2025-01-06 21:45:57,150 - Validation score increased.  Saving model ...
2025-01-06 21:46:40,380 - {'epoch': 35, 'rec_loss': '6.6515'}
2025-01-06 21:46:52,900 - {'Epoch': 35, 'HR@5': '0.0937', 'NDCG@5': '0.0679', 'HR@10': '0.1252', 'NDCG@10': '0.0781', 'HR@20': '0.1648', 'NDCG@20': '0.0881'}
2025-01-06 21:46:52,904 - Validation score increased.  Saving model ...
2025-01-06 21:47:36,637 - {'epoch': 36, 'rec_loss': '6.6464'}
2025-01-06 21:47:48,045 - {'Epoch': 36, 'HR@5': '0.0934', 'NDCG@5': '0.0673', 'HR@10': '0.1256', 'NDCG@10': '0.0776', 'HR@20': '0.1648', 'NDCG@20': '0.0876'}
2025-01-06 21:47:48,050 - EarlyStopping counter: 1 out of 10
2025-01-06 21:48:33,104 - {'epoch': 37, 'rec_loss': '6.6312'}
2025-01-06 21:48:46,397 - {'Epoch': 37, 'HR@5': '0.0923', 'NDCG@5': '0.0666', 'HR@10': '0.1252', 'NDCG@10': '0.0772', 'HR@20': '0.1642', 'NDCG@20': '0.0870'}
2025-01-06 21:48:46,401 - EarlyStopping counter: 2 out of 10
2025-01-06 21:49:32,412 - {'epoch': 38, 'rec_loss': '6.6250'}
2025-01-06 21:49:44,376 - {'Epoch': 38, 'HR@5': '0.0940', 'NDCG@5': '0.0682', 'HR@10': '0.1262', 'NDCG@10': '0.0786', 'HR@20': '0.1658', 'NDCG@20': '0.0885'}
2025-01-06 21:49:44,381 - Validation score increased.  Saving model ...
2025-01-06 21:50:23,741 - {'epoch': 39, 'rec_loss': '6.6172'}
2025-01-06 21:50:34,015 - {'Epoch': 39, 'HR@5': '0.0932', 'NDCG@5': '0.0678', 'HR@10': '0.1269', 'NDCG@10': '0.0785', 'HR@20': '0.1656', 'NDCG@20': '0.0883'}
2025-01-06 21:50:34,019 - EarlyStopping counter: 1 out of 10
2025-01-06 21:51:14,601 - {'epoch': 40, 'rec_loss': '6.6168'}
2025-01-06 21:51:25,708 - {'Epoch': 40, 'HR@5': '0.0928', 'NDCG@5': '0.0667', 'HR@10': '0.1258', 'NDCG@10': '0.0773', 'HR@20': '0.1655', 'NDCG@20': '0.0873'}
2025-01-06 21:51:25,713 - EarlyStopping counter: 2 out of 10
2025-01-06 21:52:05,674 - {'epoch': 41, 'rec_loss': '6.6021'}
2025-01-06 21:52:15,986 - {'Epoch': 41, 'HR@5': '0.0940', 'NDCG@5': '0.0679', 'HR@10': '0.1273', 'NDCG@10': '0.0787', 'HR@20': '0.1653', 'NDCG@20': '0.0882'}
2025-01-06 21:52:15,991 - EarlyStopping counter: 3 out of 10
2025-01-06 21:52:56,625 - {'epoch': 42, 'rec_loss': '6.5970'}
2025-01-06 21:53:06,545 - {'Epoch': 42, 'HR@5': '0.0951', 'NDCG@5': '0.0680', 'HR@10': '0.1265', 'NDCG@10': '0.0781', 'HR@20': '0.1642', 'NDCG@20': '0.0876'}
2025-01-06 21:53:06,550 - EarlyStopping counter: 4 out of 10
2025-01-06 21:53:46,412 - {'epoch': 43, 'rec_loss': '6.5925'}
2025-01-06 21:53:56,746 - {'Epoch': 43, 'HR@5': '0.0940', 'NDCG@5': '0.0680', 'HR@10': '0.1252', 'NDCG@10': '0.0781', 'HR@20': '0.1636', 'NDCG@20': '0.0878'}
2025-01-06 21:53:56,758 - EarlyStopping counter: 5 out of 10
2025-01-06 21:54:38,027 - {'epoch': 44, 'rec_loss': '6.5893'}
2025-01-06 21:54:48,814 - {'Epoch': 44, 'HR@5': '0.0936', 'NDCG@5': '0.0677', 'HR@10': '0.1257', 'NDCG@10': '0.0779', 'HR@20': '0.1646', 'NDCG@20': '0.0877'}
2025-01-06 21:54:48,820 - EarlyStopping counter: 6 out of 10
2025-01-06 21:55:30,715 - {'epoch': 45, 'rec_loss': '6.5722'}
2025-01-06 21:55:41,490 - {'Epoch': 45, 'HR@5': '0.0925', 'NDCG@5': '0.0666', 'HR@10': '0.1250', 'NDCG@10': '0.0771', 'HR@20': '0.1642', 'NDCG@20': '0.0870'}
2025-01-06 21:55:41,494 - EarlyStopping counter: 7 out of 10
2025-01-06 21:56:22,764 - {'epoch': 46, 'rec_loss': '6.5766'}
2025-01-06 21:56:33,390 - {'Epoch': 46, 'HR@5': '0.0957', 'NDCG@5': '0.0691', 'HR@10': '0.1258', 'NDCG@10': '0.0788', 'HR@20': '0.1653', 'NDCG@20': '0.0888'}
2025-01-06 21:56:33,394 - Validation score increased.  Saving model ...
2025-01-06 21:57:12,481 - {'epoch': 47, 'rec_loss': '6.5712'}
2025-01-06 21:57:22,868 - {'Epoch': 47, 'HR@5': '0.0953', 'NDCG@5': '0.0684', 'HR@10': '0.1273', 'NDCG@10': '0.0786', 'HR@20': '0.1652', 'NDCG@20': '0.0882'}
2025-01-06 21:57:22,872 - EarlyStopping counter: 1 out of 10
2025-01-06 21:57:58,292 - {'epoch': 48, 'rec_loss': '6.5660'}
2025-01-06 21:58:07,773 - {'Epoch': 48, 'HR@5': '0.0935', 'NDCG@5': '0.0675', 'HR@10': '0.1272', 'NDCG@10': '0.0784', 'HR@20': '0.1651', 'NDCG@20': '0.0879'}
2025-01-06 21:58:07,776 - EarlyStopping counter: 2 out of 10
2025-01-06 21:58:43,940 - {'epoch': 49, 'rec_loss': '6.5603'}
2025-01-06 21:58:53,422 - {'Epoch': 49, 'HR@5': '0.0945', 'NDCG@5': '0.0682', 'HR@10': '0.1270', 'NDCG@10': '0.0787', 'HR@20': '0.1654', 'NDCG@20': '0.0883'}
2025-01-06 21:58:53,426 - EarlyStopping counter: 3 out of 10
2025-01-06 21:59:29,826 - {'epoch': 50, 'rec_loss': '6.5541'}
2025-01-06 21:59:38,900 - {'Epoch': 50, 'HR@5': '0.0944', 'NDCG@5': '0.0680', 'HR@10': '0.1267', 'NDCG@10': '0.0784', 'HR@20': '0.1657', 'NDCG@20': '0.0882'}
2025-01-06 21:59:38,905 - EarlyStopping counter: 4 out of 10
2025-01-06 22:00:15,548 - {'epoch': 51, 'rec_loss': '6.5470'}
2025-01-06 22:00:25,118 - {'Epoch': 51, 'HR@5': '0.0949', 'NDCG@5': '0.0688', 'HR@10': '0.1280', 'NDCG@10': '0.0795', 'HR@20': '0.1638', 'NDCG@20': '0.0885'}
2025-01-06 22:00:25,122 - EarlyStopping counter: 5 out of 10
2025-01-06 22:00:50,485 - {'epoch': 52, 'rec_loss': '6.5422'}
2025-01-06 22:00:57,296 - {'Epoch': 52, 'HR@5': '0.0946', 'NDCG@5': '0.0677', 'HR@10': '0.1253', 'NDCG@10': '0.0777', 'HR@20': '0.1641', 'NDCG@20': '0.0874'}
2025-01-06 22:00:57,299 - EarlyStopping counter: 6 out of 10
2025-01-06 22:01:19,516 - {'epoch': 53, 'rec_loss': '6.5410'}
2025-01-06 22:01:26,286 - {'Epoch': 53, 'HR@5': '0.0944', 'NDCG@5': '0.0683', 'HR@10': '0.1264', 'NDCG@10': '0.0787', 'HR@20': '0.1644', 'NDCG@20': '0.0883'}
2025-01-06 22:01:26,290 - EarlyStopping counter: 7 out of 10
2025-01-06 22:01:47,629 - {'epoch': 54, 'rec_loss': '6.5318'}
2025-01-06 22:01:54,905 - {'Epoch': 54, 'HR@5': '0.0943', 'NDCG@5': '0.0682', 'HR@10': '0.1269', 'NDCG@10': '0.0787', 'HR@20': '0.1653', 'NDCG@20': '0.0883'}
2025-01-06 22:01:54,910 - EarlyStopping counter: 8 out of 10
2025-01-06 22:02:16,948 - {'epoch': 55, 'rec_loss': '6.5271'}
2025-01-06 22:02:23,848 - {'Epoch': 55, 'HR@5': '0.0945', 'NDCG@5': '0.0680', 'HR@10': '0.1274', 'NDCG@10': '0.0786', 'HR@20': '0.1633', 'NDCG@20': '0.0876'}
2025-01-06 22:02:23,851 - EarlyStopping counter: 9 out of 10
2025-01-06 22:02:45,942 - {'epoch': 56, 'rec_loss': '6.5214'}
2025-01-06 22:02:52,711 - {'Epoch': 56, 'HR@5': '0.0936', 'NDCG@5': '0.0676', 'HR@10': '0.1262', 'NDCG@10': '0.0781', 'HR@20': '0.1631', 'NDCG@20': '0.0874'}
2025-01-06 22:02:52,716 - EarlyStopping counter: 10 out of 10
2025-01-06 22:02:52,716 - Early stopping
2025-01-06 22:02:52,716 - ---------------Test Score---------------
2025-01-06 22:02:59,845 - {'Epoch': 0, 'HR@5': '0.0793', 'NDCG@5': '0.0576', 'HR@10': '0.1076', 'NDCG@10': '0.0667', 'HR@20': '0.1422', 'NDCG@20': '0.0755'}
2025-01-06 22:02:59,849 - BSARec_A_Toys_and_Games
2025-01-06 22:02:59,849 - {'Epoch': 0, 'HR@5': '0.0793', 'NDCG@5': '0.0576', 'HR@10': '0.1076', 'NDCG@10': '0.0667', 'HR@20': '0.1422', 'NDCG@20': '0.0755'}
