2025-01-06 16:47:41,993 - Namespace(data_dir='./data/', output_dir='output/', data_name='Beauty', do_eval=False, load_model=None, train_name='BSARec_SA_S_Beauty', num_items=10, num_users=22364, lr=0.0005, batch_size=256, epochs=200, no_cuda=False, log_freq=1, patience=10, num_workers=4, seed=42, weight_decay=0.0, adam_beta1=0.9, adam_beta2=0.999, gpu_id='0', variance=5, model_type='BSARec_SA_S', max_seq_length=50, hidden_size=64, num_hidden_layers=2, hidden_act='gelu', num_attention_heads=1, attention_probs_dropout_prob=0.5, hidden_dropout_prob=0.5, initializer_range=0.02, c=5, alpha=0.7, cuda_condition=True, data_file='./data/Beauty.txt', item_size=12102, checkpoint_path='output/BSARec_SA_S_Beauty.pt', same_target_path='./data/Beauty_same_target.npy')
2025-01-06 16:47:42,005 - BSARecModel_SA_S(
  (item_embeddings): Embedding(12102, 64, padding_idx=0)
  (position_embeddings): Embedding(50, 64)
  (LayerNorm): LayerNorm()
  (dropout): Dropout(p=0.5, inplace=False)
  (item_encoder): BSARecEncoder(
    (blocks): ModuleList(
      (0): BSARecBlock(
        (layer): BSARecLayer(
          (filter_layer): FrequencyLayer(
            (out_dropout): Dropout(p=0.5, inplace=False)
            (LayerNorm): LayerNorm()
          )
          (attention_layer): MultiHeadAttention(
            (query): Linear(in_features=64, out_features=64, bias=True)
            (key): Linear(in_features=64, out_features=64, bias=True)
            (value): Linear(in_features=64, out_features=64, bias=True)
            (softmax): Softmax(dim=-1)
            (attn_dropout): Dropout(p=0.5, inplace=False)
            (dense): Linear(in_features=64, out_features=64, bias=True)
            (LayerNorm): LayerNorm((64,), eps=1e-12, elementwise_affine=True)
            (out_dropout): Dropout(p=0.5, inplace=False)
          )
        )
        (feed_forward_sa): FeedForward(
          (dense_1): Linear(in_features=64, out_features=256, bias=True)
          (dense_2): Linear(in_features=256, out_features=64, bias=True)
          (LayerNorm): LayerNorm()
          (dropout): Dropout(p=0.5, inplace=False)
        )
        (feed_forward_g): FeedForward(
          (dense_1): Linear(in_features=64, out_features=256, bias=True)
          (dense_2): Linear(in_features=256, out_features=64, bias=True)
          (LayerNorm): LayerNorm()
          (dropout): Dropout(p=0.5, inplace=False)
        )
        (fusion_module): ModalityFusion()
      )
      (1): BSARecBlock(
        (layer): BSARecLayer(
          (filter_layer): FrequencyLayer(
            (out_dropout): Dropout(p=0.5, inplace=False)
            (LayerNorm): LayerNorm()
          )
          (attention_layer): MultiHeadAttention(
            (query): Linear(in_features=64, out_features=64, bias=True)
            (key): Linear(in_features=64, out_features=64, bias=True)
            (value): Linear(in_features=64, out_features=64, bias=True)
            (softmax): Softmax(dim=-1)
            (attn_dropout): Dropout(p=0.5, inplace=False)
            (dense): Linear(in_features=64, out_features=64, bias=True)
            (LayerNorm): LayerNorm((64,), eps=1e-12, elementwise_affine=True)
            (out_dropout): Dropout(p=0.5, inplace=False)
          )
        )
        (feed_forward_sa): FeedForward(
          (dense_1): Linear(in_features=64, out_features=256, bias=True)
          (dense_2): Linear(in_features=256, out_features=64, bias=True)
          (LayerNorm): LayerNorm()
          (dropout): Dropout(p=0.5, inplace=False)
        )
        (feed_forward_g): FeedForward(
          (dense_1): Linear(in_features=64, out_features=256, bias=True)
          (dense_2): Linear(in_features=256, out_features=64, bias=True)
          (LayerNorm): LayerNorm()
          (dropout): Dropout(p=0.5, inplace=False)
        )
        (fusion_module): ModalityFusion()
      )
    )
  )
)
2025-01-06 16:47:43,937 - Total Parameters: 944644
2025-01-06 16:47:57,951 - {'epoch': 0, 'rec_loss': '8.8532'}
2025-01-06 16:48:03,494 - {'Epoch': 0, 'HR@5': '0.0130', 'NDCG@5': '0.0080', 'HR@10': '0.0220', 'NDCG@10': '0.0109', 'HR@20': '0.0366', 'NDCG@20': '0.0145'}
2025-01-06 16:48:03,495 - Validation score increased.  Saving model ...
2025-01-06 16:48:16,682 - {'epoch': 1, 'rec_loss': '8.4193'}
2025-01-06 16:48:22,855 - {'Epoch': 1, 'HR@5': '0.0264', 'NDCG@5': '0.0162', 'HR@10': '0.0421', 'NDCG@10': '0.0213', 'HR@20': '0.0615', 'NDCG@20': '0.0261'}
2025-01-06 16:48:22,858 - Validation score increased.  Saving model ...
2025-01-06 16:48:36,022 - {'epoch': 2, 'rec_loss': '8.1224'}
2025-01-06 16:48:41,380 - {'Epoch': 2, 'HR@5': '0.0423', 'NDCG@5': '0.0279', 'HR@10': '0.0643', 'NDCG@10': '0.0349', 'HR@20': '0.0950', 'NDCG@20': '0.0426'}
2025-01-06 16:48:41,383 - Validation score increased.  Saving model ...
2025-01-06 16:48:54,405 - {'epoch': 3, 'rec_loss': '7.8488'}
2025-01-06 16:48:59,257 - {'Epoch': 3, 'HR@5': '0.0566', 'NDCG@5': '0.0382', 'HR@10': '0.0804', 'NDCG@10': '0.0459', 'HR@20': '0.1159', 'NDCG@20': '0.0548'}
2025-01-06 16:48:59,258 - Validation score increased.  Saving model ...
2025-01-06 16:49:12,176 - {'epoch': 4, 'rec_loss': '7.6433'}
2025-01-06 16:49:16,534 - {'Epoch': 4, 'HR@5': '0.0655', 'NDCG@5': '0.0461', 'HR@10': '0.0930', 'NDCG@10': '0.0549', 'HR@20': '0.1269', 'NDCG@20': '0.0635'}
2025-01-06 16:49:16,537 - Validation score increased.  Saving model ...
2025-01-06 16:49:26,178 - {'epoch': 5, 'rec_loss': '7.4839'}
2025-01-06 16:49:30,024 - {'Epoch': 5, 'HR@5': '0.0712', 'NDCG@5': '0.0505', 'HR@10': '0.0981', 'NDCG@10': '0.0592', 'HR@20': '0.1348', 'NDCG@20': '0.0684'}
2025-01-06 16:49:30,025 - Validation score increased.  Saving model ...
2025-01-06 16:49:39,731 - {'epoch': 6, 'rec_loss': '7.3563'}
2025-01-06 16:49:43,566 - {'Epoch': 6, 'HR@5': '0.0726', 'NDCG@5': '0.0516', 'HR@10': '0.1012', 'NDCG@10': '0.0608', 'HR@20': '0.1381', 'NDCG@20': '0.0701'}
2025-01-06 16:49:43,567 - Validation score increased.  Saving model ...
2025-01-06 16:49:53,555 - {'epoch': 7, 'rec_loss': '7.2503'}
2025-01-06 16:49:57,423 - {'Epoch': 7, 'HR@5': '0.0767', 'NDCG@5': '0.0545', 'HR@10': '0.1053', 'NDCG@10': '0.0637', 'HR@20': '0.1416', 'NDCG@20': '0.0729'}
2025-01-06 16:49:57,427 - Validation score increased.  Saving model ...
2025-01-06 16:50:07,392 - {'epoch': 8, 'rec_loss': '7.1610'}
2025-01-06 16:50:11,235 - {'Epoch': 8, 'HR@5': '0.0774', 'NDCG@5': '0.0555', 'HR@10': '0.1058', 'NDCG@10': '0.0647', 'HR@20': '0.1427', 'NDCG@20': '0.0740'}
2025-01-06 16:50:11,235 - Validation score increased.  Saving model ...
2025-01-06 16:50:21,135 - {'epoch': 9, 'rec_loss': '7.0881'}
2025-01-06 16:50:25,141 - {'Epoch': 9, 'HR@5': '0.0796', 'NDCG@5': '0.0568', 'HR@10': '0.1079', 'NDCG@10': '0.0660', 'HR@20': '0.1443', 'NDCG@20': '0.0752'}
2025-01-06 16:50:25,143 - Validation score increased.  Saving model ...
2025-01-06 16:50:35,033 - {'epoch': 10, 'rec_loss': '7.0271'}
2025-01-06 16:50:39,073 - {'Epoch': 10, 'HR@5': '0.0788', 'NDCG@5': '0.0565', 'HR@10': '0.1082', 'NDCG@10': '0.0660', 'HR@20': '0.1449', 'NDCG@20': '0.0753'}
2025-01-06 16:50:39,076 - Validation score increased.  Saving model ...
2025-01-06 16:50:49,244 - {'epoch': 11, 'rec_loss': '6.9758'}
2025-01-06 16:50:53,202 - {'Epoch': 11, 'HR@5': '0.0802', 'NDCG@5': '0.0570', 'HR@10': '0.1082', 'NDCG@10': '0.0660', 'HR@20': '0.1461', 'NDCG@20': '0.0755'}
2025-01-06 16:50:53,205 - Validation score increased.  Saving model ...
2025-01-06 16:51:03,207 - {'epoch': 12, 'rec_loss': '6.9342'}
2025-01-06 16:51:07,216 - {'Epoch': 12, 'HR@5': '0.0794', 'NDCG@5': '0.0565', 'HR@10': '0.1075', 'NDCG@10': '0.0656', 'HR@20': '0.1461', 'NDCG@20': '0.0753'}
2025-01-06 16:51:07,219 - EarlyStopping counter: 1 out of 10
2025-01-06 16:51:17,103 - {'epoch': 13, 'rec_loss': '6.8978'}
2025-01-06 16:51:21,262 - {'Epoch': 13, 'HR@5': '0.0803', 'NDCG@5': '0.0575', 'HR@10': '0.1089', 'NDCG@10': '0.0667', 'HR@20': '0.1472', 'NDCG@20': '0.0764'}
2025-01-06 16:51:21,263 - Validation score increased.  Saving model ...
2025-01-06 16:51:31,226 - {'epoch': 14, 'rec_loss': '6.8627'}
2025-01-06 16:51:35,143 - {'Epoch': 14, 'HR@5': '0.0821', 'NDCG@5': '0.0586', 'HR@10': '0.1115', 'NDCG@10': '0.0681', 'HR@20': '0.1477', 'NDCG@20': '0.0772'}
2025-01-06 16:51:35,144 - Validation score increased.  Saving model ...
2025-01-06 16:51:45,198 - {'epoch': 15, 'rec_loss': '6.8370'}
2025-01-06 16:51:49,058 - {'Epoch': 15, 'HR@5': '0.0829', 'NDCG@5': '0.0589', 'HR@10': '0.1121', 'NDCG@10': '0.0683', 'HR@20': '0.1497', 'NDCG@20': '0.0777'}
2025-01-06 16:51:49,060 - Validation score increased.  Saving model ...
2025-01-06 16:51:58,815 - {'epoch': 16, 'rec_loss': '6.8114'}
2025-01-06 16:52:02,698 - {'Epoch': 16, 'HR@5': '0.0822', 'NDCG@5': '0.0585', 'HR@10': '0.1122', 'NDCG@10': '0.0681', 'HR@20': '0.1497', 'NDCG@20': '0.0776'}
2025-01-06 16:52:02,699 - EarlyStopping counter: 1 out of 10
2025-01-06 16:52:12,619 - {'epoch': 17, 'rec_loss': '6.7867'}
2025-01-06 16:52:16,628 - {'Epoch': 17, 'HR@5': '0.0832', 'NDCG@5': '0.0588', 'HR@10': '0.1116', 'NDCG@10': '0.0680', 'HR@20': '0.1507', 'NDCG@20': '0.0778'}
2025-01-06 16:52:16,629 - Validation score increased.  Saving model ...
2025-01-06 16:52:26,602 - {'epoch': 18, 'rec_loss': '6.7670'}
2025-01-06 16:52:30,526 - {'Epoch': 18, 'HR@5': '0.0836', 'NDCG@5': '0.0596', 'HR@10': '0.1143', 'NDCG@10': '0.0695', 'HR@20': '0.1538', 'NDCG@20': '0.0794'}
2025-01-06 16:52:30,529 - Validation score increased.  Saving model ...
2025-01-06 16:52:40,380 - {'epoch': 19, 'rec_loss': '6.7503'}
2025-01-06 16:52:44,837 - {'Epoch': 19, 'HR@5': '0.0838', 'NDCG@5': '0.0596', 'HR@10': '0.1129', 'NDCG@10': '0.0690', 'HR@20': '0.1523', 'NDCG@20': '0.0789'}
2025-01-06 16:52:44,838 - EarlyStopping counter: 1 out of 10
2025-01-06 16:52:58,830 - {'epoch': 20, 'rec_loss': '6.7309'}
2025-01-06 16:53:03,655 - {'Epoch': 20, 'HR@5': '0.0837', 'NDCG@5': '0.0592', 'HR@10': '0.1155', 'NDCG@10': '0.0694', 'HR@20': '0.1540', 'NDCG@20': '0.0791'}
2025-01-06 16:53:03,658 - EarlyStopping counter: 2 out of 10
2025-01-06 16:53:17,561 - {'epoch': 21, 'rec_loss': '6.7107'}
2025-01-06 16:53:22,854 - {'Epoch': 21, 'HR@5': '0.0838', 'NDCG@5': '0.0588', 'HR@10': '0.1146', 'NDCG@10': '0.0688', 'HR@20': '0.1540', 'NDCG@20': '0.0787'}
2025-01-06 16:53:22,856 - EarlyStopping counter: 3 out of 10
2025-01-06 16:53:36,910 - {'epoch': 22, 'rec_loss': '6.6936'}
2025-01-06 16:53:41,624 - {'Epoch': 22, 'HR@5': '0.0831', 'NDCG@5': '0.0589', 'HR@10': '0.1135', 'NDCG@10': '0.0687', 'HR@20': '0.1535', 'NDCG@20': '0.0788'}
2025-01-06 16:53:41,626 - EarlyStopping counter: 4 out of 10
2025-01-06 16:53:55,507 - {'epoch': 23, 'rec_loss': '6.6770'}
2025-01-06 16:54:00,989 - {'Epoch': 23, 'HR@5': '0.0827', 'NDCG@5': '0.0592', 'HR@10': '0.1148', 'NDCG@10': '0.0697', 'HR@20': '0.1534', 'NDCG@20': '0.0794'}
2025-01-06 16:54:00,992 - EarlyStopping counter: 5 out of 10
2025-01-06 16:54:14,953 - {'epoch': 24, 'rec_loss': '6.6671'}
2025-01-06 16:54:20,475 - {'Epoch': 24, 'HR@5': '0.0847', 'NDCG@5': '0.0599', 'HR@10': '0.1155', 'NDCG@10': '0.0698', 'HR@20': '0.1552', 'NDCG@20': '0.0798'}
2025-01-06 16:54:20,476 - Validation score increased.  Saving model ...
2025-01-06 16:54:34,122 - {'epoch': 25, 'rec_loss': '6.6572'}
2025-01-06 16:54:39,666 - {'Epoch': 25, 'HR@5': '0.0841', 'NDCG@5': '0.0601', 'HR@10': '0.1140', 'NDCG@10': '0.0698', 'HR@20': '0.1558', 'NDCG@20': '0.0803'}
2025-01-06 16:54:39,669 - Validation score increased.  Saving model ...
2025-01-06 16:54:52,957 - {'epoch': 26, 'rec_loss': '6.6413'}
2025-01-06 16:54:58,756 - {'Epoch': 26, 'HR@5': '0.0827', 'NDCG@5': '0.0589', 'HR@10': '0.1144', 'NDCG@10': '0.0691', 'HR@20': '0.1550', 'NDCG@20': '0.0793'}
2025-01-06 16:54:58,757 - EarlyStopping counter: 1 out of 10
2025-01-06 16:55:11,925 - {'epoch': 27, 'rec_loss': '6.6313'}
2025-01-06 16:55:17,747 - {'Epoch': 27, 'HR@5': '0.0842', 'NDCG@5': '0.0605', 'HR@10': '0.1139', 'NDCG@10': '0.0701', 'HR@20': '0.1555', 'NDCG@20': '0.0806'}
2025-01-06 16:55:17,748 - Validation score increased.  Saving model ...
2025-01-06 16:55:31,131 - {'epoch': 28, 'rec_loss': '6.6207'}
2025-01-06 16:55:36,922 - {'Epoch': 28, 'HR@5': '0.0842', 'NDCG@5': '0.0601', 'HR@10': '0.1163', 'NDCG@10': '0.0704', 'HR@20': '0.1579', 'NDCG@20': '0.0809'}
2025-01-06 16:55:36,922 - Validation score increased.  Saving model ...
2025-01-06 16:55:50,051 - {'epoch': 29, 'rec_loss': '6.6085'}
2025-01-06 16:55:55,582 - {'Epoch': 29, 'HR@5': '0.0846', 'NDCG@5': '0.0604', 'HR@10': '0.1152', 'NDCG@10': '0.0702', 'HR@20': '0.1562', 'NDCG@20': '0.0806'}
2025-01-06 16:55:55,585 - EarlyStopping counter: 1 out of 10
2025-01-06 16:56:09,200 - {'epoch': 30, 'rec_loss': '6.6034'}
2025-01-06 16:56:15,027 - {'Epoch': 30, 'HR@5': '0.0837', 'NDCG@5': '0.0597', 'HR@10': '0.1152', 'NDCG@10': '0.0698', 'HR@20': '0.1547', 'NDCG@20': '0.0797'}
2025-01-06 16:56:15,028 - EarlyStopping counter: 2 out of 10
2025-01-06 16:56:28,242 - {'epoch': 31, 'rec_loss': '6.5896'}
2025-01-06 16:56:33,706 - {'Epoch': 31, 'HR@5': '0.0846', 'NDCG@5': '0.0600', 'HR@10': '0.1158', 'NDCG@10': '0.0701', 'HR@20': '0.1566', 'NDCG@20': '0.0804'}
2025-01-06 16:56:33,708 - EarlyStopping counter: 3 out of 10
2025-01-06 16:56:46,730 - {'epoch': 32, 'rec_loss': '6.5831'}
2025-01-06 16:56:52,676 - {'Epoch': 32, 'HR@5': '0.0859', 'NDCG@5': '0.0613', 'HR@10': '0.1173', 'NDCG@10': '0.0714', 'HR@20': '0.1564', 'NDCG@20': '0.0812'}
2025-01-06 16:56:52,680 - Validation score increased.  Saving model ...
2025-01-06 16:57:05,821 - {'epoch': 33, 'rec_loss': '6.5758'}
2025-01-06 16:57:11,247 - {'Epoch': 33, 'HR@5': '0.0852', 'NDCG@5': '0.0603', 'HR@10': '0.1172', 'NDCG@10': '0.0706', 'HR@20': '0.1587', 'NDCG@20': '0.0811'}
2025-01-06 16:57:11,248 - EarlyStopping counter: 1 out of 10
2025-01-06 16:57:24,664 - {'epoch': 34, 'rec_loss': '6.5686'}
2025-01-06 16:57:30,449 - {'Epoch': 34, 'HR@5': '0.0841', 'NDCG@5': '0.0602', 'HR@10': '0.1158', 'NDCG@10': '0.0704', 'HR@20': '0.1549', 'NDCG@20': '0.0803'}
2025-01-06 16:57:30,450 - EarlyStopping counter: 2 out of 10
2025-01-06 16:57:43,532 - {'epoch': 35, 'rec_loss': '6.5594'}
2025-01-06 16:57:49,536 - {'Epoch': 35, 'HR@5': '0.0847', 'NDCG@5': '0.0607', 'HR@10': '0.1155', 'NDCG@10': '0.0707', 'HR@20': '0.1575', 'NDCG@20': '0.0813'}
2025-01-06 16:57:49,537 - Validation score increased.  Saving model ...
2025-01-06 16:58:02,832 - {'epoch': 36, 'rec_loss': '6.5506'}
2025-01-06 16:58:08,648 - {'Epoch': 36, 'HR@5': '0.0835', 'NDCG@5': '0.0601', 'HR@10': '0.1167', 'NDCG@10': '0.0708', 'HR@20': '0.1560', 'NDCG@20': '0.0807'}
2025-01-06 16:58:08,652 - EarlyStopping counter: 1 out of 10
2025-01-06 16:58:22,108 - {'epoch': 37, 'rec_loss': '6.5442'}
2025-01-06 16:58:27,933 - {'Epoch': 37, 'HR@5': '0.0857', 'NDCG@5': '0.0610', 'HR@10': '0.1172', 'NDCG@10': '0.0712', 'HR@20': '0.1558', 'NDCG@20': '0.0809'}
2025-01-06 16:58:27,934 - EarlyStopping counter: 2 out of 10
2025-01-06 16:58:41,160 - {'epoch': 38, 'rec_loss': '6.5390'}
2025-01-06 16:58:46,349 - {'Epoch': 38, 'HR@5': '0.0852', 'NDCG@5': '0.0606', 'HR@10': '0.1154', 'NDCG@10': '0.0703', 'HR@20': '0.1558', 'NDCG@20': '0.0804'}
2025-01-06 16:58:46,351 - EarlyStopping counter: 3 out of 10
2025-01-06 16:58:59,745 - {'epoch': 39, 'rec_loss': '6.5283'}
2025-01-06 16:59:05,711 - {'Epoch': 39, 'HR@5': '0.0846', 'NDCG@5': '0.0610', 'HR@10': '0.1171', 'NDCG@10': '0.0714', 'HR@20': '0.1557', 'NDCG@20': '0.0811'}
2025-01-06 16:59:05,713 - EarlyStopping counter: 4 out of 10
2025-01-06 16:59:23,749 - {'epoch': 40, 'rec_loss': '6.5222'}
2025-01-06 16:59:29,284 - {'Epoch': 40, 'HR@5': '0.0857', 'NDCG@5': '0.0608', 'HR@10': '0.1171', 'NDCG@10': '0.0709', 'HR@20': '0.1577', 'NDCG@20': '0.0811'}
2025-01-06 16:59:29,287 - EarlyStopping counter: 5 out of 10
2025-01-06 16:59:47,563 - {'epoch': 41, 'rec_loss': '6.5177'}
2025-01-06 16:59:53,621 - {'Epoch': 41, 'HR@5': '0.0854', 'NDCG@5': '0.0609', 'HR@10': '0.1169', 'NDCG@10': '0.0710', 'HR@20': '0.1552', 'NDCG@20': '0.0806'}
2025-01-06 16:59:53,622 - EarlyStopping counter: 6 out of 10
2025-01-06 17:00:12,480 - {'epoch': 42, 'rec_loss': '6.5141'}
2025-01-06 17:00:18,215 - {'Epoch': 42, 'HR@5': '0.0861', 'NDCG@5': '0.0617', 'HR@10': '0.1174', 'NDCG@10': '0.0718', 'HR@20': '0.1561', 'NDCG@20': '0.0815'}
2025-01-06 17:00:18,215 - Validation score increased.  Saving model ...
2025-01-06 17:00:35,974 - {'epoch': 43, 'rec_loss': '6.5087'}
2025-01-06 17:00:41,579 - {'Epoch': 43, 'HR@5': '0.0856', 'NDCG@5': '0.0606', 'HR@10': '0.1172', 'NDCG@10': '0.0708', 'HR@20': '0.1578', 'NDCG@20': '0.0810'}
2025-01-06 17:00:41,579 - EarlyStopping counter: 1 out of 10
2025-01-06 17:00:59,174 - {'epoch': 44, 'rec_loss': '6.4990'}
2025-01-06 17:01:04,772 - {'Epoch': 44, 'HR@5': '0.0860', 'NDCG@5': '0.0612', 'HR@10': '0.1187', 'NDCG@10': '0.0717', 'HR@20': '0.1570', 'NDCG@20': '0.0814'}
2025-01-06 17:01:04,775 - EarlyStopping counter: 2 out of 10
2025-01-06 17:01:22,249 - {'epoch': 45, 'rec_loss': '6.4947'}
2025-01-06 17:01:28,184 - {'Epoch': 45, 'HR@5': '0.0849', 'NDCG@5': '0.0601', 'HR@10': '0.1193', 'NDCG@10': '0.0712', 'HR@20': '0.1574', 'NDCG@20': '0.0808'}
2025-01-06 17:01:28,187 - EarlyStopping counter: 3 out of 10
2025-01-06 17:01:45,821 - {'epoch': 46, 'rec_loss': '6.4878'}
2025-01-06 17:01:51,934 - {'Epoch': 46, 'HR@5': '0.0861', 'NDCG@5': '0.0605', 'HR@10': '0.1179', 'NDCG@10': '0.0707', 'HR@20': '0.1583', 'NDCG@20': '0.0809'}
2025-01-06 17:01:51,935 - EarlyStopping counter: 4 out of 10
2025-01-06 17:02:09,044 - {'epoch': 47, 'rec_loss': '6.4853'}
2025-01-06 17:02:15,168 - {'Epoch': 47, 'HR@5': '0.0869', 'NDCG@5': '0.0619', 'HR@10': '0.1184', 'NDCG@10': '0.0721', 'HR@20': '0.1591', 'NDCG@20': '0.0823'}
2025-01-06 17:02:15,169 - Validation score increased.  Saving model ...
2025-01-06 17:02:32,268 - {'epoch': 48, 'rec_loss': '6.4774'}
2025-01-06 17:02:37,923 - {'Epoch': 48, 'HR@5': '0.0856', 'NDCG@5': '0.0611', 'HR@10': '0.1198', 'NDCG@10': '0.0721', 'HR@20': '0.1590', 'NDCG@20': '0.0819'}
2025-01-06 17:02:37,924 - EarlyStopping counter: 1 out of 10
2025-01-06 17:02:55,995 - {'epoch': 49, 'rec_loss': '6.4680'}
2025-01-06 17:03:02,079 - {'Epoch': 49, 'HR@5': '0.0861', 'NDCG@5': '0.0617', 'HR@10': '0.1187', 'NDCG@10': '0.0722', 'HR@20': '0.1590', 'NDCG@20': '0.0824'}
2025-01-06 17:03:02,080 - Validation score increased.  Saving model ...
2025-01-06 17:03:20,191 - {'epoch': 50, 'rec_loss': '6.4645'}
2025-01-06 17:03:25,719 - {'Epoch': 50, 'HR@5': '0.0864', 'NDCG@5': '0.0616', 'HR@10': '0.1178', 'NDCG@10': '0.0717', 'HR@20': '0.1591', 'NDCG@20': '0.0821'}
2025-01-06 17:03:25,720 - EarlyStopping counter: 1 out of 10
2025-01-06 17:03:44,165 - {'epoch': 51, 'rec_loss': '6.4625'}
2025-01-06 17:03:50,500 - {'Epoch': 51, 'HR@5': '0.0868', 'NDCG@5': '0.0616', 'HR@10': '0.1185', 'NDCG@10': '0.0718', 'HR@20': '0.1579', 'NDCG@20': '0.0817'}
2025-01-06 17:03:50,500 - EarlyStopping counter: 2 out of 10
2025-01-06 17:04:08,849 - {'epoch': 52, 'rec_loss': '6.4562'}
2025-01-06 17:04:14,321 - {'Epoch': 52, 'HR@5': '0.0851', 'NDCG@5': '0.0607', 'HR@10': '0.1180', 'NDCG@10': '0.0713', 'HR@20': '0.1572', 'NDCG@20': '0.0812'}
2025-01-06 17:04:14,322 - EarlyStopping counter: 3 out of 10
2025-01-06 17:04:32,157 - {'epoch': 53, 'rec_loss': '6.4559'}
2025-01-06 17:04:38,425 - {'Epoch': 53, 'HR@5': '0.0870', 'NDCG@5': '0.0619', 'HR@10': '0.1188', 'NDCG@10': '0.0722', 'HR@20': '0.1587', 'NDCG@20': '0.0823'}
2025-01-06 17:04:38,426 - EarlyStopping counter: 4 out of 10
2025-01-06 17:04:56,268 - {'epoch': 54, 'rec_loss': '6.4493'}
2025-01-06 17:05:02,171 - {'Epoch': 54, 'HR@5': '0.0864', 'NDCG@5': '0.0616', 'HR@10': '0.1177', 'NDCG@10': '0.0716', 'HR@20': '0.1570', 'NDCG@20': '0.0815'}
2025-01-06 17:05:02,175 - EarlyStopping counter: 5 out of 10
2025-01-06 17:05:19,689 - {'epoch': 55, 'rec_loss': '6.4416'}
2025-01-06 17:05:25,935 - {'Epoch': 55, 'HR@5': '0.0869', 'NDCG@5': '0.0613', 'HR@10': '0.1182', 'NDCG@10': '0.0714', 'HR@20': '0.1594', 'NDCG@20': '0.0818'}
2025-01-06 17:05:25,938 - EarlyStopping counter: 6 out of 10
2025-01-06 17:05:43,218 - {'epoch': 56, 'rec_loss': '6.4363'}
2025-01-06 17:05:49,393 - {'Epoch': 56, 'HR@5': '0.0858', 'NDCG@5': '0.0617', 'HR@10': '0.1185', 'NDCG@10': '0.0722', 'HR@20': '0.1595', 'NDCG@20': '0.0825'}
2025-01-06 17:05:49,394 - Validation score increased.  Saving model ...
2025-01-06 17:06:06,456 - {'epoch': 57, 'rec_loss': '6.4391'}
2025-01-06 17:06:12,365 - {'Epoch': 57, 'HR@5': '0.0864', 'NDCG@5': '0.0614', 'HR@10': '0.1188', 'NDCG@10': '0.0718', 'HR@20': '0.1592', 'NDCG@20': '0.0820'}
2025-01-06 17:06:12,365 - EarlyStopping counter: 1 out of 10
2025-01-06 17:06:29,573 - {'epoch': 58, 'rec_loss': '6.4259'}
2025-01-06 17:06:35,831 - {'Epoch': 58, 'HR@5': '0.0849', 'NDCG@5': '0.0609', 'HR@10': '0.1186', 'NDCG@10': '0.0718', 'HR@20': '0.1590', 'NDCG@20': '0.0820'}
2025-01-06 17:06:35,835 - EarlyStopping counter: 2 out of 10
2025-01-06 17:06:53,691 - {'epoch': 59, 'rec_loss': '6.4264'}
2025-01-06 17:06:59,819 - {'Epoch': 59, 'HR@5': '0.0851', 'NDCG@5': '0.0607', 'HR@10': '0.1164', 'NDCG@10': '0.0709', 'HR@20': '0.1591', 'NDCG@20': '0.0816'}
2025-01-06 17:06:59,822 - EarlyStopping counter: 3 out of 10
2025-01-06 17:07:17,835 - {'epoch': 60, 'rec_loss': '6.4207'}
2025-01-06 17:07:23,964 - {'Epoch': 60, 'HR@5': '0.0862', 'NDCG@5': '0.0611', 'HR@10': '0.1181', 'NDCG@10': '0.0714', 'HR@20': '0.1600', 'NDCG@20': '0.0819'}
2025-01-06 17:07:23,965 - EarlyStopping counter: 4 out of 10
2025-01-06 17:07:42,254 - {'epoch': 61, 'rec_loss': '6.4194'}
2025-01-06 17:07:48,394 - {'Epoch': 61, 'HR@5': '0.0863', 'NDCG@5': '0.0620', 'HR@10': '0.1191', 'NDCG@10': '0.0726', 'HR@20': '0.1597', 'NDCG@20': '0.0828'}
2025-01-06 17:07:48,398 - Validation score increased.  Saving model ...
2025-01-06 17:08:05,929 - {'epoch': 62, 'rec_loss': '6.4118'}
2025-01-06 17:08:10,706 - {'Epoch': 62, 'HR@5': '0.0845', 'NDCG@5': '0.0607', 'HR@10': '0.1169', 'NDCG@10': '0.0712', 'HR@20': '0.1583', 'NDCG@20': '0.0816'}
2025-01-06 17:08:10,709 - EarlyStopping counter: 1 out of 10
2025-01-06 17:08:24,334 - {'epoch': 63, 'rec_loss': '6.4150'}
2025-01-06 17:08:29,248 - {'Epoch': 63, 'HR@5': '0.0858', 'NDCG@5': '0.0612', 'HR@10': '0.1186', 'NDCG@10': '0.0717', 'HR@20': '0.1585', 'NDCG@20': '0.0817'}
2025-01-06 17:08:29,249 - EarlyStopping counter: 2 out of 10
2025-01-06 17:08:42,311 - {'epoch': 64, 'rec_loss': '6.4088'}
2025-01-06 17:08:47,734 - {'Epoch': 64, 'HR@5': '0.0862', 'NDCG@5': '0.0620', 'HR@10': '0.1197', 'NDCG@10': '0.0727', 'HR@20': '0.1593', 'NDCG@20': '0.0827'}
2025-01-06 17:08:47,736 - EarlyStopping counter: 3 out of 10
2025-01-06 17:09:00,612 - {'epoch': 65, 'rec_loss': '6.3998'}
2025-01-06 17:09:06,487 - {'Epoch': 65, 'HR@5': '0.0867', 'NDCG@5': '0.0617', 'HR@10': '0.1195', 'NDCG@10': '0.0722', 'HR@20': '0.1602', 'NDCG@20': '0.0825'}
2025-01-06 17:09:06,488 - EarlyStopping counter: 4 out of 10
2025-01-06 17:09:19,318 - {'epoch': 66, 'rec_loss': '6.4004'}
2025-01-06 17:09:25,045 - {'Epoch': 66, 'HR@5': '0.0865', 'NDCG@5': '0.0614', 'HR@10': '0.1181', 'NDCG@10': '0.0716', 'HR@20': '0.1582', 'NDCG@20': '0.0817'}
2025-01-06 17:09:25,049 - EarlyStopping counter: 5 out of 10
2025-01-06 17:09:37,622 - {'epoch': 67, 'rec_loss': '6.3974'}
2025-01-06 17:09:42,565 - {'Epoch': 67, 'HR@5': '0.0869', 'NDCG@5': '0.0617', 'HR@10': '0.1180', 'NDCG@10': '0.0717', 'HR@20': '0.1592', 'NDCG@20': '0.0820'}
2025-01-06 17:09:42,565 - EarlyStopping counter: 6 out of 10
2025-01-06 17:09:55,322 - {'epoch': 68, 'rec_loss': '6.3930'}
2025-01-06 17:10:00,545 - {'Epoch': 68, 'HR@5': '0.0867', 'NDCG@5': '0.0620', 'HR@10': '0.1181', 'NDCG@10': '0.0721', 'HR@20': '0.1590', 'NDCG@20': '0.0824'}
2025-01-06 17:10:00,547 - EarlyStopping counter: 7 out of 10
2025-01-06 17:10:14,016 - {'epoch': 69, 'rec_loss': '6.3873'}
2025-01-06 17:10:19,521 - {'Epoch': 69, 'HR@5': '0.0857', 'NDCG@5': '0.0608', 'HR@10': '0.1185', 'NDCG@10': '0.0713', 'HR@20': '0.1586', 'NDCG@20': '0.0814'}
2025-01-06 17:10:19,521 - EarlyStopping counter: 8 out of 10
2025-01-06 17:10:33,228 - {'epoch': 70, 'rec_loss': '6.3853'}
2025-01-06 17:10:38,821 - {'Epoch': 70, 'HR@5': '0.0863', 'NDCG@5': '0.0613', 'HR@10': '0.1197', 'NDCG@10': '0.0721', 'HR@20': '0.1596', 'NDCG@20': '0.0822'}
2025-01-06 17:10:38,822 - EarlyStopping counter: 9 out of 10
2025-01-06 17:10:52,409 - {'epoch': 71, 'rec_loss': '6.3761'}
2025-01-06 17:10:57,038 - {'Epoch': 71, 'HR@5': '0.0856', 'NDCG@5': '0.0611', 'HR@10': '0.1189', 'NDCG@10': '0.0718', 'HR@20': '0.1579', 'NDCG@20': '0.0816'}
2025-01-06 17:10:57,040 - EarlyStopping counter: 10 out of 10
2025-01-06 17:10:57,040 - Early stopping
2025-01-06 17:10:57,040 - ---------------Test Score---------------
2025-01-06 17:11:02,900 - {'Epoch': 0, 'HR@5': '0.0705', 'NDCG@5': '0.0510', 'HR@10': '0.0967', 'NDCG@10': '0.0594', 'HR@20': '0.1285', 'NDCG@20': '0.0674'}
2025-01-06 17:11:02,904 - BSARec_SA_S_Beauty
2025-01-06 17:11:02,904 - {'Epoch': 0, 'HR@5': '0.0705', 'NDCG@5': '0.0510', 'HR@10': '0.0967', 'NDCG@10': '0.0594', 'HR@20': '0.1285', 'NDCG@20': '0.0674'}
