2025-01-06 16:58:56,318 - Namespace(data_dir='./data/', output_dir='output/', data_name='Beauty', do_eval=False, load_model=None, train_name='BSARec_SA_S_A_Beauty', num_items=10, num_users=22364, lr=0.0005, batch_size=256, epochs=200, no_cuda=False, log_freq=1, patience=10, num_workers=4, seed=42, weight_decay=0.0, adam_beta1=0.9, adam_beta2=0.999, gpu_id='0', variance=5, model_type='BSARec_SA_S_A', max_seq_length=50, hidden_size=64, num_hidden_layers=2, hidden_act='gelu', num_attention_heads=1, attention_probs_dropout_prob=0.5, hidden_dropout_prob=0.5, initializer_range=0.02, c=5, alpha=0.7, cuda_condition=True, data_file='./data/Beauty.txt', item_size=12102, checkpoint_path='output/BSARec_SA_S_A_Beauty.pt', same_target_path='./data/Beauty_same_target.npy')
2025-01-06 16:58:56,334 - BSARecModel_SA_S_A(
  (item_embeddings): Embedding(12102, 64, padding_idx=0)
  (position_embeddings): Embedding(50, 64)
  (LayerNorm): LayerNorm()
  (dropout): Dropout(p=0.5, inplace=False)
  (item_encoder): BSARecEncoder(
    (blocks): ModuleList(
      (0): BSARecBlock(
        (layer): BSARecLayer(
          (filter_layer): FrequencyLayer(
            (out_dropout): Dropout(p=0.5, inplace=False)
            (LayerNorm): LayerNorm()
          )
          (attention_layer): MultiHeadAttention(
            (query): Linear(in_features=64, out_features=64, bias=True)
            (key): Linear(in_features=64, out_features=64, bias=True)
            (value): Linear(in_features=64, out_features=64, bias=True)
            (softmax): Softmax(dim=-1)
            (attn_dropout): Dropout(p=0.5, inplace=False)
            (dense): Linear(in_features=64, out_features=64, bias=True)
            (LayerNorm): LayerNorm((64,), eps=1e-12, elementwise_affine=True)
            (out_dropout): Dropout(p=0.5, inplace=False)
          )
        )
        (feed_forward_sa): FeedForward(
          (dense_1): Linear(in_features=64, out_features=256, bias=True)
          (dense_2): Linear(in_features=256, out_features=64, bias=True)
          (LayerNorm): LayerNorm()
          (dropout): Dropout(p=0.5, inplace=False)
        )
        (feed_forward_g): FeedForward(
          (dense_1): Linear(in_features=64, out_features=256, bias=True)
          (dense_2): Linear(in_features=256, out_features=64, bias=True)
          (LayerNorm): LayerNorm()
          (dropout): Dropout(p=0.5, inplace=False)
        )
        (feed_forward_d): FeedForward(
          (dense_1): Linear(in_features=64, out_features=256, bias=True)
          (dense_2): Linear(in_features=256, out_features=64, bias=True)
          (LayerNorm): LayerNorm()
          (dropout): Dropout(p=0.5, inplace=False)
        )
        (fusion_module): ModalityFusion()
      )
      (1): BSARecBlock(
        (layer): BSARecLayer(
          (filter_layer): FrequencyLayer(
            (out_dropout): Dropout(p=0.5, inplace=False)
            (LayerNorm): LayerNorm()
          )
          (attention_layer): MultiHeadAttention(
            (query): Linear(in_features=64, out_features=64, bias=True)
            (key): Linear(in_features=64, out_features=64, bias=True)
            (value): Linear(in_features=64, out_features=64, bias=True)
            (softmax): Softmax(dim=-1)
            (attn_dropout): Dropout(p=0.5, inplace=False)
            (dense): Linear(in_features=64, out_features=64, bias=True)
            (LayerNorm): LayerNorm((64,), eps=1e-12, elementwise_affine=True)
            (out_dropout): Dropout(p=0.5, inplace=False)
          )
        )
        (feed_forward_sa): FeedForward(
          (dense_1): Linear(in_features=64, out_features=256, bias=True)
          (dense_2): Linear(in_features=256, out_features=64, bias=True)
          (LayerNorm): LayerNorm()
          (dropout): Dropout(p=0.5, inplace=False)
        )
        (feed_forward_g): FeedForward(
          (dense_1): Linear(in_features=64, out_features=256, bias=True)
          (dense_2): Linear(in_features=256, out_features=64, bias=True)
          (LayerNorm): LayerNorm()
          (dropout): Dropout(p=0.5, inplace=False)
        )
        (feed_forward_d): FeedForward(
          (dense_1): Linear(in_features=64, out_features=256, bias=True)
          (dense_2): Linear(in_features=256, out_features=64, bias=True)
          (LayerNorm): LayerNorm()
          (dropout): Dropout(p=0.5, inplace=False)
        )
        (fusion_module): ModalityFusion()
      )
    )
  )
)
2025-01-06 16:58:58,583 - Total Parameters: 1011078
2025-01-06 16:59:19,497 - {'epoch': 0, 'rec_loss': '8.8535'}
2025-01-06 16:59:26,089 - {'Epoch': 0, 'HR@5': '0.0128', 'NDCG@5': '0.0081', 'HR@10': '0.0220', 'NDCG@10': '0.0110', 'HR@20': '0.0371', 'NDCG@20': '0.0148'}
2025-01-06 16:59:26,090 - Validation score increased.  Saving model ...
2025-01-06 16:59:46,497 - {'epoch': 1, 'rec_loss': '8.4178'}
2025-01-06 16:59:52,785 - {'Epoch': 1, 'HR@5': '0.0266', 'NDCG@5': '0.0169', 'HR@10': '0.0424', 'NDCG@10': '0.0220', 'HR@20': '0.0646', 'NDCG@20': '0.0276'}
2025-01-06 16:59:52,789 - Validation score increased.  Saving model ...
2025-01-06 17:00:13,778 - {'epoch': 2, 'rec_loss': '8.0770'}
2025-01-06 17:00:19,726 - {'Epoch': 2, 'HR@5': '0.0416', 'NDCG@5': '0.0274', 'HR@10': '0.0635', 'NDCG@10': '0.0345', 'HR@20': '0.0923', 'NDCG@20': '0.0418'}
2025-01-06 17:00:19,729 - Validation score increased.  Saving model ...
2025-01-06 17:00:40,042 - {'epoch': 3, 'rec_loss': '7.8320'}
2025-01-06 17:00:46,074 - {'Epoch': 3, 'HR@5': '0.0579', 'NDCG@5': '0.0386', 'HR@10': '0.0816', 'NDCG@10': '0.0462', 'HR@20': '0.1156', 'NDCG@20': '0.0548'}
2025-01-06 17:00:46,074 - Validation score increased.  Saving model ...
2025-01-06 17:01:06,308 - {'epoch': 4, 'rec_loss': '7.6463'}
2025-01-06 17:01:12,169 - {'Epoch': 4, 'HR@5': '0.0658', 'NDCG@5': '0.0452', 'HR@10': '0.0921', 'NDCG@10': '0.0536', 'HR@20': '0.1264', 'NDCG@20': '0.0623'}
2025-01-06 17:01:12,170 - Validation score increased.  Saving model ...
2025-01-06 17:01:32,416 - {'epoch': 5, 'rec_loss': '7.4876'}
2025-01-06 17:01:38,382 - {'Epoch': 5, 'HR@5': '0.0704', 'NDCG@5': '0.0501', 'HR@10': '0.0972', 'NDCG@10': '0.0588', 'HR@20': '0.1338', 'NDCG@20': '0.0680'}
2025-01-06 17:01:38,382 - Validation score increased.  Saving model ...
2025-01-06 17:01:58,847 - {'epoch': 6, 'rec_loss': '7.3563'}
2025-01-06 17:02:04,255 - {'Epoch': 6, 'HR@5': '0.0741', 'NDCG@5': '0.0526', 'HR@10': '0.1020', 'NDCG@10': '0.0616', 'HR@20': '0.1395', 'NDCG@20': '0.0710'}
2025-01-06 17:02:04,257 - Validation score increased.  Saving model ...
2025-01-06 17:02:25,011 - {'epoch': 7, 'rec_loss': '7.2439'}
2025-01-06 17:02:31,096 - {'Epoch': 7, 'HR@5': '0.0752', 'NDCG@5': '0.0537', 'HR@10': '0.1045', 'NDCG@10': '0.0632', 'HR@20': '0.1413', 'NDCG@20': '0.0725'}
2025-01-06 17:02:31,097 - Validation score increased.  Saving model ...
2025-01-06 17:02:51,753 - {'epoch': 8, 'rec_loss': '7.1591'}
2025-01-06 17:02:57,531 - {'Epoch': 8, 'HR@5': '0.0782', 'NDCG@5': '0.0554', 'HR@10': '0.1073', 'NDCG@10': '0.0647', 'HR@20': '0.1454', 'NDCG@20': '0.0743'}
2025-01-06 17:02:57,535 - Validation score increased.  Saving model ...
2025-01-06 17:03:18,174 - {'epoch': 9, 'rec_loss': '7.0796'}
2025-01-06 17:03:23,755 - {'Epoch': 9, 'HR@5': '0.0783', 'NDCG@5': '0.0561', 'HR@10': '0.1089', 'NDCG@10': '0.0659', 'HR@20': '0.1473', 'NDCG@20': '0.0756'}
2025-01-06 17:03:23,758 - Validation score increased.  Saving model ...
2025-01-06 17:03:44,371 - {'epoch': 10, 'rec_loss': '7.0216'}
2025-01-06 17:03:49,850 - {'Epoch': 10, 'HR@5': '0.0792', 'NDCG@5': '0.0559', 'HR@10': '0.1083', 'NDCG@10': '0.0653', 'HR@20': '0.1457', 'NDCG@20': '0.0747'}
2025-01-06 17:03:49,851 - EarlyStopping counter: 1 out of 10
2025-01-06 17:04:10,139 - {'epoch': 11, 'rec_loss': '6.9674'}
2025-01-06 17:04:16,261 - {'Epoch': 11, 'HR@5': '0.0813', 'NDCG@5': '0.0577', 'HR@10': '0.1098', 'NDCG@10': '0.0669', 'HR@20': '0.1490', 'NDCG@20': '0.0767'}
2025-01-06 17:04:16,262 - Validation score increased.  Saving model ...
2025-01-06 17:04:36,901 - {'epoch': 12, 'rec_loss': '6.9239'}
2025-01-06 17:04:42,448 - {'Epoch': 12, 'HR@5': '0.0809', 'NDCG@5': '0.0572', 'HR@10': '0.1108', 'NDCG@10': '0.0668', 'HR@20': '0.1483', 'NDCG@20': '0.0763'}
2025-01-06 17:04:42,448 - EarlyStopping counter: 1 out of 10
2025-01-06 17:05:02,758 - {'epoch': 13, 'rec_loss': '6.8795'}
2025-01-06 17:05:09,134 - {'Epoch': 13, 'HR@5': '0.0796', 'NDCG@5': '0.0564', 'HR@10': '0.1110', 'NDCG@10': '0.0665', 'HR@20': '0.1500', 'NDCG@20': '0.0763'}
2025-01-06 17:05:09,135 - EarlyStopping counter: 2 out of 10
2025-01-06 17:05:29,471 - {'epoch': 14, 'rec_loss': '6.8498'}
2025-01-06 17:05:35,701 - {'Epoch': 14, 'HR@5': '0.0814', 'NDCG@5': '0.0584', 'HR@10': '0.1103', 'NDCG@10': '0.0677', 'HR@20': '0.1515', 'NDCG@20': '0.0781'}
2025-01-06 17:05:35,702 - Validation score increased.  Saving model ...
2025-01-06 17:05:56,374 - {'epoch': 15, 'rec_loss': '6.8172'}
2025-01-06 17:06:01,826 - {'Epoch': 15, 'HR@5': '0.0833', 'NDCG@5': '0.0592', 'HR@10': '0.1132', 'NDCG@10': '0.0689', 'HR@20': '0.1532', 'NDCG@20': '0.0790'}
2025-01-06 17:06:01,827 - Validation score increased.  Saving model ...
2025-01-06 17:06:22,372 - {'epoch': 16, 'rec_loss': '6.7947'}
2025-01-06 17:06:28,205 - {'Epoch': 16, 'HR@5': '0.0821', 'NDCG@5': '0.0585', 'HR@10': '0.1129', 'NDCG@10': '0.0684', 'HR@20': '0.1526', 'NDCG@20': '0.0784'}
2025-01-06 17:06:28,206 - EarlyStopping counter: 1 out of 10
2025-01-06 17:06:48,640 - {'epoch': 17, 'rec_loss': '6.7655'}
2025-01-06 17:06:54,508 - {'Epoch': 17, 'HR@5': '0.0825', 'NDCG@5': '0.0584', 'HR@10': '0.1117', 'NDCG@10': '0.0678', 'HR@20': '0.1517', 'NDCG@20': '0.0779'}
2025-01-06 17:06:54,513 - EarlyStopping counter: 2 out of 10
2025-01-06 17:07:14,742 - {'epoch': 18, 'rec_loss': '6.7457'}
2025-01-06 17:07:20,391 - {'Epoch': 18, 'HR@5': '0.0837', 'NDCG@5': '0.0590', 'HR@10': '0.1154', 'NDCG@10': '0.0693', 'HR@20': '0.1542', 'NDCG@20': '0.0790'}
2025-01-06 17:07:20,392 - Validation score increased.  Saving model ...
2025-01-06 17:07:40,643 - {'epoch': 19, 'rec_loss': '6.7226'}
2025-01-06 17:07:46,916 - {'Epoch': 19, 'HR@5': '0.0825', 'NDCG@5': '0.0589', 'HR@10': '0.1140', 'NDCG@10': '0.0690', 'HR@20': '0.1532', 'NDCG@20': '0.0789'}
2025-01-06 17:07:46,916 - EarlyStopping counter: 1 out of 10
2025-01-06 17:08:06,605 - {'epoch': 20, 'rec_loss': '6.7032'}
2025-01-06 17:08:11,223 - {'Epoch': 20, 'HR@5': '0.0845', 'NDCG@5': '0.0606', 'HR@10': '0.1147', 'NDCG@10': '0.0703', 'HR@20': '0.1537', 'NDCG@20': '0.0802'}
2025-01-06 17:08:11,226 - Validation score increased.  Saving model ...
2025-01-06 17:08:26,947 - {'epoch': 21, 'rec_loss': '6.6833'}
2025-01-06 17:08:32,356 - {'Epoch': 21, 'HR@5': '0.0835', 'NDCG@5': '0.0592', 'HR@10': '0.1143', 'NDCG@10': '0.0691', 'HR@20': '0.1547', 'NDCG@20': '0.0793'}
2025-01-06 17:08:32,361 - EarlyStopping counter: 1 out of 10
2025-01-06 17:08:47,312 - {'epoch': 22, 'rec_loss': '6.6719'}
2025-01-06 17:08:53,078 - {'Epoch': 22, 'HR@5': '0.0838', 'NDCG@5': '0.0600', 'HR@10': '0.1148', 'NDCG@10': '0.0700', 'HR@20': '0.1536', 'NDCG@20': '0.0798'}
2025-01-06 17:08:53,079 - EarlyStopping counter: 2 out of 10
2025-01-06 17:09:07,981 - {'epoch': 23, 'rec_loss': '6.6537'}
2025-01-06 17:09:13,540 - {'Epoch': 23, 'HR@5': '0.0831', 'NDCG@5': '0.0598', 'HR@10': '0.1136', 'NDCG@10': '0.0697', 'HR@20': '0.1543', 'NDCG@20': '0.0799'}
2025-01-06 17:09:13,543 - EarlyStopping counter: 3 out of 10
2025-01-06 17:09:28,266 - {'epoch': 24, 'rec_loss': '6.6391'}
2025-01-06 17:09:34,212 - {'Epoch': 24, 'HR@5': '0.0855', 'NDCG@5': '0.0609', 'HR@10': '0.1159', 'NDCG@10': '0.0707', 'HR@20': '0.1556', 'NDCG@20': '0.0806'}
2025-01-06 17:09:34,213 - Validation score increased.  Saving model ...
2025-01-06 17:09:49,160 - {'epoch': 25, 'rec_loss': '6.6224'}
2025-01-06 17:09:55,106 - {'Epoch': 25, 'HR@5': '0.0860', 'NDCG@5': '0.0609', 'HR@10': '0.1147', 'NDCG@10': '0.0702', 'HR@20': '0.1556', 'NDCG@20': '0.0805'}
2025-01-06 17:09:55,108 - EarlyStopping counter: 1 out of 10
2025-01-06 17:10:10,198 - {'epoch': 26, 'rec_loss': '6.6112'}
2025-01-06 17:10:15,251 - {'Epoch': 26, 'HR@5': '0.0850', 'NDCG@5': '0.0604', 'HR@10': '0.1152', 'NDCG@10': '0.0700', 'HR@20': '0.1544', 'NDCG@20': '0.0799'}
2025-01-06 17:10:15,252 - EarlyStopping counter: 2 out of 10
2025-01-06 17:10:30,289 - {'epoch': 27, 'rec_loss': '6.5955'}
2025-01-06 17:10:35,197 - {'Epoch': 27, 'HR@5': '0.0850', 'NDCG@5': '0.0608', 'HR@10': '0.1164', 'NDCG@10': '0.0709', 'HR@20': '0.1558', 'NDCG@20': '0.0809'}
2025-01-06 17:10:35,198 - Validation score increased.  Saving model ...
2025-01-06 17:10:50,595 - {'epoch': 28, 'rec_loss': '6.5842'}
2025-01-06 17:10:55,488 - {'Epoch': 28, 'HR@5': '0.0844', 'NDCG@5': '0.0609', 'HR@10': '0.1157', 'NDCG@10': '0.0710', 'HR@20': '0.1583', 'NDCG@20': '0.0817'}
2025-01-06 17:10:55,488 - Validation score increased.  Saving model ...
2025-01-06 17:11:08,261 - {'epoch': 29, 'rec_loss': '6.5719'}
2025-01-06 17:11:12,165 - {'Epoch': 29, 'HR@5': '0.0845', 'NDCG@5': '0.0606', 'HR@10': '0.1154', 'NDCG@10': '0.0705', 'HR@20': '0.1549', 'NDCG@20': '0.0805'}
2025-01-06 17:11:12,168 - EarlyStopping counter: 1 out of 10
2025-01-06 17:11:24,283 - {'epoch': 30, 'rec_loss': '6.5624'}
2025-01-06 17:11:28,259 - {'Epoch': 30, 'HR@5': '0.0859', 'NDCG@5': '0.0615', 'HR@10': '0.1173', 'NDCG@10': '0.0716', 'HR@20': '0.1565', 'NDCG@20': '0.0815'}
2025-01-06 17:11:28,260 - EarlyStopping counter: 2 out of 10
2025-01-06 17:11:40,285 - {'epoch': 31, 'rec_loss': '6.5544'}
2025-01-06 17:11:44,311 - {'Epoch': 31, 'HR@5': '0.0849', 'NDCG@5': '0.0607', 'HR@10': '0.1162', 'NDCG@10': '0.0708', 'HR@20': '0.1574', 'NDCG@20': '0.0812'}
2025-01-06 17:11:44,312 - EarlyStopping counter: 3 out of 10
2025-01-06 17:11:56,391 - {'epoch': 32, 'rec_loss': '6.5470'}
2025-01-06 17:12:00,352 - {'Epoch': 32, 'HR@5': '0.0853', 'NDCG@5': '0.0602', 'HR@10': '0.1155', 'NDCG@10': '0.0699', 'HR@20': '0.1541', 'NDCG@20': '0.0797'}
2025-01-06 17:12:00,352 - EarlyStopping counter: 4 out of 10
2025-01-06 17:12:12,456 - {'epoch': 33, 'rec_loss': '6.5336'}
2025-01-06 17:12:16,462 - {'Epoch': 33, 'HR@5': '0.0855', 'NDCG@5': '0.0611', 'HR@10': '0.1163', 'NDCG@10': '0.0710', 'HR@20': '0.1579', 'NDCG@20': '0.0815'}
2025-01-06 17:12:16,463 - EarlyStopping counter: 5 out of 10
2025-01-06 17:12:28,422 - {'epoch': 34, 'rec_loss': '6.5275'}
2025-01-06 17:12:32,389 - {'Epoch': 34, 'HR@5': '0.0846', 'NDCG@5': '0.0602', 'HR@10': '0.1165', 'NDCG@10': '0.0705', 'HR@20': '0.1573', 'NDCG@20': '0.0808'}
2025-01-06 17:12:32,390 - EarlyStopping counter: 6 out of 10
2025-01-06 17:12:44,407 - {'epoch': 35, 'rec_loss': '6.5166'}
2025-01-06 17:12:48,365 - {'Epoch': 35, 'HR@5': '0.0839', 'NDCG@5': '0.0600', 'HR@10': '0.1165', 'NDCG@10': '0.0705', 'HR@20': '0.1554', 'NDCG@20': '0.0803'}
2025-01-06 17:12:48,365 - EarlyStopping counter: 7 out of 10
2025-01-06 17:13:00,395 - {'epoch': 36, 'rec_loss': '6.5098'}
2025-01-06 17:13:04,345 - {'Epoch': 36, 'HR@5': '0.0846', 'NDCG@5': '0.0603', 'HR@10': '0.1153', 'NDCG@10': '0.0702', 'HR@20': '0.1550', 'NDCG@20': '0.0801'}
2025-01-06 17:13:04,346 - EarlyStopping counter: 8 out of 10
2025-01-06 17:13:16,304 - {'epoch': 37, 'rec_loss': '6.4944'}
2025-01-06 17:13:20,388 - {'Epoch': 37, 'HR@5': '0.0863', 'NDCG@5': '0.0610', 'HR@10': '0.1175', 'NDCG@10': '0.0711', 'HR@20': '0.1565', 'NDCG@20': '0.0809'}
2025-01-06 17:13:20,388 - EarlyStopping counter: 9 out of 10
2025-01-06 17:13:32,530 - {'epoch': 38, 'rec_loss': '6.4910'}
2025-01-06 17:13:36,503 - {'Epoch': 38, 'HR@5': '0.0843', 'NDCG@5': '0.0602', 'HR@10': '0.1151', 'NDCG@10': '0.0701', 'HR@20': '0.1562', 'NDCG@20': '0.0805'}
2025-01-06 17:13:36,503 - EarlyStopping counter: 10 out of 10
2025-01-06 17:13:36,503 - Early stopping
2025-01-06 17:13:36,503 - ---------------Test Score---------------
2025-01-06 17:13:40,545 - {'Epoch': 0, 'HR@5': '0.0699', 'NDCG@5': '0.0496', 'HR@10': '0.0966', 'NDCG@10': '0.0581', 'HR@20': '0.1288', 'NDCG@20': '0.0662'}
2025-01-06 17:13:40,546 - BSARec_SA_S_A_Beauty
2025-01-06 17:13:40,546 - {'Epoch': 0, 'HR@5': '0.0699', 'NDCG@5': '0.0496', 'HR@10': '0.0966', 'NDCG@10': '0.0581', 'HR@20': '0.1288', 'NDCG@20': '0.0662'}
