2025-01-07 09:39:05,205 - Namespace(data_dir='./data/', output_dir='output/', data_name='Yelp', do_eval=False, load_model=None, train_name='BSARec_A_Yelp', num_items=10, num_users=30432, lr=0.0005, batch_size=256, epochs=200, no_cuda=False, log_freq=1, patience=10, num_workers=4, seed=42, weight_decay=0.0, adam_beta1=0.9, adam_beta2=0.999, gpu_id='0', variance=5, model_type='BSARec_A', max_seq_length=50, hidden_size=64, num_hidden_layers=2, hidden_act='gelu', num_attention_heads=1, attention_probs_dropout_prob=0.5, hidden_dropout_prob=0.5, initializer_range=0.02, c=5, alpha=0.7, cuda_condition=True, data_file='./data/Yelp.txt', item_size=20034, checkpoint_path='output/BSARec_A_Yelp.pt', same_target_path='./data/Yelp_same_target.npy')
2025-01-07 09:39:05,225 - BSARecModel_A(
  (item_embeddings): Embedding(20034, 64, padding_idx=0)
  (position_embeddings): Embedding(50, 64)
  (LayerNorm): LayerNorm()
  (dropout): Dropout(p=0.5, inplace=False)
  (item_encoder): BSARecEncoder(
    (blocks): ModuleList(
      (0): BSARecBlock(
        (layer): BSARecLayer(
          (filter_layer): FrequencyLayer(
            (out_dropout): Dropout(p=0.5, inplace=False)
            (LayerNorm): LayerNorm()
          )
          (attention_layer): MultiHeadAttention(
            (query): Linear(in_features=64, out_features=64, bias=True)
            (key): Linear(in_features=64, out_features=64, bias=True)
            (value): Linear(in_features=64, out_features=64, bias=True)
            (softmax): Softmax(dim=-1)
            (attn_dropout): Dropout(p=0.5, inplace=False)
            (dense): Linear(in_features=64, out_features=64, bias=True)
            (LayerNorm): LayerNorm((64,), eps=1e-12, elementwise_affine=True)
            (out_dropout): Dropout(p=0.5, inplace=False)
          )
        )
        (feed_forward_d): FeedForward(
          (dense_1): Linear(in_features=64, out_features=256, bias=True)
          (dense_2): Linear(in_features=256, out_features=64, bias=True)
          (LayerNorm): LayerNorm()
          (dropout): Dropout(p=0.5, inplace=False)
        )
      )
      (1): BSARecBlock(
        (layer): BSARecLayer(
          (filter_layer): FrequencyLayer(
            (out_dropout): Dropout(p=0.5, inplace=False)
            (LayerNorm): LayerNorm()
          )
          (attention_layer): MultiHeadAttention(
            (query): Linear(in_features=64, out_features=64, bias=True)
            (key): Linear(in_features=64, out_features=64, bias=True)
            (value): Linear(in_features=64, out_features=64, bias=True)
            (softmax): Softmax(dim=-1)
            (attn_dropout): Dropout(p=0.5, inplace=False)
            (dense): Linear(in_features=64, out_features=64, bias=True)
            (LayerNorm): LayerNorm((64,), eps=1e-12, elementwise_affine=True)
            (out_dropout): Dropout(p=0.5, inplace=False)
          )
        )
        (feed_forward_d): FeedForward(
          (dense_1): Linear(in_features=64, out_features=256, bias=True)
          (dense_2): Linear(in_features=256, out_features=64, bias=True)
          (LayerNorm): LayerNorm()
          (dropout): Dropout(p=0.5, inplace=False)
        )
      )
    )
  )
)
2025-01-07 09:39:07,657 - Total Parameters: 1385856
2025-01-07 09:40:00,423 - {'epoch': 0, 'rec_loss': '9.5436'}
2025-01-07 09:40:14,052 - {'Epoch': 0, 'HR@5': '0.0086', 'NDCG@5': '0.0053', 'HR@10': '0.0143', 'NDCG@10': '0.0071', 'HR@20': '0.0265', 'NDCG@20': '0.0101'}
2025-01-07 09:40:14,053 - Validation score increased.  Saving model ...
2025-01-07 09:41:05,752 - {'epoch': 1, 'rec_loss': '8.9367'}
2025-01-07 09:41:19,250 - {'Epoch': 1, 'HR@5': '0.0123', 'NDCG@5': '0.0076', 'HR@10': '0.0227', 'NDCG@10': '0.0109', 'HR@20': '0.0365', 'NDCG@20': '0.0144'}
2025-01-07 09:41:19,252 - Validation score increased.  Saving model ...
2025-01-07 09:42:10,596 - {'epoch': 2, 'rec_loss': '8.5953'}
2025-01-07 09:42:24,535 - {'Epoch': 2, 'HR@5': '0.0154', 'NDCG@5': '0.0097', 'HR@10': '0.0268', 'NDCG@10': '0.0134', 'HR@20': '0.0433', 'NDCG@20': '0.0175'}
2025-01-07 09:42:24,536 - Validation score increased.  Saving model ...
2025-01-07 09:43:16,825 - {'epoch': 3, 'rec_loss': '8.3949'}
2025-01-07 09:43:30,285 - {'Epoch': 3, 'HR@5': '0.0171', 'NDCG@5': '0.0106', 'HR@10': '0.0288', 'NDCG@10': '0.0143', 'HR@20': '0.0497', 'NDCG@20': '0.0195'}
2025-01-07 09:43:30,286 - Validation score increased.  Saving model ...
2025-01-07 09:44:23,059 - {'epoch': 4, 'rec_loss': '8.1929'}
2025-01-07 09:44:36,707 - {'Epoch': 4, 'HR@5': '0.0207', 'NDCG@5': '0.0129', 'HR@10': '0.0361', 'NDCG@10': '0.0179', 'HR@20': '0.0600', 'NDCG@20': '0.0239'}
2025-01-07 09:44:36,710 - Validation score increased.  Saving model ...
2025-01-07 09:45:28,041 - {'epoch': 5, 'rec_loss': '8.0093'}
2025-01-07 09:45:41,369 - {'Epoch': 5, 'HR@5': '0.0222', 'NDCG@5': '0.0136', 'HR@10': '0.0390', 'NDCG@10': '0.0190', 'HR@20': '0.0650', 'NDCG@20': '0.0255'}
2025-01-07 09:45:41,371 - Validation score increased.  Saving model ...
2025-01-07 09:46:32,891 - {'epoch': 6, 'rec_loss': '7.8619'}
2025-01-07 09:46:46,799 - {'Epoch': 6, 'HR@5': '0.0253', 'NDCG@5': '0.0157', 'HR@10': '0.0440', 'NDCG@10': '0.0217', 'HR@20': '0.0715', 'NDCG@20': '0.0286'}
2025-01-07 09:46:46,800 - Validation score increased.  Saving model ...
2025-01-07 09:47:38,066 - {'epoch': 7, 'rec_loss': '7.7333'}
2025-01-07 09:47:52,172 - {'Epoch': 7, 'HR@5': '0.0260', 'NDCG@5': '0.0165', 'HR@10': '0.0462', 'NDCG@10': '0.0230', 'HR@20': '0.0742', 'NDCG@20': '0.0300'}
2025-01-07 09:47:52,173 - Validation score increased.  Saving model ...
2025-01-07 09:48:42,746 - {'epoch': 8, 'rec_loss': '7.6248'}
2025-01-07 09:48:56,303 - {'Epoch': 8, 'HR@5': '0.0261', 'NDCG@5': '0.0163', 'HR@10': '0.0453', 'NDCG@10': '0.0224', 'HR@20': '0.0752', 'NDCG@20': '0.0299'}
2025-01-07 09:48:56,303 - EarlyStopping counter: 1 out of 10
2025-01-07 09:49:46,576 - {'epoch': 9, 'rec_loss': '7.5349'}
2025-01-07 09:50:00,316 - {'Epoch': 9, 'HR@5': '0.0282', 'NDCG@5': '0.0175', 'HR@10': '0.0482', 'NDCG@10': '0.0239', 'HR@20': '0.0773', 'NDCG@20': '0.0312'}
2025-01-07 09:50:00,316 - Validation score increased.  Saving model ...
2025-01-07 09:50:50,336 - {'epoch': 10, 'rec_loss': '7.4562'}
2025-01-07 09:51:04,022 - {'Epoch': 10, 'HR@5': '0.0286', 'NDCG@5': '0.0180', 'HR@10': '0.0485', 'NDCG@10': '0.0243', 'HR@20': '0.0777', 'NDCG@20': '0.0317'}
2025-01-07 09:51:04,024 - Validation score increased.  Saving model ...
2025-01-07 09:51:54,188 - {'epoch': 11, 'rec_loss': '7.3910'}
2025-01-07 09:52:07,777 - {'Epoch': 11, 'HR@5': '0.0290', 'NDCG@5': '0.0178', 'HR@10': '0.0486', 'NDCG@10': '0.0241', 'HR@20': '0.0785', 'NDCG@20': '0.0316'}
2025-01-07 09:52:07,778 - EarlyStopping counter: 1 out of 10
2025-01-07 09:52:57,160 - {'epoch': 12, 'rec_loss': '7.3392'}
2025-01-07 09:53:11,647 - {'Epoch': 12, 'HR@5': '0.0285', 'NDCG@5': '0.0177', 'HR@10': '0.0480', 'NDCG@10': '0.0239', 'HR@20': '0.0776', 'NDCG@20': '0.0313'}
2025-01-07 09:53:11,648 - EarlyStopping counter: 2 out of 10
2025-01-07 09:54:00,836 - {'epoch': 13, 'rec_loss': '7.2908'}
2025-01-07 09:54:15,266 - {'Epoch': 13, 'HR@5': '0.0285', 'NDCG@5': '0.0179', 'HR@10': '0.0477', 'NDCG@10': '0.0240', 'HR@20': '0.0770', 'NDCG@20': '0.0314'}
2025-01-07 09:54:15,267 - EarlyStopping counter: 3 out of 10
2025-01-07 09:55:04,627 - {'epoch': 14, 'rec_loss': '7.2536'}
2025-01-07 09:55:18,958 - {'Epoch': 14, 'HR@5': '0.0275', 'NDCG@5': '0.0175', 'HR@10': '0.0479', 'NDCG@10': '0.0240', 'HR@20': '0.0780', 'NDCG@20': '0.0315'}
2025-01-07 09:55:18,959 - EarlyStopping counter: 4 out of 10
2025-01-07 09:56:10,677 - {'epoch': 15, 'rec_loss': '7.2194'}
2025-01-07 09:56:24,661 - {'Epoch': 15, 'HR@5': '0.0290', 'NDCG@5': '0.0183', 'HR@10': '0.0474', 'NDCG@10': '0.0241', 'HR@20': '0.0774', 'NDCG@20': '0.0317'}
2025-01-07 09:56:24,662 - EarlyStopping counter: 5 out of 10
2025-01-07 09:57:16,837 - {'epoch': 16, 'rec_loss': '7.1894'}
2025-01-07 09:57:30,872 - {'Epoch': 16, 'HR@5': '0.0272', 'NDCG@5': '0.0171', 'HR@10': '0.0463', 'NDCG@10': '0.0232', 'HR@20': '0.0757', 'NDCG@20': '0.0306'}
2025-01-07 09:57:30,873 - EarlyStopping counter: 6 out of 10
2025-01-07 09:58:21,687 - {'epoch': 17, 'rec_loss': '7.1615'}
2025-01-07 09:58:35,582 - {'Epoch': 17, 'HR@5': '0.0281', 'NDCG@5': '0.0176', 'HR@10': '0.0464', 'NDCG@10': '0.0234', 'HR@20': '0.0773', 'NDCG@20': '0.0312'}
2025-01-07 09:58:35,583 - EarlyStopping counter: 7 out of 10
2025-01-07 09:59:25,748 - {'epoch': 18, 'rec_loss': '7.1395'}
2025-01-07 09:59:40,415 - {'Epoch': 18, 'HR@5': '0.0284', 'NDCG@5': '0.0179', 'HR@10': '0.0474', 'NDCG@10': '0.0240', 'HR@20': '0.0772', 'NDCG@20': '0.0315'}
2025-01-07 09:59:40,416 - EarlyStopping counter: 8 out of 10
2025-01-07 10:00:30,735 - {'epoch': 19, 'rec_loss': '7.1241'}
2025-01-07 10:00:45,543 - {'Epoch': 19, 'HR@5': '0.0280', 'NDCG@5': '0.0180', 'HR@10': '0.0477', 'NDCG@10': '0.0243', 'HR@20': '0.0770', 'NDCG@20': '0.0316'}
2025-01-07 10:00:45,544 - EarlyStopping counter: 9 out of 10
2025-01-07 10:01:36,264 - {'epoch': 20, 'rec_loss': '7.1050'}
2025-01-07 10:01:50,673 - {'Epoch': 20, 'HR@5': '0.0276', 'NDCG@5': '0.0175', 'HR@10': '0.0468', 'NDCG@10': '0.0237', 'HR@20': '0.0761', 'NDCG@20': '0.0310'}
2025-01-07 10:01:50,674 - EarlyStopping counter: 10 out of 10
2025-01-07 10:01:50,674 - Early stopping
2025-01-07 10:01:50,674 - ---------------Test Score---------------
2025-01-07 10:02:05,292 - {'Epoch': 0, 'HR@5': '0.0256', 'NDCG@5': '0.0160', 'HR@10': '0.0422', 'NDCG@10': '0.0213', 'HR@20': '0.0689', 'NDCG@20': '0.0280'}
2025-01-07 10:02:05,293 - BSARec_A_Yelp
2025-01-07 10:02:05,293 - {'Epoch': 0, 'HR@5': '0.0256', 'NDCG@5': '0.0160', 'HR@10': '0.0422', 'NDCG@10': '0.0213', 'HR@20': '0.0689', 'NDCG@20': '0.0280'}
