2025-01-06 19:14:34,435 - Namespace(data_dir='./data/', output_dir='output/', data_name='LastFM', do_eval=False, load_model=None, train_name='BSARec_S_LastFM', num_items=10, num_users=1091, lr=0.0005, batch_size=256, epochs=200, no_cuda=False, log_freq=1, patience=10, num_workers=4, seed=42, weight_decay=0.0, adam_beta1=0.9, adam_beta2=0.999, gpu_id='0', variance=5, model_type='BSARec_S', max_seq_length=50, hidden_size=64, num_hidden_layers=2, hidden_act='gelu', num_attention_heads=1, attention_probs_dropout_prob=0.5, hidden_dropout_prob=0.5, initializer_range=0.02, c=5, alpha=0.7, cuda_condition=True, data_file='./data/LastFM.txt', item_size=3647, checkpoint_path='output/BSARec_S_LastFM.pt', same_target_path='./data/LastFM_same_target.npy')
2025-01-06 19:14:34,444 - BSARecModel_S(
  (item_embeddings): Embedding(3647, 64, padding_idx=0)
  (position_embeddings): Embedding(50, 64)
  (LayerNorm): LayerNorm()
  (dropout): Dropout(p=0.5, inplace=False)
  (item_encoder): BSARecEncoder(
    (blocks): ModuleList(
      (0): BSARecBlock(
        (layer): BSARecLayer(
          (filter_layer): FrequencyLayer(
            (out_dropout): Dropout(p=0.5, inplace=False)
            (LayerNorm): LayerNorm()
          )
          (attention_layer): MultiHeadAttention(
            (query): Linear(in_features=64, out_features=64, bias=True)
            (key): Linear(in_features=64, out_features=64, bias=True)
            (value): Linear(in_features=64, out_features=64, bias=True)
            (softmax): Softmax(dim=-1)
            (attn_dropout): Dropout(p=0.5, inplace=False)
            (dense): Linear(in_features=64, out_features=64, bias=True)
            (LayerNorm): LayerNorm((64,), eps=1e-12, elementwise_affine=True)
            (out_dropout): Dropout(p=0.5, inplace=False)
          )
        )
        (feed_forward_g): FeedForward(
          (dense_1): Linear(in_features=64, out_features=256, bias=True)
          (dense_2): Linear(in_features=256, out_features=64, bias=True)
          (LayerNorm): LayerNorm()
          (dropout): Dropout(p=0.5, inplace=False)
        )
      )
      (1): BSARecBlock(
        (layer): BSARecLayer(
          (filter_layer): FrequencyLayer(
            (out_dropout): Dropout(p=0.5, inplace=False)
            (LayerNorm): LayerNorm()
          )
          (attention_layer): MultiHeadAttention(
            (query): Linear(in_features=64, out_features=64, bias=True)
            (key): Linear(in_features=64, out_features=64, bias=True)
            (value): Linear(in_features=64, out_features=64, bias=True)
            (softmax): Softmax(dim=-1)
            (attn_dropout): Dropout(p=0.5, inplace=False)
            (dense): Linear(in_features=64, out_features=64, bias=True)
            (LayerNorm): LayerNorm((64,), eps=1e-12, elementwise_affine=True)
            (out_dropout): Dropout(p=0.5, inplace=False)
          )
        )
        (feed_forward_g): FeedForward(
          (dense_1): Linear(in_features=64, out_features=256, bias=True)
          (dense_2): Linear(in_features=256, out_features=64, bias=True)
          (LayerNorm): LayerNorm()
          (dropout): Dropout(p=0.5, inplace=False)
        )
      )
    )
  )
)
2025-01-06 19:14:36,836 - Total Parameters: 337088
2025-01-06 19:14:44,492 - {'epoch': 0, 'rec_loss': '8.0420'}
2025-01-06 19:14:45,256 - {'Epoch': 0, 'HR@5': '0.0257', 'NDCG@5': '0.0165', 'HR@10': '0.0385', 'NDCG@10': '0.0204', 'HR@20': '0.0532', 'NDCG@20': '0.0241'}
2025-01-06 19:14:45,257 - Validation score increased.  Saving model ...
2025-01-06 19:14:51,825 - {'epoch': 1, 'rec_loss': '7.7785'}
2025-01-06 19:14:52,524 - {'Epoch': 1, 'HR@5': '0.0239', 'NDCG@5': '0.0162', 'HR@10': '0.0385', 'NDCG@10': '0.0209', 'HR@20': '0.0606', 'NDCG@20': '0.0264'}
2025-01-06 19:14:52,524 - Validation score increased.  Saving model ...
2025-01-06 19:14:59,984 - {'epoch': 2, 'rec_loss': '7.6283'}
2025-01-06 19:15:00,831 - {'Epoch': 2, 'HR@5': '0.0220', 'NDCG@5': '0.0139', 'HR@10': '0.0367', 'NDCG@10': '0.0187', 'HR@20': '0.0596', 'NDCG@20': '0.0244'}
2025-01-06 19:15:00,832 - EarlyStopping counter: 1 out of 10
2025-01-06 19:15:09,322 - {'epoch': 3, 'rec_loss': '7.4985'}
2025-01-06 19:15:10,192 - {'Epoch': 3, 'HR@5': '0.0193', 'NDCG@5': '0.0125', 'HR@10': '0.0349', 'NDCG@10': '0.0175', 'HR@20': '0.0624', 'NDCG@20': '0.0243'}
2025-01-06 19:15:10,193 - EarlyStopping counter: 2 out of 10
2025-01-06 19:15:18,349 - {'epoch': 4, 'rec_loss': '7.3755'}
2025-01-06 19:15:19,154 - {'Epoch': 4, 'HR@5': '0.0229', 'NDCG@5': '0.0160', 'HR@10': '0.0422', 'NDCG@10': '0.0223', 'HR@20': '0.0716', 'NDCG@20': '0.0297'}
2025-01-06 19:15:19,155 - Validation score increased.  Saving model ...
2025-01-06 19:15:26,488 - {'epoch': 5, 'rec_loss': '7.2473'}
2025-01-06 19:15:27,390 - {'Epoch': 5, 'HR@5': '0.0339', 'NDCG@5': '0.0223', 'HR@10': '0.0514', 'NDCG@10': '0.0279', 'HR@20': '0.0761', 'NDCG@20': '0.0342'}
2025-01-06 19:15:27,390 - Validation score increased.  Saving model ...
2025-01-06 19:15:34,167 - {'epoch': 6, 'rec_loss': '7.1129'}
2025-01-06 19:15:35,013 - {'Epoch': 6, 'HR@5': '0.0358', 'NDCG@5': '0.0241', 'HR@10': '0.0541', 'NDCG@10': '0.0300', 'HR@20': '0.0826', 'NDCG@20': '0.0370'}
2025-01-06 19:15:35,013 - Validation score increased.  Saving model ...
2025-01-06 19:15:42,155 - {'epoch': 7, 'rec_loss': '6.9773'}
2025-01-06 19:15:42,863 - {'Epoch': 7, 'HR@5': '0.0404', 'NDCG@5': '0.0273', 'HR@10': '0.0596', 'NDCG@10': '0.0336', 'HR@20': '0.0853', 'NDCG@20': '0.0401'}
2025-01-06 19:15:42,882 - Validation score increased.  Saving model ...
2025-01-06 19:15:49,740 - {'epoch': 8, 'rec_loss': '6.8503'}
2025-01-06 19:15:50,574 - {'Epoch': 8, 'HR@5': '0.0413', 'NDCG@5': '0.0280', 'HR@10': '0.0505', 'NDCG@10': '0.0309', 'HR@20': '0.0862', 'NDCG@20': '0.0400'}
2025-01-06 19:15:50,575 - EarlyStopping counter: 1 out of 10
2025-01-06 19:15:57,086 - {'epoch': 9, 'rec_loss': '6.7227'}
2025-01-06 19:15:57,769 - {'Epoch': 9, 'HR@5': '0.0358', 'NDCG@5': '0.0247', 'HR@10': '0.0633', 'NDCG@10': '0.0336', 'HR@20': '0.0890', 'NDCG@20': '0.0401'}
2025-01-06 19:15:57,770 - EarlyStopping counter: 2 out of 10
2025-01-06 19:16:05,265 - {'epoch': 10, 'rec_loss': '6.5951'}
2025-01-06 19:16:06,053 - {'Epoch': 10, 'HR@5': '0.0385', 'NDCG@5': '0.0250', 'HR@10': '0.0606', 'NDCG@10': '0.0323', 'HR@20': '0.0927', 'NDCG@20': '0.0404'}
2025-01-06 19:16:06,053 - Validation score increased.  Saving model ...
2025-01-06 19:16:13,431 - {'epoch': 11, 'rec_loss': '6.4771'}
2025-01-06 19:16:14,202 - {'Epoch': 11, 'HR@5': '0.0385', 'NDCG@5': '0.0253', 'HR@10': '0.0642', 'NDCG@10': '0.0336', 'HR@20': '0.1046', 'NDCG@20': '0.0438'}
2025-01-06 19:16:14,203 - Validation score increased.  Saving model ...
2025-01-06 19:16:20,736 - {'epoch': 12, 'rec_loss': '6.3635'}
2025-01-06 19:16:21,512 - {'Epoch': 12, 'HR@5': '0.0413', 'NDCG@5': '0.0268', 'HR@10': '0.0596', 'NDCG@10': '0.0327', 'HR@20': '0.1037', 'NDCG@20': '0.0440'}
2025-01-06 19:16:21,513 - Validation score increased.  Saving model ...
2025-01-06 19:16:28,791 - {'epoch': 13, 'rec_loss': '6.2652'}
2025-01-06 19:16:29,555 - {'Epoch': 13, 'HR@5': '0.0431', 'NDCG@5': '0.0272', 'HR@10': '0.0688', 'NDCG@10': '0.0355', 'HR@20': '0.1028', 'NDCG@20': '0.0440'}
2025-01-06 19:16:29,555 - Validation score increased.  Saving model ...
2025-01-06 19:16:36,465 - {'epoch': 14, 'rec_loss': '6.1741'}
2025-01-06 19:16:37,273 - {'Epoch': 14, 'HR@5': '0.0404', 'NDCG@5': '0.0268', 'HR@10': '0.0697', 'NDCG@10': '0.0362', 'HR@20': '0.1018', 'NDCG@20': '0.0442'}
2025-01-06 19:16:37,273 - Validation score increased.  Saving model ...
2025-01-06 19:16:44,119 - {'epoch': 15, 'rec_loss': '6.0796'}
2025-01-06 19:16:44,948 - {'Epoch': 15, 'HR@5': '0.0468', 'NDCG@5': '0.0305', 'HR@10': '0.0679', 'NDCG@10': '0.0374', 'HR@20': '0.1028', 'NDCG@20': '0.0461'}
2025-01-06 19:16:44,949 - Validation score increased.  Saving model ...
2025-01-06 19:16:52,269 - {'epoch': 16, 'rec_loss': '5.9994'}
2025-01-06 19:16:53,039 - {'Epoch': 16, 'HR@5': '0.0404', 'NDCG@5': '0.0278', 'HR@10': '0.0734', 'NDCG@10': '0.0382', 'HR@20': '0.1046', 'NDCG@20': '0.0460'}
2025-01-06 19:16:53,040 - EarlyStopping counter: 1 out of 10
2025-01-06 19:17:00,114 - {'epoch': 17, 'rec_loss': '5.9209'}
2025-01-06 19:17:00,870 - {'Epoch': 17, 'HR@5': '0.0459', 'NDCG@5': '0.0300', 'HR@10': '0.0761', 'NDCG@10': '0.0397', 'HR@20': '0.1009', 'NDCG@20': '0.0458'}
2025-01-06 19:17:00,871 - EarlyStopping counter: 2 out of 10
2025-01-06 19:17:07,410 - {'epoch': 18, 'rec_loss': '5.8470'}
2025-01-06 19:17:08,128 - {'Epoch': 18, 'HR@5': '0.0523', 'NDCG@5': '0.0327', 'HR@10': '0.0771', 'NDCG@10': '0.0407', 'HR@20': '0.1101', 'NDCG@20': '0.0488'}
2025-01-06 19:17:08,128 - Validation score increased.  Saving model ...
2025-01-06 19:17:14,870 - {'epoch': 19, 'rec_loss': '5.7830'}
2025-01-06 19:17:15,686 - {'Epoch': 19, 'HR@5': '0.0495', 'NDCG@5': '0.0315', 'HR@10': '0.0725', 'NDCG@10': '0.0389', 'HR@20': '0.1138', 'NDCG@20': '0.0490'}
2025-01-06 19:17:15,687 - Validation score increased.  Saving model ...
2025-01-06 19:17:22,690 - {'epoch': 20, 'rec_loss': '5.7137'}
2025-01-06 19:17:23,460 - {'Epoch': 20, 'HR@5': '0.0468', 'NDCG@5': '0.0299', 'HR@10': '0.0752', 'NDCG@10': '0.0390', 'HR@20': '0.1147', 'NDCG@20': '0.0487'}
2025-01-06 19:17:23,461 - EarlyStopping counter: 1 out of 10
2025-01-06 19:17:30,322 - {'epoch': 21, 'rec_loss': '5.6609'}
2025-01-06 19:17:31,051 - {'Epoch': 21, 'HR@5': '0.0477', 'NDCG@5': '0.0314', 'HR@10': '0.0752', 'NDCG@10': '0.0403', 'HR@20': '0.1101', 'NDCG@20': '0.0490'}
2025-01-06 19:17:31,052 - Validation score increased.  Saving model ...
2025-01-06 19:17:38,025 - {'epoch': 22, 'rec_loss': '5.6138'}
2025-01-06 19:17:38,759 - {'Epoch': 22, 'HR@5': '0.0560', 'NDCG@5': '0.0345', 'HR@10': '0.0780', 'NDCG@10': '0.0416', 'HR@20': '0.1220', 'NDCG@20': '0.0525'}
2025-01-06 19:17:38,759 - Validation score increased.  Saving model ...
2025-01-06 19:17:46,086 - {'epoch': 23, 'rec_loss': '5.5674'}
2025-01-06 19:17:46,921 - {'Epoch': 23, 'HR@5': '0.0514', 'NDCG@5': '0.0318', 'HR@10': '0.0789', 'NDCG@10': '0.0407', 'HR@20': '0.1239', 'NDCG@20': '0.0519'}
2025-01-06 19:17:46,922 - EarlyStopping counter: 1 out of 10
2025-01-06 19:17:53,345 - {'epoch': 24, 'rec_loss': '5.5198'}
2025-01-06 19:17:53,899 - {'Epoch': 24, 'HR@5': '0.0477', 'NDCG@5': '0.0299', 'HR@10': '0.0761', 'NDCG@10': '0.0391', 'HR@20': '0.1239', 'NDCG@20': '0.0511'}
2025-01-06 19:17:53,900 - EarlyStopping counter: 2 out of 10
2025-01-06 19:18:01,105 - {'epoch': 25, 'rec_loss': '5.4794'}
2025-01-06 19:18:01,874 - {'Epoch': 25, 'HR@5': '0.0505', 'NDCG@5': '0.0334', 'HR@10': '0.0771', 'NDCG@10': '0.0420', 'HR@20': '0.1275', 'NDCG@20': '0.0546'}
2025-01-06 19:18:01,875 - Validation score increased.  Saving model ...
2025-01-06 19:18:08,751 - {'epoch': 26, 'rec_loss': '5.4443'}
2025-01-06 19:18:09,605 - {'Epoch': 26, 'HR@5': '0.0532', 'NDCG@5': '0.0333', 'HR@10': '0.0798', 'NDCG@10': '0.0417', 'HR@20': '0.1248', 'NDCG@20': '0.0531'}
2025-01-06 19:18:09,606 - EarlyStopping counter: 1 out of 10
2025-01-06 19:18:16,443 - {'epoch': 27, 'rec_loss': '5.4088'}
2025-01-06 19:18:17,395 - {'Epoch': 27, 'HR@5': '0.0523', 'NDCG@5': '0.0341', 'HR@10': '0.0807', 'NDCG@10': '0.0430', 'HR@20': '0.1257', 'NDCG@20': '0.0543'}
2025-01-06 19:18:17,396 - EarlyStopping counter: 2 out of 10
2025-01-06 19:18:24,315 - {'epoch': 28, 'rec_loss': '5.3748'}
2025-01-06 19:18:25,211 - {'Epoch': 28, 'HR@5': '0.0560', 'NDCG@5': '0.0364', 'HR@10': '0.0780', 'NDCG@10': '0.0435', 'HR@20': '0.1257', 'NDCG@20': '0.0555'}
2025-01-06 19:18:25,215 - Validation score increased.  Saving model ...
2025-01-06 19:18:32,793 - {'epoch': 29, 'rec_loss': '5.3472'}
2025-01-06 19:18:33,569 - {'Epoch': 29, 'HR@5': '0.0523', 'NDCG@5': '0.0347', 'HR@10': '0.0835', 'NDCG@10': '0.0447', 'HR@20': '0.1275', 'NDCG@20': '0.0558'}
2025-01-06 19:18:33,570 - Validation score increased.  Saving model ...
2025-01-06 19:18:40,434 - {'epoch': 30, 'rec_loss': '5.3252'}
2025-01-06 19:18:41,103 - {'Epoch': 30, 'HR@5': '0.0569', 'NDCG@5': '0.0360', 'HR@10': '0.0826', 'NDCG@10': '0.0441', 'HR@20': '0.1248', 'NDCG@20': '0.0546'}
2025-01-06 19:18:41,104 - EarlyStopping counter: 1 out of 10
2025-01-06 19:18:48,079 - {'epoch': 31, 'rec_loss': '5.2917'}
2025-01-06 19:18:48,805 - {'Epoch': 31, 'HR@5': '0.0532', 'NDCG@5': '0.0355', 'HR@10': '0.0844', 'NDCG@10': '0.0454', 'HR@20': '0.1284', 'NDCG@20': '0.0565'}
2025-01-06 19:18:48,805 - Validation score increased.  Saving model ...
2025-01-06 19:18:55,535 - {'epoch': 32, 'rec_loss': '5.2823'}
2025-01-06 19:18:56,360 - {'Epoch': 32, 'HR@5': '0.0550', 'NDCG@5': '0.0380', 'HR@10': '0.0835', 'NDCG@10': '0.0471', 'HR@20': '0.1275', 'NDCG@20': '0.0583'}
2025-01-06 19:18:56,361 - Validation score increased.  Saving model ...
2025-01-06 19:19:03,379 - {'epoch': 33, 'rec_loss': '5.2521'}
2025-01-06 19:19:04,184 - {'Epoch': 33, 'HR@5': '0.0541', 'NDCG@5': '0.0360', 'HR@10': '0.0826', 'NDCG@10': '0.0451', 'HR@20': '0.1266', 'NDCG@20': '0.0562'}
2025-01-06 19:19:04,185 - EarlyStopping counter: 1 out of 10
2025-01-06 19:19:11,042 - {'epoch': 34, 'rec_loss': '5.2320'}
2025-01-06 19:19:11,744 - {'Epoch': 34, 'HR@5': '0.0523', 'NDCG@5': '0.0343', 'HR@10': '0.0881', 'NDCG@10': '0.0458', 'HR@20': '0.1248', 'NDCG@20': '0.0549'}
2025-01-06 19:19:11,745 - EarlyStopping counter: 2 out of 10
2025-01-06 19:19:17,910 - {'epoch': 35, 'rec_loss': '5.2203'}
2025-01-06 19:19:18,577 - {'Epoch': 35, 'HR@5': '0.0606', 'NDCG@5': '0.0399', 'HR@10': '0.0853', 'NDCG@10': '0.0478', 'HR@20': '0.1266', 'NDCG@20': '0.0582'}
2025-01-06 19:19:18,577 - EarlyStopping counter: 3 out of 10
2025-01-06 19:19:24,438 - {'epoch': 36, 'rec_loss': '5.2056'}
2025-01-06 19:19:25,180 - {'Epoch': 36, 'HR@5': '0.0505', 'NDCG@5': '0.0333', 'HR@10': '0.0807', 'NDCG@10': '0.0432', 'HR@20': '0.1312', 'NDCG@20': '0.0557'}
2025-01-06 19:19:25,181 - EarlyStopping counter: 4 out of 10
2025-01-06 19:19:30,896 - {'epoch': 37, 'rec_loss': '5.1868'}
2025-01-06 19:19:31,579 - {'Epoch': 37, 'HR@5': '0.0550', 'NDCG@5': '0.0355', 'HR@10': '0.0881', 'NDCG@10': '0.0461', 'HR@20': '0.1349', 'NDCG@20': '0.0577'}
2025-01-06 19:19:31,580 - EarlyStopping counter: 5 out of 10
2025-01-06 19:19:36,734 - {'epoch': 38, 'rec_loss': '5.1680'}
2025-01-06 19:19:37,349 - {'Epoch': 38, 'HR@5': '0.0606', 'NDCG@5': '0.0383', 'HR@10': '0.0899', 'NDCG@10': '0.0476', 'HR@20': '0.1385', 'NDCG@20': '0.0597'}
2025-01-06 19:19:37,350 - Validation score increased.  Saving model ...
2025-01-06 19:19:42,457 - {'epoch': 39, 'rec_loss': '5.1431'}
2025-01-06 19:19:42,946 - {'Epoch': 39, 'HR@5': '0.0550', 'NDCG@5': '0.0357', 'HR@10': '0.0881', 'NDCG@10': '0.0463', 'HR@20': '0.1303', 'NDCG@20': '0.0569'}
2025-01-06 19:19:42,946 - EarlyStopping counter: 1 out of 10
2025-01-06 19:19:47,006 - {'epoch': 40, 'rec_loss': '5.1481'}
2025-01-06 19:19:47,501 - {'Epoch': 40, 'HR@5': '0.0606', 'NDCG@5': '0.0369', 'HR@10': '0.0908', 'NDCG@10': '0.0464', 'HR@20': '0.1266', 'NDCG@20': '0.0554'}
2025-01-06 19:19:47,502 - EarlyStopping counter: 2 out of 10
2025-01-06 19:19:51,954 - {'epoch': 41, 'rec_loss': '5.1271'}
2025-01-06 19:19:52,397 - {'Epoch': 41, 'HR@5': '0.0560', 'NDCG@5': '0.0347', 'HR@10': '0.0890', 'NDCG@10': '0.0453', 'HR@20': '0.1312', 'NDCG@20': '0.0558'}
2025-01-06 19:19:52,397 - EarlyStopping counter: 3 out of 10
2025-01-06 19:19:56,426 - {'epoch': 42, 'rec_loss': '5.1174'}
2025-01-06 19:19:56,875 - {'Epoch': 42, 'HR@5': '0.0550', 'NDCG@5': '0.0354', 'HR@10': '0.0890', 'NDCG@10': '0.0464', 'HR@20': '0.1303', 'NDCG@20': '0.0568'}
2025-01-06 19:19:56,875 - EarlyStopping counter: 4 out of 10
2025-01-06 19:20:00,453 - {'epoch': 43, 'rec_loss': '5.1087'}
2025-01-06 19:20:00,956 - {'Epoch': 43, 'HR@5': '0.0560', 'NDCG@5': '0.0360', 'HR@10': '0.0844', 'NDCG@10': '0.0452', 'HR@20': '0.1330', 'NDCG@20': '0.0574'}
2025-01-06 19:20:00,957 - EarlyStopping counter: 5 out of 10
2025-01-06 19:20:05,152 - {'epoch': 44, 'rec_loss': '5.1041'}
2025-01-06 19:20:05,684 - {'Epoch': 44, 'HR@5': '0.0560', 'NDCG@5': '0.0347', 'HR@10': '0.0890', 'NDCG@10': '0.0453', 'HR@20': '0.1303', 'NDCG@20': '0.0558'}
2025-01-06 19:20:05,685 - EarlyStopping counter: 6 out of 10
2025-01-06 19:20:09,662 - {'epoch': 45, 'rec_loss': '5.0889'}
2025-01-06 19:20:10,173 - {'Epoch': 45, 'HR@5': '0.0532', 'NDCG@5': '0.0353', 'HR@10': '0.0936', 'NDCG@10': '0.0483', 'HR@20': '0.1339', 'NDCG@20': '0.0583'}
2025-01-06 19:20:10,174 - EarlyStopping counter: 7 out of 10
2025-01-06 19:20:14,244 - {'epoch': 46, 'rec_loss': '5.0681'}
2025-01-06 19:20:14,711 - {'Epoch': 46, 'HR@5': '0.0560', 'NDCG@5': '0.0355', 'HR@10': '0.0899', 'NDCG@10': '0.0464', 'HR@20': '0.1339', 'NDCG@20': '0.0576'}
2025-01-06 19:20:14,712 - EarlyStopping counter: 8 out of 10
2025-01-06 19:20:18,848 - {'epoch': 47, 'rec_loss': '5.0634'}
2025-01-06 19:20:19,435 - {'Epoch': 47, 'HR@5': '0.0606', 'NDCG@5': '0.0383', 'HR@10': '0.0927', 'NDCG@10': '0.0484', 'HR@20': '0.1349', 'NDCG@20': '0.0590'}
2025-01-06 19:20:19,436 - EarlyStopping counter: 9 out of 10
2025-01-06 19:20:23,143 - {'epoch': 48, 'rec_loss': '5.0472'}
2025-01-06 19:20:23,629 - {'Epoch': 48, 'HR@5': '0.0578', 'NDCG@5': '0.0382', 'HR@10': '0.0927', 'NDCG@10': '0.0496', 'HR@20': '0.1321', 'NDCG@20': '0.0597'}
2025-01-06 19:20:23,629 - EarlyStopping counter: 10 out of 10
2025-01-06 19:20:23,629 - Early stopping
2025-01-06 19:20:23,629 - ---------------Test Score---------------
2025-01-06 19:20:24,113 - {'Epoch': 0, 'HR@5': '0.0394', 'NDCG@5': '0.0279', 'HR@10': '0.0587', 'NDCG@10': '0.0341', 'HR@20': '0.0899', 'NDCG@20': '0.0420'}
2025-01-06 19:20:24,114 - BSARec_S_LastFM
2025-01-06 19:20:24,114 - {'Epoch': 0, 'HR@5': '0.0394', 'NDCG@5': '0.0279', 'HR@10': '0.0587', 'NDCG@10': '0.0341', 'HR@20': '0.0899', 'NDCG@20': '0.0420'}
