2025-01-06 19:14:12,249 - Namespace(data_dir='./data/', output_dir='output/', data_name='LastFM', do_eval=False, load_model=None, train_name='BSARec_SA_S_A_LastFM', num_items=10, num_users=1091, lr=0.0005, batch_size=256, epochs=200, no_cuda=False, log_freq=1, patience=10, num_workers=4, seed=42, weight_decay=0.0, adam_beta1=0.9, adam_beta2=0.999, gpu_id='0', variance=5, model_type='BSARec_SA_S_A', max_seq_length=50, hidden_size=64, num_hidden_layers=2, hidden_act='gelu', num_attention_heads=1, attention_probs_dropout_prob=0.5, hidden_dropout_prob=0.5, initializer_range=0.02, c=5, alpha=0.7, cuda_condition=True, data_file='./data/LastFM.txt', item_size=3647, checkpoint_path='output/BSARec_SA_S_A_LastFM.pt', same_target_path='./data/LastFM_same_target.npy')
2025-01-06 19:14:12,262 - BSARecModel_SA_S_A(
  (item_embeddings): Embedding(3647, 64, padding_idx=0)
  (position_embeddings): Embedding(50, 64)
  (LayerNorm): LayerNorm()
  (dropout): Dropout(p=0.5, inplace=False)
  (item_encoder): BSARecEncoder(
    (blocks): ModuleList(
      (0): BSARecBlock(
        (layer): BSARecLayer(
          (filter_layer): FrequencyLayer(
            (out_dropout): Dropout(p=0.5, inplace=False)
            (LayerNorm): LayerNorm()
          )
          (attention_layer): MultiHeadAttention(
            (query): Linear(in_features=64, out_features=64, bias=True)
            (key): Linear(in_features=64, out_features=64, bias=True)
            (value): Linear(in_features=64, out_features=64, bias=True)
            (softmax): Softmax(dim=-1)
            (attn_dropout): Dropout(p=0.5, inplace=False)
            (dense): Linear(in_features=64, out_features=64, bias=True)
            (LayerNorm): LayerNorm((64,), eps=1e-12, elementwise_affine=True)
            (out_dropout): Dropout(p=0.5, inplace=False)
          )
        )
        (feed_forward_sa): FeedForward(
          (dense_1): Linear(in_features=64, out_features=256, bias=True)
          (dense_2): Linear(in_features=256, out_features=64, bias=True)
          (LayerNorm): LayerNorm()
          (dropout): Dropout(p=0.5, inplace=False)
        )
        (feed_forward_g): FeedForward(
          (dense_1): Linear(in_features=64, out_features=256, bias=True)
          (dense_2): Linear(in_features=256, out_features=64, bias=True)
          (LayerNorm): LayerNorm()
          (dropout): Dropout(p=0.5, inplace=False)
        )
        (feed_forward_d): FeedForward(
          (dense_1): Linear(in_features=64, out_features=256, bias=True)
          (dense_2): Linear(in_features=256, out_features=64, bias=True)
          (LayerNorm): LayerNorm()
          (dropout): Dropout(p=0.5, inplace=False)
        )
        (fusion_module): ModalityFusion()
      )
      (1): BSARecBlock(
        (layer): BSARecLayer(
          (filter_layer): FrequencyLayer(
            (out_dropout): Dropout(p=0.5, inplace=False)
            (LayerNorm): LayerNorm()
          )
          (attention_layer): MultiHeadAttention(
            (query): Linear(in_features=64, out_features=64, bias=True)
            (key): Linear(in_features=64, out_features=64, bias=True)
            (value): Linear(in_features=64, out_features=64, bias=True)
            (softmax): Softmax(dim=-1)
            (attn_dropout): Dropout(p=0.5, inplace=False)
            (dense): Linear(in_features=64, out_features=64, bias=True)
            (LayerNorm): LayerNorm((64,), eps=1e-12, elementwise_affine=True)
            (out_dropout): Dropout(p=0.5, inplace=False)
          )
        )
        (feed_forward_sa): FeedForward(
          (dense_1): Linear(in_features=64, out_features=256, bias=True)
          (dense_2): Linear(in_features=256, out_features=64, bias=True)
          (LayerNorm): LayerNorm()
          (dropout): Dropout(p=0.5, inplace=False)
        )
        (feed_forward_g): FeedForward(
          (dense_1): Linear(in_features=64, out_features=256, bias=True)
          (dense_2): Linear(in_features=256, out_features=64, bias=True)
          (LayerNorm): LayerNorm()
          (dropout): Dropout(p=0.5, inplace=False)
        )
        (feed_forward_d): FeedForward(
          (dense_1): Linear(in_features=64, out_features=256, bias=True)
          (dense_2): Linear(in_features=256, out_features=64, bias=True)
          (LayerNorm): LayerNorm()
          (dropout): Dropout(p=0.5, inplace=False)
        )
        (fusion_module): ModalityFusion()
      )
    )
  )
)
2025-01-06 19:14:14,490 - Total Parameters: 469958
2025-01-06 19:14:22,822 - {'epoch': 0, 'rec_loss': '8.0502'}
2025-01-06 19:14:23,444 - {'Epoch': 0, 'HR@5': '0.0239', 'NDCG@5': '0.0149', 'HR@10': '0.0349', 'NDCG@10': '0.0186', 'HR@20': '0.0596', 'NDCG@20': '0.0249'}
2025-01-06 19:14:23,445 - Validation score increased.  Saving model ...
2025-01-06 19:14:30,209 - {'epoch': 1, 'rec_loss': '7.7925'}
2025-01-06 19:14:30,931 - {'Epoch': 1, 'HR@5': '0.0229', 'NDCG@5': '0.0145', 'HR@10': '0.0367', 'NDCG@10': '0.0188', 'HR@20': '0.0596', 'NDCG@20': '0.0246'}
2025-01-06 19:14:30,932 - EarlyStopping counter: 1 out of 10
2025-01-06 19:14:38,217 - {'epoch': 2, 'rec_loss': '7.6508'}
2025-01-06 19:14:38,980 - {'Epoch': 2, 'HR@5': '0.0211', 'NDCG@5': '0.0136', 'HR@10': '0.0358', 'NDCG@10': '0.0185', 'HR@20': '0.0578', 'NDCG@20': '0.0241'}
2025-01-06 19:14:38,981 - EarlyStopping counter: 2 out of 10
2025-01-06 19:14:47,362 - {'epoch': 3, 'rec_loss': '7.5117'}
2025-01-06 19:14:48,049 - {'Epoch': 3, 'HR@5': '0.0202', 'NDCG@5': '0.0126', 'HR@10': '0.0349', 'NDCG@10': '0.0175', 'HR@20': '0.0615', 'NDCG@20': '0.0242'}
2025-01-06 19:14:48,049 - EarlyStopping counter: 3 out of 10
2025-01-06 19:14:57,485 - {'epoch': 4, 'rec_loss': '7.3773'}
2025-01-06 19:14:58,388 - {'Epoch': 4, 'HR@5': '0.0239', 'NDCG@5': '0.0149', 'HR@10': '0.0468', 'NDCG@10': '0.0223', 'HR@20': '0.0670', 'NDCG@20': '0.0274'}
2025-01-06 19:14:58,388 - Validation score increased.  Saving model ...
2025-01-06 19:15:08,352 - {'epoch': 5, 'rec_loss': '7.2203'}
2025-01-06 19:15:09,329 - {'Epoch': 5, 'HR@5': '0.0385', 'NDCG@5': '0.0257', 'HR@10': '0.0578', 'NDCG@10': '0.0321', 'HR@20': '0.0807', 'NDCG@20': '0.0378'}
2025-01-06 19:15:09,330 - Validation score increased.  Saving model ...
2025-01-06 19:15:18,851 - {'epoch': 6, 'rec_loss': '6.9143'}
2025-01-06 19:15:19,744 - {'Epoch': 6, 'HR@5': '0.0376', 'NDCG@5': '0.0276', 'HR@10': '0.0651', 'NDCG@10': '0.0365', 'HR@20': '0.0936', 'NDCG@20': '0.0437'}
2025-01-06 19:15:19,744 - Validation score increased.  Saving model ...
2025-01-06 19:15:29,126 - {'epoch': 7, 'rec_loss': '6.5927'}
2025-01-06 19:15:29,993 - {'Epoch': 7, 'HR@5': '0.0477', 'NDCG@5': '0.0294', 'HR@10': '0.0661', 'NDCG@10': '0.0353', 'HR@20': '0.1018', 'NDCG@20': '0.0443'}
2025-01-06 19:15:29,994 - Validation score increased.  Saving model ...
2025-01-06 19:15:38,209 - {'epoch': 8, 'rec_loss': '6.3456'}
2025-01-06 19:15:38,906 - {'Epoch': 8, 'HR@5': '0.0450', 'NDCG@5': '0.0297', 'HR@10': '0.0743', 'NDCG@10': '0.0391', 'HR@20': '0.1000', 'NDCG@20': '0.0457'}
2025-01-06 19:15:38,907 - Validation score increased.  Saving model ...
2025-01-06 19:15:47,824 - {'epoch': 9, 'rec_loss': '6.1594'}
2025-01-06 19:15:48,557 - {'Epoch': 9, 'HR@5': '0.0514', 'NDCG@5': '0.0323', 'HR@10': '0.0761', 'NDCG@10': '0.0402', 'HR@20': '0.1092', 'NDCG@20': '0.0487'}
2025-01-06 19:15:48,558 - Validation score increased.  Saving model ...
2025-01-06 19:15:56,752 - {'epoch': 10, 'rec_loss': '6.0143'}
2025-01-06 19:15:57,596 - {'Epoch': 10, 'HR@5': '0.0541', 'NDCG@5': '0.0342', 'HR@10': '0.0817', 'NDCG@10': '0.0433', 'HR@20': '0.1101', 'NDCG@20': '0.0504'}
2025-01-06 19:15:57,597 - Validation score increased.  Saving model ...
2025-01-06 19:16:05,960 - {'epoch': 11, 'rec_loss': '5.8996'}
2025-01-06 19:16:06,766 - {'Epoch': 11, 'HR@5': '0.0523', 'NDCG@5': '0.0334', 'HR@10': '0.0780', 'NDCG@10': '0.0420', 'HR@20': '0.1101', 'NDCG@20': '0.0501'}
2025-01-06 19:16:06,767 - EarlyStopping counter: 1 out of 10
2025-01-06 19:16:15,045 - {'epoch': 12, 'rec_loss': '5.8034'}
2025-01-06 19:16:15,878 - {'Epoch': 12, 'HR@5': '0.0495', 'NDCG@5': '0.0312', 'HR@10': '0.0835', 'NDCG@10': '0.0423', 'HR@20': '0.1183', 'NDCG@20': '0.0510'}
2025-01-06 19:16:15,879 - Validation score increased.  Saving model ...
2025-01-06 19:16:24,125 - {'epoch': 13, 'rec_loss': '5.7162'}
2025-01-06 19:16:24,981 - {'Epoch': 13, 'HR@5': '0.0523', 'NDCG@5': '0.0339', 'HR@10': '0.0835', 'NDCG@10': '0.0439', 'HR@20': '0.1128', 'NDCG@20': '0.0513'}
2025-01-06 19:16:24,982 - Validation score increased.  Saving model ...
2025-01-06 19:16:33,290 - {'epoch': 14, 'rec_loss': '5.6486'}
2025-01-06 19:16:34,273 - {'Epoch': 14, 'HR@5': '0.0514', 'NDCG@5': '0.0322', 'HR@10': '0.0798', 'NDCG@10': '0.0413', 'HR@20': '0.1183', 'NDCG@20': '0.0510'}
2025-01-06 19:16:34,274 - EarlyStopping counter: 1 out of 10
2025-01-06 19:16:42,866 - {'epoch': 15, 'rec_loss': '5.5961'}
2025-01-06 19:16:43,674 - {'Epoch': 15, 'HR@5': '0.0486', 'NDCG@5': '0.0316', 'HR@10': '0.0752', 'NDCG@10': '0.0401', 'HR@20': '0.1174', 'NDCG@20': '0.0509'}
2025-01-06 19:16:43,675 - EarlyStopping counter: 2 out of 10
2025-01-06 19:16:52,317 - {'epoch': 16, 'rec_loss': '5.5493'}
2025-01-06 19:16:53,138 - {'Epoch': 16, 'HR@5': '0.0541', 'NDCG@5': '0.0355', 'HR@10': '0.0780', 'NDCG@10': '0.0430', 'HR@20': '0.1183', 'NDCG@20': '0.0530'}
2025-01-06 19:16:53,139 - Validation score increased.  Saving model ...
2025-01-06 19:17:01,261 - {'epoch': 17, 'rec_loss': '5.4856'}
2025-01-06 19:17:02,061 - {'Epoch': 17, 'HR@5': '0.0477', 'NDCG@5': '0.0328', 'HR@10': '0.0789', 'NDCG@10': '0.0429', 'HR@20': '0.1220', 'NDCG@20': '0.0539'}
2025-01-06 19:17:02,062 - Validation score increased.  Saving model ...
2025-01-06 19:17:10,109 - {'epoch': 18, 'rec_loss': '5.4453'}
2025-01-06 19:17:10,860 - {'Epoch': 18, 'HR@5': '0.0541', 'NDCG@5': '0.0369', 'HR@10': '0.0899', 'NDCG@10': '0.0485', 'HR@20': '0.1220', 'NDCG@20': '0.0567'}
2025-01-06 19:17:10,861 - Validation score increased.  Saving model ...
2025-01-06 19:17:19,178 - {'epoch': 19, 'rec_loss': '5.4173'}
2025-01-06 19:17:19,945 - {'Epoch': 19, 'HR@5': '0.0560', 'NDCG@5': '0.0363', 'HR@10': '0.0853', 'NDCG@10': '0.0458', 'HR@20': '0.1211', 'NDCG@20': '0.0549'}
2025-01-06 19:17:19,946 - EarlyStopping counter: 1 out of 10
2025-01-06 19:17:28,606 - {'epoch': 20, 'rec_loss': '5.3742'}
2025-01-06 19:17:29,246 - {'Epoch': 20, 'HR@5': '0.0541', 'NDCG@5': '0.0351', 'HR@10': '0.0853', 'NDCG@10': '0.0451', 'HR@20': '0.1239', 'NDCG@20': '0.0548'}
2025-01-06 19:17:29,248 - EarlyStopping counter: 2 out of 10
2025-01-06 19:17:37,283 - {'epoch': 21, 'rec_loss': '5.3452'}
2025-01-06 19:17:38,070 - {'Epoch': 21, 'HR@5': '0.0587', 'NDCG@5': '0.0382', 'HR@10': '0.0872', 'NDCG@10': '0.0472', 'HR@20': '0.1284', 'NDCG@20': '0.0578'}
2025-01-06 19:17:38,071 - Validation score increased.  Saving model ...
2025-01-06 19:17:46,281 - {'epoch': 22, 'rec_loss': '5.3055'}
2025-01-06 19:17:47,026 - {'Epoch': 22, 'HR@5': '0.0596', 'NDCG@5': '0.0384', 'HR@10': '0.0908', 'NDCG@10': '0.0485', 'HR@20': '0.1330', 'NDCG@20': '0.0590'}
2025-01-06 19:17:47,027 - Validation score increased.  Saving model ...
2025-01-06 19:17:55,223 - {'epoch': 23, 'rec_loss': '5.2870'}
2025-01-06 19:17:56,046 - {'Epoch': 23, 'HR@5': '0.0550', 'NDCG@5': '0.0366', 'HR@10': '0.0853', 'NDCG@10': '0.0464', 'HR@20': '0.1275', 'NDCG@20': '0.0571'}
2025-01-06 19:17:56,046 - EarlyStopping counter: 1 out of 10
2025-01-06 19:18:04,375 - {'epoch': 24, 'rec_loss': '5.2509'}
2025-01-06 19:18:05,202 - {'Epoch': 24, 'HR@5': '0.0569', 'NDCG@5': '0.0372', 'HR@10': '0.0899', 'NDCG@10': '0.0476', 'HR@20': '0.1303', 'NDCG@20': '0.0580'}
2025-01-06 19:18:05,202 - EarlyStopping counter: 2 out of 10
2025-01-06 19:18:14,212 - {'epoch': 25, 'rec_loss': '5.2276'}
2025-01-06 19:18:15,185 - {'Epoch': 25, 'HR@5': '0.0550', 'NDCG@5': '0.0358', 'HR@10': '0.0945', 'NDCG@10': '0.0483', 'HR@20': '0.1413', 'NDCG@20': '0.0599'}
2025-01-06 19:18:15,186 - Validation score increased.  Saving model ...
2025-01-06 19:18:23,679 - {'epoch': 26, 'rec_loss': '5.2029'}
2025-01-06 19:18:24,451 - {'Epoch': 26, 'HR@5': '0.0578', 'NDCG@5': '0.0380', 'HR@10': '0.0936', 'NDCG@10': '0.0496', 'HR@20': '0.1330', 'NDCG@20': '0.0593'}
2025-01-06 19:18:24,451 - EarlyStopping counter: 1 out of 10
2025-01-06 19:18:32,813 - {'epoch': 27, 'rec_loss': '5.1890'}
2025-01-06 19:18:33,529 - {'Epoch': 27, 'HR@5': '0.0569', 'NDCG@5': '0.0377', 'HR@10': '0.0927', 'NDCG@10': '0.0491', 'HR@20': '0.1303', 'NDCG@20': '0.0587'}
2025-01-06 19:18:33,529 - EarlyStopping counter: 2 out of 10
2025-01-06 19:18:41,648 - {'epoch': 28, 'rec_loss': '5.1720'}
2025-01-06 19:18:42,517 - {'Epoch': 28, 'HR@5': '0.0587', 'NDCG@5': '0.0374', 'HR@10': '0.0844', 'NDCG@10': '0.0456', 'HR@20': '0.1312', 'NDCG@20': '0.0573'}
2025-01-06 19:18:42,518 - EarlyStopping counter: 3 out of 10
2025-01-06 19:18:50,951 - {'epoch': 29, 'rec_loss': '5.1555'}
2025-01-06 19:18:51,738 - {'Epoch': 29, 'HR@5': '0.0569', 'NDCG@5': '0.0368', 'HR@10': '0.0862', 'NDCG@10': '0.0462', 'HR@20': '0.1303', 'NDCG@20': '0.0575'}
2025-01-06 19:18:51,738 - EarlyStopping counter: 4 out of 10
2025-01-06 19:19:00,218 - {'epoch': 30, 'rec_loss': '5.1243'}
2025-01-06 19:19:01,017 - {'Epoch': 30, 'HR@5': '0.0633', 'NDCG@5': '0.0401', 'HR@10': '0.0899', 'NDCG@10': '0.0487', 'HR@20': '0.1358', 'NDCG@20': '0.0602'}
2025-01-06 19:19:01,020 - Validation score increased.  Saving model ...
2025-01-06 19:19:09,352 - {'epoch': 31, 'rec_loss': '5.1081'}
2025-01-06 19:19:10,137 - {'Epoch': 31, 'HR@5': '0.0569', 'NDCG@5': '0.0370', 'HR@10': '0.0927', 'NDCG@10': '0.0485', 'HR@20': '0.1339', 'NDCG@20': '0.0588'}
2025-01-06 19:19:10,138 - EarlyStopping counter: 1 out of 10
2025-01-06 19:19:17,439 - {'epoch': 32, 'rec_loss': '5.0802'}
2025-01-06 19:19:18,161 - {'Epoch': 32, 'HR@5': '0.0569', 'NDCG@5': '0.0365', 'HR@10': '0.0872', 'NDCG@10': '0.0464', 'HR@20': '0.1349', 'NDCG@20': '0.0584'}
2025-01-06 19:19:18,161 - EarlyStopping counter: 2 out of 10
2025-01-06 19:19:25,097 - {'epoch': 33, 'rec_loss': '5.0641'}
2025-01-06 19:19:25,808 - {'Epoch': 33, 'HR@5': '0.0596', 'NDCG@5': '0.0374', 'HR@10': '0.0936', 'NDCG@10': '0.0484', 'HR@20': '0.1367', 'NDCG@20': '0.0592'}
2025-01-06 19:19:25,809 - EarlyStopping counter: 3 out of 10
2025-01-06 19:19:32,860 - {'epoch': 34, 'rec_loss': '5.0505'}
2025-01-06 19:19:33,495 - {'Epoch': 34, 'HR@5': '0.0642', 'NDCG@5': '0.0408', 'HR@10': '0.0945', 'NDCG@10': '0.0504', 'HR@20': '0.1284', 'NDCG@20': '0.0591'}
2025-01-06 19:19:33,496 - EarlyStopping counter: 4 out of 10
2025-01-06 19:19:39,747 - {'epoch': 35, 'rec_loss': '5.0470'}
2025-01-06 19:19:40,413 - {'Epoch': 35, 'HR@5': '0.0606', 'NDCG@5': '0.0374', 'HR@10': '0.0972', 'NDCG@10': '0.0494', 'HR@20': '0.1367', 'NDCG@20': '0.0594'}
2025-01-06 19:19:40,413 - EarlyStopping counter: 5 out of 10
2025-01-06 19:19:45,911 - {'epoch': 36, 'rec_loss': '5.0253'}
2025-01-06 19:19:46,474 - {'Epoch': 36, 'HR@5': '0.0633', 'NDCG@5': '0.0398', 'HR@10': '0.0936', 'NDCG@10': '0.0494', 'HR@20': '0.1394', 'NDCG@20': '0.0609'}
2025-01-06 19:19:46,475 - Validation score increased.  Saving model ...
2025-01-06 19:19:51,829 - {'epoch': 37, 'rec_loss': '5.0032'}
2025-01-06 19:19:52,350 - {'Epoch': 37, 'HR@5': '0.0624', 'NDCG@5': '0.0406', 'HR@10': '0.0945', 'NDCG@10': '0.0508', 'HR@20': '0.1358', 'NDCG@20': '0.0612'}
2025-01-06 19:19:52,351 - Validation score increased.  Saving model ...
2025-01-06 19:19:57,214 - {'epoch': 38, 'rec_loss': '4.9851'}
2025-01-06 19:19:57,769 - {'Epoch': 38, 'HR@5': '0.0642', 'NDCG@5': '0.0406', 'HR@10': '0.0982', 'NDCG@10': '0.0516', 'HR@20': '0.1303', 'NDCG@20': '0.0597'}
2025-01-06 19:19:57,770 - EarlyStopping counter: 1 out of 10
2025-01-06 19:20:02,799 - {'epoch': 39, 'rec_loss': '4.9840'}
2025-01-06 19:20:03,339 - {'Epoch': 39, 'HR@5': '0.0596', 'NDCG@5': '0.0370', 'HR@10': '0.0927', 'NDCG@10': '0.0477', 'HR@20': '0.1303', 'NDCG@20': '0.0572'}
2025-01-06 19:20:03,339 - EarlyStopping counter: 2 out of 10
2025-01-06 19:20:08,682 - {'epoch': 40, 'rec_loss': '4.9633'}
2025-01-06 19:20:09,169 - {'Epoch': 40, 'HR@5': '0.0596', 'NDCG@5': '0.0380', 'HR@10': '0.0963', 'NDCG@10': '0.0498', 'HR@20': '0.1339', 'NDCG@20': '0.0593'}
2025-01-06 19:20:09,170 - EarlyStopping counter: 3 out of 10
2025-01-06 19:20:14,313 - {'epoch': 41, 'rec_loss': '4.9361'}
2025-01-06 19:20:14,857 - {'Epoch': 41, 'HR@5': '0.0651', 'NDCG@5': '0.0406', 'HR@10': '0.0963', 'NDCG@10': '0.0505', 'HR@20': '0.1349', 'NDCG@20': '0.0602'}
2025-01-06 19:20:14,858 - EarlyStopping counter: 4 out of 10
2025-01-06 19:20:20,257 - {'epoch': 42, 'rec_loss': '4.9396'}
2025-01-06 19:20:20,815 - {'Epoch': 42, 'HR@5': '0.0679', 'NDCG@5': '0.0432', 'HR@10': '0.1009', 'NDCG@10': '0.0539', 'HR@20': '0.1358', 'NDCG@20': '0.0626'}
2025-01-06 19:20:20,815 - Validation score increased.  Saving model ...
2025-01-06 19:20:25,408 - {'epoch': 43, 'rec_loss': '4.9255'}
2025-01-06 19:20:25,785 - {'Epoch': 43, 'HR@5': '0.0633', 'NDCG@5': '0.0408', 'HR@10': '0.1028', 'NDCG@10': '0.0534', 'HR@20': '0.1376', 'NDCG@20': '0.0620'}
2025-01-06 19:20:25,786 - EarlyStopping counter: 1 out of 10
2025-01-06 19:20:28,287 - {'epoch': 44, 'rec_loss': '4.9179'}
2025-01-06 19:20:28,688 - {'Epoch': 44, 'HR@5': '0.0633', 'NDCG@5': '0.0393', 'HR@10': '0.0972', 'NDCG@10': '0.0500', 'HR@20': '0.1385', 'NDCG@20': '0.0603'}
2025-01-06 19:20:28,689 - EarlyStopping counter: 2 out of 10
2025-01-06 19:20:32,060 - {'epoch': 45, 'rec_loss': '4.8953'}
2025-01-06 19:20:32,433 - {'Epoch': 45, 'HR@5': '0.0587', 'NDCG@5': '0.0389', 'HR@10': '0.1000', 'NDCG@10': '0.0522', 'HR@20': '0.1339', 'NDCG@20': '0.0607'}
2025-01-06 19:20:32,434 - EarlyStopping counter: 3 out of 10
2025-01-06 19:20:35,678 - {'epoch': 46, 'rec_loss': '4.9032'}
2025-01-06 19:20:36,029 - {'Epoch': 46, 'HR@5': '0.0688', 'NDCG@5': '0.0424', 'HR@10': '0.0936', 'NDCG@10': '0.0504', 'HR@20': '0.1312', 'NDCG@20': '0.0598'}
2025-01-06 19:20:36,030 - EarlyStopping counter: 4 out of 10
2025-01-06 19:20:38,993 - {'epoch': 47, 'rec_loss': '4.8816'}
2025-01-06 19:20:39,286 - {'Epoch': 47, 'HR@5': '0.0633', 'NDCG@5': '0.0396', 'HR@10': '0.0927', 'NDCG@10': '0.0489', 'HR@20': '0.1330', 'NDCG@20': '0.0591'}
2025-01-06 19:20:39,287 - EarlyStopping counter: 5 out of 10
2025-01-06 19:20:41,798 - {'epoch': 48, 'rec_loss': '4.8714'}
2025-01-06 19:20:42,100 - {'Epoch': 48, 'HR@5': '0.0606', 'NDCG@5': '0.0384', 'HR@10': '0.0936', 'NDCG@10': '0.0492', 'HR@20': '0.1303', 'NDCG@20': '0.0585'}
2025-01-06 19:20:42,100 - EarlyStopping counter: 6 out of 10
2025-01-06 19:20:44,980 - {'epoch': 49, 'rec_loss': '4.8556'}
2025-01-06 19:20:45,336 - {'Epoch': 49, 'HR@5': '0.0642', 'NDCG@5': '0.0401', 'HR@10': '0.0908', 'NDCG@10': '0.0487', 'HR@20': '0.1321', 'NDCG@20': '0.0592'}
2025-01-06 19:20:45,337 - EarlyStopping counter: 7 out of 10
2025-01-06 19:20:48,543 - {'epoch': 50, 'rec_loss': '4.8420'}
2025-01-06 19:20:48,911 - {'Epoch': 50, 'HR@5': '0.0651', 'NDCG@5': '0.0413', 'HR@10': '0.0972', 'NDCG@10': '0.0513', 'HR@20': '0.1312', 'NDCG@20': '0.0597'}
2025-01-06 19:20:48,912 - EarlyStopping counter: 8 out of 10
2025-01-06 19:20:52,123 - {'epoch': 51, 'rec_loss': '4.8385'}
2025-01-06 19:20:52,500 - {'Epoch': 51, 'HR@5': '0.0633', 'NDCG@5': '0.0401', 'HR@10': '0.0945', 'NDCG@10': '0.0501', 'HR@20': '0.1339', 'NDCG@20': '0.0600'}
2025-01-06 19:20:52,501 - EarlyStopping counter: 9 out of 10
2025-01-06 19:20:55,041 - {'epoch': 52, 'rec_loss': '4.8316'}
2025-01-06 19:20:55,344 - {'Epoch': 52, 'HR@5': '0.0624', 'NDCG@5': '0.0407', 'HR@10': '0.0927', 'NDCG@10': '0.0503', 'HR@20': '0.1294', 'NDCG@20': '0.0596'}
2025-01-06 19:20:55,345 - EarlyStopping counter: 10 out of 10
2025-01-06 19:20:55,345 - Early stopping
2025-01-06 19:20:55,345 - ---------------Test Score---------------
2025-01-06 19:20:55,633 - {'Epoch': 0, 'HR@5': '0.0505', 'NDCG@5': '0.0335', 'HR@10': '0.0670', 'NDCG@10': '0.0387', 'HR@20': '0.0954', 'NDCG@20': '0.0458'}
2025-01-06 19:20:55,634 - BSARec_SA_S_A_LastFM
2025-01-06 19:20:55,634 - {'Epoch': 0, 'HR@5': '0.0505', 'NDCG@5': '0.0335', 'HR@10': '0.0670', 'NDCG@10': '0.0387', 'HR@20': '0.0954', 'NDCG@20': '0.0458'}
