2025-01-06 19:14:53,644 - Namespace(data_dir='./data/', output_dir='output/', data_name='LastFM', do_eval=False, load_model=None, train_name='BSARec_A_LastFM', num_items=10, num_users=1091, lr=0.0005, batch_size=256, epochs=200, no_cuda=False, log_freq=1, patience=10, num_workers=4, seed=42, weight_decay=0.0, adam_beta1=0.9, adam_beta2=0.999, gpu_id='0', variance=5, model_type='BSARec_A', max_seq_length=50, hidden_size=64, num_hidden_layers=2, hidden_act='gelu', num_attention_heads=1, attention_probs_dropout_prob=0.5, hidden_dropout_prob=0.5, initializer_range=0.02, c=5, alpha=0.7, cuda_condition=True, data_file='./data/LastFM.txt', item_size=3647, checkpoint_path='output/BSARec_A_LastFM.pt', same_target_path='./data/LastFM_same_target.npy')
2025-01-06 19:14:53,656 - BSARecModel_A(
  (item_embeddings): Embedding(3647, 64, padding_idx=0)
  (position_embeddings): Embedding(50, 64)
  (LayerNorm): LayerNorm()
  (dropout): Dropout(p=0.5, inplace=False)
  (item_encoder): BSARecEncoder(
    (blocks): ModuleList(
      (0): BSARecBlock(
        (layer): BSARecLayer(
          (filter_layer): FrequencyLayer(
            (out_dropout): Dropout(p=0.5, inplace=False)
            (LayerNorm): LayerNorm()
          )
          (attention_layer): MultiHeadAttention(
            (query): Linear(in_features=64, out_features=64, bias=True)
            (key): Linear(in_features=64, out_features=64, bias=True)
            (value): Linear(in_features=64, out_features=64, bias=True)
            (softmax): Softmax(dim=-1)
            (attn_dropout): Dropout(p=0.5, inplace=False)
            (dense): Linear(in_features=64, out_features=64, bias=True)
            (LayerNorm): LayerNorm((64,), eps=1e-12, elementwise_affine=True)
            (out_dropout): Dropout(p=0.5, inplace=False)
          )
        )
        (feed_forward_d): FeedForward(
          (dense_1): Linear(in_features=64, out_features=256, bias=True)
          (dense_2): Linear(in_features=256, out_features=64, bias=True)
          (LayerNorm): LayerNorm()
          (dropout): Dropout(p=0.5, inplace=False)
        )
      )
      (1): BSARecBlock(
        (layer): BSARecLayer(
          (filter_layer): FrequencyLayer(
            (out_dropout): Dropout(p=0.5, inplace=False)
            (LayerNorm): LayerNorm()
          )
          (attention_layer): MultiHeadAttention(
            (query): Linear(in_features=64, out_features=64, bias=True)
            (key): Linear(in_features=64, out_features=64, bias=True)
            (value): Linear(in_features=64, out_features=64, bias=True)
            (softmax): Softmax(dim=-1)
            (attn_dropout): Dropout(p=0.5, inplace=False)
            (dense): Linear(in_features=64, out_features=64, bias=True)
            (LayerNorm): LayerNorm((64,), eps=1e-12, elementwise_affine=True)
            (out_dropout): Dropout(p=0.5, inplace=False)
          )
        )
        (feed_forward_d): FeedForward(
          (dense_1): Linear(in_features=64, out_features=256, bias=True)
          (dense_2): Linear(in_features=256, out_features=64, bias=True)
          (LayerNorm): LayerNorm()
          (dropout): Dropout(p=0.5, inplace=False)
        )
      )
    )
  )
)
2025-01-06 19:14:55,996 - Total Parameters: 337088
2025-01-06 19:15:04,670 - {'epoch': 0, 'rec_loss': '8.0669'}
2025-01-06 19:15:05,476 - {'Epoch': 0, 'HR@5': '0.0239', 'NDCG@5': '0.0149', 'HR@10': '0.0349', 'NDCG@10': '0.0185', 'HR@20': '0.0532', 'NDCG@20': '0.0231'}
2025-01-06 19:15:05,476 - Validation score increased.  Saving model ...
2025-01-06 19:15:13,211 - {'epoch': 1, 'rec_loss': '7.8176'}
2025-01-06 19:15:14,144 - {'Epoch': 1, 'HR@5': '0.0220', 'NDCG@5': '0.0134', 'HR@10': '0.0367', 'NDCG@10': '0.0180', 'HR@20': '0.0615', 'NDCG@20': '0.0242'}
2025-01-06 19:15:14,145 - Validation score increased.  Saving model ...
2025-01-06 19:15:21,360 - {'epoch': 2, 'rec_loss': '7.7200'}
2025-01-06 19:15:22,326 - {'Epoch': 2, 'HR@5': '0.0220', 'NDCG@5': '0.0126', 'HR@10': '0.0321', 'NDCG@10': '0.0158', 'HR@20': '0.0642', 'NDCG@20': '0.0237'}
2025-01-06 19:15:22,327 - EarlyStopping counter: 1 out of 10
2025-01-06 19:15:29,906 - {'epoch': 3, 'rec_loss': '7.6146'}
2025-01-06 19:15:30,730 - {'Epoch': 3, 'HR@5': '0.0174', 'NDCG@5': '0.0101', 'HR@10': '0.0303', 'NDCG@10': '0.0142', 'HR@20': '0.0560', 'NDCG@20': '0.0205'}
2025-01-06 19:15:30,730 - EarlyStopping counter: 2 out of 10
2025-01-06 19:15:37,555 - {'epoch': 4, 'rec_loss': '7.5215'}
2025-01-06 19:15:38,376 - {'Epoch': 4, 'HR@5': '0.0165', 'NDCG@5': '0.0103', 'HR@10': '0.0275', 'NDCG@10': '0.0139', 'HR@20': '0.0578', 'NDCG@20': '0.0214'}
2025-01-06 19:15:38,377 - EarlyStopping counter: 3 out of 10
2025-01-06 19:15:45,007 - {'epoch': 5, 'rec_loss': '7.4311'}
2025-01-06 19:15:45,835 - {'Epoch': 5, 'HR@5': '0.0229', 'NDCG@5': '0.0132', 'HR@10': '0.0358', 'NDCG@10': '0.0172', 'HR@20': '0.0606', 'NDCG@20': '0.0234'}
2025-01-06 19:15:45,836 - EarlyStopping counter: 4 out of 10
2025-01-06 19:15:52,569 - {'epoch': 6, 'rec_loss': '7.3364'}
2025-01-06 19:15:53,418 - {'Epoch': 6, 'HR@5': '0.0266', 'NDCG@5': '0.0190', 'HR@10': '0.0431', 'NDCG@10': '0.0245', 'HR@20': '0.0587', 'NDCG@20': '0.0284'}
2025-01-06 19:15:53,419 - Validation score increased.  Saving model ...
2025-01-06 19:16:00,408 - {'epoch': 7, 'rec_loss': '7.2383'}
2025-01-06 19:16:01,178 - {'Epoch': 7, 'HR@5': '0.0330', 'NDCG@5': '0.0224', 'HR@10': '0.0477', 'NDCG@10': '0.0271', 'HR@20': '0.0670', 'NDCG@20': '0.0319'}
2025-01-06 19:16:01,178 - Validation score increased.  Saving model ...
2025-01-06 19:16:07,841 - {'epoch': 8, 'rec_loss': '7.1513'}
2025-01-06 19:16:08,685 - {'Epoch': 8, 'HR@5': '0.0339', 'NDCG@5': '0.0226', 'HR@10': '0.0495', 'NDCG@10': '0.0276', 'HR@20': '0.0706', 'NDCG@20': '0.0329'}
2025-01-06 19:16:08,686 - Validation score increased.  Saving model ...
2025-01-06 19:16:15,644 - {'epoch': 9, 'rec_loss': '7.0623'}
2025-01-06 19:16:16,393 - {'Epoch': 9, 'HR@5': '0.0376', 'NDCG@5': '0.0252', 'HR@10': '0.0495', 'NDCG@10': '0.0290', 'HR@20': '0.0789', 'NDCG@20': '0.0364'}
2025-01-06 19:16:16,397 - Validation score increased.  Saving model ...
2025-01-06 19:16:22,740 - {'epoch': 10, 'rec_loss': '6.9613'}
2025-01-06 19:16:23,549 - {'Epoch': 10, 'HR@5': '0.0404', 'NDCG@5': '0.0256', 'HR@10': '0.0642', 'NDCG@10': '0.0332', 'HR@20': '0.0862', 'NDCG@20': '0.0387'}
2025-01-06 19:16:23,550 - Validation score increased.  Saving model ...
2025-01-06 19:16:30,117 - {'epoch': 11, 'rec_loss': '6.8632'}
2025-01-06 19:16:30,862 - {'Epoch': 11, 'HR@5': '0.0385', 'NDCG@5': '0.0257', 'HR@10': '0.0670', 'NDCG@10': '0.0350', 'HR@20': '0.0899', 'NDCG@20': '0.0408'}
2025-01-06 19:16:30,863 - Validation score increased.  Saving model ...
2025-01-06 19:16:37,587 - {'epoch': 12, 'rec_loss': '6.7570'}
2025-01-06 19:16:38,390 - {'Epoch': 12, 'HR@5': '0.0431', 'NDCG@5': '0.0283', 'HR@10': '0.0642', 'NDCG@10': '0.0351', 'HR@20': '0.1037', 'NDCG@20': '0.0450'}
2025-01-06 19:16:38,390 - Validation score increased.  Saving model ...
2025-01-06 19:16:45,405 - {'epoch': 13, 'rec_loss': '6.6582'}
2025-01-06 19:16:46,159 - {'Epoch': 13, 'HR@5': '0.0477', 'NDCG@5': '0.0275', 'HR@10': '0.0706', 'NDCG@10': '0.0349', 'HR@20': '0.1073', 'NDCG@20': '0.0442'}
2025-01-06 19:16:46,160 - EarlyStopping counter: 1 out of 10
2025-01-06 19:16:52,950 - {'epoch': 14, 'rec_loss': '6.5706'}
2025-01-06 19:16:53,710 - {'Epoch': 14, 'HR@5': '0.0422', 'NDCG@5': '0.0264', 'HR@10': '0.0706', 'NDCG@10': '0.0357', 'HR@20': '0.1092', 'NDCG@20': '0.0454'}
2025-01-06 19:16:53,715 - Validation score increased.  Saving model ...
2025-01-06 19:17:00,344 - {'epoch': 15, 'rec_loss': '6.4777'}
2025-01-06 19:17:01,132 - {'Epoch': 15, 'HR@5': '0.0431', 'NDCG@5': '0.0285', 'HR@10': '0.0761', 'NDCG@10': '0.0390', 'HR@20': '0.1083', 'NDCG@20': '0.0471'}
2025-01-06 19:17:01,133 - Validation score increased.  Saving model ...
2025-01-06 19:17:07,234 - {'epoch': 16, 'rec_loss': '6.3928'}
2025-01-06 19:17:08,058 - {'Epoch': 16, 'HR@5': '0.0468', 'NDCG@5': '0.0293', 'HR@10': '0.0798', 'NDCG@10': '0.0400', 'HR@20': '0.1110', 'NDCG@20': '0.0479'}
2025-01-06 19:17:08,059 - Validation score increased.  Saving model ...
2025-01-06 19:17:14,438 - {'epoch': 17, 'rec_loss': '6.2996'}
2025-01-06 19:17:15,337 - {'Epoch': 17, 'HR@5': '0.0523', 'NDCG@5': '0.0334', 'HR@10': '0.0835', 'NDCG@10': '0.0433', 'HR@20': '0.1156', 'NDCG@20': '0.0516'}
2025-01-06 19:17:15,338 - Validation score increased.  Saving model ...
2025-01-06 19:17:21,968 - {'epoch': 18, 'rec_loss': '6.2276'}
2025-01-06 19:17:22,770 - {'Epoch': 18, 'HR@5': '0.0550', 'NDCG@5': '0.0357', 'HR@10': '0.0826', 'NDCG@10': '0.0446', 'HR@20': '0.1220', 'NDCG@20': '0.0545'}
2025-01-06 19:17:22,770 - Validation score increased.  Saving model ...
2025-01-06 19:17:29,300 - {'epoch': 19, 'rec_loss': '6.1517'}
2025-01-06 19:17:30,172 - {'Epoch': 19, 'HR@5': '0.0560', 'NDCG@5': '0.0352', 'HR@10': '0.0862', 'NDCG@10': '0.0450', 'HR@20': '0.1156', 'NDCG@20': '0.0523'}
2025-01-06 19:17:30,173 - EarlyStopping counter: 1 out of 10
2025-01-06 19:17:36,976 - {'epoch': 20, 'rec_loss': '6.0824'}
2025-01-06 19:17:37,774 - {'Epoch': 20, 'HR@5': '0.0569', 'NDCG@5': '0.0377', 'HR@10': '0.0807', 'NDCG@10': '0.0454', 'HR@20': '0.1128', 'NDCG@20': '0.0535'}
2025-01-06 19:17:37,775 - EarlyStopping counter: 2 out of 10
2025-01-06 19:17:44,785 - {'epoch': 21, 'rec_loss': '6.0094'}
2025-01-06 19:17:45,473 - {'Epoch': 21, 'HR@5': '0.0569', 'NDCG@5': '0.0363', 'HR@10': '0.0807', 'NDCG@10': '0.0442', 'HR@20': '0.1110', 'NDCG@20': '0.0519'}
2025-01-06 19:17:45,474 - EarlyStopping counter: 3 out of 10
2025-01-06 19:17:52,226 - {'epoch': 22, 'rec_loss': '5.9587'}
2025-01-06 19:17:52,966 - {'Epoch': 22, 'HR@5': '0.0606', 'NDCG@5': '0.0374', 'HR@10': '0.0835', 'NDCG@10': '0.0448', 'HR@20': '0.1156', 'NDCG@20': '0.0529'}
2025-01-06 19:17:52,966 - EarlyStopping counter: 4 out of 10
2025-01-06 19:17:59,454 - {'epoch': 23, 'rec_loss': '5.8942'}
2025-01-06 19:18:00,231 - {'Epoch': 23, 'HR@5': '0.0560', 'NDCG@5': '0.0362', 'HR@10': '0.0872', 'NDCG@10': '0.0464', 'HR@20': '0.1193', 'NDCG@20': '0.0544'}
2025-01-06 19:18:00,236 - EarlyStopping counter: 5 out of 10
2025-01-06 19:18:06,875 - {'epoch': 24, 'rec_loss': '5.8347'}
2025-01-06 19:18:07,721 - {'Epoch': 24, 'HR@5': '0.0606', 'NDCG@5': '0.0379', 'HR@10': '0.0826', 'NDCG@10': '0.0452', 'HR@20': '0.1183', 'NDCG@20': '0.0542'}
2025-01-06 19:18:07,721 - EarlyStopping counter: 6 out of 10
2025-01-06 19:18:14,600 - {'epoch': 25, 'rec_loss': '5.7887'}
2025-01-06 19:18:15,341 - {'Epoch': 25, 'HR@5': '0.0569', 'NDCG@5': '0.0380', 'HR@10': '0.0862', 'NDCG@10': '0.0475', 'HR@20': '0.1266', 'NDCG@20': '0.0575'}
2025-01-06 19:18:15,342 - Validation score increased.  Saving model ...
2025-01-06 19:18:22,327 - {'epoch': 26, 'rec_loss': '5.7401'}
2025-01-06 19:18:23,195 - {'Epoch': 26, 'HR@5': '0.0606', 'NDCG@5': '0.0380', 'HR@10': '0.0862', 'NDCG@10': '0.0465', 'HR@20': '0.1303', 'NDCG@20': '0.0574'}
2025-01-06 19:18:23,195 - EarlyStopping counter: 1 out of 10
2025-01-06 19:18:30,109 - {'epoch': 27, 'rec_loss': '5.6897'}
2025-01-06 19:18:30,907 - {'Epoch': 27, 'HR@5': '0.0578', 'NDCG@5': '0.0364', 'HR@10': '0.0853', 'NDCG@10': '0.0453', 'HR@20': '0.1275', 'NDCG@20': '0.0557'}
2025-01-06 19:18:30,908 - EarlyStopping counter: 2 out of 10
2025-01-06 19:18:37,585 - {'epoch': 28, 'rec_loss': '5.6435'}
2025-01-06 19:18:38,411 - {'Epoch': 28, 'HR@5': '0.0661', 'NDCG@5': '0.0408', 'HR@10': '0.0908', 'NDCG@10': '0.0487', 'HR@20': '0.1367', 'NDCG@20': '0.0598'}
2025-01-06 19:18:38,412 - Validation score increased.  Saving model ...
2025-01-06 19:18:44,948 - {'epoch': 29, 'rec_loss': '5.6042'}
2025-01-06 19:18:45,727 - {'Epoch': 29, 'HR@5': '0.0596', 'NDCG@5': '0.0390', 'HR@10': '0.0890', 'NDCG@10': '0.0486', 'HR@20': '0.1312', 'NDCG@20': '0.0591'}
2025-01-06 19:18:45,727 - EarlyStopping counter: 1 out of 10
2025-01-06 19:18:52,193 - {'epoch': 30, 'rec_loss': '5.5669'}
2025-01-06 19:18:52,992 - {'Epoch': 30, 'HR@5': '0.0606', 'NDCG@5': '0.0374', 'HR@10': '0.0936', 'NDCG@10': '0.0480', 'HR@20': '0.1330', 'NDCG@20': '0.0578'}
2025-01-06 19:18:52,992 - EarlyStopping counter: 2 out of 10
2025-01-06 19:19:00,073 - {'epoch': 31, 'rec_loss': '5.5263'}
2025-01-06 19:19:00,841 - {'Epoch': 31, 'HR@5': '0.0569', 'NDCG@5': '0.0377', 'HR@10': '0.0917', 'NDCG@10': '0.0490', 'HR@20': '0.1349', 'NDCG@20': '0.0598'}
2025-01-06 19:19:00,842 - EarlyStopping counter: 3 out of 10
2025-01-06 19:19:07,879 - {'epoch': 32, 'rec_loss': '5.4999'}
2025-01-06 19:19:08,616 - {'Epoch': 32, 'HR@5': '0.0587', 'NDCG@5': '0.0385', 'HR@10': '0.0927', 'NDCG@10': '0.0495', 'HR@20': '0.1312', 'NDCG@20': '0.0593'}
2025-01-06 19:19:08,617 - EarlyStopping counter: 4 out of 10
2025-01-06 19:19:14,329 - {'epoch': 33, 'rec_loss': '5.4723'}
2025-01-06 19:19:15,025 - {'Epoch': 33, 'HR@5': '0.0624', 'NDCG@5': '0.0410', 'HR@10': '0.0899', 'NDCG@10': '0.0500', 'HR@20': '0.1321', 'NDCG@20': '0.0606'}
2025-01-06 19:19:15,025 - Validation score increased.  Saving model ...
2025-01-06 19:19:20,512 - {'epoch': 34, 'rec_loss': '5.4432'}
2025-01-06 19:19:21,164 - {'Epoch': 34, 'HR@5': '0.0606', 'NDCG@5': '0.0395', 'HR@10': '0.0945', 'NDCG@10': '0.0505', 'HR@20': '0.1385', 'NDCG@20': '0.0613'}
2025-01-06 19:19:21,164 - Validation score increased.  Saving model ...
2025-01-06 19:19:26,330 - {'epoch': 35, 'rec_loss': '5.4110'}
2025-01-06 19:19:26,925 - {'Epoch': 35, 'HR@5': '0.0606', 'NDCG@5': '0.0392', 'HR@10': '0.0954', 'NDCG@10': '0.0505', 'HR@20': '0.1394', 'NDCG@20': '0.0615'}
2025-01-06 19:19:26,926 - Validation score increased.  Saving model ...
2025-01-06 19:19:32,647 - {'epoch': 36, 'rec_loss': '5.3903'}
2025-01-06 19:19:33,310 - {'Epoch': 36, 'HR@5': '0.0596', 'NDCG@5': '0.0387', 'HR@10': '0.0899', 'NDCG@10': '0.0486', 'HR@20': '0.1413', 'NDCG@20': '0.0615'}
2025-01-06 19:19:33,310 - EarlyStopping counter: 1 out of 10
2025-01-06 19:19:38,033 - {'epoch': 37, 'rec_loss': '5.3650'}
2025-01-06 19:19:38,598 - {'Epoch': 37, 'HR@5': '0.0606', 'NDCG@5': '0.0392', 'HR@10': '0.0936', 'NDCG@10': '0.0498', 'HR@20': '0.1413', 'NDCG@20': '0.0617'}
2025-01-06 19:19:38,598 - Validation score increased.  Saving model ...
2025-01-06 19:19:43,057 - {'epoch': 38, 'rec_loss': '5.3427'}
2025-01-06 19:19:43,595 - {'Epoch': 38, 'HR@5': '0.0596', 'NDCG@5': '0.0401', 'HR@10': '0.0945', 'NDCG@10': '0.0513', 'HR@20': '0.1394', 'NDCG@20': '0.0625'}
2025-01-06 19:19:43,596 - Validation score increased.  Saving model ...
2025-01-06 19:19:47,493 - {'epoch': 39, 'rec_loss': '5.3138'}
2025-01-06 19:19:47,972 - {'Epoch': 39, 'HR@5': '0.0587', 'NDCG@5': '0.0392', 'HR@10': '0.0991', 'NDCG@10': '0.0520', 'HR@20': '0.1358', 'NDCG@20': '0.0612'}
2025-01-06 19:19:47,973 - EarlyStopping counter: 1 out of 10
2025-01-06 19:19:51,966 - {'epoch': 40, 'rec_loss': '5.2982'}
2025-01-06 19:19:52,401 - {'Epoch': 40, 'HR@5': '0.0606', 'NDCG@5': '0.0404', 'HR@10': '0.0917', 'NDCG@10': '0.0505', 'HR@20': '0.1349', 'NDCG@20': '0.0615'}
2025-01-06 19:19:52,401 - EarlyStopping counter: 2 out of 10
2025-01-06 19:19:56,017 - {'epoch': 41, 'rec_loss': '5.2803'}
2025-01-06 19:19:56,507 - {'Epoch': 41, 'HR@5': '0.0606', 'NDCG@5': '0.0402', 'HR@10': '0.1018', 'NDCG@10': '0.0532', 'HR@20': '0.1339', 'NDCG@20': '0.0613'}
2025-01-06 19:19:56,508 - EarlyStopping counter: 3 out of 10
2025-01-06 19:19:59,841 - {'epoch': 42, 'rec_loss': '5.2640'}
2025-01-06 19:20:00,360 - {'Epoch': 42, 'HR@5': '0.0587', 'NDCG@5': '0.0375', 'HR@10': '0.1028', 'NDCG@10': '0.0516', 'HR@20': '0.1376', 'NDCG@20': '0.0605'}
2025-01-06 19:20:00,360 - EarlyStopping counter: 4 out of 10
2025-01-06 19:20:04,409 - {'epoch': 43, 'rec_loss': '5.2560'}
2025-01-06 19:20:05,000 - {'Epoch': 43, 'HR@5': '0.0587', 'NDCG@5': '0.0379', 'HR@10': '0.0945', 'NDCG@10': '0.0492', 'HR@20': '0.1330', 'NDCG@20': '0.0591'}
2025-01-06 19:20:05,001 - EarlyStopping counter: 5 out of 10
2025-01-06 19:20:08,983 - {'epoch': 44, 'rec_loss': '5.2481'}
2025-01-06 19:20:09,451 - {'Epoch': 44, 'HR@5': '0.0578', 'NDCG@5': '0.0370', 'HR@10': '0.0917', 'NDCG@10': '0.0480', 'HR@20': '0.1339', 'NDCG@20': '0.0588'}
2025-01-06 19:20:09,452 - EarlyStopping counter: 6 out of 10
2025-01-06 19:20:13,291 - {'epoch': 45, 'rec_loss': '5.2157'}
2025-01-06 19:20:13,820 - {'Epoch': 45, 'HR@5': '0.0578', 'NDCG@5': '0.0376', 'HR@10': '0.0936', 'NDCG@10': '0.0490', 'HR@20': '0.1321', 'NDCG@20': '0.0589'}
2025-01-06 19:20:13,821 - EarlyStopping counter: 7 out of 10
2025-01-06 19:20:17,963 - {'epoch': 46, 'rec_loss': '5.2056'}
2025-01-06 19:20:18,477 - {'Epoch': 46, 'HR@5': '0.0606', 'NDCG@5': '0.0365', 'HR@10': '0.0972', 'NDCG@10': '0.0481', 'HR@20': '0.1376', 'NDCG@20': '0.0585'}
2025-01-06 19:20:18,478 - EarlyStopping counter: 8 out of 10
2025-01-06 19:20:22,279 - {'epoch': 47, 'rec_loss': '5.1985'}
2025-01-06 19:20:22,776 - {'Epoch': 47, 'HR@5': '0.0596', 'NDCG@5': '0.0381', 'HR@10': '0.0927', 'NDCG@10': '0.0488', 'HR@20': '0.1394', 'NDCG@20': '0.0606'}
2025-01-06 19:20:22,777 - EarlyStopping counter: 9 out of 10
2025-01-06 19:20:25,527 - {'epoch': 48, 'rec_loss': '5.1860'}
2025-01-06 19:20:25,831 - {'Epoch': 48, 'HR@5': '0.0615', 'NDCG@5': '0.0401', 'HR@10': '0.0954', 'NDCG@10': '0.0508', 'HR@20': '0.1394', 'NDCG@20': '0.0620'}
2025-01-06 19:20:25,832 - EarlyStopping counter: 10 out of 10
2025-01-06 19:20:25,832 - Early stopping
2025-01-06 19:20:25,832 - ---------------Test Score---------------
2025-01-06 19:20:26,153 - {'Epoch': 0, 'HR@5': '0.0450', 'NDCG@5': '0.0288', 'HR@10': '0.0615', 'NDCG@10': '0.0340', 'HR@20': '0.0927', 'NDCG@20': '0.0417'}
2025-01-06 19:20:26,153 - BSARec_A_LastFM
2025-01-06 19:20:26,153 - {'Epoch': 0, 'HR@5': '0.0450', 'NDCG@5': '0.0288', 'HR@10': '0.0615', 'NDCG@10': '0.0340', 'HR@20': '0.0927', 'NDCG@20': '0.0417'}
