2025-01-07 09:38:43,962 - Namespace(data_dir='./data/', output_dir='output/', data_name='Yelp', do_eval=False, load_model=None, train_name='BSARec_SA_A_Yelp', num_items=10, num_users=30432, lr=0.0005, batch_size=256, epochs=200, no_cuda=False, log_freq=1, patience=10, num_workers=4, seed=42, weight_decay=0.0, adam_beta1=0.9, adam_beta2=0.999, gpu_id='0', variance=5, model_type='BSARec_SA_A', max_seq_length=50, hidden_size=64, num_hidden_layers=2, hidden_act='gelu', num_attention_heads=1, attention_probs_dropout_prob=0.5, hidden_dropout_prob=0.5, initializer_range=0.02, c=5, alpha=0.7, cuda_condition=True, data_file='./data/Yelp.txt', item_size=20034, checkpoint_path='output/BSARec_SA_A_Yelp.pt', same_target_path='./data/Yelp_same_target.npy')
2025-01-07 09:38:43,986 - BSARecModel_SA_A(
  (item_embeddings): Embedding(20034, 64, padding_idx=0)
  (position_embeddings): Embedding(50, 64)
  (LayerNorm): LayerNorm()
  (dropout): Dropout(p=0.5, inplace=False)
  (item_encoder): BSARecEncoder(
    (blocks): ModuleList(
      (0): BSARecBlock(
        (layer): BSARecLayer(
          (filter_layer): FrequencyLayer(
            (out_dropout): Dropout(p=0.5, inplace=False)
            (LayerNorm): LayerNorm()
          )
          (attention_layer): MultiHeadAttention(
            (query): Linear(in_features=64, out_features=64, bias=True)
            (key): Linear(in_features=64, out_features=64, bias=True)
            (value): Linear(in_features=64, out_features=64, bias=True)
            (softmax): Softmax(dim=-1)
            (attn_dropout): Dropout(p=0.5, inplace=False)
            (dense): Linear(in_features=64, out_features=64, bias=True)
            (LayerNorm): LayerNorm((64,), eps=1e-12, elementwise_affine=True)
            (out_dropout): Dropout(p=0.5, inplace=False)
          )
        )
        (feed_forward_sa): FeedForward(
          (dense_1): Linear(in_features=64, out_features=256, bias=True)
          (dense_2): Linear(in_features=256, out_features=64, bias=True)
          (LayerNorm): LayerNorm()
          (dropout): Dropout(p=0.5, inplace=False)
        )
        (feed_forward_d): FeedForward(
          (dense_1): Linear(in_features=64, out_features=256, bias=True)
          (dense_2): Linear(in_features=256, out_features=64, bias=True)
          (LayerNorm): LayerNorm()
          (dropout): Dropout(p=0.5, inplace=False)
        )
        (fusion_module): ModalityFusion()
      )
      (1): BSARecBlock(
        (layer): BSARecLayer(
          (filter_layer): FrequencyLayer(
            (out_dropout): Dropout(p=0.5, inplace=False)
            (LayerNorm): LayerNorm()
          )
          (attention_layer): MultiHeadAttention(
            (query): Linear(in_features=64, out_features=64, bias=True)
            (key): Linear(in_features=64, out_features=64, bias=True)
            (value): Linear(in_features=64, out_features=64, bias=True)
            (softmax): Softmax(dim=-1)
            (attn_dropout): Dropout(p=0.5, inplace=False)
            (dense): Linear(in_features=64, out_features=64, bias=True)
            (LayerNorm): LayerNorm((64,), eps=1e-12, elementwise_affine=True)
            (out_dropout): Dropout(p=0.5, inplace=False)
          )
        )
        (feed_forward_sa): FeedForward(
          (dense_1): Linear(in_features=64, out_features=256, bias=True)
          (dense_2): Linear(in_features=256, out_features=64, bias=True)
          (LayerNorm): LayerNorm()
          (dropout): Dropout(p=0.5, inplace=False)
        )
        (feed_forward_d): FeedForward(
          (dense_1): Linear(in_features=64, out_features=256, bias=True)
          (dense_2): Linear(in_features=256, out_features=64, bias=True)
          (LayerNorm): LayerNorm()
          (dropout): Dropout(p=0.5, inplace=False)
        )
        (fusion_module): ModalityFusion()
      )
    )
  )
)
2025-01-07 09:38:46,178 - Total Parameters: 1452292
2025-01-07 09:39:39,546 - {'epoch': 0, 'rec_loss': '9.4817'}
2025-01-07 09:39:53,933 - {'Epoch': 0, 'HR@5': '0.0098', 'NDCG@5': '0.0064', 'HR@10': '0.0158', 'NDCG@10': '0.0083', 'HR@20': '0.0299', 'NDCG@20': '0.0119'}
2025-01-07 09:39:53,934 - Validation score increased.  Saving model ...
2025-01-07 09:40:54,451 - {'epoch': 1, 'rec_loss': '8.8031'}
2025-01-07 09:41:08,709 - {'Epoch': 1, 'HR@5': '0.0138', 'NDCG@5': '0.0085', 'HR@10': '0.0239', 'NDCG@10': '0.0118', 'HR@20': '0.0400', 'NDCG@20': '0.0158'}
2025-01-07 09:41:08,710 - Validation score increased.  Saving model ...
2025-01-07 09:42:10,965 - {'epoch': 2, 'rec_loss': '8.4561'}
2025-01-07 09:42:24,317 - {'Epoch': 2, 'HR@5': '0.0181', 'NDCG@5': '0.0110', 'HR@10': '0.0300', 'NDCG@10': '0.0148', 'HR@20': '0.0493', 'NDCG@20': '0.0196'}
2025-01-07 09:42:24,318 - Validation score increased.  Saving model ...
2025-01-07 09:43:25,980 - {'epoch': 3, 'rec_loss': '8.2238'}
2025-01-07 09:43:39,533 - {'Epoch': 3, 'HR@5': '0.0184', 'NDCG@5': '0.0112', 'HR@10': '0.0318', 'NDCG@10': '0.0155', 'HR@20': '0.0559', 'NDCG@20': '0.0216'}
2025-01-07 09:43:39,536 - Validation score increased.  Saving model ...
2025-01-07 09:44:39,875 - {'epoch': 4, 'rec_loss': '8.0333'}
2025-01-07 09:44:54,055 - {'Epoch': 4, 'HR@5': '0.0216', 'NDCG@5': '0.0134', 'HR@10': '0.0378', 'NDCG@10': '0.0186', 'HR@20': '0.0604', 'NDCG@20': '0.0243'}
2025-01-07 09:44:54,056 - Validation score increased.  Saving model ...
2025-01-07 09:45:54,448 - {'epoch': 5, 'rec_loss': '7.8730'}
2025-01-07 09:46:09,121 - {'Epoch': 5, 'HR@5': '0.0222', 'NDCG@5': '0.0142', 'HR@10': '0.0396', 'NDCG@10': '0.0198', 'HR@20': '0.0657', 'NDCG@20': '0.0263'}
2025-01-07 09:46:09,124 - Validation score increased.  Saving model ...
2025-01-07 09:47:09,136 - {'epoch': 6, 'rec_loss': '7.7257'}
2025-01-07 09:47:23,968 - {'Epoch': 6, 'HR@5': '0.0245', 'NDCG@5': '0.0152', 'HR@10': '0.0421', 'NDCG@10': '0.0209', 'HR@20': '0.0691', 'NDCG@20': '0.0276'}
2025-01-07 09:47:23,969 - Validation score increased.  Saving model ...
2025-01-07 09:48:25,271 - {'epoch': 7, 'rec_loss': '7.5991'}
2025-01-07 09:48:39,727 - {'Epoch': 7, 'HR@5': '0.0254', 'NDCG@5': '0.0157', 'HR@10': '0.0440', 'NDCG@10': '0.0216', 'HR@20': '0.0711', 'NDCG@20': '0.0284'}
2025-01-07 09:48:39,728 - Validation score increased.  Saving model ...
2025-01-07 09:49:40,517 - {'epoch': 8, 'rec_loss': '7.4985'}
2025-01-07 09:49:55,140 - {'Epoch': 8, 'HR@5': '0.0265', 'NDCG@5': '0.0164', 'HR@10': '0.0458', 'NDCG@10': '0.0226', 'HR@20': '0.0725', 'NDCG@20': '0.0293'}
2025-01-07 09:49:55,143 - Validation score increased.  Saving model ...
2025-01-07 09:50:56,124 - {'epoch': 9, 'rec_loss': '7.4129'}
2025-01-07 09:51:10,606 - {'Epoch': 9, 'HR@5': '0.0264', 'NDCG@5': '0.0168', 'HR@10': '0.0440', 'NDCG@10': '0.0224', 'HR@20': '0.0727', 'NDCG@20': '0.0297'}
2025-01-07 09:51:10,609 - Validation score increased.  Saving model ...
2025-01-07 09:52:12,272 - {'epoch': 10, 'rec_loss': '7.3516'}
2025-01-07 09:52:27,172 - {'Epoch': 10, 'HR@5': '0.0263', 'NDCG@5': '0.0165', 'HR@10': '0.0453', 'NDCG@10': '0.0226', 'HR@20': '0.0746', 'NDCG@20': '0.0299'}
2025-01-07 09:52:27,174 - Validation score increased.  Saving model ...
2025-01-07 09:53:28,584 - {'epoch': 11, 'rec_loss': '7.2919'}
2025-01-07 09:53:43,173 - {'Epoch': 11, 'HR@5': '0.0278', 'NDCG@5': '0.0173', 'HR@10': '0.0467', 'NDCG@10': '0.0233', 'HR@20': '0.0755', 'NDCG@20': '0.0306'}
2025-01-07 09:53:43,175 - Validation score increased.  Saving model ...
2025-01-07 09:54:44,121 - {'epoch': 12, 'rec_loss': '7.2461'}
2025-01-07 09:54:59,159 - {'Epoch': 12, 'HR@5': '0.0271', 'NDCG@5': '0.0172', 'HR@10': '0.0460', 'NDCG@10': '0.0233', 'HR@20': '0.0737', 'NDCG@20': '0.0303'}
2025-01-07 09:54:59,161 - EarlyStopping counter: 1 out of 10
2025-01-07 09:56:02,127 - {'epoch': 13, 'rec_loss': '7.2055'}
2025-01-07 09:56:16,441 - {'Epoch': 13, 'HR@5': '0.0287', 'NDCG@5': '0.0181', 'HR@10': '0.0484', 'NDCG@10': '0.0245', 'HR@20': '0.0762', 'NDCG@20': '0.0314'}
2025-01-07 09:56:16,442 - Validation score increased.  Saving model ...
2025-01-07 09:57:19,280 - {'epoch': 14, 'rec_loss': '7.1734'}
2025-01-07 09:57:34,102 - {'Epoch': 14, 'HR@5': '0.0276', 'NDCG@5': '0.0173', 'HR@10': '0.0477', 'NDCG@10': '0.0238', 'HR@20': '0.0776', 'NDCG@20': '0.0312'}
2025-01-07 09:57:34,106 - EarlyStopping counter: 1 out of 10
2025-01-07 09:58:36,662 - {'epoch': 15, 'rec_loss': '7.1386'}
2025-01-07 09:58:51,814 - {'Epoch': 15, 'HR@5': '0.0282', 'NDCG@5': '0.0176', 'HR@10': '0.0474', 'NDCG@10': '0.0238', 'HR@20': '0.0762', 'NDCG@20': '0.0310'}
2025-01-07 09:58:51,815 - EarlyStopping counter: 2 out of 10
2025-01-07 09:59:53,367 - {'epoch': 16, 'rec_loss': '7.1159'}
2025-01-07 10:00:08,315 - {'Epoch': 16, 'HR@5': '0.0286', 'NDCG@5': '0.0180', 'HR@10': '0.0475', 'NDCG@10': '0.0240', 'HR@20': '0.0764', 'NDCG@20': '0.0313'}
2025-01-07 10:00:08,318 - EarlyStopping counter: 3 out of 10
2025-01-07 10:01:10,334 - {'epoch': 17, 'rec_loss': '7.0898'}
2025-01-07 10:01:24,785 - {'Epoch': 17, 'HR@5': '0.0293', 'NDCG@5': '0.0184', 'HR@10': '0.0488', 'NDCG@10': '0.0246', 'HR@20': '0.0780', 'NDCG@20': '0.0319'}
2025-01-07 10:01:24,792 - Validation score increased.  Saving model ...
2025-01-07 10:02:20,560 - {'epoch': 18, 'rec_loss': '7.0710'}
2025-01-07 10:02:33,292 - {'Epoch': 18, 'HR@5': '0.0282', 'NDCG@5': '0.0176', 'HR@10': '0.0469', 'NDCG@10': '0.0237', 'HR@20': '0.0761', 'NDCG@20': '0.0310'}
2025-01-07 10:02:33,295 - EarlyStopping counter: 1 out of 10
2025-01-07 10:03:22,169 - {'epoch': 19, 'rec_loss': '7.0481'}
2025-01-07 10:03:35,585 - {'Epoch': 19, 'HR@5': '0.0285', 'NDCG@5': '0.0177', 'HR@10': '0.0476', 'NDCG@10': '0.0239', 'HR@20': '0.0764', 'NDCG@20': '0.0311'}
2025-01-07 10:03:35,586 - EarlyStopping counter: 2 out of 10
2025-01-07 10:04:24,735 - {'epoch': 20, 'rec_loss': '7.0296'}
2025-01-07 10:04:38,531 - {'Epoch': 20, 'HR@5': '0.0277', 'NDCG@5': '0.0174', 'HR@10': '0.0480', 'NDCG@10': '0.0239', 'HR@20': '0.0778', 'NDCG@20': '0.0314'}
2025-01-07 10:04:38,532 - EarlyStopping counter: 3 out of 10
2025-01-07 10:05:27,535 - {'epoch': 21, 'rec_loss': '7.0124'}
2025-01-07 10:05:41,200 - {'Epoch': 21, 'HR@5': '0.0285', 'NDCG@5': '0.0179', 'HR@10': '0.0475', 'NDCG@10': '0.0239', 'HR@20': '0.0771', 'NDCG@20': '0.0314'}
2025-01-07 10:05:41,201 - EarlyStopping counter: 4 out of 10
2025-01-07 10:06:30,101 - {'epoch': 22, 'rec_loss': '6.9971'}
2025-01-07 10:06:43,151 - {'Epoch': 22, 'HR@5': '0.0277', 'NDCG@5': '0.0179', 'HR@10': '0.0467', 'NDCG@10': '0.0240', 'HR@20': '0.0783', 'NDCG@20': '0.0319'}
2025-01-07 10:06:43,152 - EarlyStopping counter: 5 out of 10
2025-01-07 10:07:32,797 - {'epoch': 23, 'rec_loss': '6.9794'}
2025-01-07 10:07:45,948 - {'Epoch': 23, 'HR@5': '0.0277', 'NDCG@5': '0.0177', 'HR@10': '0.0457', 'NDCG@10': '0.0235', 'HR@20': '0.0770', 'NDCG@20': '0.0314'}
2025-01-07 10:07:45,949 - EarlyStopping counter: 6 out of 10
2025-01-07 10:08:36,456 - {'epoch': 24, 'rec_loss': '6.9666'}
2025-01-07 10:08:49,004 - {'Epoch': 24, 'HR@5': '0.0287', 'NDCG@5': '0.0182', 'HR@10': '0.0474', 'NDCG@10': '0.0241', 'HR@20': '0.0761', 'NDCG@20': '0.0314'}
2025-01-07 10:08:49,005 - EarlyStopping counter: 7 out of 10
2025-01-07 10:09:37,308 - {'epoch': 25, 'rec_loss': '6.9594'}
2025-01-07 10:09:50,055 - {'Epoch': 25, 'HR@5': '0.0289', 'NDCG@5': '0.0184', 'HR@10': '0.0479', 'NDCG@10': '0.0245', 'HR@20': '0.0779', 'NDCG@20': '0.0320'}
2025-01-07 10:09:50,056 - Validation score increased.  Saving model ...
2025-01-07 10:10:40,774 - {'epoch': 26, 'rec_loss': '6.9430'}
2025-01-07 10:10:53,785 - {'Epoch': 26, 'HR@5': '0.0281', 'NDCG@5': '0.0179', 'HR@10': '0.0476', 'NDCG@10': '0.0241', 'HR@20': '0.0773', 'NDCG@20': '0.0316'}
2025-01-07 10:10:53,788 - EarlyStopping counter: 1 out of 10
2025-01-07 10:11:45,295 - {'epoch': 27, 'rec_loss': '6.9325'}
2025-01-07 10:11:58,266 - {'Epoch': 27, 'HR@5': '0.0286', 'NDCG@5': '0.0178', 'HR@10': '0.0487', 'NDCG@10': '0.0242', 'HR@20': '0.0784', 'NDCG@20': '0.0317'}
2025-01-07 10:11:58,267 - EarlyStopping counter: 2 out of 10
2025-01-07 10:12:49,321 - {'epoch': 28, 'rec_loss': '6.9200'}
2025-01-07 10:13:02,784 - {'Epoch': 28, 'HR@5': '0.0292', 'NDCG@5': '0.0184', 'HR@10': '0.0469', 'NDCG@10': '0.0241', 'HR@20': '0.0770', 'NDCG@20': '0.0317'}
2025-01-07 10:13:02,785 - EarlyStopping counter: 3 out of 10
2025-01-07 10:13:53,575 - {'epoch': 29, 'rec_loss': '6.9077'}
2025-01-07 10:14:06,815 - {'Epoch': 29, 'HR@5': '0.0284', 'NDCG@5': '0.0181', 'HR@10': '0.0471', 'NDCG@10': '0.0240', 'HR@20': '0.0774', 'NDCG@20': '0.0316'}
2025-01-07 10:14:06,818 - EarlyStopping counter: 4 out of 10
2025-01-07 10:14:57,036 - {'epoch': 30, 'rec_loss': '6.9004'}
2025-01-07 10:15:10,307 - {'Epoch': 30, 'HR@5': '0.0298', 'NDCG@5': '0.0190', 'HR@10': '0.0473', 'NDCG@10': '0.0246', 'HR@20': '0.0771', 'NDCG@20': '0.0320'}
2025-01-07 10:15:10,308 - Validation score increased.  Saving model ...
2025-01-07 10:16:01,155 - {'epoch': 31, 'rec_loss': '6.8902'}
2025-01-07 10:16:14,613 - {'Epoch': 31, 'HR@5': '0.0284', 'NDCG@5': '0.0178', 'HR@10': '0.0473', 'NDCG@10': '0.0239', 'HR@20': '0.0779', 'NDCG@20': '0.0316'}
2025-01-07 10:16:14,614 - EarlyStopping counter: 1 out of 10
2025-01-07 10:17:03,803 - {'epoch': 32, 'rec_loss': '6.8832'}
2025-01-07 10:17:16,971 - {'Epoch': 32, 'HR@5': '0.0293', 'NDCG@5': '0.0182', 'HR@10': '0.0479', 'NDCG@10': '0.0241', 'HR@20': '0.0786', 'NDCG@20': '0.0318'}
2025-01-07 10:17:16,972 - EarlyStopping counter: 2 out of 10
2025-01-07 10:17:58,630 - {'epoch': 33, 'rec_loss': '6.8742'}
2025-01-07 10:18:09,792 - {'Epoch': 33, 'HR@5': '0.0282', 'NDCG@5': '0.0178', 'HR@10': '0.0482', 'NDCG@10': '0.0242', 'HR@20': '0.0771', 'NDCG@20': '0.0314'}
2025-01-07 10:18:09,794 - EarlyStopping counter: 3 out of 10
2025-01-07 10:18:38,119 - {'epoch': 34, 'rec_loss': '6.8642'}
2025-01-07 10:18:49,383 - {'Epoch': 34, 'HR@5': '0.0287', 'NDCG@5': '0.0179', 'HR@10': '0.0471', 'NDCG@10': '0.0238', 'HR@20': '0.0767', 'NDCG@20': '0.0312'}
2025-01-07 10:18:49,384 - EarlyStopping counter: 4 out of 10
2025-01-07 10:19:18,746 - {'epoch': 35, 'rec_loss': '6.8557'}
2025-01-07 10:19:29,865 - {'Epoch': 35, 'HR@5': '0.0291', 'NDCG@5': '0.0181', 'HR@10': '0.0481', 'NDCG@10': '0.0242', 'HR@20': '0.0773', 'NDCG@20': '0.0315'}
2025-01-07 10:19:29,868 - EarlyStopping counter: 5 out of 10
2025-01-07 10:19:58,736 - {'epoch': 36, 'rec_loss': '6.8443'}
2025-01-07 10:20:09,825 - {'Epoch': 36, 'HR@5': '0.0289', 'NDCG@5': '0.0185', 'HR@10': '0.0473', 'NDCG@10': '0.0244', 'HR@20': '0.0773', 'NDCG@20': '0.0319'}
2025-01-07 10:20:09,827 - EarlyStopping counter: 6 out of 10
2025-01-07 10:20:38,736 - {'epoch': 37, 'rec_loss': '6.8402'}
2025-01-07 10:20:49,988 - {'Epoch': 37, 'HR@5': '0.0283', 'NDCG@5': '0.0176', 'HR@10': '0.0489', 'NDCG@10': '0.0242', 'HR@20': '0.0767', 'NDCG@20': '0.0312'}
2025-01-07 10:20:49,991 - EarlyStopping counter: 7 out of 10
2025-01-07 10:21:18,607 - {'epoch': 38, 'rec_loss': '6.8353'}
2025-01-07 10:21:30,118 - {'Epoch': 38, 'HR@5': '0.0299', 'NDCG@5': '0.0188', 'HR@10': '0.0483', 'NDCG@10': '0.0248', 'HR@20': '0.0782', 'NDCG@20': '0.0323'}
2025-01-07 10:21:30,119 - Validation score increased.  Saving model ...
2025-01-07 10:21:58,971 - {'epoch': 39, 'rec_loss': '6.8254'}
2025-01-07 10:22:10,522 - {'Epoch': 39, 'HR@5': '0.0278', 'NDCG@5': '0.0175', 'HR@10': '0.0489', 'NDCG@10': '0.0243', 'HR@20': '0.0771', 'NDCG@20': '0.0313'}
2025-01-07 10:22:10,523 - EarlyStopping counter: 1 out of 10
2025-01-07 10:22:38,852 - {'epoch': 40, 'rec_loss': '6.8183'}
2025-01-07 10:22:49,512 - {'Epoch': 40, 'HR@5': '0.0277', 'NDCG@5': '0.0175', 'HR@10': '0.0477', 'NDCG@10': '0.0239', 'HR@20': '0.0755', 'NDCG@20': '0.0309'}
2025-01-07 10:22:49,513 - EarlyStopping counter: 2 out of 10
2025-01-07 10:23:17,805 - {'epoch': 41, 'rec_loss': '6.8123'}
2025-01-07 10:23:28,969 - {'Epoch': 41, 'HR@5': '0.0283', 'NDCG@5': '0.0178', 'HR@10': '0.0471', 'NDCG@10': '0.0238', 'HR@20': '0.0771', 'NDCG@20': '0.0314'}
2025-01-07 10:23:28,970 - EarlyStopping counter: 3 out of 10
2025-01-07 10:23:57,671 - {'epoch': 42, 'rec_loss': '6.8080'}
2025-01-07 10:24:08,740 - {'Epoch': 42, 'HR@5': '0.0284', 'NDCG@5': '0.0177', 'HR@10': '0.0465', 'NDCG@10': '0.0235', 'HR@20': '0.0757', 'NDCG@20': '0.0308'}
2025-01-07 10:24:08,741 - EarlyStopping counter: 4 out of 10
2025-01-07 10:24:37,336 - {'epoch': 43, 'rec_loss': '6.8004'}
2025-01-07 10:24:48,273 - {'Epoch': 43, 'HR@5': '0.0280', 'NDCG@5': '0.0181', 'HR@10': '0.0474', 'NDCG@10': '0.0243', 'HR@20': '0.0772', 'NDCG@20': '0.0318'}
2025-01-07 10:24:48,276 - EarlyStopping counter: 5 out of 10
2025-01-07 10:25:16,756 - {'epoch': 44, 'rec_loss': '6.7965'}
2025-01-07 10:25:28,337 - {'Epoch': 44, 'HR@5': '0.0284', 'NDCG@5': '0.0179', 'HR@10': '0.0478', 'NDCG@10': '0.0242', 'HR@20': '0.0771', 'NDCG@20': '0.0315'}
2025-01-07 10:25:28,338 - EarlyStopping counter: 6 out of 10
2025-01-07 10:25:56,519 - {'epoch': 45, 'rec_loss': '6.7920'}
2025-01-07 10:26:08,121 - {'Epoch': 45, 'HR@5': '0.0294', 'NDCG@5': '0.0184', 'HR@10': '0.0481', 'NDCG@10': '0.0244', 'HR@20': '0.0773', 'NDCG@20': '0.0317'}
2025-01-07 10:26:08,122 - EarlyStopping counter: 7 out of 10
2025-01-07 10:26:36,063 - {'epoch': 46, 'rec_loss': '6.7847'}
2025-01-07 10:26:47,508 - {'Epoch': 46, 'HR@5': '0.0285', 'NDCG@5': '0.0178', 'HR@10': '0.0482', 'NDCG@10': '0.0241', 'HR@20': '0.0777', 'NDCG@20': '0.0315'}
2025-01-07 10:26:47,510 - EarlyStopping counter: 8 out of 10
2025-01-07 10:27:15,699 - {'epoch': 47, 'rec_loss': '6.7756'}
2025-01-07 10:27:26,763 - {'Epoch': 47, 'HR@5': '0.0295', 'NDCG@5': '0.0189', 'HR@10': '0.0478', 'NDCG@10': '0.0247', 'HR@20': '0.0778', 'NDCG@20': '0.0323'}
2025-01-07 10:27:26,766 - Validation score increased.  Saving model ...
2025-01-07 10:27:54,874 - {'epoch': 48, 'rec_loss': '6.7713'}
2025-01-07 10:28:06,121 - {'Epoch': 48, 'HR@5': '0.0288', 'NDCG@5': '0.0178', 'HR@10': '0.0483', 'NDCG@10': '0.0241', 'HR@20': '0.0767', 'NDCG@20': '0.0312'}
2025-01-07 10:28:06,122 - EarlyStopping counter: 1 out of 10
2025-01-07 10:28:34,245 - {'epoch': 49, 'rec_loss': '6.7673'}
2025-01-07 10:28:45,446 - {'Epoch': 49, 'HR@5': '0.0284', 'NDCG@5': '0.0176', 'HR@10': '0.0478', 'NDCG@10': '0.0239', 'HR@20': '0.0751', 'NDCG@20': '0.0307'}
2025-01-07 10:28:45,447 - EarlyStopping counter: 2 out of 10
2025-01-07 10:29:13,866 - {'epoch': 50, 'rec_loss': '6.7653'}
2025-01-07 10:29:24,543 - {'Epoch': 50, 'HR@5': '0.0281', 'NDCG@5': '0.0178', 'HR@10': '0.0468', 'NDCG@10': '0.0238', 'HR@20': '0.0753', 'NDCG@20': '0.0310'}
2025-01-07 10:29:24,543 - EarlyStopping counter: 3 out of 10
2025-01-07 10:29:52,937 - {'epoch': 51, 'rec_loss': '6.7554'}
2025-01-07 10:30:04,322 - {'Epoch': 51, 'HR@5': '0.0284', 'NDCG@5': '0.0177', 'HR@10': '0.0477', 'NDCG@10': '0.0239', 'HR@20': '0.0762', 'NDCG@20': '0.0310'}
2025-01-07 10:30:04,323 - EarlyStopping counter: 4 out of 10
2025-01-07 10:30:32,734 - {'epoch': 52, 'rec_loss': '6.7555'}
2025-01-07 10:30:43,928 - {'Epoch': 52, 'HR@5': '0.0287', 'NDCG@5': '0.0180', 'HR@10': '0.0484', 'NDCG@10': '0.0244', 'HR@20': '0.0767', 'NDCG@20': '0.0315'}
2025-01-07 10:30:43,931 - EarlyStopping counter: 5 out of 10
2025-01-07 10:31:12,309 - {'epoch': 53, 'rec_loss': '6.7506'}
2025-01-07 10:31:23,364 - {'Epoch': 53, 'HR@5': '0.0282', 'NDCG@5': '0.0182', 'HR@10': '0.0474', 'NDCG@10': '0.0243', 'HR@20': '0.0763', 'NDCG@20': '0.0316'}
2025-01-07 10:31:23,366 - EarlyStopping counter: 6 out of 10
2025-01-07 10:31:51,868 - {'epoch': 54, 'rec_loss': '6.7431'}
2025-01-07 10:32:02,852 - {'Epoch': 54, 'HR@5': '0.0284', 'NDCG@5': '0.0179', 'HR@10': '0.0468', 'NDCG@10': '0.0237', 'HR@20': '0.0759', 'NDCG@20': '0.0311'}
2025-01-07 10:32:02,853 - EarlyStopping counter: 7 out of 10
2025-01-07 10:32:30,842 - {'epoch': 55, 'rec_loss': '6.7375'}
2025-01-07 10:32:41,986 - {'Epoch': 55, 'HR@5': '0.0294', 'NDCG@5': '0.0184', 'HR@10': '0.0478', 'NDCG@10': '0.0243', 'HR@20': '0.0755', 'NDCG@20': '0.0313'}
2025-01-07 10:32:41,989 - EarlyStopping counter: 8 out of 10
2025-01-07 10:33:10,225 - {'epoch': 56, 'rec_loss': '6.7376'}
2025-01-07 10:33:21,970 - {'Epoch': 56, 'HR@5': '0.0290', 'NDCG@5': '0.0179', 'HR@10': '0.0473', 'NDCG@10': '0.0237', 'HR@20': '0.0753', 'NDCG@20': '0.0308'}
2025-01-07 10:33:21,971 - EarlyStopping counter: 9 out of 10
2025-01-07 10:33:48,803 - {'epoch': 57, 'rec_loss': '6.7304'}
2025-01-07 10:33:57,923 - {'Epoch': 57, 'HR@5': '0.0289', 'NDCG@5': '0.0181', 'HR@10': '0.0481', 'NDCG@10': '0.0243', 'HR@20': '0.0768', 'NDCG@20': '0.0315'}
2025-01-07 10:33:57,924 - EarlyStopping counter: 10 out of 10
2025-01-07 10:33:57,924 - Early stopping
2025-01-07 10:33:57,924 - ---------------Test Score---------------
2025-01-07 10:34:05,937 - {'Epoch': 0, 'HR@5': '0.0252', 'NDCG@5': '0.0160', 'HR@10': '0.0427', 'NDCG@10': '0.0216', 'HR@20': '0.0701', 'NDCG@20': '0.0285'}
2025-01-07 10:34:05,938 - BSARec_SA_A_Yelp
2025-01-07 10:34:05,938 - {'Epoch': 0, 'HR@5': '0.0252', 'NDCG@5': '0.0160', 'HR@10': '0.0427', 'NDCG@10': '0.0216', 'HR@20': '0.0701', 'NDCG@20': '0.0285'}
