2025-01-06 21:07:58,840 - Namespace(data_dir='./data/', output_dir='output/', data_name='Toys_and_Games', do_eval=False, load_model=None, train_name='BSARec_S_A_Toys_and_Games', num_items=10, num_users=19413, lr=0.0005, batch_size=256, epochs=200, no_cuda=False, log_freq=1, patience=10, num_workers=4, seed=42, weight_decay=0.0, adam_beta1=0.9, adam_beta2=0.999, gpu_id='0', variance=5, model_type='BSARec_S_A', max_seq_length=50, hidden_size=64, num_hidden_layers=2, hidden_act='gelu', num_attention_heads=1, attention_probs_dropout_prob=0.5, hidden_dropout_prob=0.5, initializer_range=0.02, c=5, alpha=0.7, cuda_condition=True, data_file='./data/Toys_and_Games.txt', item_size=11925, checkpoint_path='output/BSARec_S_A_Toys_and_Games.pt', same_target_path='./data/Toys_and_Games_same_target.npy')
2025-01-06 21:07:58,892 - BSARecModel_S_A(
  (item_embeddings): Embedding(11925, 64, padding_idx=0)
  (position_embeddings): Embedding(50, 64)
  (LayerNorm): LayerNorm()
  (dropout): Dropout(p=0.5, inplace=False)
  (item_encoder): BSARecEncoder(
    (blocks): ModuleList(
      (0): BSARecBlock(
        (layer): BSARecLayer(
          (filter_layer): FrequencyLayer(
            (out_dropout): Dropout(p=0.5, inplace=False)
            (LayerNorm): LayerNorm()
          )
          (attention_layer): MultiHeadAttention(
            (query): Linear(in_features=64, out_features=64, bias=True)
            (key): Linear(in_features=64, out_features=64, bias=True)
            (value): Linear(in_features=64, out_features=64, bias=True)
            (softmax): Softmax(dim=-1)
            (attn_dropout): Dropout(p=0.5, inplace=False)
            (dense): Linear(in_features=64, out_features=64, bias=True)
            (LayerNorm): LayerNorm((64,), eps=1e-12, elementwise_affine=True)
            (out_dropout): Dropout(p=0.5, inplace=False)
          )
        )
        (feed_forward_d): FeedForward(
          (dense_1): Linear(in_features=64, out_features=256, bias=True)
          (dense_2): Linear(in_features=256, out_features=64, bias=True)
          (LayerNorm): LayerNorm()
          (dropout): Dropout(p=0.5, inplace=False)
        )
        (feed_forward_g): FeedForward(
          (dense_1): Linear(in_features=64, out_features=256, bias=True)
          (dense_2): Linear(in_features=256, out_features=64, bias=True)
          (LayerNorm): LayerNorm()
          (dropout): Dropout(p=0.5, inplace=False)
        )
        (fusion_module): ModalityFusion()
      )
      (1): BSARecBlock(
        (layer): BSARecLayer(
          (filter_layer): FrequencyLayer(
            (out_dropout): Dropout(p=0.5, inplace=False)
            (LayerNorm): LayerNorm()
          )
          (attention_layer): MultiHeadAttention(
            (query): Linear(in_features=64, out_features=64, bias=True)
            (key): Linear(in_features=64, out_features=64, bias=True)
            (value): Linear(in_features=64, out_features=64, bias=True)
            (softmax): Softmax(dim=-1)
            (attn_dropout): Dropout(p=0.5, inplace=False)
            (dense): Linear(in_features=64, out_features=64, bias=True)
            (LayerNorm): LayerNorm((64,), eps=1e-12, elementwise_affine=True)
            (out_dropout): Dropout(p=0.5, inplace=False)
          )
        )
        (feed_forward_d): FeedForward(
          (dense_1): Linear(in_features=64, out_features=256, bias=True)
          (dense_2): Linear(in_features=256, out_features=64, bias=True)
          (LayerNorm): LayerNorm()
          (dropout): Dropout(p=0.5, inplace=False)
        )
        (feed_forward_g): FeedForward(
          (dense_1): Linear(in_features=64, out_features=256, bias=True)
          (dense_2): Linear(in_features=256, out_features=64, bias=True)
          (LayerNorm): LayerNorm()
          (dropout): Dropout(p=0.5, inplace=False)
        )
        (fusion_module): ModalityFusion()
      )
    )
  )
)
2025-01-06 21:08:01,195 - Total Parameters: 933316
2025-01-06 21:08:40,200 - {'epoch': 0, 'rec_loss': '9.0732'}
2025-01-06 21:08:50,108 - {'Epoch': 0, 'HR@5': '0.0061', 'NDCG@5': '0.0039', 'HR@10': '0.0116', 'NDCG@10': '0.0057', 'HR@20': '0.0190', 'NDCG@20': '0.0075'}
2025-01-06 21:08:50,111 - Validation score increased.  Saving model ...
2025-01-06 21:09:41,522 - {'epoch': 1, 'rec_loss': '8.6780'}
2025-01-06 21:09:53,222 - {'Epoch': 1, 'HR@5': '0.0125', 'NDCG@5': '0.0079', 'HR@10': '0.0210', 'NDCG@10': '0.0106', 'HR@20': '0.0356', 'NDCG@20': '0.0142'}
2025-01-06 21:09:53,223 - Validation score increased.  Saving model ...
2025-01-06 21:10:48,780 - {'epoch': 2, 'rec_loss': '8.4156'}
2025-01-06 21:11:00,657 - {'Epoch': 2, 'HR@5': '0.0242', 'NDCG@5': '0.0168', 'HR@10': '0.0375', 'NDCG@10': '0.0210', 'HR@20': '0.0571', 'NDCG@20': '0.0259'}
2025-01-06 21:11:00,661 - Validation score increased.  Saving model ...
2025-01-06 21:11:54,943 - {'epoch': 3, 'rec_loss': '8.1281'}
2025-01-06 21:12:06,391 - {'Epoch': 3, 'HR@5': '0.0489', 'NDCG@5': '0.0346', 'HR@10': '0.0664', 'NDCG@10': '0.0402', 'HR@20': '0.0928', 'NDCG@20': '0.0469'}
2025-01-06 21:12:06,395 - Validation score increased.  Saving model ...
2025-01-06 21:12:56,207 - {'epoch': 4, 'rec_loss': '7.8560'}
2025-01-06 21:13:08,029 - {'Epoch': 4, 'HR@5': '0.0631', 'NDCG@5': '0.0464', 'HR@10': '0.0863', 'NDCG@10': '0.0538', 'HR@20': '0.1129', 'NDCG@20': '0.0605'}
2025-01-06 21:13:08,034 - Validation score increased.  Saving model ...
2025-01-06 21:14:00,411 - {'epoch': 5, 'rec_loss': '7.6445'}
2025-01-06 21:14:12,553 - {'Epoch': 5, 'HR@5': '0.0720', 'NDCG@5': '0.0518', 'HR@10': '0.0974', 'NDCG@10': '0.0600', 'HR@20': '0.1261', 'NDCG@20': '0.0673'}
2025-01-06 21:14:12,554 - Validation score increased.  Saving model ...
2025-01-06 21:15:01,781 - {'epoch': 6, 'rec_loss': '7.4807'}
2025-01-06 21:15:13,914 - {'Epoch': 6, 'HR@5': '0.0758', 'NDCG@5': '0.0550', 'HR@10': '0.1022', 'NDCG@10': '0.0635', 'HR@20': '0.1335', 'NDCG@20': '0.0714'}
2025-01-06 21:15:13,920 - Validation score increased.  Saving model ...
2025-01-06 21:16:05,152 - {'epoch': 7, 'rec_loss': '7.3541'}
2025-01-06 21:16:18,476 - {'Epoch': 7, 'HR@5': '0.0818', 'NDCG@5': '0.0593', 'HR@10': '0.1082', 'NDCG@10': '0.0678', 'HR@20': '0.1391', 'NDCG@20': '0.0755'}
2025-01-06 21:16:18,477 - Validation score increased.  Saving model ...
2025-01-06 21:17:11,722 - {'epoch': 8, 'rec_loss': '7.2516'}
2025-01-06 21:17:25,001 - {'Epoch': 8, 'HR@5': '0.0826', 'NDCG@5': '0.0601', 'HR@10': '0.1109', 'NDCG@10': '0.0692', 'HR@20': '0.1419', 'NDCG@20': '0.0771'}
2025-01-06 21:17:25,006 - Validation score increased.  Saving model ...
2025-01-06 21:18:15,125 - {'epoch': 9, 'rec_loss': '7.1674'}
2025-01-06 21:18:26,665 - {'Epoch': 9, 'HR@5': '0.0852', 'NDCG@5': '0.0620', 'HR@10': '0.1127', 'NDCG@10': '0.0708', 'HR@20': '0.1456', 'NDCG@20': '0.0791'}
2025-01-06 21:18:26,670 - Validation score increased.  Saving model ...
2025-01-06 21:19:16,613 - {'epoch': 10, 'rec_loss': '7.1068'}
2025-01-06 21:19:29,243 - {'Epoch': 10, 'HR@5': '0.0847', 'NDCG@5': '0.0624', 'HR@10': '0.1140', 'NDCG@10': '0.0718', 'HR@20': '0.1476', 'NDCG@20': '0.0802'}
2025-01-06 21:19:29,247 - Validation score increased.  Saving model ...
2025-01-06 21:20:20,827 - {'epoch': 11, 'rec_loss': '7.0448'}
2025-01-06 21:20:34,393 - {'Epoch': 11, 'HR@5': '0.0877', 'NDCG@5': '0.0643', 'HR@10': '0.1153', 'NDCG@10': '0.0732', 'HR@20': '0.1471', 'NDCG@20': '0.0812'}
2025-01-06 21:20:34,396 - Validation score increased.  Saving model ...
2025-01-06 21:21:23,456 - {'epoch': 12, 'rec_loss': '7.0016'}
2025-01-06 21:21:36,703 - {'Epoch': 12, 'HR@5': '0.0881', 'NDCG@5': '0.0638', 'HR@10': '0.1161', 'NDCG@10': '0.0729', 'HR@20': '0.1511', 'NDCG@20': '0.0817'}
2025-01-06 21:21:36,706 - Validation score increased.  Saving model ...
2025-01-06 21:22:26,457 - {'epoch': 13, 'rec_loss': '6.9598'}
2025-01-06 21:22:39,792 - {'Epoch': 13, 'HR@5': '0.0897', 'NDCG@5': '0.0651', 'HR@10': '0.1175', 'NDCG@10': '0.0741', 'HR@20': '0.1522', 'NDCG@20': '0.0828'}
2025-01-06 21:22:39,798 - Validation score increased.  Saving model ...
2025-01-06 21:23:30,296 - {'epoch': 14, 'rec_loss': '6.9236'}
2025-01-06 21:23:42,793 - {'Epoch': 14, 'HR@5': '0.0897', 'NDCG@5': '0.0650', 'HR@10': '0.1177', 'NDCG@10': '0.0740', 'HR@20': '0.1549', 'NDCG@20': '0.0834'}
2025-01-06 21:23:42,798 - Validation score increased.  Saving model ...
2025-01-06 21:24:35,386 - {'epoch': 15, 'rec_loss': '6.8929'}
2025-01-06 21:24:46,615 - {'Epoch': 15, 'HR@5': '0.0903', 'NDCG@5': '0.0653', 'HR@10': '0.1188', 'NDCG@10': '0.0744', 'HR@20': '0.1534', 'NDCG@20': '0.0831'}
2025-01-06 21:24:46,620 - EarlyStopping counter: 1 out of 10
2025-01-06 21:25:36,848 - {'epoch': 16, 'rec_loss': '6.8670'}
2025-01-06 21:25:50,985 - {'Epoch': 16, 'HR@5': '0.0886', 'NDCG@5': '0.0643', 'HR@10': '0.1179', 'NDCG@10': '0.0738', 'HR@20': '0.1545', 'NDCG@20': '0.0830'}
2025-01-06 21:25:50,989 - EarlyStopping counter: 2 out of 10
2025-01-06 21:26:41,256 - {'epoch': 17, 'rec_loss': '6.8377'}
2025-01-06 21:26:53,389 - {'Epoch': 17, 'HR@5': '0.0898', 'NDCG@5': '0.0658', 'HR@10': '0.1183', 'NDCG@10': '0.0749', 'HR@20': '0.1544', 'NDCG@20': '0.0840'}
2025-01-06 21:26:53,394 - Validation score increased.  Saving model ...
2025-01-06 21:27:45,577 - {'epoch': 18, 'rec_loss': '6.8181'}
2025-01-06 21:27:57,888 - {'Epoch': 18, 'HR@5': '0.0900', 'NDCG@5': '0.0652', 'HR@10': '0.1198', 'NDCG@10': '0.0749', 'HR@20': '0.1543', 'NDCG@20': '0.0836'}
2025-01-06 21:27:57,893 - EarlyStopping counter: 1 out of 10
2025-01-06 21:28:47,706 - {'epoch': 19, 'rec_loss': '6.7976'}
2025-01-06 21:28:59,656 - {'Epoch': 19, 'HR@5': '0.0895', 'NDCG@5': '0.0655', 'HR@10': '0.1177', 'NDCG@10': '0.0746', 'HR@20': '0.1548', 'NDCG@20': '0.0840'}
2025-01-06 21:28:59,661 - EarlyStopping counter: 2 out of 10
2025-01-06 21:29:48,458 - {'epoch': 20, 'rec_loss': '6.7779'}
2025-01-06 21:30:01,041 - {'Epoch': 20, 'HR@5': '0.0883', 'NDCG@5': '0.0652', 'HR@10': '0.1194', 'NDCG@10': '0.0752', 'HR@20': '0.1561', 'NDCG@20': '0.0845'}
2025-01-06 21:30:01,044 - Validation score increased.  Saving model ...
2025-01-06 21:30:50,827 - {'epoch': 21, 'rec_loss': '6.7579'}
2025-01-06 21:31:02,978 - {'Epoch': 21, 'HR@5': '0.0899', 'NDCG@5': '0.0655', 'HR@10': '0.1197', 'NDCG@10': '0.0751', 'HR@20': '0.1562', 'NDCG@20': '0.0843'}
2025-01-06 21:31:02,979 - EarlyStopping counter: 1 out of 10
2025-01-06 21:31:54,512 - {'epoch': 22, 'rec_loss': '6.7406'}
2025-01-06 21:32:05,976 - {'Epoch': 22, 'HR@5': '0.0898', 'NDCG@5': '0.0653', 'HR@10': '0.1209', 'NDCG@10': '0.0753', 'HR@20': '0.1583', 'NDCG@20': '0.0847'}
2025-01-06 21:32:05,980 - Validation score increased.  Saving model ...
2025-01-06 21:32:55,537 - {'epoch': 23, 'rec_loss': '6.7292'}
2025-01-06 21:33:07,354 - {'Epoch': 23, 'HR@5': '0.0919', 'NDCG@5': '0.0663', 'HR@10': '0.1208', 'NDCG@10': '0.0756', 'HR@20': '0.1574', 'NDCG@20': '0.0848'}
2025-01-06 21:33:07,358 - Validation score increased.  Saving model ...
2025-01-06 21:33:58,175 - {'epoch': 24, 'rec_loss': '6.7134'}
2025-01-06 21:34:10,800 - {'Epoch': 24, 'HR@5': '0.0897', 'NDCG@5': '0.0654', 'HR@10': '0.1211', 'NDCG@10': '0.0755', 'HR@20': '0.1575', 'NDCG@20': '0.0847'}
2025-01-06 21:34:10,801 - EarlyStopping counter: 1 out of 10
2025-01-06 21:35:01,447 - {'epoch': 25, 'rec_loss': '6.7006'}
2025-01-06 21:35:13,405 - {'Epoch': 25, 'HR@5': '0.0891', 'NDCG@5': '0.0649', 'HR@10': '0.1209', 'NDCG@10': '0.0752', 'HR@20': '0.1574', 'NDCG@20': '0.0843'}
2025-01-06 21:35:13,420 - EarlyStopping counter: 2 out of 10
2025-01-06 21:36:05,714 - {'epoch': 26, 'rec_loss': '6.6899'}
2025-01-06 21:36:17,600 - {'Epoch': 26, 'HR@5': '0.0898', 'NDCG@5': '0.0653', 'HR@10': '0.1205', 'NDCG@10': '0.0753', 'HR@20': '0.1580', 'NDCG@20': '0.0847'}
2025-01-06 21:36:17,604 - EarlyStopping counter: 3 out of 10
2025-01-06 21:37:09,775 - {'epoch': 27, 'rec_loss': '6.6741'}
2025-01-06 21:37:21,702 - {'Epoch': 27, 'HR@5': '0.0910', 'NDCG@5': '0.0665', 'HR@10': '0.1201', 'NDCG@10': '0.0759', 'HR@20': '0.1579', 'NDCG@20': '0.0854'}
2025-01-06 21:37:21,706 - Validation score increased.  Saving model ...
2025-01-06 21:38:14,038 - {'epoch': 28, 'rec_loss': '6.6660'}
2025-01-06 21:38:26,260 - {'Epoch': 28, 'HR@5': '0.0909', 'NDCG@5': '0.0659', 'HR@10': '0.1221', 'NDCG@10': '0.0760', 'HR@20': '0.1593', 'NDCG@20': '0.0853'}
2025-01-06 21:38:26,261 - EarlyStopping counter: 1 out of 10
2025-01-06 21:39:17,327 - {'epoch': 29, 'rec_loss': '6.6535'}
2025-01-06 21:39:29,859 - {'Epoch': 29, 'HR@5': '0.0907', 'NDCG@5': '0.0657', 'HR@10': '0.1217', 'NDCG@10': '0.0757', 'HR@20': '0.1579', 'NDCG@20': '0.0848'}
2025-01-06 21:39:29,863 - EarlyStopping counter: 2 out of 10
2025-01-06 21:40:21,797 - {'epoch': 30, 'rec_loss': '6.6396'}
2025-01-06 21:40:33,224 - {'Epoch': 30, 'HR@5': '0.0917', 'NDCG@5': '0.0660', 'HR@10': '0.1220', 'NDCG@10': '0.0758', 'HR@20': '0.1590', 'NDCG@20': '0.0851'}
2025-01-06 21:40:33,227 - EarlyStopping counter: 3 out of 10
2025-01-06 21:41:27,236 - {'epoch': 31, 'rec_loss': '6.6359'}
2025-01-06 21:41:40,829 - {'Epoch': 31, 'HR@5': '0.0908', 'NDCG@5': '0.0663', 'HR@10': '0.1218', 'NDCG@10': '0.0763', 'HR@20': '0.1582', 'NDCG@20': '0.0855'}
2025-01-06 21:41:40,832 - Validation score increased.  Saving model ...
2025-01-06 21:42:31,833 - {'epoch': 32, 'rec_loss': '6.6196'}
2025-01-06 21:42:43,335 - {'Epoch': 32, 'HR@5': '0.0908', 'NDCG@5': '0.0659', 'HR@10': '0.1212', 'NDCG@10': '0.0758', 'HR@20': '0.1584', 'NDCG@20': '0.0851'}
2025-01-06 21:42:43,336 - EarlyStopping counter: 1 out of 10
2025-01-06 21:43:38,866 - {'epoch': 33, 'rec_loss': '6.6093'}
2025-01-06 21:43:50,448 - {'Epoch': 33, 'HR@5': '0.0915', 'NDCG@5': '0.0667', 'HR@10': '0.1216', 'NDCG@10': '0.0764', 'HR@20': '0.1601', 'NDCG@20': '0.0860'}
2025-01-06 21:43:50,454 - Validation score increased.  Saving model ...
2025-01-06 21:44:42,144 - {'epoch': 34, 'rec_loss': '6.5993'}
2025-01-06 21:44:55,370 - {'Epoch': 34, 'HR@5': '0.0910', 'NDCG@5': '0.0669', 'HR@10': '0.1216', 'NDCG@10': '0.0767', 'HR@20': '0.1590', 'NDCG@20': '0.0861'}
2025-01-06 21:44:55,378 - Validation score increased.  Saving model ...
2025-01-06 21:45:43,394 - {'epoch': 35, 'rec_loss': '6.5895'}
2025-01-06 21:45:55,492 - {'Epoch': 35, 'HR@5': '0.0922', 'NDCG@5': '0.0673', 'HR@10': '0.1214', 'NDCG@10': '0.0767', 'HR@20': '0.1588', 'NDCG@20': '0.0861'}
2025-01-06 21:45:55,493 - Validation score increased.  Saving model ...
2025-01-06 21:46:46,294 - {'epoch': 36, 'rec_loss': '6.5830'}
2025-01-06 21:46:58,477 - {'Epoch': 36, 'HR@5': '0.0938', 'NDCG@5': '0.0676', 'HR@10': '0.1218', 'NDCG@10': '0.0767', 'HR@20': '0.1602', 'NDCG@20': '0.0863'}
2025-01-06 21:46:58,482 - Validation score increased.  Saving model ...
2025-01-06 21:47:47,198 - {'epoch': 37, 'rec_loss': '6.5770'}
2025-01-06 21:47:59,961 - {'Epoch': 37, 'HR@5': '0.0920', 'NDCG@5': '0.0674', 'HR@10': '0.1220', 'NDCG@10': '0.0771', 'HR@20': '0.1609', 'NDCG@20': '0.0869'}
2025-01-06 21:47:59,964 - Validation score increased.  Saving model ...
2025-01-06 21:48:51,057 - {'epoch': 38, 'rec_loss': '6.5677'}
2025-01-06 21:49:04,065 - {'Epoch': 38, 'HR@5': '0.0913', 'NDCG@5': '0.0675', 'HR@10': '0.1229', 'NDCG@10': '0.0777', 'HR@20': '0.1617', 'NDCG@20': '0.0875'}
2025-01-06 21:49:04,069 - Validation score increased.  Saving model ...
2025-01-06 21:49:54,717 - {'epoch': 39, 'rec_loss': '6.5555'}
2025-01-06 21:50:06,783 - {'Epoch': 39, 'HR@5': '0.0924', 'NDCG@5': '0.0675', 'HR@10': '0.1244', 'NDCG@10': '0.0778', 'HR@20': '0.1602', 'NDCG@20': '0.0868'}
2025-01-06 21:50:06,784 - EarlyStopping counter: 1 out of 10
2025-01-06 21:50:56,121 - {'epoch': 40, 'rec_loss': '6.5490'}
2025-01-06 21:51:07,439 - {'Epoch': 40, 'HR@5': '0.0939', 'NDCG@5': '0.0684', 'HR@10': '0.1236', 'NDCG@10': '0.0780', 'HR@20': '0.1620', 'NDCG@20': '0.0877'}
2025-01-06 21:51:07,444 - Validation score increased.  Saving model ...
2025-01-06 21:51:54,925 - {'epoch': 41, 'rec_loss': '6.5461'}
2025-01-06 21:52:06,014 - {'Epoch': 41, 'HR@5': '0.0933', 'NDCG@5': '0.0682', 'HR@10': '0.1231', 'NDCG@10': '0.0777', 'HR@20': '0.1615', 'NDCG@20': '0.0874'}
2025-01-06 21:52:06,015 - EarlyStopping counter: 1 out of 10
2025-01-06 21:52:53,079 - {'epoch': 42, 'rec_loss': '6.5332'}
2025-01-06 21:53:04,016 - {'Epoch': 42, 'HR@5': '0.0941', 'NDCG@5': '0.0681', 'HR@10': '0.1236', 'NDCG@10': '0.0776', 'HR@20': '0.1612', 'NDCG@20': '0.0871'}
2025-01-06 21:53:04,019 - EarlyStopping counter: 2 out of 10
2025-01-06 21:53:52,121 - {'epoch': 43, 'rec_loss': '6.5310'}
2025-01-06 21:54:03,107 - {'Epoch': 43, 'HR@5': '0.0921', 'NDCG@5': '0.0670', 'HR@10': '0.1230', 'NDCG@10': '0.0770', 'HR@20': '0.1608', 'NDCG@20': '0.0864'}
2025-01-06 21:54:03,112 - EarlyStopping counter: 3 out of 10
2025-01-06 21:54:49,175 - {'epoch': 44, 'rec_loss': '6.5210'}
2025-01-06 21:55:00,825 - {'Epoch': 44, 'HR@5': '0.0921', 'NDCG@5': '0.0670', 'HR@10': '0.1243', 'NDCG@10': '0.0774', 'HR@20': '0.1618', 'NDCG@20': '0.0868'}
2025-01-06 21:55:00,828 - EarlyStopping counter: 4 out of 10
2025-01-06 21:55:47,962 - {'epoch': 45, 'rec_loss': '6.5159'}
2025-01-06 21:55:59,209 - {'Epoch': 45, 'HR@5': '0.0925', 'NDCG@5': '0.0674', 'HR@10': '0.1228', 'NDCG@10': '0.0771', 'HR@20': '0.1598', 'NDCG@20': '0.0864'}
2025-01-06 21:55:59,213 - EarlyStopping counter: 5 out of 10
2025-01-06 21:56:46,200 - {'epoch': 46, 'rec_loss': '6.5084'}
2025-01-06 21:56:57,736 - {'Epoch': 46, 'HR@5': '0.0937', 'NDCG@5': '0.0680', 'HR@10': '0.1219', 'NDCG@10': '0.0771', 'HR@20': '0.1605', 'NDCG@20': '0.0868'}
2025-01-06 21:56:57,737 - EarlyStopping counter: 6 out of 10
2025-01-06 21:57:41,808 - {'epoch': 47, 'rec_loss': '6.5003'}
2025-01-06 21:57:51,755 - {'Epoch': 47, 'HR@5': '0.0941', 'NDCG@5': '0.0686', 'HR@10': '0.1232', 'NDCG@10': '0.0780', 'HR@20': '0.1606', 'NDCG@20': '0.0874'}
2025-01-06 21:57:51,756 - EarlyStopping counter: 7 out of 10
2025-01-06 21:58:36,066 - {'epoch': 48, 'rec_loss': '6.5006'}
2025-01-06 21:58:45,660 - {'Epoch': 48, 'HR@5': '0.0922', 'NDCG@5': '0.0677', 'HR@10': '0.1219', 'NDCG@10': '0.0773', 'HR@20': '0.1605', 'NDCG@20': '0.0870'}
2025-01-06 21:58:45,666 - EarlyStopping counter: 8 out of 10
2025-01-06 21:59:28,415 - {'epoch': 49, 'rec_loss': '6.4922'}
2025-01-06 21:59:38,187 - {'Epoch': 49, 'HR@5': '0.0916', 'NDCG@5': '0.0673', 'HR@10': '0.1212', 'NDCG@10': '0.0768', 'HR@20': '0.1597', 'NDCG@20': '0.0865'}
2025-01-06 21:59:38,188 - EarlyStopping counter: 9 out of 10
2025-01-06 22:00:20,407 - {'epoch': 50, 'rec_loss': '6.4851'}
2025-01-06 22:00:29,761 - {'Epoch': 50, 'HR@5': '0.0927', 'NDCG@5': '0.0680', 'HR@10': '0.1219', 'NDCG@10': '0.0775', 'HR@20': '0.1606', 'NDCG@20': '0.0872'}
2025-01-06 22:00:29,767 - EarlyStopping counter: 10 out of 10
2025-01-06 22:00:29,767 - Early stopping
2025-01-06 22:00:29,767 - ---------------Test Score---------------
2025-01-06 22:00:39,057 - {'Epoch': 0, 'HR@5': '0.0780', 'NDCG@5': '0.0578', 'HR@10': '0.1034', 'NDCG@10': '0.0660', 'HR@20': '0.1385', 'NDCG@20': '0.0748'}
2025-01-06 22:00:39,062 - BSARec_S_A_Toys_and_Games
2025-01-06 22:00:39,063 - {'Epoch': 0, 'HR@5': '0.0780', 'NDCG@5': '0.0578', 'HR@10': '0.1034', 'NDCG@10': '0.0660', 'HR@20': '0.1385', 'NDCG@20': '0.0748'}
