2025-01-06 19:24:20,334 - Namespace(data_dir='./data/', output_dir='output/', data_name='ML-1M', do_eval=False, load_model=None, train_name='BSARec_SA_A_ML-1M', num_items=10, num_users=6041, lr=0.0005, batch_size=256, epochs=200, no_cuda=False, log_freq=1, patience=10, num_workers=4, seed=42, weight_decay=0.0, adam_beta1=0.9, adam_beta2=0.999, gpu_id='0', variance=5, model_type='BSARec_SA_A', max_seq_length=50, hidden_size=64, num_hidden_layers=2, hidden_act='gelu', num_attention_heads=1, attention_probs_dropout_prob=0.5, hidden_dropout_prob=0.5, initializer_range=0.02, c=5, alpha=0.7, cuda_condition=True, data_file='./data/ML-1M.txt', item_size=3417, checkpoint_path='output/BSARec_SA_A_ML-1M.pt', same_target_path='./data/ML-1M_same_target.npy')
2025-01-06 19:24:20,342 - BSARecModel_SA_A(
  (item_embeddings): Embedding(3417, 64, padding_idx=0)
  (position_embeddings): Embedding(50, 64)
  (LayerNorm): LayerNorm()
  (dropout): Dropout(p=0.5, inplace=False)
  (item_encoder): BSARecEncoder(
    (blocks): ModuleList(
      (0): BSARecBlock(
        (layer): BSARecLayer(
          (filter_layer): FrequencyLayer(
            (out_dropout): Dropout(p=0.5, inplace=False)
            (LayerNorm): LayerNorm()
          )
          (attention_layer): MultiHeadAttention(
            (query): Linear(in_features=64, out_features=64, bias=True)
            (key): Linear(in_features=64, out_features=64, bias=True)
            (value): Linear(in_features=64, out_features=64, bias=True)
            (softmax): Softmax(dim=-1)
            (attn_dropout): Dropout(p=0.5, inplace=False)
            (dense): Linear(in_features=64, out_features=64, bias=True)
            (LayerNorm): LayerNorm((64,), eps=1e-12, elementwise_affine=True)
            (out_dropout): Dropout(p=0.5, inplace=False)
          )
        )
        (feed_forward_sa): FeedForward(
          (dense_1): Linear(in_features=64, out_features=256, bias=True)
          (dense_2): Linear(in_features=256, out_features=64, bias=True)
          (LayerNorm): LayerNorm()
          (dropout): Dropout(p=0.5, inplace=False)
        )
        (feed_forward_d): FeedForward(
          (dense_1): Linear(in_features=64, out_features=256, bias=True)
          (dense_2): Linear(in_features=256, out_features=64, bias=True)
          (LayerNorm): LayerNorm()
          (dropout): Dropout(p=0.5, inplace=False)
        )
        (fusion_module): ModalityFusion()
      )
      (1): BSARecBlock(
        (layer): BSARecLayer(
          (filter_layer): FrequencyLayer(
            (out_dropout): Dropout(p=0.5, inplace=False)
            (LayerNorm): LayerNorm()
          )
          (attention_layer): MultiHeadAttention(
            (query): Linear(in_features=64, out_features=64, bias=True)
            (key): Linear(in_features=64, out_features=64, bias=True)
            (value): Linear(in_features=64, out_features=64, bias=True)
            (softmax): Softmax(dim=-1)
            (attn_dropout): Dropout(p=0.5, inplace=False)
            (dense): Linear(in_features=64, out_features=64, bias=True)
            (LayerNorm): LayerNorm((64,), eps=1e-12, elementwise_affine=True)
            (out_dropout): Dropout(p=0.5, inplace=False)
          )
        )
        (feed_forward_sa): FeedForward(
          (dense_1): Linear(in_features=64, out_features=256, bias=True)
          (dense_2): Linear(in_features=256, out_features=64, bias=True)
          (LayerNorm): LayerNorm()
          (dropout): Dropout(p=0.5, inplace=False)
        )
        (feed_forward_d): FeedForward(
          (dense_1): Linear(in_features=64, out_features=256, bias=True)
          (dense_2): Linear(in_features=256, out_features=64, bias=True)
          (LayerNorm): LayerNorm()
          (dropout): Dropout(p=0.5, inplace=False)
        )
        (fusion_module): ModalityFusion()
      )
    )
  )
)
2025-01-06 19:24:22,471 - Total Parameters: 388804
2025-01-06 19:25:22,484 - {'epoch': 0, 'rec_loss': '7.3370'}
2025-01-06 19:25:24,633 - {'Epoch': 0, 'HR@5': '0.0387', 'NDCG@5': '0.0244', 'HR@10': '0.0680', 'NDCG@10': '0.0338', 'HR@20': '0.1167', 'NDCG@20': '0.0460'}
2025-01-06 19:25:24,633 - Validation score increased.  Saving model ...
2025-01-06 19:26:36,180 - {'epoch': 1, 'rec_loss': '6.7294'}
2025-01-06 19:26:38,339 - {'Epoch': 1, 'HR@5': '0.1237', 'NDCG@5': '0.0807', 'HR@10': '0.1891', 'NDCG@10': '0.1017', 'HR@20': '0.2699', 'NDCG@20': '0.1221'}
2025-01-06 19:26:38,340 - Validation score increased.  Saving model ...
2025-01-06 19:27:51,718 - {'epoch': 2, 'rec_loss': '6.3057'}
2025-01-06 19:27:53,926 - {'Epoch': 2, 'HR@5': '0.1338', 'NDCG@5': '0.0880', 'HR@10': '0.2126', 'NDCG@10': '0.1134', 'HR@20': '0.3071', 'NDCG@20': '0.1372'}
2025-01-06 19:27:53,927 - Validation score increased.  Saving model ...
2025-01-06 19:29:06,941 - {'epoch': 3, 'rec_loss': '6.1579'}
2025-01-06 19:29:09,493 - {'Epoch': 3, 'HR@5': '0.1518', 'NDCG@5': '0.0983', 'HR@10': '0.2306', 'NDCG@10': '0.1236', 'HR@20': '0.3333', 'NDCG@20': '0.1494'}
2025-01-06 19:29:09,494 - Validation score increased.  Saving model ...
2025-01-06 19:30:51,657 - {'epoch': 4, 'rec_loss': '6.0722'}
2025-01-06 19:30:54,827 - {'Epoch': 4, 'HR@5': '0.1588', 'NDCG@5': '0.1039', 'HR@10': '0.2460', 'NDCG@10': '0.1321', 'HR@20': '0.3507', 'NDCG@20': '0.1583'}
2025-01-06 19:30:54,828 - Validation score increased.  Saving model ...
2025-01-06 19:32:49,561 - {'epoch': 5, 'rec_loss': '6.0126'}
2025-01-06 19:32:52,948 - {'Epoch': 5, 'HR@5': '0.1652', 'NDCG@5': '0.1078', 'HR@10': '0.2500', 'NDCG@10': '0.1350', 'HR@20': '0.3588', 'NDCG@20': '0.1624'}
2025-01-06 19:32:52,949 - Validation score increased.  Saving model ...
2025-01-06 19:34:45,111 - {'epoch': 6, 'rec_loss': '5.9690'}
2025-01-06 19:34:48,446 - {'Epoch': 6, 'HR@5': '0.1634', 'NDCG@5': '0.1064', 'HR@10': '0.2545', 'NDCG@10': '0.1356', 'HR@20': '0.3636', 'NDCG@20': '0.1632'}
2025-01-06 19:34:48,447 - Validation score increased.  Saving model ...
2025-01-06 19:36:41,531 - {'epoch': 7, 'rec_loss': '5.9362'}
2025-01-06 19:36:44,836 - {'Epoch': 7, 'HR@5': '0.1664', 'NDCG@5': '0.1084', 'HR@10': '0.2601', 'NDCG@10': '0.1387', 'HR@20': '0.3685', 'NDCG@20': '0.1661'}
2025-01-06 19:36:44,837 - Validation score increased.  Saving model ...
2025-01-06 19:38:38,916 - {'epoch': 8, 'rec_loss': '5.9087'}
2025-01-06 19:38:41,761 - {'Epoch': 8, 'HR@5': '0.1689', 'NDCG@5': '0.1090', 'HR@10': '0.2571', 'NDCG@10': '0.1374', 'HR@20': '0.3712', 'NDCG@20': '0.1660'}
2025-01-06 19:38:41,762 - EarlyStopping counter: 1 out of 10
2025-01-06 19:40:37,548 - {'epoch': 9, 'rec_loss': '5.8836'}
2025-01-06 19:40:40,664 - {'Epoch': 9, 'HR@5': '0.1687', 'NDCG@5': '0.1108', 'HR@10': '0.2548', 'NDCG@10': '0.1385', 'HR@20': '0.3714', 'NDCG@20': '0.1680'}
2025-01-06 19:40:40,665 - Validation score increased.  Saving model ...
2025-01-06 19:42:34,603 - {'epoch': 10, 'rec_loss': '5.8650'}
2025-01-06 19:42:38,250 - {'Epoch': 10, 'HR@5': '0.1677', 'NDCG@5': '0.1091', 'HR@10': '0.2623', 'NDCG@10': '0.1395', 'HR@20': '0.3742', 'NDCG@20': '0.1678'}
2025-01-06 19:42:38,251 - EarlyStopping counter: 1 out of 10
2025-01-06 19:44:32,078 - {'epoch': 11, 'rec_loss': '5.8481'}
2025-01-06 19:44:35,322 - {'Epoch': 11, 'HR@5': '0.1664', 'NDCG@5': '0.1101', 'HR@10': '0.2621', 'NDCG@10': '0.1409', 'HR@20': '0.3758', 'NDCG@20': '0.1696'}
2025-01-06 19:44:35,323 - Validation score increased.  Saving model ...
2025-01-06 19:46:29,688 - {'epoch': 12, 'rec_loss': '5.8333'}
2025-01-06 19:46:32,818 - {'Epoch': 12, 'HR@5': '0.1680', 'NDCG@5': '0.1100', 'HR@10': '0.2634', 'NDCG@10': '0.1405', 'HR@20': '0.3821', 'NDCG@20': '0.1704'}
2025-01-06 19:46:32,819 - Validation score increased.  Saving model ...
2025-01-06 19:48:26,081 - {'epoch': 13, 'rec_loss': '5.8212'}
2025-01-06 19:48:29,789 - {'Epoch': 13, 'HR@5': '0.1685', 'NDCG@5': '0.1109', 'HR@10': '0.2619', 'NDCG@10': '0.1411', 'HR@20': '0.3757', 'NDCG@20': '0.1697'}
2025-01-06 19:48:29,790 - EarlyStopping counter: 1 out of 10
2025-01-06 19:50:24,314 - {'epoch': 14, 'rec_loss': '5.8110'}
2025-01-06 19:50:28,268 - {'Epoch': 14, 'HR@5': '0.1705', 'NDCG@5': '0.1099', 'HR@10': '0.2675', 'NDCG@10': '0.1412', 'HR@20': '0.3808', 'NDCG@20': '0.1698'}
2025-01-06 19:50:28,268 - EarlyStopping counter: 2 out of 10
2025-01-06 19:52:23,322 - {'epoch': 15, 'rec_loss': '5.7998'}
2025-01-06 19:52:27,288 - {'Epoch': 15, 'HR@5': '0.1735', 'NDCG@5': '0.1136', 'HR@10': '0.2672', 'NDCG@10': '0.1438', 'HR@20': '0.3836', 'NDCG@20': '0.1731'}
2025-01-06 19:52:27,289 - Validation score increased.  Saving model ...
2025-01-06 19:54:21,864 - {'epoch': 16, 'rec_loss': '5.7908'}
2025-01-06 19:54:25,024 - {'Epoch': 16, 'HR@5': '0.1772', 'NDCG@5': '0.1163', 'HR@10': '0.2697', 'NDCG@10': '0.1462', 'HR@20': '0.3863', 'NDCG@20': '0.1757'}
2025-01-06 19:54:25,024 - Validation score increased.  Saving model ...
2025-01-06 19:56:19,962 - {'epoch': 17, 'rec_loss': '5.7806'}
2025-01-06 19:56:23,356 - {'Epoch': 17, 'HR@5': '0.1752', 'NDCG@5': '0.1144', 'HR@10': '0.2689', 'NDCG@10': '0.1446', 'HR@20': '0.3843', 'NDCG@20': '0.1736'}
2025-01-06 19:56:23,357 - EarlyStopping counter: 1 out of 10
2025-01-06 19:58:14,481 - {'epoch': 18, 'rec_loss': '5.7765'}
2025-01-06 19:58:17,806 - {'Epoch': 18, 'HR@5': '0.1790', 'NDCG@5': '0.1166', 'HR@10': '0.2689', 'NDCG@10': '0.1454', 'HR@20': '0.3863', 'NDCG@20': '0.1750'}
2025-01-06 19:58:17,807 - EarlyStopping counter: 2 out of 10
2025-01-06 20:00:11,912 - {'epoch': 19, 'rec_loss': '5.7666'}
2025-01-06 20:00:15,169 - {'Epoch': 19, 'HR@5': '0.1768', 'NDCG@5': '0.1145', 'HR@10': '0.2661', 'NDCG@10': '0.1431', 'HR@20': '0.3868', 'NDCG@20': '0.1734'}
2025-01-06 20:00:15,170 - EarlyStopping counter: 3 out of 10
2025-01-06 20:02:12,737 - {'epoch': 20, 'rec_loss': '5.7604'}
2025-01-06 20:02:16,208 - {'Epoch': 20, 'HR@5': '0.1810', 'NDCG@5': '0.1199', 'HR@10': '0.2732', 'NDCG@10': '0.1496', 'HR@20': '0.3889', 'NDCG@20': '0.1787'}
2025-01-06 20:02:16,208 - Validation score increased.  Saving model ...
2025-01-06 20:04:09,256 - {'epoch': 21, 'rec_loss': '5.7528'}
2025-01-06 20:04:13,114 - {'Epoch': 21, 'HR@5': '0.1772', 'NDCG@5': '0.1153', 'HR@10': '0.2700', 'NDCG@10': '0.1450', 'HR@20': '0.3914', 'NDCG@20': '0.1757'}
2025-01-06 20:04:13,115 - EarlyStopping counter: 1 out of 10
2025-01-06 20:06:05,806 - {'epoch': 22, 'rec_loss': '5.7481'}
2025-01-06 20:06:09,233 - {'Epoch': 22, 'HR@5': '0.1820', 'NDCG@5': '0.1168', 'HR@10': '0.2772', 'NDCG@10': '0.1474', 'HR@20': '0.3950', 'NDCG@20': '0.1771'}
2025-01-06 20:06:09,234 - EarlyStopping counter: 2 out of 10
2025-01-06 20:08:00,453 - {'epoch': 23, 'rec_loss': '5.7390'}
2025-01-06 20:08:03,691 - {'Epoch': 23, 'HR@5': '0.1813', 'NDCG@5': '0.1183', 'HR@10': '0.2740', 'NDCG@10': '0.1481', 'HR@20': '0.3978', 'NDCG@20': '0.1794'}
2025-01-06 20:08:03,692 - Validation score increased.  Saving model ...
2025-01-06 20:09:58,066 - {'epoch': 24, 'rec_loss': '5.7357'}
2025-01-06 20:10:01,182 - {'Epoch': 24, 'HR@5': '0.1811', 'NDCG@5': '0.1179', 'HR@10': '0.2719', 'NDCG@10': '0.1472', 'HR@20': '0.3944', 'NDCG@20': '0.1781'}
2025-01-06 20:10:01,182 - EarlyStopping counter: 1 out of 10
2025-01-06 20:11:56,580 - {'epoch': 25, 'rec_loss': '5.7277'}
2025-01-06 20:11:59,807 - {'Epoch': 25, 'HR@5': '0.1770', 'NDCG@5': '0.1151', 'HR@10': '0.2758', 'NDCG@10': '0.1469', 'HR@20': '0.3959', 'NDCG@20': '0.1771'}
2025-01-06 20:11:59,808 - EarlyStopping counter: 2 out of 10
2025-01-06 20:13:52,301 - {'epoch': 26, 'rec_loss': '5.7272'}
2025-01-06 20:13:55,842 - {'Epoch': 26, 'HR@5': '0.1818', 'NDCG@5': '0.1178', 'HR@10': '0.2788', 'NDCG@10': '0.1491', 'HR@20': '0.3921', 'NDCG@20': '0.1776'}
2025-01-06 20:13:55,843 - EarlyStopping counter: 3 out of 10
2025-01-06 20:15:49,549 - {'epoch': 27, 'rec_loss': '5.7202'}
2025-01-06 20:15:52,796 - {'Epoch': 27, 'HR@5': '0.1833', 'NDCG@5': '0.1188', 'HR@10': '0.2783', 'NDCG@10': '0.1492', 'HR@20': '0.3969', 'NDCG@20': '0.1791'}
2025-01-06 20:15:52,797 - EarlyStopping counter: 4 out of 10
2025-01-06 20:17:45,760 - {'epoch': 28, 'rec_loss': '5.7156'}
2025-01-06 20:17:48,695 - {'Epoch': 28, 'HR@5': '0.1838', 'NDCG@5': '0.1198', 'HR@10': '0.2775', 'NDCG@10': '0.1499', 'HR@20': '0.3945', 'NDCG@20': '0.1794'}
2025-01-06 20:17:48,695 - Validation score increased.  Saving model ...
2025-01-06 20:19:39,584 - {'epoch': 29, 'rec_loss': '5.7109'}
2025-01-06 20:19:43,048 - {'Epoch': 29, 'HR@5': '0.1834', 'NDCG@5': '0.1187', 'HR@10': '0.2798', 'NDCG@10': '0.1499', 'HR@20': '0.3955', 'NDCG@20': '0.1791'}
2025-01-06 20:19:43,049 - EarlyStopping counter: 1 out of 10
2025-01-06 20:21:38,839 - {'epoch': 30, 'rec_loss': '5.7073'}
2025-01-06 20:21:41,841 - {'Epoch': 30, 'HR@5': '0.1861', 'NDCG@5': '0.1206', 'HR@10': '0.2755', 'NDCG@10': '0.1495', 'HR@20': '0.3952', 'NDCG@20': '0.1797'}
2025-01-06 20:21:41,842 - Validation score increased.  Saving model ...
2025-01-06 20:23:35,706 - {'epoch': 31, 'rec_loss': '5.7020'}
2025-01-06 20:23:39,032 - {'Epoch': 31, 'HR@5': '0.1877', 'NDCG@5': '0.1217', 'HR@10': '0.2763', 'NDCG@10': '0.1502', 'HR@20': '0.3964', 'NDCG@20': '0.1806'}
2025-01-06 20:23:39,032 - Validation score increased.  Saving model ...
2025-01-06 20:25:31,485 - {'epoch': 32, 'rec_loss': '5.6968'}
2025-01-06 20:25:34,471 - {'Epoch': 32, 'HR@5': '0.1886', 'NDCG@5': '0.1234', 'HR@10': '0.2810', 'NDCG@10': '0.1532', 'HR@20': '0.3997', 'NDCG@20': '0.1831'}
2025-01-06 20:25:34,472 - Validation score increased.  Saving model ...
2025-01-06 20:27:28,816 - {'epoch': 33, 'rec_loss': '5.6946'}
2025-01-06 20:27:31,893 - {'Epoch': 33, 'HR@5': '0.1820', 'NDCG@5': '0.1183', 'HR@10': '0.2781', 'NDCG@10': '0.1494', 'HR@20': '0.3922', 'NDCG@20': '0.1783'}
2025-01-06 20:27:31,894 - EarlyStopping counter: 1 out of 10
2025-01-06 20:29:22,858 - {'epoch': 34, 'rec_loss': '5.6915'}
2025-01-06 20:29:26,190 - {'Epoch': 34, 'HR@5': '0.1866', 'NDCG@5': '0.1214', 'HR@10': '0.2811', 'NDCG@10': '0.1518', 'HR@20': '0.3967', 'NDCG@20': '0.1810'}
2025-01-06 20:29:26,191 - EarlyStopping counter: 2 out of 10
2025-01-06 20:31:23,688 - {'epoch': 35, 'rec_loss': '5.6895'}
2025-01-06 20:31:27,111 - {'Epoch': 35, 'HR@5': '0.1859', 'NDCG@5': '0.1238', 'HR@10': '0.2793', 'NDCG@10': '0.1539', 'HR@20': '0.3955', 'NDCG@20': '0.1833'}
2025-01-06 20:31:27,112 - Validation score increased.  Saving model ...
2025-01-06 20:33:19,291 - {'epoch': 36, 'rec_loss': '5.6854'}
2025-01-06 20:33:22,399 - {'Epoch': 36, 'HR@5': '0.1927', 'NDCG@5': '0.1252', 'HR@10': '0.2833', 'NDCG@10': '0.1546', 'HR@20': '0.3985', 'NDCG@20': '0.1837'}
2025-01-06 20:33:22,399 - Validation score increased.  Saving model ...
2025-01-06 20:35:15,441 - {'epoch': 37, 'rec_loss': '5.6802'}
2025-01-06 20:35:19,042 - {'Epoch': 37, 'HR@5': '0.1874', 'NDCG@5': '0.1239', 'HR@10': '0.2846', 'NDCG@10': '0.1550', 'HR@20': '0.3977', 'NDCG@20': '0.1836'}
2025-01-06 20:35:19,042 - EarlyStopping counter: 1 out of 10
2025-01-06 20:37:13,928 - {'epoch': 38, 'rec_loss': '5.6778'}
2025-01-06 20:37:16,615 - {'Epoch': 38, 'HR@5': '0.1887', 'NDCG@5': '0.1237', 'HR@10': '0.2831', 'NDCG@10': '0.1541', 'HR@20': '0.4007', 'NDCG@20': '0.1838'}
2025-01-06 20:37:16,615 - Validation score increased.  Saving model ...
2025-01-06 20:39:08,176 - {'epoch': 39, 'rec_loss': '5.6741'}
2025-01-06 20:39:11,340 - {'Epoch': 39, 'HR@5': '0.1919', 'NDCG@5': '0.1266', 'HR@10': '0.2846', 'NDCG@10': '0.1565', 'HR@20': '0.4031', 'NDCG@20': '0.1864'}
2025-01-06 20:39:11,341 - Validation score increased.  Saving model ...
2025-01-06 20:41:01,743 - {'epoch': 40, 'rec_loss': '5.6702'}
2025-01-06 20:41:05,200 - {'Epoch': 40, 'HR@5': '0.1849', 'NDCG@5': '0.1208', 'HR@10': '0.2821', 'NDCG@10': '0.1522', 'HR@20': '0.3957', 'NDCG@20': '0.1808'}
2025-01-06 20:41:05,201 - EarlyStopping counter: 1 out of 10
2025-01-06 20:42:57,910 - {'epoch': 41, 'rec_loss': '5.6663'}
2025-01-06 20:43:00,994 - {'Epoch': 41, 'HR@5': '0.1863', 'NDCG@5': '0.1212', 'HR@10': '0.2820', 'NDCG@10': '0.1520', 'HR@20': '0.3975', 'NDCG@20': '0.1810'}
2025-01-06 20:43:00,995 - EarlyStopping counter: 2 out of 10
2025-01-06 20:44:51,981 - {'epoch': 42, 'rec_loss': '5.6645'}
2025-01-06 20:44:55,089 - {'Epoch': 42, 'HR@5': '0.1873', 'NDCG@5': '0.1218', 'HR@10': '0.2816', 'NDCG@10': '0.1519', 'HR@20': '0.4031', 'NDCG@20': '0.1827'}
2025-01-06 20:44:55,090 - EarlyStopping counter: 3 out of 10
2025-01-06 20:46:45,129 - {'epoch': 43, 'rec_loss': '5.6646'}
2025-01-06 20:46:48,007 - {'Epoch': 43, 'HR@5': '0.1863', 'NDCG@5': '0.1241', 'HR@10': '0.2864', 'NDCG@10': '0.1564', 'HR@20': '0.3978', 'NDCG@20': '0.1847'}
2025-01-06 20:46:48,008 - EarlyStopping counter: 4 out of 10
2025-01-06 20:48:26,901 - {'epoch': 44, 'rec_loss': '5.6610'}
2025-01-06 20:48:29,395 - {'Epoch': 44, 'HR@5': '0.1924', 'NDCG@5': '0.1265', 'HR@10': '0.2881', 'NDCG@10': '0.1573', 'HR@20': '0.3998', 'NDCG@20': '0.1856'}
2025-01-06 20:48:29,396 - EarlyStopping counter: 5 out of 10
2025-01-06 20:50:02,124 - {'epoch': 45, 'rec_loss': '5.6574'}
2025-01-06 20:50:04,858 - {'Epoch': 45, 'HR@5': '0.1851', 'NDCG@5': '0.1219', 'HR@10': '0.2826', 'NDCG@10': '0.1533', 'HR@20': '0.3995', 'NDCG@20': '0.1827'}
2025-01-06 20:50:04,859 - EarlyStopping counter: 6 out of 10
2025-01-06 20:51:37,611 - {'epoch': 46, 'rec_loss': '5.6567'}
2025-01-06 20:51:40,357 - {'Epoch': 46, 'HR@5': '0.1864', 'NDCG@5': '0.1232', 'HR@10': '0.2859', 'NDCG@10': '0.1554', 'HR@20': '0.3985', 'NDCG@20': '0.1839'}
2025-01-06 20:51:40,358 - EarlyStopping counter: 7 out of 10
2025-01-06 20:53:12,586 - {'epoch': 47, 'rec_loss': '5.6561'}
2025-01-06 20:53:15,329 - {'Epoch': 47, 'HR@5': '0.1901', 'NDCG@5': '0.1258', 'HR@10': '0.2859', 'NDCG@10': '0.1568', 'HR@20': '0.4018', 'NDCG@20': '0.1861'}
2025-01-06 20:53:15,330 - EarlyStopping counter: 8 out of 10
2025-01-06 20:55:07,090 - {'epoch': 48, 'rec_loss': '5.6518'}
2025-01-06 20:55:10,414 - {'Epoch': 48, 'HR@5': '0.1887', 'NDCG@5': '0.1233', 'HR@10': '0.2921', 'NDCG@10': '0.1567', 'HR@20': '0.4012', 'NDCG@20': '0.1842'}
2025-01-06 20:55:10,415 - EarlyStopping counter: 9 out of 10
2025-01-06 20:57:01,907 - {'epoch': 49, 'rec_loss': '5.6487'}
2025-01-06 20:57:05,101 - {'Epoch': 49, 'HR@5': '0.1894', 'NDCG@5': '0.1231', 'HR@10': '0.2879', 'NDCG@10': '0.1548', 'HR@20': '0.4035', 'NDCG@20': '0.1841'}
2025-01-06 20:57:05,102 - EarlyStopping counter: 10 out of 10
2025-01-06 20:57:05,102 - Early stopping
2025-01-06 20:57:05,102 - ---------------Test Score---------------
2025-01-06 20:57:08,011 - {'Epoch': 0, 'HR@5': '0.1902', 'NDCG@5': '0.1289', 'HR@10': '0.2750', 'NDCG@10': '0.1562', 'HR@20': '0.3825', 'NDCG@20': '0.1832'}
2025-01-06 20:57:08,012 - BSARec_SA_A_ML-1M
2025-01-06 20:57:08,012 - {'Epoch': 0, 'HR@5': '0.1902', 'NDCG@5': '0.1289', 'HR@10': '0.2750', 'NDCG@10': '0.1562', 'HR@20': '0.3825', 'NDCG@20': '0.1832'}
