2025-01-06 21:08:21,454 - Namespace(data_dir='./data/', output_dir='output/', data_name='Toys_and_Games', do_eval=False, load_model=None, train_name='BSARec_SA_A_Toys_and_Games', num_items=10, num_users=19413, lr=0.0005, batch_size=256, epochs=200, no_cuda=False, log_freq=1, patience=10, num_workers=4, seed=42, weight_decay=0.0, adam_beta1=0.9, adam_beta2=0.999, gpu_id='0', variance=5, model_type='BSARec_SA_A', max_seq_length=50, hidden_size=64, num_hidden_layers=2, hidden_act='gelu', num_attention_heads=1, attention_probs_dropout_prob=0.5, hidden_dropout_prob=0.5, initializer_range=0.02, c=5, alpha=0.7, cuda_condition=True, data_file='./data/Toys_and_Games.txt', item_size=11925, checkpoint_path='output/BSARec_SA_A_Toys_and_Games.pt', same_target_path='./data/Toys_and_Games_same_target.npy')
2025-01-06 21:08:21,511 - BSARecModel_SA_A(
  (item_embeddings): Embedding(11925, 64, padding_idx=0)
  (position_embeddings): Embedding(50, 64)
  (LayerNorm): LayerNorm()
  (dropout): Dropout(p=0.5, inplace=False)
  (item_encoder): BSARecEncoder(
    (blocks): ModuleList(
      (0): BSARecBlock(
        (layer): BSARecLayer(
          (filter_layer): FrequencyLayer(
            (out_dropout): Dropout(p=0.5, inplace=False)
            (LayerNorm): LayerNorm()
          )
          (attention_layer): MultiHeadAttention(
            (query): Linear(in_features=64, out_features=64, bias=True)
            (key): Linear(in_features=64, out_features=64, bias=True)
            (value): Linear(in_features=64, out_features=64, bias=True)
            (softmax): Softmax(dim=-1)
            (attn_dropout): Dropout(p=0.5, inplace=False)
            (dense): Linear(in_features=64, out_features=64, bias=True)
            (LayerNorm): LayerNorm((64,), eps=1e-12, elementwise_affine=True)
            (out_dropout): Dropout(p=0.5, inplace=False)
          )
        )
        (feed_forward_sa): FeedForward(
          (dense_1): Linear(in_features=64, out_features=256, bias=True)
          (dense_2): Linear(in_features=256, out_features=64, bias=True)
          (LayerNorm): LayerNorm()
          (dropout): Dropout(p=0.5, inplace=False)
        )
        (feed_forward_d): FeedForward(
          (dense_1): Linear(in_features=64, out_features=256, bias=True)
          (dense_2): Linear(in_features=256, out_features=64, bias=True)
          (LayerNorm): LayerNorm()
          (dropout): Dropout(p=0.5, inplace=False)
        )
        (fusion_module): ModalityFusion()
      )
      (1): BSARecBlock(
        (layer): BSARecLayer(
          (filter_layer): FrequencyLayer(
            (out_dropout): Dropout(p=0.5, inplace=False)
            (LayerNorm): LayerNorm()
          )
          (attention_layer): MultiHeadAttention(
            (query): Linear(in_features=64, out_features=64, bias=True)
            (key): Linear(in_features=64, out_features=64, bias=True)
            (value): Linear(in_features=64, out_features=64, bias=True)
            (softmax): Softmax(dim=-1)
            (attn_dropout): Dropout(p=0.5, inplace=False)
            (dense): Linear(in_features=64, out_features=64, bias=True)
            (LayerNorm): LayerNorm((64,), eps=1e-12, elementwise_affine=True)
            (out_dropout): Dropout(p=0.5, inplace=False)
          )
        )
        (feed_forward_sa): FeedForward(
          (dense_1): Linear(in_features=64, out_features=256, bias=True)
          (dense_2): Linear(in_features=256, out_features=64, bias=True)
          (LayerNorm): LayerNorm()
          (dropout): Dropout(p=0.5, inplace=False)
        )
        (feed_forward_d): FeedForward(
          (dense_1): Linear(in_features=64, out_features=256, bias=True)
          (dense_2): Linear(in_features=256, out_features=64, bias=True)
          (LayerNorm): LayerNorm()
          (dropout): Dropout(p=0.5, inplace=False)
        )
        (fusion_module): ModalityFusion()
      )
    )
  )
)
2025-01-06 21:08:24,296 - Total Parameters: 933316
2025-01-06 21:09:12,461 - {'epoch': 0, 'rec_loss': '9.0787'}
2025-01-06 21:09:24,942 - {'Epoch': 0, 'HR@5': '0.0059', 'NDCG@5': '0.0037', 'HR@10': '0.0110', 'NDCG@10': '0.0053', 'HR@20': '0.0180', 'NDCG@20': '0.0070'}
2025-01-06 21:09:24,945 - Validation score increased.  Saving model ...
2025-01-06 21:10:17,400 - {'epoch': 1, 'rec_loss': '8.7031'}
2025-01-06 21:10:29,822 - {'Epoch': 1, 'HR@5': '0.0100', 'NDCG@5': '0.0063', 'HR@10': '0.0182', 'NDCG@10': '0.0089', 'HR@20': '0.0303', 'NDCG@20': '0.0120'}
2025-01-06 21:10:29,829 - Validation score increased.  Saving model ...
2025-01-06 21:11:20,478 - {'epoch': 2, 'rec_loss': '8.4611'}
2025-01-06 21:11:31,727 - {'Epoch': 2, 'HR@5': '0.0181', 'NDCG@5': '0.0118', 'HR@10': '0.0294', 'NDCG@10': '0.0154', 'HR@20': '0.0461', 'NDCG@20': '0.0196'}
2025-01-06 21:11:31,731 - Validation score increased.  Saving model ...
2025-01-06 21:12:23,922 - {'epoch': 3, 'rec_loss': '8.2357'}
2025-01-06 21:12:35,912 - {'Epoch': 3, 'HR@5': '0.0363', 'NDCG@5': '0.0256', 'HR@10': '0.0523', 'NDCG@10': '0.0308', 'HR@20': '0.0770', 'NDCG@20': '0.0370'}
2025-01-06 21:12:35,913 - Validation score increased.  Saving model ...
2025-01-06 21:13:27,078 - {'epoch': 4, 'rec_loss': '7.9769'}
2025-01-06 21:13:39,203 - {'Epoch': 4, 'HR@5': '0.0563', 'NDCG@5': '0.0399', 'HR@10': '0.0752', 'NDCG@10': '0.0460', 'HR@20': '0.1013', 'NDCG@20': '0.0526'}
2025-01-06 21:13:39,204 - Validation score increased.  Saving model ...
2025-01-06 21:14:34,874 - {'epoch': 5, 'rec_loss': '7.7471'}
2025-01-06 21:14:46,914 - {'Epoch': 5, 'HR@5': '0.0673', 'NDCG@5': '0.0480', 'HR@10': '0.0916', 'NDCG@10': '0.0558', 'HR@20': '0.1230', 'NDCG@20': '0.0637'}
2025-01-06 21:14:46,915 - Validation score increased.  Saving model ...
2025-01-06 21:15:40,448 - {'epoch': 6, 'rec_loss': '7.5636'}
2025-01-06 21:15:51,869 - {'Epoch': 6, 'HR@5': '0.0741', 'NDCG@5': '0.0537', 'HR@10': '0.0994', 'NDCG@10': '0.0619', 'HR@20': '0.1314', 'NDCG@20': '0.0699'}
2025-01-06 21:15:51,875 - Validation score increased.  Saving model ...
2025-01-06 21:16:40,836 - {'epoch': 7, 'rec_loss': '7.4155'}
2025-01-06 21:16:52,991 - {'Epoch': 7, 'HR@5': '0.0795', 'NDCG@5': '0.0583', 'HR@10': '0.1078', 'NDCG@10': '0.0674', 'HR@20': '0.1410', 'NDCG@20': '0.0758'}
2025-01-06 21:16:52,997 - Validation score increased.  Saving model ...
2025-01-06 21:17:42,463 - {'epoch': 8, 'rec_loss': '7.2963'}
2025-01-06 21:17:54,237 - {'Epoch': 8, 'HR@5': '0.0823', 'NDCG@5': '0.0600', 'HR@10': '0.1093', 'NDCG@10': '0.0687', 'HR@20': '0.1452', 'NDCG@20': '0.0778'}
2025-01-06 21:17:54,241 - Validation score increased.  Saving model ...
2025-01-06 21:18:44,659 - {'epoch': 9, 'rec_loss': '7.2006'}
2025-01-06 21:18:56,776 - {'Epoch': 9, 'HR@5': '0.0848', 'NDCG@5': '0.0616', 'HR@10': '0.1138', 'NDCG@10': '0.0709', 'HR@20': '0.1491', 'NDCG@20': '0.0798'}
2025-01-06 21:18:56,782 - Validation score increased.  Saving model ...
2025-01-06 21:19:49,287 - {'epoch': 10, 'rec_loss': '7.1294'}
2025-01-06 21:20:00,569 - {'Epoch': 10, 'HR@5': '0.0859', 'NDCG@5': '0.0625', 'HR@10': '0.1164', 'NDCG@10': '0.0723', 'HR@20': '0.1526', 'NDCG@20': '0.0814'}
2025-01-06 21:20:00,569 - Validation score increased.  Saving model ...
2025-01-06 21:20:52,091 - {'epoch': 11, 'rec_loss': '7.0602'}
2025-01-06 21:21:03,233 - {'Epoch': 11, 'HR@5': '0.0871', 'NDCG@5': '0.0633', 'HR@10': '0.1178', 'NDCG@10': '0.0732', 'HR@20': '0.1539', 'NDCG@20': '0.0824'}
2025-01-06 21:21:03,234 - Validation score increased.  Saving model ...
2025-01-06 21:21:53,185 - {'epoch': 12, 'rec_loss': '7.0071'}
2025-01-06 21:22:04,809 - {'Epoch': 12, 'HR@5': '0.0899', 'NDCG@5': '0.0647', 'HR@10': '0.1196', 'NDCG@10': '0.0742', 'HR@20': '0.1561', 'NDCG@20': '0.0834'}
2025-01-06 21:22:04,815 - Validation score increased.  Saving model ...
2025-01-06 21:22:55,467 - {'epoch': 13, 'rec_loss': '6.9603'}
2025-01-06 21:23:06,964 - {'Epoch': 13, 'HR@5': '0.0891', 'NDCG@5': '0.0649', 'HR@10': '0.1213', 'NDCG@10': '0.0753', 'HR@20': '0.1586', 'NDCG@20': '0.0847'}
2025-01-06 21:23:06,970 - Validation score increased.  Saving model ...
2025-01-06 21:23:54,913 - {'epoch': 14, 'rec_loss': '6.9178'}
2025-01-06 21:24:07,095 - {'Epoch': 14, 'HR@5': '0.0896', 'NDCG@5': '0.0653', 'HR@10': '0.1233', 'NDCG@10': '0.0762', 'HR@20': '0.1607', 'NDCG@20': '0.0856'}
2025-01-06 21:24:07,096 - Validation score increased.  Saving model ...
2025-01-06 21:24:58,073 - {'epoch': 15, 'rec_loss': '6.8849'}
2025-01-06 21:25:09,938 - {'Epoch': 15, 'HR@5': '0.0907', 'NDCG@5': '0.0660', 'HR@10': '0.1219', 'NDCG@10': '0.0761', 'HR@20': '0.1593', 'NDCG@20': '0.0855'}
2025-01-06 21:25:09,939 - EarlyStopping counter: 1 out of 10
2025-01-06 21:25:58,106 - {'epoch': 16, 'rec_loss': '6.8496'}
2025-01-06 21:26:11,870 - {'Epoch': 16, 'HR@5': '0.0917', 'NDCG@5': '0.0661', 'HR@10': '0.1226', 'NDCG@10': '0.0760', 'HR@20': '0.1609', 'NDCG@20': '0.0856'}
2025-01-06 21:26:11,876 - Validation score increased.  Saving model ...
2025-01-06 21:27:04,880 - {'epoch': 17, 'rec_loss': '6.8233'}
2025-01-06 21:27:18,240 - {'Epoch': 17, 'HR@5': '0.0905', 'NDCG@5': '0.0659', 'HR@10': '0.1238', 'NDCG@10': '0.0767', 'HR@20': '0.1611', 'NDCG@20': '0.0861'}
2025-01-06 21:27:18,244 - Validation score increased.  Saving model ...
2025-01-06 21:28:12,664 - {'epoch': 18, 'rec_loss': '6.7953'}
2025-01-06 21:28:23,824 - {'Epoch': 18, 'HR@5': '0.0919', 'NDCG@5': '0.0664', 'HR@10': '0.1250', 'NDCG@10': '0.0771', 'HR@20': '0.1631', 'NDCG@20': '0.0867'}
2025-01-06 21:28:23,830 - Validation score increased.  Saving model ...
2025-01-06 21:29:15,218 - {'epoch': 19, 'rec_loss': '6.7747'}
2025-01-06 21:29:27,642 - {'Epoch': 19, 'HR@5': '0.0905', 'NDCG@5': '0.0657', 'HR@10': '0.1235', 'NDCG@10': '0.0764', 'HR@20': '0.1627', 'NDCG@20': '0.0862'}
2025-01-06 21:29:27,648 - EarlyStopping counter: 1 out of 10
2025-01-06 21:30:20,232 - {'epoch': 20, 'rec_loss': '6.7501'}
2025-01-06 21:30:32,260 - {'Epoch': 20, 'HR@5': '0.0912', 'NDCG@5': '0.0657', 'HR@10': '0.1233', 'NDCG@10': '0.0760', 'HR@20': '0.1604', 'NDCG@20': '0.0854'}
2025-01-06 21:30:32,265 - EarlyStopping counter: 2 out of 10
2025-01-06 21:31:24,819 - {'epoch': 21, 'rec_loss': '6.7304'}
2025-01-06 21:31:36,712 - {'Epoch': 21, 'HR@5': '0.0914', 'NDCG@5': '0.0666', 'HR@10': '0.1231', 'NDCG@10': '0.0768', 'HR@20': '0.1632', 'NDCG@20': '0.0869'}
2025-01-06 21:31:36,717 - Validation score increased.  Saving model ...
2025-01-06 21:32:27,148 - {'epoch': 22, 'rec_loss': '6.7157'}
2025-01-06 21:32:38,252 - {'Epoch': 22, 'HR@5': '0.0923', 'NDCG@5': '0.0669', 'HR@10': '0.1248', 'NDCG@10': '0.0774', 'HR@20': '0.1638', 'NDCG@20': '0.0872'}
2025-01-06 21:32:38,256 - Validation score increased.  Saving model ...
2025-01-06 21:33:30,027 - {'epoch': 23, 'rec_loss': '6.6955'}
2025-01-06 21:33:41,085 - {'Epoch': 23, 'HR@5': '0.0942', 'NDCG@5': '0.0675', 'HR@10': '0.1255', 'NDCG@10': '0.0776', 'HR@20': '0.1645', 'NDCG@20': '0.0875'}
2025-01-06 21:33:41,090 - Validation score increased.  Saving model ...
2025-01-06 21:34:31,485 - {'epoch': 24, 'rec_loss': '6.6770'}
2025-01-06 21:34:42,891 - {'Epoch': 24, 'HR@5': '0.0930', 'NDCG@5': '0.0674', 'HR@10': '0.1244', 'NDCG@10': '0.0775', 'HR@20': '0.1638', 'NDCG@20': '0.0874'}
2025-01-06 21:34:42,907 - EarlyStopping counter: 1 out of 10
2025-01-06 21:35:32,326 - {'epoch': 25, 'rec_loss': '6.6651'}
2025-01-06 21:35:45,010 - {'Epoch': 25, 'HR@5': '0.0932', 'NDCG@5': '0.0669', 'HR@10': '0.1261', 'NDCG@10': '0.0775', 'HR@20': '0.1645', 'NDCG@20': '0.0872'}
2025-01-06 21:35:45,015 - EarlyStopping counter: 2 out of 10
2025-01-06 21:36:34,282 - {'epoch': 26, 'rec_loss': '6.6534'}
2025-01-06 21:36:48,342 - {'Epoch': 26, 'HR@5': '0.0947', 'NDCG@5': '0.0674', 'HR@10': '0.1266', 'NDCG@10': '0.0776', 'HR@20': '0.1658', 'NDCG@20': '0.0875'}
2025-01-06 21:36:48,349 - Validation score increased.  Saving model ...
2025-01-06 21:37:42,201 - {'epoch': 27, 'rec_loss': '6.6397'}
2025-01-06 21:37:54,425 - {'Epoch': 27, 'HR@5': '0.0934', 'NDCG@5': '0.0670', 'HR@10': '0.1262', 'NDCG@10': '0.0776', 'HR@20': '0.1656', 'NDCG@20': '0.0875'}
2025-01-06 21:37:54,431 - Validation score increased.  Saving model ...
2025-01-06 21:38:43,857 - {'epoch': 28, 'rec_loss': '6.6234'}
2025-01-06 21:38:55,873 - {'Epoch': 28, 'HR@5': '0.0927', 'NDCG@5': '0.0669', 'HR@10': '0.1266', 'NDCG@10': '0.0779', 'HR@20': '0.1649', 'NDCG@20': '0.0875'}
2025-01-06 21:38:55,874 - EarlyStopping counter: 1 out of 10
2025-01-06 21:39:48,374 - {'epoch': 29, 'rec_loss': '6.6154'}
2025-01-06 21:39:59,409 - {'Epoch': 29, 'HR@5': '0.0942', 'NDCG@5': '0.0679', 'HR@10': '0.1261', 'NDCG@10': '0.0782', 'HR@20': '0.1652', 'NDCG@20': '0.0880'}
2025-01-06 21:39:59,410 - Validation score increased.  Saving model ...
2025-01-06 21:40:52,528 - {'epoch': 30, 'rec_loss': '6.5972'}
2025-01-06 21:41:03,988 - {'Epoch': 30, 'HR@5': '0.0949', 'NDCG@5': '0.0685', 'HR@10': '0.1259', 'NDCG@10': '0.0785', 'HR@20': '0.1656', 'NDCG@20': '0.0885'}
2025-01-06 21:41:03,989 - Validation score increased.  Saving model ...
2025-01-06 21:41:54,463 - {'epoch': 31, 'rec_loss': '6.5949'}
2025-01-06 21:42:07,374 - {'Epoch': 31, 'HR@5': '0.0949', 'NDCG@5': '0.0681', 'HR@10': '0.1267', 'NDCG@10': '0.0784', 'HR@20': '0.1660', 'NDCG@20': '0.0883'}
2025-01-06 21:42:07,382 - EarlyStopping counter: 1 out of 10
2025-01-06 21:42:58,145 - {'epoch': 32, 'rec_loss': '6.5787'}
2025-01-06 21:43:10,545 - {'Epoch': 32, 'HR@5': '0.0929', 'NDCG@5': '0.0675', 'HR@10': '0.1256', 'NDCG@10': '0.0780', 'HR@20': '0.1647', 'NDCG@20': '0.0879'}
2025-01-06 21:43:10,551 - EarlyStopping counter: 2 out of 10
2025-01-06 21:43:59,965 - {'epoch': 33, 'rec_loss': '6.5686'}
2025-01-06 21:44:11,985 - {'Epoch': 33, 'HR@5': '0.0945', 'NDCG@5': '0.0679', 'HR@10': '0.1271', 'NDCG@10': '0.0784', 'HR@20': '0.1659', 'NDCG@20': '0.0882'}
2025-01-06 21:44:11,992 - EarlyStopping counter: 3 out of 10
2025-01-06 21:45:03,484 - {'epoch': 34, 'rec_loss': '6.5609'}
2025-01-06 21:45:17,045 - {'Epoch': 34, 'HR@5': '0.0928', 'NDCG@5': '0.0674', 'HR@10': '0.1264', 'NDCG@10': '0.0782', 'HR@20': '0.1660', 'NDCG@20': '0.0883'}
2025-01-06 21:45:17,050 - EarlyStopping counter: 4 out of 10
2025-01-06 21:46:06,790 - {'epoch': 35, 'rec_loss': '6.5488'}
2025-01-06 21:46:18,832 - {'Epoch': 35, 'HR@5': '0.0937', 'NDCG@5': '0.0679', 'HR@10': '0.1252', 'NDCG@10': '0.0781', 'HR@20': '0.1676', 'NDCG@20': '0.0887'}
2025-01-06 21:46:18,837 - Validation score increased.  Saving model ...
2025-01-06 21:47:10,854 - {'epoch': 36, 'rec_loss': '6.5350'}
2025-01-06 21:47:23,313 - {'Epoch': 36, 'HR@5': '0.0935', 'NDCG@5': '0.0685', 'HR@10': '0.1270', 'NDCG@10': '0.0793', 'HR@20': '0.1679', 'NDCG@20': '0.0896'}
2025-01-06 21:47:23,314 - Validation score increased.  Saving model ...
2025-01-06 21:48:12,705 - {'epoch': 37, 'rec_loss': '6.5332'}
2025-01-06 21:48:25,104 - {'Epoch': 37, 'HR@5': '0.0949', 'NDCG@5': '0.0686', 'HR@10': '0.1261', 'NDCG@10': '0.0786', 'HR@20': '0.1671', 'NDCG@20': '0.0890'}
2025-01-06 21:48:25,109 - EarlyStopping counter: 1 out of 10
2025-01-06 21:49:13,730 - {'epoch': 38, 'rec_loss': '6.5242'}
2025-01-06 21:49:25,804 - {'Epoch': 38, 'HR@5': '0.0925', 'NDCG@5': '0.0669', 'HR@10': '0.1269', 'NDCG@10': '0.0781', 'HR@20': '0.1669', 'NDCG@20': '0.0881'}
2025-01-06 21:49:25,811 - EarlyStopping counter: 2 out of 10
2025-01-06 21:50:12,818 - {'epoch': 39, 'rec_loss': '6.5116'}
2025-01-06 21:50:24,030 - {'Epoch': 39, 'HR@5': '0.0942', 'NDCG@5': '0.0684', 'HR@10': '0.1277', 'NDCG@10': '0.0791', 'HR@20': '0.1673', 'NDCG@20': '0.0891'}
2025-01-06 21:50:24,031 - EarlyStopping counter: 3 out of 10
2025-01-06 21:51:10,523 - {'epoch': 40, 'rec_loss': '6.5002'}
2025-01-06 21:51:21,262 - {'Epoch': 40, 'HR@5': '0.0938', 'NDCG@5': '0.0677', 'HR@10': '0.1285', 'NDCG@10': '0.0789', 'HR@20': '0.1682', 'NDCG@20': '0.0889'}
2025-01-06 21:51:21,262 - EarlyStopping counter: 4 out of 10
2025-01-06 21:52:07,643 - {'epoch': 41, 'rec_loss': '6.5005'}
2025-01-06 21:52:18,594 - {'Epoch': 41, 'HR@5': '0.0938', 'NDCG@5': '0.0678', 'HR@10': '0.1258', 'NDCG@10': '0.0781', 'HR@20': '0.1677', 'NDCG@20': '0.0886'}
2025-01-06 21:52:18,595 - EarlyStopping counter: 5 out of 10
2025-01-06 21:53:05,839 - {'epoch': 42, 'rec_loss': '6.4919'}
2025-01-06 21:53:16,768 - {'Epoch': 42, 'HR@5': '0.0950', 'NDCG@5': '0.0685', 'HR@10': '0.1257', 'NDCG@10': '0.0784', 'HR@20': '0.1656', 'NDCG@20': '0.0885'}
2025-01-06 21:53:16,773 - EarlyStopping counter: 6 out of 10
2025-01-06 21:54:04,507 - {'epoch': 43, 'rec_loss': '6.4837'}
2025-01-06 21:54:15,502 - {'Epoch': 43, 'HR@5': '0.0920', 'NDCG@5': '0.0665', 'HR@10': '0.1256', 'NDCG@10': '0.0774', 'HR@20': '0.1656', 'NDCG@20': '0.0875'}
2025-01-06 21:54:15,506 - EarlyStopping counter: 7 out of 10
2025-01-06 21:55:01,828 - {'epoch': 44, 'rec_loss': '6.4745'}
2025-01-06 21:55:12,600 - {'Epoch': 44, 'HR@5': '0.0939', 'NDCG@5': '0.0675', 'HR@10': '0.1263', 'NDCG@10': '0.0779', 'HR@20': '0.1658', 'NDCG@20': '0.0879'}
2025-01-06 21:55:12,608 - EarlyStopping counter: 8 out of 10
2025-01-06 21:55:58,696 - {'epoch': 45, 'rec_loss': '6.4695'}
2025-01-06 21:56:09,421 - {'Epoch': 45, 'HR@5': '0.0941', 'NDCG@5': '0.0676', 'HR@10': '0.1263', 'NDCG@10': '0.0780', 'HR@20': '0.1639', 'NDCG@20': '0.0874'}
2025-01-06 21:56:09,427 - EarlyStopping counter: 9 out of 10
2025-01-06 21:56:57,330 - {'epoch': 46, 'rec_loss': '6.4588'}
2025-01-06 21:57:08,456 - {'Epoch': 46, 'HR@5': '0.0932', 'NDCG@5': '0.0677', 'HR@10': '0.1253', 'NDCG@10': '0.0781', 'HR@20': '0.1639', 'NDCG@20': '0.0878'}
2025-01-06 21:57:08,462 - EarlyStopping counter: 10 out of 10
2025-01-06 21:57:08,462 - Early stopping
2025-01-06 21:57:08,462 - ---------------Test Score---------------
2025-01-06 21:57:19,396 - {'Epoch': 0, 'HR@5': '0.0791', 'NDCG@5': '0.0574', 'HR@10': '0.1061', 'NDCG@10': '0.0661', 'HR@20': '0.1398', 'NDCG@20': '0.0746'}
2025-01-06 21:57:19,397 - BSARec_SA_A_Toys_and_Games
2025-01-06 21:57:19,397 - {'Epoch': 0, 'HR@5': '0.0791', 'NDCG@5': '0.0574', 'HR@10': '0.1061', 'NDCG@10': '0.0661', 'HR@20': '0.1398', 'NDCG@20': '0.0746'}
