2025-01-06 19:00:54,911 - Namespace(data_dir='./data/', output_dir='output/', data_name='Beauty', do_eval=False, load_model=None, train_name='BSARec_S_Beauty', num_items=10, num_users=22364, lr=0.0005, batch_size=256, epochs=200, no_cuda=False, log_freq=1, patience=10, num_workers=4, seed=42, weight_decay=0.0, adam_beta1=0.9, adam_beta2=0.999, gpu_id='0', variance=5, model_type='BSARec_S', max_seq_length=50, hidden_size=64, num_hidden_layers=2, hidden_act='gelu', num_attention_heads=1, attention_probs_dropout_prob=0.5, hidden_dropout_prob=0.5, initializer_range=0.02, c=5, alpha=0.7, cuda_condition=True, data_file='./data/Beauty.txt', item_size=12102, checkpoint_path='output/BSARec_S_Beauty.pt', same_target_path='./data/Beauty_same_target.npy')
2025-01-06 19:00:54,922 - BSARecModel_S(
  (item_embeddings): Embedding(12102, 64, padding_idx=0)
  (position_embeddings): Embedding(50, 64)
  (LayerNorm): LayerNorm()
  (dropout): Dropout(p=0.5, inplace=False)
  (item_encoder): BSARecEncoder(
    (blocks): ModuleList(
      (0): BSARecBlock(
        (layer): BSARecLayer(
          (filter_layer): FrequencyLayer(
            (out_dropout): Dropout(p=0.5, inplace=False)
            (LayerNorm): LayerNorm()
          )
          (attention_layer): MultiHeadAttention(
            (query): Linear(in_features=64, out_features=64, bias=True)
            (key): Linear(in_features=64, out_features=64, bias=True)
            (value): Linear(in_features=64, out_features=64, bias=True)
            (softmax): Softmax(dim=-1)
            (attn_dropout): Dropout(p=0.5, inplace=False)
            (dense): Linear(in_features=64, out_features=64, bias=True)
            (LayerNorm): LayerNorm((64,), eps=1e-12, elementwise_affine=True)
            (out_dropout): Dropout(p=0.5, inplace=False)
          )
        )
        (feed_forward_d): FeedForward(
          (dense_1): Linear(in_features=64, out_features=256, bias=True)
          (dense_2): Linear(in_features=256, out_features=64, bias=True)
          (LayerNorm): LayerNorm()
          (dropout): Dropout(p=0.5, inplace=False)
        )
      )
      (1): BSARecBlock(
        (layer): BSARecLayer(
          (filter_layer): FrequencyLayer(
            (out_dropout): Dropout(p=0.5, inplace=False)
            (LayerNorm): LayerNorm()
          )
          (attention_layer): MultiHeadAttention(
            (query): Linear(in_features=64, out_features=64, bias=True)
            (key): Linear(in_features=64, out_features=64, bias=True)
            (value): Linear(in_features=64, out_features=64, bias=True)
            (softmax): Softmax(dim=-1)
            (attn_dropout): Dropout(p=0.5, inplace=False)
            (dense): Linear(in_features=64, out_features=64, bias=True)
            (LayerNorm): LayerNorm((64,), eps=1e-12, elementwise_affine=True)
            (out_dropout): Dropout(p=0.5, inplace=False)
          )
        )
        (feed_forward_d): FeedForward(
          (dense_1): Linear(in_features=64, out_features=256, bias=True)
          (dense_2): Linear(in_features=256, out_features=64, bias=True)
          (LayerNorm): LayerNorm()
          (dropout): Dropout(p=0.5, inplace=False)
        )
      )
    )
  )
)
2025-01-06 19:00:56,287 - Total Parameters: 878208
2025-01-06 19:01:36,005 - Namespace(data_dir='./data/', output_dir='output/', data_name='Beauty', do_eval=False, load_model=None, train_name='BSARec_S_Beauty', num_items=10, num_users=22364, lr=0.0005, batch_size=256, epochs=200, no_cuda=False, log_freq=1, patience=10, num_workers=4, seed=42, weight_decay=0.0, adam_beta1=0.9, adam_beta2=0.999, gpu_id='0', variance=5, model_type='BSARec_S', max_seq_length=50, hidden_size=64, num_hidden_layers=2, hidden_act='gelu', num_attention_heads=1, attention_probs_dropout_prob=0.5, hidden_dropout_prob=0.5, initializer_range=0.02, c=5, alpha=0.7, cuda_condition=True, data_file='./data/Beauty.txt', item_size=12102, checkpoint_path='output/BSARec_S_Beauty.pt', same_target_path='./data/Beauty_same_target.npy')
2025-01-06 19:01:36,016 - BSARecModel_S(
  (item_embeddings): Embedding(12102, 64, padding_idx=0)
  (position_embeddings): Embedding(50, 64)
  (LayerNorm): LayerNorm()
  (dropout): Dropout(p=0.5, inplace=False)
  (item_encoder): BSARecEncoder(
    (blocks): ModuleList(
      (0): BSARecBlock(
        (layer): BSARecLayer(
          (filter_layer): FrequencyLayer(
            (out_dropout): Dropout(p=0.5, inplace=False)
            (LayerNorm): LayerNorm()
          )
          (attention_layer): MultiHeadAttention(
            (query): Linear(in_features=64, out_features=64, bias=True)
            (key): Linear(in_features=64, out_features=64, bias=True)
            (value): Linear(in_features=64, out_features=64, bias=True)
            (softmax): Softmax(dim=-1)
            (attn_dropout): Dropout(p=0.5, inplace=False)
            (dense): Linear(in_features=64, out_features=64, bias=True)
            (LayerNorm): LayerNorm((64,), eps=1e-12, elementwise_affine=True)
            (out_dropout): Dropout(p=0.5, inplace=False)
          )
        )
        (feed_forward_g): FeedForward(
          (dense_1): Linear(in_features=64, out_features=256, bias=True)
          (dense_2): Linear(in_features=256, out_features=64, bias=True)
          (LayerNorm): LayerNorm()
          (dropout): Dropout(p=0.5, inplace=False)
        )
      )
      (1): BSARecBlock(
        (layer): BSARecLayer(
          (filter_layer): FrequencyLayer(
            (out_dropout): Dropout(p=0.5, inplace=False)
            (LayerNorm): LayerNorm()
          )
          (attention_layer): MultiHeadAttention(
            (query): Linear(in_features=64, out_features=64, bias=True)
            (key): Linear(in_features=64, out_features=64, bias=True)
            (value): Linear(in_features=64, out_features=64, bias=True)
            (softmax): Softmax(dim=-1)
            (attn_dropout): Dropout(p=0.5, inplace=False)
            (dense): Linear(in_features=64, out_features=64, bias=True)
            (LayerNorm): LayerNorm((64,), eps=1e-12, elementwise_affine=True)
            (out_dropout): Dropout(p=0.5, inplace=False)
          )
        )
        (feed_forward_g): FeedForward(
          (dense_1): Linear(in_features=64, out_features=256, bias=True)
          (dense_2): Linear(in_features=256, out_features=64, bias=True)
          (LayerNorm): LayerNorm()
          (dropout): Dropout(p=0.5, inplace=False)
        )
      )
    )
  )
)
2025-01-06 19:01:37,377 - Total Parameters: 878208
2025-01-06 19:01:45,066 - {'epoch': 0, 'rec_loss': '8.8661'}
2025-01-06 19:01:49,031 - {'Epoch': 0, 'HR@5': '0.0124', 'NDCG@5': '0.0081', 'HR@10': '0.0208', 'NDCG@10': '0.0108', 'HR@20': '0.0351', 'NDCG@20': '0.0144'}
2025-01-06 19:01:49,032 - Validation score increased.  Saving model ...
2025-01-06 19:01:56,068 - {'epoch': 1, 'rec_loss': '8.4427'}
2025-01-06 19:02:00,122 - {'Epoch': 1, 'HR@5': '0.0243', 'NDCG@5': '0.0151', 'HR@10': '0.0403', 'NDCG@10': '0.0203', 'HR@20': '0.0604', 'NDCG@20': '0.0253'}
2025-01-06 19:02:00,122 - Validation score increased.  Saving model ...
2025-01-06 19:02:07,038 - {'epoch': 2, 'rec_loss': '8.1461'}
2025-01-06 19:02:10,662 - {'Epoch': 2, 'HR@5': '0.0381', 'NDCG@5': '0.0246', 'HR@10': '0.0566', 'NDCG@10': '0.0305', 'HR@20': '0.0842', 'NDCG@20': '0.0375'}
2025-01-06 19:02:10,662 - Validation score increased.  Saving model ...
2025-01-06 19:02:17,392 - {'epoch': 3, 'rec_loss': '7.8973'}
2025-01-06 19:02:21,246 - {'Epoch': 3, 'HR@5': '0.0486', 'NDCG@5': '0.0321', 'HR@10': '0.0711', 'NDCG@10': '0.0394', 'HR@20': '0.1040', 'NDCG@20': '0.0476'}
2025-01-06 19:02:21,248 - Validation score increased.  Saving model ...
2025-01-06 19:02:28,176 - {'epoch': 4, 'rec_loss': '7.7121'}
2025-01-06 19:02:31,905 - {'Epoch': 4, 'HR@5': '0.0567', 'NDCG@5': '0.0380', 'HR@10': '0.0825', 'NDCG@10': '0.0463', 'HR@20': '0.1170', 'NDCG@20': '0.0550'}
2025-01-06 19:02:31,906 - Validation score increased.  Saving model ...
2025-01-06 19:02:38,851 - {'epoch': 5, 'rec_loss': '7.5603'}
2025-01-06 19:02:42,647 - {'Epoch': 5, 'HR@5': '0.0643', 'NDCG@5': '0.0441', 'HR@10': '0.0914', 'NDCG@10': '0.0528', 'HR@20': '0.1280', 'NDCG@20': '0.0620'}
2025-01-06 19:02:42,648 - Validation score increased.  Saving model ...
2025-01-06 19:02:49,595 - {'epoch': 6, 'rec_loss': '7.4329'}
2025-01-06 19:02:53,379 - {'Epoch': 6, 'HR@5': '0.0692', 'NDCG@5': '0.0477', 'HR@10': '0.0969', 'NDCG@10': '0.0565', 'HR@20': '0.1335', 'NDCG@20': '0.0658'}
2025-01-06 19:02:53,382 - Validation score increased.  Saving model ...
2025-01-06 19:03:00,305 - {'epoch': 7, 'rec_loss': '7.3243'}
2025-01-06 19:03:03,989 - {'Epoch': 7, 'HR@5': '0.0726', 'NDCG@5': '0.0513', 'HR@10': '0.1023', 'NDCG@10': '0.0608', 'HR@20': '0.1375', 'NDCG@20': '0.0697'}
2025-01-06 19:03:03,990 - Validation score increased.  Saving model ...
2025-01-06 19:03:10,928 - {'epoch': 8, 'rec_loss': '7.2291'}
2025-01-06 19:03:14,676 - {'Epoch': 8, 'HR@5': '0.0749', 'NDCG@5': '0.0542', 'HR@10': '0.1032', 'NDCG@10': '0.0633', 'HR@20': '0.1397', 'NDCG@20': '0.0725'}
2025-01-06 19:03:14,678 - Validation score increased.  Saving model ...
2025-01-06 19:03:21,565 - {'epoch': 9, 'rec_loss': '7.1516'}
2025-01-06 19:03:25,417 - {'Epoch': 9, 'HR@5': '0.0762', 'NDCG@5': '0.0551', 'HR@10': '0.1045', 'NDCG@10': '0.0642', 'HR@20': '0.1427', 'NDCG@20': '0.0739'}
2025-01-06 19:03:25,420 - Validation score increased.  Saving model ...
2025-01-06 19:03:32,451 - {'epoch': 10, 'rec_loss': '7.0892'}
2025-01-06 19:03:36,276 - {'Epoch': 10, 'HR@5': '0.0780', 'NDCG@5': '0.0564', 'HR@10': '0.1053', 'NDCG@10': '0.0652', 'HR@20': '0.1432', 'NDCG@20': '0.0747'}
2025-01-06 19:03:36,276 - Validation score increased.  Saving model ...
2025-01-06 19:03:43,119 - {'epoch': 11, 'rec_loss': '7.0336'}
2025-01-06 19:03:46,927 - {'Epoch': 11, 'HR@5': '0.0801', 'NDCG@5': '0.0576', 'HR@10': '0.1081', 'NDCG@10': '0.0666', 'HR@20': '0.1465', 'NDCG@20': '0.0762'}
2025-01-06 19:03:46,927 - Validation score increased.  Saving model ...
2025-01-06 19:03:53,790 - {'epoch': 12, 'rec_loss': '6.9824'}
2025-01-06 19:03:57,599 - {'Epoch': 12, 'HR@5': '0.0803', 'NDCG@5': '0.0581', 'HR@10': '0.1099', 'NDCG@10': '0.0676', 'HR@20': '0.1474', 'NDCG@20': '0.0771'}
2025-01-06 19:03:57,599 - Validation score increased.  Saving model ...
2025-01-06 19:04:09,107 - {'epoch': 13, 'rec_loss': '6.9425'}
2025-01-06 19:04:13,791 - {'Epoch': 13, 'HR@5': '0.0805', 'NDCG@5': '0.0579', 'HR@10': '0.1092', 'NDCG@10': '0.0672', 'HR@20': '0.1485', 'NDCG@20': '0.0770'}
2025-01-06 19:04:13,791 - EarlyStopping counter: 1 out of 10
2025-01-06 19:04:25,246 - {'epoch': 14, 'rec_loss': '6.9019'}
2025-01-06 19:04:29,994 - {'Epoch': 14, 'HR@5': '0.0802', 'NDCG@5': '0.0575', 'HR@10': '0.1096', 'NDCG@10': '0.0670', 'HR@20': '0.1460', 'NDCG@20': '0.0762'}
2025-01-06 19:04:29,994 - EarlyStopping counter: 2 out of 10
2025-01-06 19:04:41,317 - {'epoch': 15, 'rec_loss': '6.8798'}
2025-01-06 19:04:46,022 - {'Epoch': 15, 'HR@5': '0.0811', 'NDCG@5': '0.0580', 'HR@10': '0.1102', 'NDCG@10': '0.0673', 'HR@20': '0.1479', 'NDCG@20': '0.0768'}
2025-01-06 19:04:46,023 - EarlyStopping counter: 3 out of 10
2025-01-06 19:04:57,211 - {'epoch': 16, 'rec_loss': '6.8522'}
2025-01-06 19:05:02,179 - {'Epoch': 16, 'HR@5': '0.0817', 'NDCG@5': '0.0594', 'HR@10': '0.1111', 'NDCG@10': '0.0688', 'HR@20': '0.1490', 'NDCG@20': '0.0784'}
2025-01-06 19:05:02,179 - Validation score increased.  Saving model ...
2025-01-06 19:05:14,071 - {'epoch': 17, 'rec_loss': '6.8334'}
2025-01-06 19:05:18,717 - {'Epoch': 17, 'HR@5': '0.0822', 'NDCG@5': '0.0585', 'HR@10': '0.1117', 'NDCG@10': '0.0680', 'HR@20': '0.1493', 'NDCG@20': '0.0774'}
2025-01-06 19:05:18,717 - EarlyStopping counter: 1 out of 10
2025-01-06 19:05:31,026 - {'epoch': 18, 'rec_loss': '6.8082'}
2025-01-06 19:05:35,691 - {'Epoch': 18, 'HR@5': '0.0817', 'NDCG@5': '0.0590', 'HR@10': '0.1124', 'NDCG@10': '0.0689', 'HR@20': '0.1507', 'NDCG@20': '0.0785'}
2025-01-06 19:05:35,695 - Validation score increased.  Saving model ...
2025-01-06 19:05:47,974 - {'epoch': 19, 'rec_loss': '6.7887'}
2025-01-06 19:05:52,809 - {'Epoch': 19, 'HR@5': '0.0825', 'NDCG@5': '0.0592', 'HR@10': '0.1120', 'NDCG@10': '0.0686', 'HR@20': '0.1503', 'NDCG@20': '0.0783'}
2025-01-06 19:05:52,809 - EarlyStopping counter: 1 out of 10
2025-01-06 19:06:04,348 - {'epoch': 20, 'rec_loss': '6.7747'}
2025-01-06 19:06:09,221 - {'Epoch': 20, 'HR@5': '0.0814', 'NDCG@5': '0.0579', 'HR@10': '0.1112', 'NDCG@10': '0.0675', 'HR@20': '0.1499', 'NDCG@20': '0.0772'}
2025-01-06 19:06:09,222 - EarlyStopping counter: 2 out of 10
2025-01-06 19:06:20,192 - {'epoch': 21, 'rec_loss': '6.7540'}
2025-01-06 19:06:25,224 - {'Epoch': 21, 'HR@5': '0.0818', 'NDCG@5': '0.0589', 'HR@10': '0.1115', 'NDCG@10': '0.0684', 'HR@20': '0.1505', 'NDCG@20': '0.0783'}
2025-01-06 19:06:25,227 - EarlyStopping counter: 3 out of 10
2025-01-06 19:06:35,528 - {'epoch': 22, 'rec_loss': '6.7416'}
2025-01-06 19:06:41,378 - {'Epoch': 22, 'HR@5': '0.0826', 'NDCG@5': '0.0596', 'HR@10': '0.1131', 'NDCG@10': '0.0694', 'HR@20': '0.1495', 'NDCG@20': '0.0787'}
2025-01-06 19:06:41,379 - Validation score increased.  Saving model ...
2025-01-06 19:06:51,566 - {'epoch': 23, 'rec_loss': '6.7318'}
2025-01-06 19:06:57,563 - {'Epoch': 23, 'HR@5': '0.0815', 'NDCG@5': '0.0587', 'HR@10': '0.1128', 'NDCG@10': '0.0688', 'HR@20': '0.1507', 'NDCG@20': '0.0783'}
2025-01-06 19:06:57,567 - EarlyStopping counter: 1 out of 10
2025-01-06 19:07:07,659 - {'epoch': 24, 'rec_loss': '6.7167'}
2025-01-06 19:07:12,893 - {'Epoch': 24, 'HR@5': '0.0817', 'NDCG@5': '0.0584', 'HR@10': '0.1127', 'NDCG@10': '0.0684', 'HR@20': '0.1505', 'NDCG@20': '0.0779'}
2025-01-06 19:07:12,896 - EarlyStopping counter: 2 out of 10
2025-01-06 19:07:22,705 - {'epoch': 25, 'rec_loss': '6.7074'}
2025-01-06 19:07:28,445 - {'Epoch': 25, 'HR@5': '0.0828', 'NDCG@5': '0.0593', 'HR@10': '0.1130', 'NDCG@10': '0.0690', 'HR@20': '0.1510', 'NDCG@20': '0.0785'}
2025-01-06 19:07:28,446 - EarlyStopping counter: 3 out of 10
2025-01-06 19:07:38,437 - {'epoch': 26, 'rec_loss': '6.6954'}
2025-01-06 19:07:44,009 - {'Epoch': 26, 'HR@5': '0.0825', 'NDCG@5': '0.0594', 'HR@10': '0.1135', 'NDCG@10': '0.0694', 'HR@20': '0.1520', 'NDCG@20': '0.0790'}
2025-01-06 19:07:44,010 - Validation score increased.  Saving model ...
2025-01-06 19:07:53,835 - {'epoch': 27, 'rec_loss': '6.6841'}
2025-01-06 19:07:59,385 - {'Epoch': 27, 'HR@5': '0.0825', 'NDCG@5': '0.0592', 'HR@10': '0.1147', 'NDCG@10': '0.0696', 'HR@20': '0.1512', 'NDCG@20': '0.0788'}
2025-01-06 19:07:59,385 - EarlyStopping counter: 1 out of 10
2025-01-06 19:08:09,435 - {'epoch': 28, 'rec_loss': '6.6707'}
2025-01-06 19:08:14,756 - {'Epoch': 28, 'HR@5': '0.0826', 'NDCG@5': '0.0593', 'HR@10': '0.1137', 'NDCG@10': '0.0693', 'HR@20': '0.1510', 'NDCG@20': '0.0787'}
2025-01-06 19:08:14,759 - EarlyStopping counter: 2 out of 10
2025-01-06 19:08:24,848 - {'epoch': 29, 'rec_loss': '6.6666'}
2025-01-06 19:08:30,218 - {'Epoch': 29, 'HR@5': '0.0821', 'NDCG@5': '0.0590', 'HR@10': '0.1126', 'NDCG@10': '0.0689', 'HR@20': '0.1511', 'NDCG@20': '0.0786'}
2025-01-06 19:08:30,221 - EarlyStopping counter: 3 out of 10
2025-01-06 19:08:40,652 - {'epoch': 30, 'rec_loss': '6.6592'}
2025-01-06 19:08:45,740 - {'Epoch': 30, 'HR@5': '0.0831', 'NDCG@5': '0.0598', 'HR@10': '0.1141', 'NDCG@10': '0.0698', 'HR@20': '0.1522', 'NDCG@20': '0.0793'}
2025-01-06 19:08:45,743 - Validation score increased.  Saving model ...
2025-01-06 19:08:56,057 - {'epoch': 31, 'rec_loss': '6.6473'}
2025-01-06 19:09:01,377 - {'Epoch': 31, 'HR@5': '0.0837', 'NDCG@5': '0.0606', 'HR@10': '0.1145', 'NDCG@10': '0.0705', 'HR@20': '0.1524', 'NDCG@20': '0.0801'}
2025-01-06 19:09:01,381 - Validation score increased.  Saving model ...
2025-01-06 19:09:11,656 - {'epoch': 32, 'rec_loss': '6.6437'}
2025-01-06 19:09:16,799 - {'Epoch': 32, 'HR@5': '0.0831', 'NDCG@5': '0.0599', 'HR@10': '0.1138', 'NDCG@10': '0.0698', 'HR@20': '0.1532', 'NDCG@20': '0.0798'}
2025-01-06 19:09:16,800 - EarlyStopping counter: 1 out of 10
2025-01-06 19:09:27,602 - {'epoch': 33, 'rec_loss': '6.6342'}
2025-01-06 19:09:32,572 - {'Epoch': 33, 'HR@5': '0.0834', 'NDCG@5': '0.0595', 'HR@10': '0.1144', 'NDCG@10': '0.0695', 'HR@20': '0.1523', 'NDCG@20': '0.0791'}
2025-01-06 19:09:32,573 - EarlyStopping counter: 2 out of 10
2025-01-06 19:09:43,764 - {'epoch': 34, 'rec_loss': '6.6242'}
2025-01-06 19:09:48,594 - {'Epoch': 34, 'HR@5': '0.0840', 'NDCG@5': '0.0598', 'HR@10': '0.1147', 'NDCG@10': '0.0697', 'HR@20': '0.1539', 'NDCG@20': '0.0795'}
2025-01-06 19:09:48,594 - EarlyStopping counter: 3 out of 10
2025-01-06 19:09:59,569 - {'epoch': 35, 'rec_loss': '6.6211'}
2025-01-06 19:10:04,445 - {'Epoch': 35, 'HR@5': '0.0830', 'NDCG@5': '0.0600', 'HR@10': '0.1145', 'NDCG@10': '0.0702', 'HR@20': '0.1543', 'NDCG@20': '0.0802'}
2025-01-06 19:10:04,445 - Validation score increased.  Saving model ...
2025-01-06 19:10:15,985 - {'epoch': 36, 'rec_loss': '6.6118'}
2025-01-06 19:10:20,808 - {'Epoch': 36, 'HR@5': '0.0835', 'NDCG@5': '0.0593', 'HR@10': '0.1151', 'NDCG@10': '0.0695', 'HR@20': '0.1550', 'NDCG@20': '0.0795'}
2025-01-06 19:10:20,808 - EarlyStopping counter: 1 out of 10
2025-01-06 19:10:32,415 - {'epoch': 37, 'rec_loss': '6.6078'}
2025-01-06 19:10:37,185 - {'Epoch': 37, 'HR@5': '0.0832', 'NDCG@5': '0.0593', 'HR@10': '0.1130', 'NDCG@10': '0.0688', 'HR@20': '0.1520', 'NDCG@20': '0.0786'}
2025-01-06 19:10:37,186 - EarlyStopping counter: 2 out of 10
2025-01-06 19:10:49,077 - {'epoch': 38, 'rec_loss': '6.5956'}
2025-01-06 19:10:53,717 - {'Epoch': 38, 'HR@5': '0.0851', 'NDCG@5': '0.0610', 'HR@10': '0.1140', 'NDCG@10': '0.0703', 'HR@20': '0.1550', 'NDCG@20': '0.0806'}
2025-01-06 19:10:53,720 - Validation score increased.  Saving model ...
2025-01-06 19:11:05,669 - {'epoch': 39, 'rec_loss': '6.5933'}
2025-01-06 19:11:10,182 - {'Epoch': 39, 'HR@5': '0.0838', 'NDCG@5': '0.0607', 'HR@10': '0.1153', 'NDCG@10': '0.0708', 'HR@20': '0.1544', 'NDCG@20': '0.0806'}
2025-01-06 19:11:10,185 - Validation score increased.  Saving model ...
2025-01-06 19:11:22,578 - {'epoch': 40, 'rec_loss': '6.5910'}
2025-01-06 19:11:27,143 - {'Epoch': 40, 'HR@5': '0.0842', 'NDCG@5': '0.0608', 'HR@10': '0.1147', 'NDCG@10': '0.0706', 'HR@20': '0.1527', 'NDCG@20': '0.0802'}
2025-01-06 19:11:27,144 - EarlyStopping counter: 1 out of 10
2025-01-06 19:11:39,297 - {'epoch': 41, 'rec_loss': '6.5832'}
2025-01-06 19:11:43,693 - {'Epoch': 41, 'HR@5': '0.0858', 'NDCG@5': '0.0612', 'HR@10': '0.1144', 'NDCG@10': '0.0704', 'HR@20': '0.1555', 'NDCG@20': '0.0808'}
2025-01-06 19:11:43,694 - Validation score increased.  Saving model ...
2025-01-06 19:11:55,615 - {'epoch': 42, 'rec_loss': '6.5766'}
2025-01-06 19:12:00,797 - {'Epoch': 42, 'HR@5': '0.0854', 'NDCG@5': '0.0603', 'HR@10': '0.1149', 'NDCG@10': '0.0698', 'HR@20': '0.1536', 'NDCG@20': '0.0796'}
2025-01-06 19:12:00,798 - EarlyStopping counter: 1 out of 10
2025-01-06 19:12:12,052 - {'epoch': 43, 'rec_loss': '6.5710'}
2025-01-06 19:12:17,655 - {'Epoch': 43, 'HR@5': '0.0834', 'NDCG@5': '0.0593', 'HR@10': '0.1139', 'NDCG@10': '0.0692', 'HR@20': '0.1528', 'NDCG@20': '0.0790'}
2025-01-06 19:12:17,656 - EarlyStopping counter: 2 out of 10
2025-01-06 19:12:27,897 - {'epoch': 44, 'rec_loss': '6.5671'}
2025-01-06 19:12:33,671 - {'Epoch': 44, 'HR@5': '0.0843', 'NDCG@5': '0.0610', 'HR@10': '0.1142', 'NDCG@10': '0.0707', 'HR@20': '0.1537', 'NDCG@20': '0.0806'}
2025-01-06 19:12:33,672 - EarlyStopping counter: 3 out of 10
2025-01-06 19:12:43,851 - {'epoch': 45, 'rec_loss': '6.5609'}
2025-01-06 19:12:49,442 - {'Epoch': 45, 'HR@5': '0.0846', 'NDCG@5': '0.0605', 'HR@10': '0.1139', 'NDCG@10': '0.0700', 'HR@20': '0.1531', 'NDCG@20': '0.0799'}
2025-01-06 19:12:49,442 - EarlyStopping counter: 4 out of 10
2025-01-06 19:12:59,450 - {'epoch': 46, 'rec_loss': '6.5581'}
2025-01-06 19:13:05,048 - {'Epoch': 46, 'HR@5': '0.0847', 'NDCG@5': '0.0606', 'HR@10': '0.1146', 'NDCG@10': '0.0702', 'HR@20': '0.1542', 'NDCG@20': '0.0802'}
2025-01-06 19:13:05,051 - EarlyStopping counter: 5 out of 10
2025-01-06 19:13:14,878 - {'epoch': 47, 'rec_loss': '6.5522'}
2025-01-06 19:13:20,435 - {'Epoch': 47, 'HR@5': '0.0839', 'NDCG@5': '0.0604', 'HR@10': '0.1141', 'NDCG@10': '0.0701', 'HR@20': '0.1523', 'NDCG@20': '0.0797'}
2025-01-06 19:13:20,437 - EarlyStopping counter: 6 out of 10
2025-01-06 19:13:30,529 - {'epoch': 48, 'rec_loss': '6.5481'}
2025-01-06 19:13:36,021 - {'Epoch': 48, 'HR@5': '0.0863', 'NDCG@5': '0.0617', 'HR@10': '0.1151', 'NDCG@10': '0.0710', 'HR@20': '0.1532', 'NDCG@20': '0.0806'}
2025-01-06 19:13:36,022 - EarlyStopping counter: 7 out of 10
2025-01-06 19:13:48,612 - {'epoch': 49, 'rec_loss': '6.5444'}
2025-01-06 19:13:55,219 - {'Epoch': 49, 'HR@5': '0.0846', 'NDCG@5': '0.0599', 'HR@10': '0.1148', 'NDCG@10': '0.0697', 'HR@20': '0.1540', 'NDCG@20': '0.0795'}
2025-01-06 19:13:55,220 - EarlyStopping counter: 8 out of 10
2025-01-06 19:14:21,284 - {'epoch': 50, 'rec_loss': '6.5372'}
2025-01-06 19:14:30,177 - {'Epoch': 50, 'HR@5': '0.0851', 'NDCG@5': '0.0607', 'HR@10': '0.1154', 'NDCG@10': '0.0705', 'HR@20': '0.1525', 'NDCG@20': '0.0798'}
2025-01-06 19:14:30,178 - EarlyStopping counter: 9 out of 10
2025-01-06 19:15:09,182 - {'epoch': 51, 'rec_loss': '6.5351'}
2025-01-06 19:15:20,162 - {'Epoch': 51, 'HR@5': '0.0842', 'NDCG@5': '0.0608', 'HR@10': '0.1144', 'NDCG@10': '0.0706', 'HR@20': '0.1540', 'NDCG@20': '0.0806'}
2025-01-06 19:15:20,166 - EarlyStopping counter: 10 out of 10
2025-01-06 19:15:20,166 - Early stopping
2025-01-06 19:15:20,166 - ---------------Test Score---------------
2025-01-06 19:15:31,357 - {'Epoch': 0, 'HR@5': '0.0678', 'NDCG@5': '0.0489', 'HR@10': '0.0915', 'NDCG@10': '0.0565', 'HR@20': '0.1255', 'NDCG@20': '0.0650'}
2025-01-06 19:15:31,358 - BSARec_S_Beauty
2025-01-06 19:15:31,358 - {'Epoch': 0, 'HR@5': '0.0678', 'NDCG@5': '0.0489', 'HR@10': '0.0915', 'NDCG@10': '0.0565', 'HR@20': '0.1255', 'NDCG@20': '0.0650'}
