2024-12-03 15:20:10,402 - Namespace(data_dir='./data/', output_dir='output/', data_name='Beauty', do_eval=False, load_model=None, train_name='Caser_Beauty', num_items=10, num_users=22364, lr=0.001, batch_size=256, epochs=200, no_cuda=False, log_freq=1, patience=10, num_workers=4, seed=42, weight_decay=0.0, adam_beta1=0.9, adam_beta2=0.999, gpu_id='0', variance=5, model_type='Caser', max_seq_length=50, hidden_size=64, num_hidden_layers=2, hidden_act='gelu', num_attention_heads=1, attention_probs_dropout_prob=0.5, hidden_dropout_prob=0.5, initializer_range=0.02, nh=8, nv=4, reg_weight=0.0001, cuda_condition=True, data_file='./data/Beauty.txt', item_size=12102, checkpoint_path='output/Caser_Beauty.pt', same_target_path='./data/Beauty_same_target.npy')
2024-12-03 15:20:10,429 - CaserModel(
  (item_embeddings): Embedding(12102, 64, padding_idx=0)
  (position_embeddings): Embedding(50, 64)
  (user_embeddings): Embedding(22364, 64, padding_idx=0)
  (conv_v): Conv2d(1, 4, kernel_size=(50, 1), stride=(1, 1))
  (conv_h): ModuleList(
    (0): Conv2d(1, 8, kernel_size=(1, 64), stride=(1, 1))
    (1): Conv2d(1, 8, kernel_size=(2, 64), stride=(1, 1))
    (2): Conv2d(1, 8, kernel_size=(3, 64), stride=(1, 1))
    (3): Conv2d(1, 8, kernel_size=(4, 64), stride=(1, 1))
    (4): Conv2d(1, 8, kernel_size=(5, 64), stride=(1, 1))
    (5): Conv2d(1, 8, kernel_size=(6, 64), stride=(1, 1))
    (6): Conv2d(1, 8, kernel_size=(7, 64), stride=(1, 1))
    (7): Conv2d(1, 8, kernel_size=(8, 64), stride=(1, 1))
    (8): Conv2d(1, 8, kernel_size=(9, 64), stride=(1, 1))
    (9): Conv2d(1, 8, kernel_size=(10, 64), stride=(1, 1))
    (10): Conv2d(1, 8, kernel_size=(11, 64), stride=(1, 1))
    (11): Conv2d(1, 8, kernel_size=(12, 64), stride=(1, 1))
    (12): Conv2d(1, 8, kernel_size=(13, 64), stride=(1, 1))
    (13): Conv2d(1, 8, kernel_size=(14, 64), stride=(1, 1))
    (14): Conv2d(1, 8, kernel_size=(15, 64), stride=(1, 1))
    (15): Conv2d(1, 8, kernel_size=(16, 64), stride=(1, 1))
    (16): Conv2d(1, 8, kernel_size=(17, 64), stride=(1, 1))
    (17): Conv2d(1, 8, kernel_size=(18, 64), stride=(1, 1))
    (18): Conv2d(1, 8, kernel_size=(19, 64), stride=(1, 1))
    (19): Conv2d(1, 8, kernel_size=(20, 64), stride=(1, 1))
    (20): Conv2d(1, 8, kernel_size=(21, 64), stride=(1, 1))
    (21): Conv2d(1, 8, kernel_size=(22, 64), stride=(1, 1))
    (22): Conv2d(1, 8, kernel_size=(23, 64), stride=(1, 1))
    (23): Conv2d(1, 8, kernel_size=(24, 64), stride=(1, 1))
    (24): Conv2d(1, 8, kernel_size=(25, 64), stride=(1, 1))
    (25): Conv2d(1, 8, kernel_size=(26, 64), stride=(1, 1))
    (26): Conv2d(1, 8, kernel_size=(27, 64), stride=(1, 1))
    (27): Conv2d(1, 8, kernel_size=(28, 64), stride=(1, 1))
    (28): Conv2d(1, 8, kernel_size=(29, 64), stride=(1, 1))
    (29): Conv2d(1, 8, kernel_size=(30, 64), stride=(1, 1))
    (30): Conv2d(1, 8, kernel_size=(31, 64), stride=(1, 1))
    (31): Conv2d(1, 8, kernel_size=(32, 64), stride=(1, 1))
    (32): Conv2d(1, 8, kernel_size=(33, 64), stride=(1, 1))
    (33): Conv2d(1, 8, kernel_size=(34, 64), stride=(1, 1))
    (34): Conv2d(1, 8, kernel_size=(35, 64), stride=(1, 1))
    (35): Conv2d(1, 8, kernel_size=(36, 64), stride=(1, 1))
    (36): Conv2d(1, 8, kernel_size=(37, 64), stride=(1, 1))
    (37): Conv2d(1, 8, kernel_size=(38, 64), stride=(1, 1))
    (38): Conv2d(1, 8, kernel_size=(39, 64), stride=(1, 1))
    (39): Conv2d(1, 8, kernel_size=(40, 64), stride=(1, 1))
    (40): Conv2d(1, 8, kernel_size=(41, 64), stride=(1, 1))
    (41): Conv2d(1, 8, kernel_size=(42, 64), stride=(1, 1))
    (42): Conv2d(1, 8, kernel_size=(43, 64), stride=(1, 1))
    (43): Conv2d(1, 8, kernel_size=(44, 64), stride=(1, 1))
    (44): Conv2d(1, 8, kernel_size=(45, 64), stride=(1, 1))
    (45): Conv2d(1, 8, kernel_size=(46, 64), stride=(1, 1))
    (46): Conv2d(1, 8, kernel_size=(47, 64), stride=(1, 1))
    (47): Conv2d(1, 8, kernel_size=(48, 64), stride=(1, 1))
    (48): Conv2d(1, 8, kernel_size=(49, 64), stride=(1, 1))
    (49): Conv2d(1, 8, kernel_size=(50, 64), stride=(1, 1))
  )
  (fc1): Linear(in_features=656, out_features=64, bias=True)
  (fc2): Linear(in_features=128, out_features=64, bias=True)
  (dropout): Dropout(p=0.5, inplace=False)
  (ac_conv): ReLU()
  (ac_fc): ReLU()
)
2024-12-03 15:20:11,823 - Total Parameters: 2912732
2024-12-03 15:21:00,593 - {'epoch': 0, 'rec_loss': '1.2315'}
2024-12-03 15:21:06,225 - {'Epoch': 0, 'HR@5': '0.0080', 'NDCG@5': '0.0049', 'HR@10': '0.0124', 'NDCG@10': '0.0064', 'HR@20': '0.0204', 'NDCG@20': '0.0084'}
2024-12-03 15:21:06,227 - Validation score increased.  Saving model ...
2024-12-03 15:21:54,627 - {'epoch': 1, 'rec_loss': '1.1537'}
2024-12-03 15:22:00,032 - {'Epoch': 1, 'HR@5': '0.0095', 'NDCG@5': '0.0058', 'HR@10': '0.0163', 'NDCG@10': '0.0080', 'HR@20': '0.0277', 'NDCG@20': '0.0108'}
2024-12-03 15:22:00,033 - Validation score increased.  Saving model ...
2024-12-03 15:22:48,527 - {'epoch': 2, 'rec_loss': '1.0813'}
2024-12-03 15:22:54,225 - {'Epoch': 2, 'HR@5': '0.0101', 'NDCG@5': '0.0062', 'HR@10': '0.0170', 'NDCG@10': '0.0084', 'HR@20': '0.0292', 'NDCG@20': '0.0115'}
2024-12-03 15:22:54,226 - Validation score increased.  Saving model ...
2024-12-03 15:23:42,792 - {'epoch': 3, 'rec_loss': '1.0275'}
2024-12-03 15:23:48,333 - {'Epoch': 3, 'HR@5': '0.0100', 'NDCG@5': '0.0056', 'HR@10': '0.0191', 'NDCG@10': '0.0085', 'HR@20': '0.0332', 'NDCG@20': '0.0120'}
2024-12-03 15:23:48,333 - Validation score increased.  Saving model ...
2024-12-03 15:24:36,743 - {'epoch': 4, 'rec_loss': '0.9921'}
2024-12-03 15:24:42,056 - {'Epoch': 4, 'HR@5': '0.0137', 'NDCG@5': '0.0076', 'HR@10': '0.0235', 'NDCG@10': '0.0108', 'HR@20': '0.0355', 'NDCG@20': '0.0138'}
2024-12-03 15:24:42,057 - Validation score increased.  Saving model ...
2024-12-03 15:25:31,059 - {'epoch': 5, 'rec_loss': '0.9620'}
2024-12-03 15:25:36,360 - {'Epoch': 5, 'HR@5': '0.0139', 'NDCG@5': '0.0086', 'HR@10': '0.0239', 'NDCG@10': '0.0118', 'HR@20': '0.0360', 'NDCG@20': '0.0148'}
2024-12-03 15:25:36,360 - Validation score increased.  Saving model ...
2024-12-03 15:26:25,334 - {'epoch': 6, 'rec_loss': '0.9328'}
2024-12-03 15:26:30,565 - {'Epoch': 6, 'HR@5': '0.0141', 'NDCG@5': '0.0082', 'HR@10': '0.0240', 'NDCG@10': '0.0114', 'HR@20': '0.0368', 'NDCG@20': '0.0146'}
2024-12-03 15:26:30,566 - EarlyStopping counter: 1 out of 10
2024-12-03 15:27:19,249 - {'epoch': 7, 'rec_loss': '0.9010'}
2024-12-03 15:27:24,502 - {'Epoch': 7, 'HR@5': '0.0155', 'NDCG@5': '0.0091', 'HR@10': '0.0250', 'NDCG@10': '0.0122', 'HR@20': '0.0392', 'NDCG@20': '0.0157'}
2024-12-03 15:27:24,503 - Validation score increased.  Saving model ...
2024-12-03 15:28:13,086 - {'epoch': 8, 'rec_loss': '0.8701'}
2024-12-03 15:28:18,562 - {'Epoch': 8, 'HR@5': '0.0145', 'NDCG@5': '0.0085', 'HR@10': '0.0234', 'NDCG@10': '0.0113', 'HR@20': '0.0394', 'NDCG@20': '0.0153'}
2024-12-03 15:28:18,563 - EarlyStopping counter: 1 out of 10
2024-12-03 15:29:07,244 - {'epoch': 9, 'rec_loss': '0.8432'}
2024-12-03 15:29:12,588 - {'Epoch': 9, 'HR@5': '0.0133', 'NDCG@5': '0.0081', 'HR@10': '0.0220', 'NDCG@10': '0.0109', 'HR@20': '0.0366', 'NDCG@20': '0.0145'}
2024-12-03 15:29:12,589 - EarlyStopping counter: 2 out of 10
2024-12-03 15:30:01,314 - {'epoch': 10, 'rec_loss': '0.8126'}
2024-12-03 15:30:06,521 - {'Epoch': 10, 'HR@5': '0.0139', 'NDCG@5': '0.0084', 'HR@10': '0.0232', 'NDCG@10': '0.0114', 'HR@20': '0.0397', 'NDCG@20': '0.0155'}
2024-12-03 15:30:06,521 - EarlyStopping counter: 3 out of 10
2024-12-03 15:30:55,437 - {'epoch': 11, 'rec_loss': '0.7882'}
2024-12-03 15:31:00,619 - {'Epoch': 11, 'HR@5': '0.0156', 'NDCG@5': '0.0093', 'HR@10': '0.0273', 'NDCG@10': '0.0130', 'HR@20': '0.0460', 'NDCG@20': '0.0177'}
2024-12-03 15:31:00,620 - Validation score increased.  Saving model ...
2024-12-03 15:31:49,522 - {'epoch': 12, 'rec_loss': '0.7632'}
2024-12-03 15:31:54,662 - {'Epoch': 12, 'HR@5': '0.0155', 'NDCG@5': '0.0092', 'HR@10': '0.0278', 'NDCG@10': '0.0132', 'HR@20': '0.0444', 'NDCG@20': '0.0173'}
2024-12-03 15:31:54,662 - EarlyStopping counter: 1 out of 10
2024-12-03 15:32:43,244 - {'epoch': 13, 'rec_loss': '0.7363'}
2024-12-03 15:32:48,438 - {'Epoch': 13, 'HR@5': '0.0127', 'NDCG@5': '0.0076', 'HR@10': '0.0250', 'NDCG@10': '0.0115', 'HR@20': '0.0443', 'NDCG@20': '0.0164'}
2024-12-03 15:32:48,439 - EarlyStopping counter: 2 out of 10
2024-12-03 15:33:36,951 - {'epoch': 14, 'rec_loss': '0.7170'}
2024-12-03 15:33:42,160 - {'Epoch': 14, 'HR@5': '0.0136', 'NDCG@5': '0.0083', 'HR@10': '0.0255', 'NDCG@10': '0.0121', 'HR@20': '0.0446', 'NDCG@20': '0.0169'}
2024-12-03 15:33:42,161 - EarlyStopping counter: 3 out of 10
2024-12-03 15:34:30,831 - {'epoch': 15, 'rec_loss': '0.6942'}
2024-12-03 15:34:35,906 - {'Epoch': 15, 'HR@5': '0.0145', 'NDCG@5': '0.0091', 'HR@10': '0.0267', 'NDCG@10': '0.0130', 'HR@20': '0.0436', 'NDCG@20': '0.0172'}
2024-12-03 15:34:35,906 - EarlyStopping counter: 4 out of 10
2024-12-03 15:35:24,567 - {'epoch': 16, 'rec_loss': '0.6719'}
2024-12-03 15:35:29,636 - {'Epoch': 16, 'HR@5': '0.0144', 'NDCG@5': '0.0086', 'HR@10': '0.0288', 'NDCG@10': '0.0132', 'HR@20': '0.0482', 'NDCG@20': '0.0180'}
2024-12-03 15:35:29,637 - Validation score increased.  Saving model ...
2024-12-03 15:36:18,209 - {'epoch': 17, 'rec_loss': '0.6533'}
2024-12-03 15:36:23,303 - {'Epoch': 17, 'HR@5': '0.0174', 'NDCG@5': '0.0106', 'HR@10': '0.0307', 'NDCG@10': '0.0149', 'HR@20': '0.0498', 'NDCG@20': '0.0197'}
2024-12-03 15:36:23,304 - Validation score increased.  Saving model ...
2024-12-03 15:37:11,913 - {'epoch': 18, 'rec_loss': '0.6382'}
2024-12-03 15:37:16,959 - {'Epoch': 18, 'HR@5': '0.0162', 'NDCG@5': '0.0095', 'HR@10': '0.0300', 'NDCG@10': '0.0139', 'HR@20': '0.0482', 'NDCG@20': '0.0185'}
2024-12-03 15:37:16,959 - EarlyStopping counter: 1 out of 10
2024-12-03 15:38:05,542 - {'epoch': 19, 'rec_loss': '0.6180'}
2024-12-03 15:38:10,712 - {'Epoch': 19, 'HR@5': '0.0147', 'NDCG@5': '0.0088', 'HR@10': '0.0285', 'NDCG@10': '0.0132', 'HR@20': '0.0475', 'NDCG@20': '0.0179'}
2024-12-03 15:38:10,713 - EarlyStopping counter: 2 out of 10
2024-12-03 15:38:59,255 - {'epoch': 20, 'rec_loss': '0.6021'}
2024-12-03 15:39:04,345 - {'Epoch': 20, 'HR@5': '0.0163', 'NDCG@5': '0.0099', 'HR@10': '0.0284', 'NDCG@10': '0.0138', 'HR@20': '0.0474', 'NDCG@20': '0.0185'}
2024-12-03 15:39:04,346 - EarlyStopping counter: 3 out of 10
2024-12-03 15:39:52,897 - {'epoch': 21, 'rec_loss': '0.5870'}
2024-12-03 15:39:57,892 - {'Epoch': 21, 'HR@5': '0.0169', 'NDCG@5': '0.0109', 'HR@10': '0.0279', 'NDCG@10': '0.0144', 'HR@20': '0.0461', 'NDCG@20': '0.0190'}
2024-12-03 15:39:57,893 - EarlyStopping counter: 4 out of 10
2024-12-03 15:40:46,428 - {'epoch': 22, 'rec_loss': '0.5710'}
2024-12-03 15:40:51,582 - {'Epoch': 22, 'HR@5': '0.0165', 'NDCG@5': '0.0105', 'HR@10': '0.0279', 'NDCG@10': '0.0141', 'HR@20': '0.0458', 'NDCG@20': '0.0186'}
2024-12-03 15:40:51,583 - EarlyStopping counter: 5 out of 10
2024-12-03 15:41:40,133 - {'epoch': 23, 'rec_loss': '0.5601'}
2024-12-03 15:41:45,242 - {'Epoch': 23, 'HR@5': '0.0169', 'NDCG@5': '0.0109', 'HR@10': '0.0282', 'NDCG@10': '0.0145', 'HR@20': '0.0460', 'NDCG@20': '0.0190'}
2024-12-03 15:41:45,243 - EarlyStopping counter: 6 out of 10
2024-12-03 15:42:33,846 - {'epoch': 24, 'rec_loss': '0.5444'}
2024-12-03 15:42:38,987 - {'Epoch': 24, 'HR@5': '0.0168', 'NDCG@5': '0.0100', 'HR@10': '0.0295', 'NDCG@10': '0.0141', 'HR@20': '0.0494', 'NDCG@20': '0.0191'}
2024-12-03 15:42:38,988 - EarlyStopping counter: 7 out of 10
2024-12-03 15:43:27,573 - {'epoch': 25, 'rec_loss': '0.5274'}
2024-12-03 15:43:32,611 - {'Epoch': 25, 'HR@5': '0.0148', 'NDCG@5': '0.0092', 'HR@10': '0.0281', 'NDCG@10': '0.0135', 'HR@20': '0.0491', 'NDCG@20': '0.0188'}
2024-12-03 15:43:32,612 - EarlyStopping counter: 8 out of 10
2024-12-03 15:44:21,139 - {'epoch': 26, 'rec_loss': '0.5181'}
2024-12-03 15:44:26,156 - {'Epoch': 26, 'HR@5': '0.0190', 'NDCG@5': '0.0119', 'HR@10': '0.0324', 'NDCG@10': '0.0161', 'HR@20': '0.0522', 'NDCG@20': '0.0211'}
2024-12-03 15:44:26,157 - Validation score increased.  Saving model ...
2024-12-03 15:45:14,772 - {'epoch': 27, 'rec_loss': '0.5075'}
2024-12-03 15:45:19,732 - {'Epoch': 27, 'HR@5': '0.0186', 'NDCG@5': '0.0115', 'HR@10': '0.0313', 'NDCG@10': '0.0156', 'HR@20': '0.0513', 'NDCG@20': '0.0206'}
2024-12-03 15:45:19,733 - EarlyStopping counter: 1 out of 10
2024-12-03 15:46:08,376 - {'epoch': 28, 'rec_loss': '0.4925'}
2024-12-03 15:46:13,345 - {'Epoch': 28, 'HR@5': '0.0186', 'NDCG@5': '0.0120', 'HR@10': '0.0317', 'NDCG@10': '0.0162', 'HR@20': '0.0522', 'NDCG@20': '0.0213'}
2024-12-03 15:46:13,346 - Validation score increased.  Saving model ...
2024-12-03 15:47:01,980 - {'epoch': 29, 'rec_loss': '0.4861'}
2024-12-03 15:47:06,895 - {'Epoch': 29, 'HR@5': '0.0198', 'NDCG@5': '0.0123', 'HR@10': '0.0330', 'NDCG@10': '0.0165', 'HR@20': '0.0531', 'NDCG@20': '0.0216'}
2024-12-03 15:47:06,896 - Validation score increased.  Saving model ...
2024-12-03 15:47:55,473 - {'epoch': 30, 'rec_loss': '0.4725'}
2024-12-03 15:48:00,415 - {'Epoch': 30, 'HR@5': '0.0180', 'NDCG@5': '0.0109', 'HR@10': '0.0315', 'NDCG@10': '0.0152', 'HR@20': '0.0524', 'NDCG@20': '0.0205'}
2024-12-03 15:48:00,416 - EarlyStopping counter: 1 out of 10
2024-12-03 15:48:48,986 - {'epoch': 31, 'rec_loss': '0.4644'}
2024-12-03 15:48:53,924 - {'Epoch': 31, 'HR@5': '0.0183', 'NDCG@5': '0.0110', 'HR@10': '0.0317', 'NDCG@10': '0.0152', 'HR@20': '0.0532', 'NDCG@20': '0.0206'}
2024-12-03 15:48:53,925 - EarlyStopping counter: 2 out of 10
2024-12-03 15:49:42,466 - {'epoch': 32, 'rec_loss': '0.4495'}
2024-12-03 15:49:47,412 - {'Epoch': 32, 'HR@5': '0.0210', 'NDCG@5': '0.0127', 'HR@10': '0.0355', 'NDCG@10': '0.0173', 'HR@20': '0.0579', 'NDCG@20': '0.0230'}
2024-12-03 15:49:47,413 - Validation score increased.  Saving model ...
2024-12-03 15:50:36,167 - {'epoch': 33, 'rec_loss': '0.4444'}
2024-12-03 15:50:41,080 - {'Epoch': 33, 'HR@5': '0.0188', 'NDCG@5': '0.0115', 'HR@10': '0.0338', 'NDCG@10': '0.0163', 'HR@20': '0.0543', 'NDCG@20': '0.0215'}
2024-12-03 15:50:41,081 - EarlyStopping counter: 1 out of 10
2024-12-03 15:51:30,158 - {'epoch': 34, 'rec_loss': '0.4339'}
2024-12-03 15:51:35,243 - {'Epoch': 34, 'HR@5': '0.0186', 'NDCG@5': '0.0110', 'HR@10': '0.0326', 'NDCG@10': '0.0155', 'HR@20': '0.0545', 'NDCG@20': '0.0210'}
2024-12-03 15:51:35,244 - EarlyStopping counter: 2 out of 10
2024-12-03 15:52:23,993 - {'epoch': 35, 'rec_loss': '0.4252'}
2024-12-03 15:52:28,936 - {'Epoch': 35, 'HR@5': '0.0190', 'NDCG@5': '0.0119', 'HR@10': '0.0322', 'NDCG@10': '0.0162', 'HR@20': '0.0528', 'NDCG@20': '0.0214'}
2024-12-03 15:52:28,937 - EarlyStopping counter: 3 out of 10
2024-12-03 15:53:18,340 - {'epoch': 36, 'rec_loss': '0.4243'}
2024-12-03 15:53:23,226 - {'Epoch': 36, 'HR@5': '0.0180', 'NDCG@5': '0.0110', 'HR@10': '0.0316', 'NDCG@10': '0.0153', 'HR@20': '0.0546', 'NDCG@20': '0.0211'}
2024-12-03 15:53:23,227 - EarlyStopping counter: 4 out of 10
2024-12-03 15:54:12,508 - {'epoch': 37, 'rec_loss': '0.4162'}
2024-12-03 15:54:17,312 - {'Epoch': 37, 'HR@5': '0.0170', 'NDCG@5': '0.0103', 'HR@10': '0.0311', 'NDCG@10': '0.0148', 'HR@20': '0.0513', 'NDCG@20': '0.0199'}
2024-12-03 15:54:17,313 - EarlyStopping counter: 5 out of 10
2024-12-03 15:55:06,133 - {'epoch': 38, 'rec_loss': '0.4059'}
2024-12-03 15:55:11,011 - {'Epoch': 38, 'HR@5': '0.0191', 'NDCG@5': '0.0116', 'HR@10': '0.0324', 'NDCG@10': '0.0158', 'HR@20': '0.0545', 'NDCG@20': '0.0213'}
2024-12-03 15:55:11,012 - EarlyStopping counter: 6 out of 10
2024-12-03 15:55:59,655 - {'epoch': 39, 'rec_loss': '0.3997'}
2024-12-03 15:56:04,604 - {'Epoch': 39, 'HR@5': '0.0192', 'NDCG@5': '0.0114', 'HR@10': '0.0330', 'NDCG@10': '0.0159', 'HR@20': '0.0562', 'NDCG@20': '0.0217'}
2024-12-03 15:56:04,605 - EarlyStopping counter: 7 out of 10
2024-12-03 15:56:53,152 - {'epoch': 40, 'rec_loss': '0.3943'}
2024-12-03 15:56:58,109 - {'Epoch': 40, 'HR@5': '0.0175', 'NDCG@5': '0.0107', 'HR@10': '0.0304', 'NDCG@10': '0.0148', 'HR@20': '0.0520', 'NDCG@20': '0.0203'}
2024-12-03 15:56:58,110 - EarlyStopping counter: 8 out of 10
2024-12-03 15:57:47,172 - {'epoch': 41, 'rec_loss': '0.3885'}
2024-12-03 15:57:52,156 - {'Epoch': 41, 'HR@5': '0.0191', 'NDCG@5': '0.0117', 'HR@10': '0.0341', 'NDCG@10': '0.0165', 'HR@20': '0.0559', 'NDCG@20': '0.0219'}
2024-12-03 15:57:52,157 - EarlyStopping counter: 9 out of 10
2024-12-03 15:58:41,146 - {'epoch': 42, 'rec_loss': '0.3838'}
2024-12-03 15:58:45,968 - {'Epoch': 42, 'HR@5': '0.0189', 'NDCG@5': '0.0114', 'HR@10': '0.0327', 'NDCG@10': '0.0159', 'HR@20': '0.0554', 'NDCG@20': '0.0216'}
2024-12-03 15:58:45,968 - EarlyStopping counter: 10 out of 10
2024-12-03 15:58:45,968 - Early stopping
2024-12-03 15:58:45,968 - ---------------Test Score---------------
2024-12-03 15:58:50,881 - {'Epoch': 0, 'HR@5': '0.0154', 'NDCG@5': '0.0094', 'HR@10': '0.0258', 'NDCG@10': '0.0128', 'HR@20': '0.0396', 'NDCG@20': '0.0162'}
2024-12-03 15:58:50,882 - Caser_Beauty
2024-12-03 15:58:50,882 - {'Epoch': 0, 'HR@5': '0.0154', 'NDCG@5': '0.0094', 'HR@10': '0.0258', 'NDCG@10': '0.0128', 'HR@20': '0.0396', 'NDCG@20': '0.0162'}
