2024-12-03 21:00:00,862 - Namespace(data_dir='./data/', output_dir='output/', data_name='LastFM', do_eval=False, load_model=None, train_name='FEARec_LastFM', num_items=10, num_users=1091, lr=0.001, batch_size=256, epochs=200, no_cuda=False, log_freq=1, patience=10, num_workers=4, seed=42, weight_decay=0.0, adam_beta1=0.9, adam_beta2=0.999, gpu_id='0', variance=5, model_type='FEARec', max_seq_length=50, hidden_size=64, num_hidden_layers=2, hidden_act='gelu', num_attention_heads=1, attention_probs_dropout_prob=0.5, hidden_dropout_prob=0.5, initializer_range=0.02, tau=1.0, lmd=0.1, lmd_sem=0.1, ssl='us_x', sim='dot', spatial_ratio=0.1, global_ratio=0.6, fredom_type='us_x', fredom='True', cuda_condition=True, data_file='./data/LastFM.txt', item_size=3647, checkpoint_path='output/FEARec_LastFM.pt', same_target_path='./data/LastFM_same_target.npy')
2024-12-03 21:00:00,871 - FEARecModel(
  (item_embeddings): Embedding(3647, 64, padding_idx=0)
  (position_embeddings): Embedding(50, 64)
  (LayerNorm): LayerNorm()
  (dropout): Dropout(p=0.5, inplace=False)
  (item_encoder): FEARecEncoder(
    (blocks): ModuleList(
      (0): FEARecBlock(
        (layer): FEARecLayer(
          (dropout): Dropout(p=0.1, inplace=False)
          (attn_dropout): Dropout(p=0.5, inplace=False)
          (LayerNorm): LayerNorm()
          (out_dropout): Dropout(p=0.5, inplace=False)
          (dense): Linear(in_features=64, out_features=64, bias=True)
          (query): Linear(in_features=64, out_features=64, bias=True)
          (key): Linear(in_features=64, out_features=64, bias=True)
          (value): Linear(in_features=64, out_features=64, bias=True)
        )
        (feed_forward): FeedForward(
          (dense_1): Linear(in_features=64, out_features=256, bias=True)
          (dense_2): Linear(in_features=256, out_features=64, bias=True)
          (LayerNorm): LayerNorm()
          (dropout): Dropout(p=0.5, inplace=False)
        )
      )
      (1): FEARecBlock(
        (layer): FEARecLayer(
          (dropout): Dropout(p=0.1, inplace=False)
          (attn_dropout): Dropout(p=0.5, inplace=False)
          (LayerNorm): LayerNorm()
          (out_dropout): Dropout(p=0.5, inplace=False)
          (dense): Linear(in_features=64, out_features=64, bias=True)
          (query): Linear(in_features=64, out_features=64, bias=True)
          (key): Linear(in_features=64, out_features=64, bias=True)
          (value): Linear(in_features=64, out_features=64, bias=True)
        )
        (feed_forward): FeedForward(
          (dense_1): Linear(in_features=64, out_features=256, bias=True)
          (dense_2): Linear(in_features=256, out_features=64, bias=True)
          (LayerNorm): LayerNorm()
          (dropout): Dropout(p=0.5, inplace=False)
        )
      )
    )
  )
  (aug_nce_fct): CrossEntropyLoss()
)
2024-12-03 21:00:02,303 - Total Parameters: 336704
2024-12-03 21:00:14,030 - {'epoch': 0, 'rec_loss': '8.9139'}
2024-12-03 21:00:14,458 - {'Epoch': 0, 'HR@5': '0.0275', 'NDCG@5': '0.0181', 'HR@10': '0.0422', 'NDCG@10': '0.0227', 'HR@20': '0.0642', 'NDCG@20': '0.0282'}
2024-12-03 21:00:14,459 - Validation score increased.  Saving model ...
2024-12-03 21:00:25,644 - {'epoch': 1, 'rec_loss': '8.5611'}
2024-12-03 21:00:26,072 - {'Epoch': 1, 'HR@5': '0.0229', 'NDCG@5': '0.0136', 'HR@10': '0.0394', 'NDCG@10': '0.0188', 'HR@20': '0.0596', 'NDCG@20': '0.0238'}
2024-12-03 21:00:26,074 - EarlyStopping counter: 1 out of 10
2024-12-03 21:00:37,065 - {'epoch': 2, 'rec_loss': '8.5132'}
2024-12-03 21:00:37,481 - {'Epoch': 2, 'HR@5': '0.0193', 'NDCG@5': '0.0144', 'HR@10': '0.0349', 'NDCG@10': '0.0193', 'HR@20': '0.0596', 'NDCG@20': '0.0256'}
2024-12-03 21:00:37,483 - EarlyStopping counter: 2 out of 10
2024-12-03 21:00:48,498 - {'epoch': 3, 'rec_loss': '8.4885'}
2024-12-03 21:00:48,926 - {'Epoch': 3, 'HR@5': '0.0220', 'NDCG@5': '0.0132', 'HR@10': '0.0349', 'NDCG@10': '0.0173', 'HR@20': '0.0642', 'NDCG@20': '0.0247'}
2024-12-03 21:00:48,928 - EarlyStopping counter: 3 out of 10
2024-12-03 21:01:00,430 - {'epoch': 4, 'rec_loss': '8.4693'}
2024-12-03 21:01:00,821 - {'Epoch': 4, 'HR@5': '0.0202', 'NDCG@5': '0.0135', 'HR@10': '0.0339', 'NDCG@10': '0.0179', 'HR@20': '0.0651', 'NDCG@20': '0.0257'}
2024-12-03 21:01:00,822 - EarlyStopping counter: 4 out of 10
2024-12-03 21:01:11,855 - {'epoch': 5, 'rec_loss': '8.4555'}
2024-12-03 21:01:12,277 - {'Epoch': 5, 'HR@5': '0.0220', 'NDCG@5': '0.0140', 'HR@10': '0.0376', 'NDCG@10': '0.0190', 'HR@20': '0.0615', 'NDCG@20': '0.0249'}
2024-12-03 21:01:12,279 - EarlyStopping counter: 5 out of 10
2024-12-03 21:01:23,720 - {'epoch': 6, 'rec_loss': '8.4372'}
2024-12-03 21:01:24,164 - {'Epoch': 6, 'HR@5': '0.0193', 'NDCG@5': '0.0131', 'HR@10': '0.0358', 'NDCG@10': '0.0183', 'HR@20': '0.0651', 'NDCG@20': '0.0256'}
2024-12-03 21:01:24,166 - EarlyStopping counter: 6 out of 10
2024-12-03 21:01:35,036 - {'epoch': 7, 'rec_loss': '8.3932'}
2024-12-03 21:01:35,466 - {'Epoch': 7, 'HR@5': '0.0220', 'NDCG@5': '0.0152', 'HR@10': '0.0367', 'NDCG@10': '0.0200', 'HR@20': '0.0624', 'NDCG@20': '0.0264'}
2024-12-03 21:01:35,468 - EarlyStopping counter: 7 out of 10
2024-12-03 21:01:46,556 - {'epoch': 8, 'rec_loss': '8.3368'}
2024-12-03 21:01:46,976 - {'Epoch': 8, 'HR@5': '0.0220', 'NDCG@5': '0.0118', 'HR@10': '0.0376', 'NDCG@10': '0.0168', 'HR@20': '0.0596', 'NDCG@20': '0.0224'}
2024-12-03 21:01:46,977 - EarlyStopping counter: 8 out of 10
2024-12-03 21:01:58,192 - {'epoch': 9, 'rec_loss': '8.2808'}
2024-12-03 21:01:58,621 - {'Epoch': 9, 'HR@5': '0.0239', 'NDCG@5': '0.0135', 'HR@10': '0.0404', 'NDCG@10': '0.0188', 'HR@20': '0.0606', 'NDCG@20': '0.0238'}
2024-12-03 21:01:58,622 - EarlyStopping counter: 9 out of 10
2024-12-03 21:02:09,741 - {'epoch': 10, 'rec_loss': '8.2244'}
2024-12-03 21:02:10,162 - {'Epoch': 10, 'HR@5': '0.0220', 'NDCG@5': '0.0138', 'HR@10': '0.0404', 'NDCG@10': '0.0198', 'HR@20': '0.0606', 'NDCG@20': '0.0250'}
2024-12-03 21:02:10,164 - EarlyStopping counter: 10 out of 10
2024-12-03 21:02:10,164 - Early stopping
2024-12-03 21:02:10,164 - ---------------Test Score---------------
2024-12-03 21:02:10,548 - {'Epoch': 0, 'HR@5': '0.0312', 'NDCG@5': '0.0214', 'HR@10': '0.0404', 'NDCG@10': '0.0244', 'HR@20': '0.0615', 'NDCG@20': '0.0297'}
2024-12-03 21:02:10,549 - FEARec_LastFM
2024-12-03 21:02:10,566 - {'Epoch': 0, 'HR@5': '0.0312', 'NDCG@5': '0.0214', 'HR@10': '0.0404', 'NDCG@10': '0.0244', 'HR@20': '0.0615', 'NDCG@20': '0.0297'}
