2024-12-03 11:20:00,526 - Namespace(data_dir='./data/', output_dir='output/', data_name='Beauty', do_eval=False, load_model=None, train_name='FEARec_Beauty', num_items=10, num_users=22364, lr=0.001, batch_size=256, epochs=200, no_cuda=False, log_freq=1, patience=10, num_workers=4, seed=42, weight_decay=0.0, adam_beta1=0.9, adam_beta2=0.999, gpu_id='0', variance=5, model_type='FEARec', max_seq_length=50, hidden_size=64, num_hidden_layers=2, hidden_act='gelu', num_attention_heads=1, attention_probs_dropout_prob=0.5, hidden_dropout_prob=0.5, initializer_range=0.02, tau=1.0, lmd=0.1, lmd_sem=0.1, ssl='us_x', sim='dot', spatial_ratio=0.1, global_ratio=0.6, fredom_type='us_x', fredom='True', cuda_condition=True, data_file='./data/Beauty.txt', item_size=12102, checkpoint_path='output/FEARec_Beauty.pt', same_target_path='./data/Beauty_same_target.npy')
2024-12-03 11:20:00,546 - FEARecModel(
  (item_embeddings): Embedding(12102, 64, padding_idx=0)
  (position_embeddings): Embedding(50, 64)
  (LayerNorm): LayerNorm()
  (dropout): Dropout(p=0.5, inplace=False)
  (item_encoder): FEARecEncoder(
    (blocks): ModuleList(
      (0): FEARecBlock(
        (layer): FEARecLayer(
          (dropout): Dropout(p=0.1, inplace=False)
          (attn_dropout): Dropout(p=0.5, inplace=False)
          (LayerNorm): LayerNorm()
          (out_dropout): Dropout(p=0.5, inplace=False)
          (dense): Linear(in_features=64, out_features=64, bias=True)
          (query): Linear(in_features=64, out_features=64, bias=True)
          (key): Linear(in_features=64, out_features=64, bias=True)
          (value): Linear(in_features=64, out_features=64, bias=True)
        )
        (feed_forward): FeedForward(
          (dense_1): Linear(in_features=64, out_features=256, bias=True)
          (dense_2): Linear(in_features=256, out_features=64, bias=True)
          (LayerNorm): LayerNorm()
          (dropout): Dropout(p=0.5, inplace=False)
        )
      )
      (1): FEARecBlock(
        (layer): FEARecLayer(
          (dropout): Dropout(p=0.1, inplace=False)
          (attn_dropout): Dropout(p=0.5, inplace=False)
          (LayerNorm): LayerNorm()
          (out_dropout): Dropout(p=0.5, inplace=False)
          (dense): Linear(in_features=64, out_features=64, bias=True)
          (query): Linear(in_features=64, out_features=64, bias=True)
          (key): Linear(in_features=64, out_features=64, bias=True)
          (value): Linear(in_features=64, out_features=64, bias=True)
        )
        (feed_forward): FeedForward(
          (dense_1): Linear(in_features=64, out_features=256, bias=True)
          (dense_2): Linear(in_features=256, out_features=64, bias=True)
          (LayerNorm): LayerNorm()
          (dropout): Dropout(p=0.5, inplace=False)
        )
      )
    )
  )
  (aug_nce_fct): CrossEntropyLoss()
)
2024-12-03 11:20:01,943 - Total Parameters: 877824
2024-12-03 11:21:03,849 - {'epoch': 0, 'rec_loss': '9.6998'}
2024-12-03 11:21:08,672 - {'Epoch': 0, 'HR@5': '0.0094', 'NDCG@5': '0.0058', 'HR@10': '0.0134', 'NDCG@10': '0.0071', 'HR@20': '0.0225', 'NDCG@20': '0.0094'}
2024-12-03 11:21:08,675 - Validation score increased.  Saving model ...
2024-12-03 11:22:08,662 - {'epoch': 1, 'rec_loss': '9.4059'}
2024-12-03 11:22:13,681 - {'Epoch': 1, 'HR@5': '0.0122', 'NDCG@5': '0.0073', 'HR@10': '0.0220', 'NDCG@10': '0.0105', 'HR@20': '0.0353', 'NDCG@20': '0.0138'}
2024-12-03 11:22:13,686 - Validation score increased.  Saving model ...
2024-12-03 11:23:13,886 - {'epoch': 2, 'rec_loss': '9.2145'}
2024-12-03 11:23:18,819 - {'Epoch': 2, 'HR@5': '0.0155', 'NDCG@5': '0.0099', 'HR@10': '0.0240', 'NDCG@10': '0.0126', 'HR@20': '0.0375', 'NDCG@20': '0.0160'}
2024-12-03 11:23:18,821 - Validation score increased.  Saving model ...
2024-12-03 11:24:20,124 - {'epoch': 3, 'rec_loss': '9.0472'}
2024-12-03 11:24:25,321 - {'Epoch': 3, 'HR@5': '0.0258', 'NDCG@5': '0.0162', 'HR@10': '0.0430', 'NDCG@10': '0.0218', 'HR@20': '0.0639', 'NDCG@20': '0.0271'}
2024-12-03 11:24:25,325 - Validation score increased.  Saving model ...
2024-12-03 11:25:27,151 - {'epoch': 4, 'rec_loss': '8.8430'}
2024-12-03 11:25:32,016 - {'Epoch': 4, 'HR@5': '0.0326', 'NDCG@5': '0.0208', 'HR@10': '0.0501', 'NDCG@10': '0.0264', 'HR@20': '0.0775', 'NDCG@20': '0.0333'}
2024-12-03 11:25:32,018 - Validation score increased.  Saving model ...
2024-12-03 11:26:32,031 - {'epoch': 5, 'rec_loss': '8.7005'}
2024-12-03 11:26:36,813 - {'Epoch': 5, 'HR@5': '0.0377', 'NDCG@5': '0.0242', 'HR@10': '0.0571', 'NDCG@10': '0.0305', 'HR@20': '0.0852', 'NDCG@20': '0.0376'}
2024-12-03 11:26:36,815 - Validation score increased.  Saving model ...
2024-12-03 11:27:37,932 - {'epoch': 6, 'rec_loss': '8.5901'}
2024-12-03 11:27:42,711 - {'Epoch': 6, 'HR@5': '0.0407', 'NDCG@5': '0.0260', 'HR@10': '0.0628', 'NDCG@10': '0.0331', 'HR@20': '0.0942', 'NDCG@20': '0.0410'}
2024-12-03 11:27:42,713 - Validation score increased.  Saving model ...
2024-12-03 11:28:42,974 - {'epoch': 7, 'rec_loss': '8.4976'}
2024-12-03 11:28:47,780 - {'Epoch': 7, 'HR@5': '0.0441', 'NDCG@5': '0.0292', 'HR@10': '0.0688', 'NDCG@10': '0.0372', 'HR@20': '0.1019', 'NDCG@20': '0.0455'}
2024-12-03 11:28:47,782 - Validation score increased.  Saving model ...
2024-12-03 11:29:47,982 - {'epoch': 8, 'rec_loss': '8.4158'}
2024-12-03 11:29:52,643 - {'Epoch': 8, 'HR@5': '0.0493', 'NDCG@5': '0.0324', 'HR@10': '0.0740', 'NDCG@10': '0.0404', 'HR@20': '0.1099', 'NDCG@20': '0.0494'}
2024-12-03 11:29:52,645 - Validation score increased.  Saving model ...
2024-12-03 11:30:51,730 - {'epoch': 9, 'rec_loss': '8.3427'}
2024-12-03 11:30:56,412 - {'Epoch': 9, 'HR@5': '0.0514', 'NDCG@5': '0.0339', 'HR@10': '0.0762', 'NDCG@10': '0.0418', 'HR@20': '0.1120', 'NDCG@20': '0.0509'}
2024-12-03 11:30:56,414 - Validation score increased.  Saving model ...
2024-12-03 11:31:56,300 - {'epoch': 10, 'rec_loss': '8.2730'}
2024-12-03 11:32:00,976 - {'Epoch': 10, 'HR@5': '0.0548', 'NDCG@5': '0.0368', 'HR@10': '0.0811', 'NDCG@10': '0.0452', 'HR@20': '0.1179', 'NDCG@20': '0.0544'}
2024-12-03 11:32:00,978 - Validation score increased.  Saving model ...
2024-12-03 11:33:01,115 - {'epoch': 11, 'rec_loss': '8.2127'}
2024-12-03 11:33:05,829 - {'Epoch': 11, 'HR@5': '0.0588', 'NDCG@5': '0.0400', 'HR@10': '0.0864', 'NDCG@10': '0.0488', 'HR@20': '0.1235', 'NDCG@20': '0.0582'}
2024-12-03 11:33:05,831 - Validation score increased.  Saving model ...
2024-12-03 11:34:07,176 - {'epoch': 12, 'rec_loss': '8.1558'}
2024-12-03 11:34:11,924 - {'Epoch': 12, 'HR@5': '0.0594', 'NDCG@5': '0.0412', 'HR@10': '0.0884', 'NDCG@10': '0.0505', 'HR@20': '0.1265', 'NDCG@20': '0.0601'}
2024-12-03 11:34:11,926 - Validation score increased.  Saving model ...
2024-12-03 11:35:12,939 - {'epoch': 13, 'rec_loss': '8.1025'}
2024-12-03 11:35:17,546 - {'Epoch': 13, 'HR@5': '0.0608', 'NDCG@5': '0.0415', 'HR@10': '0.0911', 'NDCG@10': '0.0512', 'HR@20': '0.1288', 'NDCG@20': '0.0607'}
2024-12-03 11:35:17,547 - Validation score increased.  Saving model ...
2024-12-03 11:36:18,080 - {'epoch': 14, 'rec_loss': '8.0511'}
2024-12-03 11:36:22,785 - {'Epoch': 14, 'HR@5': '0.0630', 'NDCG@5': '0.0430', 'HR@10': '0.0918', 'NDCG@10': '0.0523', 'HR@20': '0.1316', 'NDCG@20': '0.0622'}
2024-12-03 11:36:22,787 - Validation score increased.  Saving model ...
2024-12-03 11:37:24,255 - {'epoch': 15, 'rec_loss': '8.0065'}
2024-12-03 11:37:28,996 - {'Epoch': 15, 'HR@5': '0.0649', 'NDCG@5': '0.0446', 'HR@10': '0.0940', 'NDCG@10': '0.0540', 'HR@20': '0.1337', 'NDCG@20': '0.0640'}
2024-12-03 11:37:28,998 - Validation score increased.  Saving model ...
2024-12-03 11:38:27,944 - {'epoch': 16, 'rec_loss': '7.9601'}
2024-12-03 11:38:32,547 - {'Epoch': 16, 'HR@5': '0.0665', 'NDCG@5': '0.0460', 'HR@10': '0.0983', 'NDCG@10': '0.0563', 'HR@20': '0.1362', 'NDCG@20': '0.0658'}
2024-12-03 11:38:32,551 - Validation score increased.  Saving model ...
2024-12-03 11:39:33,726 - {'epoch': 17, 'rec_loss': '7.9209'}
2024-12-03 11:39:38,557 - {'Epoch': 17, 'HR@5': '0.0695', 'NDCG@5': '0.0483', 'HR@10': '0.0990', 'NDCG@10': '0.0578', 'HR@20': '0.1388', 'NDCG@20': '0.0678'}
2024-12-03 11:39:38,559 - Validation score increased.  Saving model ...
2024-12-03 11:40:38,745 - {'epoch': 18, 'rec_loss': '7.8794'}
2024-12-03 11:40:43,634 - {'Epoch': 18, 'HR@5': '0.0720', 'NDCG@5': '0.0498', 'HR@10': '0.1016', 'NDCG@10': '0.0593', 'HR@20': '0.1397', 'NDCG@20': '0.0688'}
2024-12-03 11:40:43,635 - Validation score increased.  Saving model ...
2024-12-03 11:41:44,674 - {'epoch': 19, 'rec_loss': '7.8423'}
2024-12-03 11:41:49,658 - {'Epoch': 19, 'HR@5': '0.0728', 'NDCG@5': '0.0506', 'HR@10': '0.1019', 'NDCG@10': '0.0600', 'HR@20': '0.1431', 'NDCG@20': '0.0703'}
2024-12-03 11:41:49,660 - Validation score increased.  Saving model ...
2024-12-03 11:42:50,647 - {'epoch': 20, 'rec_loss': '7.8060'}
2024-12-03 11:42:55,762 - {'Epoch': 20, 'HR@5': '0.0737', 'NDCG@5': '0.0519', 'HR@10': '0.1037', 'NDCG@10': '0.0616', 'HR@20': '0.1436', 'NDCG@20': '0.0715'}
2024-12-03 11:42:55,766 - Validation score increased.  Saving model ...
2024-12-03 11:43:57,601 - {'epoch': 21, 'rec_loss': '7.7722'}
2024-12-03 11:44:02,356 - {'Epoch': 21, 'HR@5': '0.0744', 'NDCG@5': '0.0523', 'HR@10': '0.1053', 'NDCG@10': '0.0622', 'HR@20': '0.1449', 'NDCG@20': '0.0721'}
2024-12-03 11:44:02,358 - Validation score increased.  Saving model ...
2024-12-03 11:45:03,494 - {'epoch': 22, 'rec_loss': '7.7442'}
2024-12-03 11:45:08,334 - {'Epoch': 22, 'HR@5': '0.0750', 'NDCG@5': '0.0527', 'HR@10': '0.1064', 'NDCG@10': '0.0629', 'HR@20': '0.1456', 'NDCG@20': '0.0727'}
2024-12-03 11:45:08,336 - Validation score increased.  Saving model ...
2024-12-03 11:46:08,317 - {'epoch': 23, 'rec_loss': '7.7109'}
2024-12-03 11:46:13,057 - {'Epoch': 23, 'HR@5': '0.0775', 'NDCG@5': '0.0545', 'HR@10': '0.1069', 'NDCG@10': '0.0639', 'HR@20': '0.1479', 'NDCG@20': '0.0742'}
2024-12-03 11:46:13,059 - Validation score increased.  Saving model ...
2024-12-03 11:47:15,262 - {'epoch': 24, 'rec_loss': '7.6828'}
2024-12-03 11:47:19,811 - {'Epoch': 24, 'HR@5': '0.0774', 'NDCG@5': '0.0548', 'HR@10': '0.1063', 'NDCG@10': '0.0640', 'HR@20': '0.1464', 'NDCG@20': '0.0741'}
2024-12-03 11:47:19,813 - EarlyStopping counter: 1 out of 10
2024-12-03 11:48:21,234 - {'epoch': 25, 'rec_loss': '7.6546'}
2024-12-03 11:48:25,900 - {'Epoch': 25, 'HR@5': '0.0783', 'NDCG@5': '0.0555', 'HR@10': '0.1082', 'NDCG@10': '0.0651', 'HR@20': '0.1504', 'NDCG@20': '0.0757'}
2024-12-03 11:48:25,905 - Validation score increased.  Saving model ...
2024-12-03 11:49:25,962 - {'epoch': 26, 'rec_loss': '7.6290'}
2024-12-03 11:49:30,593 - {'Epoch': 26, 'HR@5': '0.0796', 'NDCG@5': '0.0563', 'HR@10': '0.1097', 'NDCG@10': '0.0660', 'HR@20': '0.1493', 'NDCG@20': '0.0759'}
2024-12-03 11:49:30,595 - Validation score increased.  Saving model ...
2024-12-03 11:50:31,038 - {'epoch': 27, 'rec_loss': '7.6056'}
2024-12-03 11:50:35,863 - {'Epoch': 27, 'HR@5': '0.0790', 'NDCG@5': '0.0560', 'HR@10': '0.1094', 'NDCG@10': '0.0658', 'HR@20': '0.1530', 'NDCG@20': '0.0768'}
2024-12-03 11:50:35,865 - Validation score increased.  Saving model ...
2024-12-03 11:51:35,932 - {'epoch': 28, 'rec_loss': '7.5796'}
2024-12-03 11:51:40,711 - {'Epoch': 28, 'HR@5': '0.0800', 'NDCG@5': '0.0567', 'HR@10': '0.1105', 'NDCG@10': '0.0665', 'HR@20': '0.1523', 'NDCG@20': '0.0770'}
2024-12-03 11:51:40,713 - Validation score increased.  Saving model ...
2024-12-03 11:52:42,004 - {'epoch': 29, 'rec_loss': '7.5583'}
2024-12-03 11:52:46,650 - {'Epoch': 29, 'HR@5': '0.0808', 'NDCG@5': '0.0571', 'HR@10': '0.1117', 'NDCG@10': '0.0670', 'HR@20': '0.1533', 'NDCG@20': '0.0775'}
2024-12-03 11:52:46,652 - Validation score increased.  Saving model ...
2024-12-03 11:53:48,095 - {'epoch': 30, 'rec_loss': '7.5344'}
2024-12-03 11:53:52,845 - {'Epoch': 30, 'HR@5': '0.0818', 'NDCG@5': '0.0586', 'HR@10': '0.1128', 'NDCG@10': '0.0685', 'HR@20': '0.1536', 'NDCG@20': '0.0788'}
2024-12-03 11:53:52,847 - Validation score increased.  Saving model ...
2024-12-03 11:54:53,948 - {'epoch': 31, 'rec_loss': '7.5144'}
2024-12-03 11:54:58,591 - {'Epoch': 31, 'HR@5': '0.0815', 'NDCG@5': '0.0581', 'HR@10': '0.1129', 'NDCG@10': '0.0681', 'HR@20': '0.1533', 'NDCG@20': '0.0783'}
2024-12-03 11:54:58,594 - EarlyStopping counter: 1 out of 10
2024-12-03 11:55:59,181 - {'epoch': 32, 'rec_loss': '7.4925'}
2024-12-03 11:56:03,847 - {'Epoch': 32, 'HR@5': '0.0828', 'NDCG@5': '0.0585', 'HR@10': '0.1143', 'NDCG@10': '0.0686', 'HR@20': '0.1562', 'NDCG@20': '0.0792'}
2024-12-03 11:56:03,849 - Validation score increased.  Saving model ...
2024-12-03 11:57:05,028 - {'epoch': 33, 'rec_loss': '7.4744'}
2024-12-03 11:57:09,747 - {'Epoch': 33, 'HR@5': '0.0811', 'NDCG@5': '0.0584', 'HR@10': '0.1129', 'NDCG@10': '0.0686', 'HR@20': '0.1551', 'NDCG@20': '0.0792'}
2024-12-03 11:57:09,750 - Validation score increased.  Saving model ...
2024-12-03 11:58:10,486 - {'epoch': 34, 'rec_loss': '7.4591'}
2024-12-03 11:58:15,621 - {'Epoch': 34, 'HR@5': '0.0819', 'NDCG@5': '0.0585', 'HR@10': '0.1130', 'NDCG@10': '0.0685', 'HR@20': '0.1551', 'NDCG@20': '0.0791'}
2024-12-03 11:58:15,623 - EarlyStopping counter: 1 out of 10
2024-12-03 11:59:17,143 - {'epoch': 35, 'rec_loss': '7.4399'}
2024-12-03 11:59:21,811 - {'Epoch': 35, 'HR@5': '0.0824', 'NDCG@5': '0.0587', 'HR@10': '0.1137', 'NDCG@10': '0.0688', 'HR@20': '0.1558', 'NDCG@20': '0.0794'}
2024-12-03 11:59:21,813 - Validation score increased.  Saving model ...
2024-12-03 12:00:23,030 - {'epoch': 36, 'rec_loss': '7.4248'}
2024-12-03 12:00:27,831 - {'Epoch': 36, 'HR@5': '0.0848', 'NDCG@5': '0.0598', 'HR@10': '0.1140', 'NDCG@10': '0.0692', 'HR@20': '0.1568', 'NDCG@20': '0.0800'}
2024-12-03 12:00:27,833 - Validation score increased.  Saving model ...
2024-12-03 12:01:28,090 - {'epoch': 37, 'rec_loss': '7.4076'}
2024-12-03 12:01:32,904 - {'Epoch': 37, 'HR@5': '0.0834', 'NDCG@5': '0.0597', 'HR@10': '0.1150', 'NDCG@10': '0.0699', 'HR@20': '0.1563', 'NDCG@20': '0.0803'}
2024-12-03 12:01:32,906 - Validation score increased.  Saving model ...
2024-12-03 12:02:34,252 - {'epoch': 38, 'rec_loss': '7.3933'}
2024-12-03 12:02:39,221 - {'Epoch': 38, 'HR@5': '0.0842', 'NDCG@5': '0.0598', 'HR@10': '0.1158', 'NDCG@10': '0.0699', 'HR@20': '0.1595', 'NDCG@20': '0.0809'}
2024-12-03 12:02:39,223 - Validation score increased.  Saving model ...
2024-12-03 12:03:40,217 - {'epoch': 39, 'rec_loss': '7.3764'}
2024-12-03 12:03:44,958 - {'Epoch': 39, 'HR@5': '0.0824', 'NDCG@5': '0.0587', 'HR@10': '0.1149', 'NDCG@10': '0.0692', 'HR@20': '0.1575', 'NDCG@20': '0.0799'}
2024-12-03 12:03:44,960 - EarlyStopping counter: 1 out of 10
2024-12-03 12:04:45,239 - {'epoch': 40, 'rec_loss': '7.3612'}
2024-12-03 12:04:49,827 - {'Epoch': 40, 'HR@5': '0.0842', 'NDCG@5': '0.0604', 'HR@10': '0.1145', 'NDCG@10': '0.0702', 'HR@20': '0.1585', 'NDCG@20': '0.0812'}
2024-12-03 12:04:49,833 - Validation score increased.  Saving model ...
2024-12-03 12:05:50,392 - {'epoch': 41, 'rec_loss': '7.3457'}
2024-12-03 12:05:55,236 - {'Epoch': 41, 'HR@5': '0.0844', 'NDCG@5': '0.0605', 'HR@10': '0.1160', 'NDCG@10': '0.0707', 'HR@20': '0.1595', 'NDCG@20': '0.0816'}
2024-12-03 12:05:55,238 - Validation score increased.  Saving model ...
2024-12-03 12:06:56,201 - {'epoch': 42, 'rec_loss': '7.3350'}
2024-12-03 12:07:01,021 - {'Epoch': 42, 'HR@5': '0.0840', 'NDCG@5': '0.0602', 'HR@10': '0.1147', 'NDCG@10': '0.0701', 'HR@20': '0.1583', 'NDCG@20': '0.0811'}
2024-12-03 12:07:01,023 - EarlyStopping counter: 1 out of 10
2024-12-03 12:08:02,531 - {'epoch': 43, 'rec_loss': '7.3212'}
2024-12-03 12:08:07,145 - {'Epoch': 43, 'HR@5': '0.0835', 'NDCG@5': '0.0600', 'HR@10': '0.1160', 'NDCG@10': '0.0704', 'HR@20': '0.1590', 'NDCG@20': '0.0812'}
2024-12-03 12:08:07,147 - EarlyStopping counter: 2 out of 10
2024-12-03 12:09:07,609 - {'epoch': 44, 'rec_loss': '7.3115'}
2024-12-03 12:09:12,281 - {'Epoch': 44, 'HR@5': '0.0852', 'NDCG@5': '0.0613', 'HR@10': '0.1173', 'NDCG@10': '0.0716', 'HR@20': '0.1598', 'NDCG@20': '0.0823'}
2024-12-03 12:09:12,282 - Validation score increased.  Saving model ...
2024-12-03 12:10:13,821 - {'epoch': 45, 'rec_loss': '7.2976'}
2024-12-03 12:10:18,728 - {'Epoch': 45, 'HR@5': '0.0857', 'NDCG@5': '0.0618', 'HR@10': '0.1166', 'NDCG@10': '0.0717', 'HR@20': '0.1595', 'NDCG@20': '0.0825'}
2024-12-03 12:10:18,730 - Validation score increased.  Saving model ...
2024-12-03 12:11:20,910 - {'epoch': 46, 'rec_loss': '7.2873'}
2024-12-03 12:11:25,563 - {'Epoch': 46, 'HR@5': '0.0853', 'NDCG@5': '0.0610', 'HR@10': '0.1171', 'NDCG@10': '0.0712', 'HR@20': '0.1607', 'NDCG@20': '0.0822'}
2024-12-03 12:11:25,564 - EarlyStopping counter: 1 out of 10
2024-12-03 12:12:26,204 - {'epoch': 47, 'rec_loss': '7.2761'}
2024-12-03 12:12:31,073 - {'Epoch': 47, 'HR@5': '0.0845', 'NDCG@5': '0.0608', 'HR@10': '0.1181', 'NDCG@10': '0.0716', 'HR@20': '0.1604', 'NDCG@20': '0.0822'}
2024-12-03 12:12:31,075 - EarlyStopping counter: 2 out of 10
2024-12-03 12:13:31,541 - {'epoch': 48, 'rec_loss': '7.2668'}
2024-12-03 12:13:36,291 - {'Epoch': 48, 'HR@5': '0.0861', 'NDCG@5': '0.0616', 'HR@10': '0.1184', 'NDCG@10': '0.0719', 'HR@20': '0.1590', 'NDCG@20': '0.0822'}
2024-12-03 12:13:36,293 - EarlyStopping counter: 3 out of 10
2024-12-03 12:14:38,120 - {'epoch': 49, 'rec_loss': '7.2554'}
2024-12-03 12:14:42,827 - {'Epoch': 49, 'HR@5': '0.0855', 'NDCG@5': '0.0611', 'HR@10': '0.1176', 'NDCG@10': '0.0714', 'HR@20': '0.1604', 'NDCG@20': '0.0822'}
2024-12-03 12:14:42,829 - EarlyStopping counter: 4 out of 10
2024-12-03 12:15:43,666 - {'epoch': 50, 'rec_loss': '7.2457'}
2024-12-03 12:15:48,403 - {'Epoch': 50, 'HR@5': '0.0865', 'NDCG@5': '0.0615', 'HR@10': '0.1201', 'NDCG@10': '0.0723', 'HR@20': '0.1613', 'NDCG@20': '0.0827'}
2024-12-03 12:15:48,405 - Validation score increased.  Saving model ...
2024-12-03 12:16:49,102 - {'epoch': 51, 'rec_loss': '7.2407'}
2024-12-03 12:16:54,241 - {'Epoch': 51, 'HR@5': '0.0851', 'NDCG@5': '0.0606', 'HR@10': '0.1177', 'NDCG@10': '0.0711', 'HR@20': '0.1598', 'NDCG@20': '0.0817'}
2024-12-03 12:16:54,245 - EarlyStopping counter: 1 out of 10
2024-12-03 12:17:55,840 - {'epoch': 52, 'rec_loss': '7.2253'}
2024-12-03 12:18:00,655 - {'Epoch': 52, 'HR@5': '0.0860', 'NDCG@5': '0.0619', 'HR@10': '0.1179', 'NDCG@10': '0.0722', 'HR@20': '0.1600', 'NDCG@20': '0.0828'}
2024-12-03 12:18:00,657 - Validation score increased.  Saving model ...
2024-12-03 12:19:01,648 - {'epoch': 53, 'rec_loss': '7.2183'}
2024-12-03 12:19:06,629 - {'Epoch': 53, 'HR@5': '0.0867', 'NDCG@5': '0.0617', 'HR@10': '0.1202', 'NDCG@10': '0.0725', 'HR@20': '0.1616', 'NDCG@20': '0.0829'}
2024-12-03 12:19:06,631 - Validation score increased.  Saving model ...
2024-12-03 12:20:07,709 - {'epoch': 54, 'rec_loss': '7.2091'}
2024-12-03 12:20:12,669 - {'Epoch': 54, 'HR@5': '0.0867', 'NDCG@5': '0.0622', 'HR@10': '0.1199', 'NDCG@10': '0.0729', 'HR@20': '0.1619', 'NDCG@20': '0.0835'}
2024-12-03 12:20:12,674 - Validation score increased.  Saving model ...
2024-12-03 12:21:12,417 - {'epoch': 55, 'rec_loss': '7.2011'}
2024-12-03 12:21:17,104 - {'Epoch': 55, 'HR@5': '0.0864', 'NDCG@5': '0.0621', 'HR@10': '0.1191', 'NDCG@10': '0.0727', 'HR@20': '0.1621', 'NDCG@20': '0.0835'}
2024-12-03 12:21:17,106 - Validation score increased.  Saving model ...
2024-12-03 12:22:18,099 - {'epoch': 56, 'rec_loss': '7.1948'}
2024-12-03 12:22:22,974 - {'Epoch': 56, 'HR@5': '0.0861', 'NDCG@5': '0.0618', 'HR@10': '0.1192', 'NDCG@10': '0.0725', 'HR@20': '0.1610', 'NDCG@20': '0.0830'}
2024-12-03 12:22:22,976 - EarlyStopping counter: 1 out of 10
2024-12-03 12:23:22,980 - {'epoch': 57, 'rec_loss': '7.1858'}
2024-12-03 12:23:27,697 - {'Epoch': 57, 'HR@5': '0.0866', 'NDCG@5': '0.0621', 'HR@10': '0.1189', 'NDCG@10': '0.0725', 'HR@20': '0.1624', 'NDCG@20': '0.0834'}
2024-12-03 12:23:27,699 - EarlyStopping counter: 2 out of 10
2024-12-03 12:24:27,740 - {'epoch': 58, 'rec_loss': '7.1757'}
2024-12-03 12:24:32,605 - {'Epoch': 58, 'HR@5': '0.0872', 'NDCG@5': '0.0619', 'HR@10': '0.1209', 'NDCG@10': '0.0727', 'HR@20': '0.1634', 'NDCG@20': '0.0834'}
2024-12-03 12:24:32,607 - EarlyStopping counter: 3 out of 10
2024-12-03 12:25:33,831 - {'epoch': 59, 'rec_loss': '7.1693'}
2024-12-03 12:25:38,653 - {'Epoch': 59, 'HR@5': '0.0869', 'NDCG@5': '0.0616', 'HR@10': '0.1206', 'NDCG@10': '0.0724', 'HR@20': '0.1633', 'NDCG@20': '0.0832'}
2024-12-03 12:25:38,654 - EarlyStopping counter: 4 out of 10
2024-12-03 12:26:38,248 - {'epoch': 60, 'rec_loss': '7.1660'}
2024-12-03 12:26:43,118 - {'Epoch': 60, 'HR@5': '0.0873', 'NDCG@5': '0.0622', 'HR@10': '0.1210', 'NDCG@10': '0.0730', 'HR@20': '0.1626', 'NDCG@20': '0.0835'}
2024-12-03 12:26:43,120 - Validation score increased.  Saving model ...
2024-12-03 12:27:42,433 - {'epoch': 61, 'rec_loss': '7.1576'}
2024-12-03 12:27:47,298 - {'Epoch': 61, 'HR@5': '0.0863', 'NDCG@5': '0.0620', 'HR@10': '0.1189', 'NDCG@10': '0.0725', 'HR@20': '0.1621', 'NDCG@20': '0.0833'}
2024-12-03 12:27:47,300 - EarlyStopping counter: 1 out of 10
2024-12-03 12:28:47,227 - {'epoch': 62, 'rec_loss': '7.1506'}
2024-12-03 12:28:52,045 - {'Epoch': 62, 'HR@5': '0.0858', 'NDCG@5': '0.0614', 'HR@10': '0.1201', 'NDCG@10': '0.0724', 'HR@20': '0.1638', 'NDCG@20': '0.0834'}
2024-12-03 12:28:52,047 - EarlyStopping counter: 2 out of 10
2024-12-03 12:29:54,916 - {'epoch': 63, 'rec_loss': '7.1450'}
2024-12-03 12:29:59,740 - {'Epoch': 63, 'HR@5': '0.0868', 'NDCG@5': '0.0622', 'HR@10': '0.1201', 'NDCG@10': '0.0730', 'HR@20': '0.1630', 'NDCG@20': '0.0838'}
2024-12-03 12:29:59,742 - Validation score increased.  Saving model ...
2024-12-03 12:31:00,171 - {'epoch': 64, 'rec_loss': '7.1347'}
2024-12-03 12:31:04,824 - {'Epoch': 64, 'HR@5': '0.0860', 'NDCG@5': '0.0614', 'HR@10': '0.1199', 'NDCG@10': '0.0723', 'HR@20': '0.1622', 'NDCG@20': '0.0830'}
2024-12-03 12:31:04,825 - EarlyStopping counter: 1 out of 10
2024-12-03 12:32:05,565 - {'epoch': 65, 'rec_loss': '7.1339'}
2024-12-03 12:32:10,289 - {'Epoch': 65, 'HR@5': '0.0861', 'NDCG@5': '0.0616', 'HR@10': '0.1178', 'NDCG@10': '0.0718', 'HR@20': '0.1614', 'NDCG@20': '0.0828'}
2024-12-03 12:32:10,291 - EarlyStopping counter: 2 out of 10
2024-12-03 12:33:11,712 - {'epoch': 66, 'rec_loss': '7.1266'}
2024-12-03 12:33:16,408 - {'Epoch': 66, 'HR@5': '0.0868', 'NDCG@5': '0.0617', 'HR@10': '0.1196', 'NDCG@10': '0.0723', 'HR@20': '0.1625', 'NDCG@20': '0.0831'}
2024-12-03 12:33:16,409 - EarlyStopping counter: 3 out of 10
2024-12-03 12:34:15,560 - {'epoch': 67, 'rec_loss': '7.1214'}
2024-12-03 12:34:20,376 - {'Epoch': 67, 'HR@5': '0.0878', 'NDCG@5': '0.0625', 'HR@10': '0.1198', 'NDCG@10': '0.0727', 'HR@20': '0.1623', 'NDCG@20': '0.0834'}
2024-12-03 12:34:20,378 - EarlyStopping counter: 4 out of 10
2024-12-03 12:35:19,494 - {'epoch': 68, 'rec_loss': '7.1157'}
2024-12-03 12:35:24,336 - {'Epoch': 68, 'HR@5': '0.0864', 'NDCG@5': '0.0621', 'HR@10': '0.1200', 'NDCG@10': '0.0729', 'HR@20': '0.1618', 'NDCG@20': '0.0834'}
2024-12-03 12:35:24,338 - EarlyStopping counter: 5 out of 10
2024-12-03 12:36:26,379 - {'epoch': 69, 'rec_loss': '7.1109'}
2024-12-03 12:36:31,094 - {'Epoch': 69, 'HR@5': '0.0874', 'NDCG@5': '0.0628', 'HR@10': '0.1214', 'NDCG@10': '0.0738', 'HR@20': '0.1643', 'NDCG@20': '0.0846'}
2024-12-03 12:36:31,096 - Validation score increased.  Saving model ...
2024-12-03 12:37:33,339 - {'epoch': 70, 'rec_loss': '7.1075'}
2024-12-03 12:37:37,963 - {'Epoch': 70, 'HR@5': '0.0876', 'NDCG@5': '0.0618', 'HR@10': '0.1205', 'NDCG@10': '0.0724', 'HR@20': '0.1642', 'NDCG@20': '0.0834'}
2024-12-03 12:37:37,965 - EarlyStopping counter: 1 out of 10
2024-12-03 12:38:37,826 - {'epoch': 71, 'rec_loss': '7.0984'}
2024-12-03 12:38:42,730 - {'Epoch': 71, 'HR@5': '0.0884', 'NDCG@5': '0.0629', 'HR@10': '0.1209', 'NDCG@10': '0.0733', 'HR@20': '0.1645', 'NDCG@20': '0.0843'}
2024-12-03 12:38:42,732 - EarlyStopping counter: 2 out of 10
2024-12-03 12:39:43,768 - {'epoch': 72, 'rec_loss': '7.0938'}
2024-12-03 12:39:48,672 - {'Epoch': 72, 'HR@5': '0.0873', 'NDCG@5': '0.0618', 'HR@10': '0.1204', 'NDCG@10': '0.0725', 'HR@20': '0.1623', 'NDCG@20': '0.0831'}
2024-12-03 12:39:48,677 - EarlyStopping counter: 3 out of 10
2024-12-03 12:40:49,236 - {'epoch': 73, 'rec_loss': '7.0886'}
2024-12-03 12:40:54,360 - {'Epoch': 73, 'HR@5': '0.0893', 'NDCG@5': '0.0630', 'HR@10': '0.1201', 'NDCG@10': '0.0730', 'HR@20': '0.1636', 'NDCG@20': '0.0839'}
2024-12-03 12:40:54,361 - EarlyStopping counter: 4 out of 10
2024-12-03 12:41:55,656 - {'epoch': 74, 'rec_loss': '7.0812'}
2024-12-03 12:42:00,335 - {'Epoch': 74, 'HR@5': '0.0872', 'NDCG@5': '0.0623', 'HR@10': '0.1214', 'NDCG@10': '0.0733', 'HR@20': '0.1626', 'NDCG@20': '0.0837'}
2024-12-03 12:42:00,337 - EarlyStopping counter: 5 out of 10
2024-12-03 12:43:01,184 - {'epoch': 75, 'rec_loss': '7.0808'}
2024-12-03 12:43:06,322 - {'Epoch': 75, 'HR@5': '0.0888', 'NDCG@5': '0.0629', 'HR@10': '0.1219', 'NDCG@10': '0.0735', 'HR@20': '0.1630', 'NDCG@20': '0.0839'}
2024-12-03 12:43:06,324 - EarlyStopping counter: 6 out of 10
2024-12-03 12:44:07,235 - {'epoch': 76, 'rec_loss': '7.0751'}
2024-12-03 12:44:11,966 - {'Epoch': 76, 'HR@5': '0.0891', 'NDCG@5': '0.0629', 'HR@10': '0.1219', 'NDCG@10': '0.0735', 'HR@20': '0.1638', 'NDCG@20': '0.0840'}
2024-12-03 12:44:11,968 - EarlyStopping counter: 7 out of 10
2024-12-03 12:45:11,922 - {'epoch': 77, 'rec_loss': '7.0685'}
2024-12-03 12:45:16,884 - {'Epoch': 77, 'HR@5': '0.0877', 'NDCG@5': '0.0625', 'HR@10': '0.1197', 'NDCG@10': '0.0729', 'HR@20': '0.1637', 'NDCG@20': '0.0840'}
2024-12-03 12:45:16,888 - EarlyStopping counter: 8 out of 10
2024-12-03 12:46:17,447 - {'epoch': 78, 'rec_loss': '7.0639'}
2024-12-03 12:46:22,149 - {'Epoch': 78, 'HR@5': '0.0868', 'NDCG@5': '0.0619', 'HR@10': '0.1210', 'NDCG@10': '0.0730', 'HR@20': '0.1639', 'NDCG@20': '0.0837'}
2024-12-03 12:46:22,151 - EarlyStopping counter: 9 out of 10
2024-12-03 12:47:23,054 - {'epoch': 79, 'rec_loss': '7.0626'}
2024-12-03 12:47:27,956 - {'Epoch': 79, 'HR@5': '0.0889', 'NDCG@5': '0.0630', 'HR@10': '0.1219', 'NDCG@10': '0.0736', 'HR@20': '0.1657', 'NDCG@20': '0.0846'}
2024-12-03 12:47:27,958 - Validation score increased.  Saving model ...
2024-12-03 12:48:29,260 - {'epoch': 80, 'rec_loss': '7.0577'}
2024-12-03 12:48:34,155 - {'Epoch': 80, 'HR@5': '0.0868', 'NDCG@5': '0.0622', 'HR@10': '0.1209', 'NDCG@10': '0.0732', 'HR@20': '0.1632', 'NDCG@20': '0.0839'}
2024-12-03 12:48:34,157 - EarlyStopping counter: 1 out of 10
2024-12-03 12:49:34,931 - {'epoch': 81, 'rec_loss': '7.0540'}
2024-12-03 12:49:39,709 - {'Epoch': 81, 'HR@5': '0.0880', 'NDCG@5': '0.0623', 'HR@10': '0.1220', 'NDCG@10': '0.0733', 'HR@20': '0.1655', 'NDCG@20': '0.0843'}
2024-12-03 12:49:39,711 - EarlyStopping counter: 2 out of 10
2024-12-03 12:50:41,289 - {'epoch': 82, 'rec_loss': '7.0500'}
2024-12-03 12:50:46,036 - {'Epoch': 82, 'HR@5': '0.0888', 'NDCG@5': '0.0631', 'HR@10': '0.1222', 'NDCG@10': '0.0739', 'HR@20': '0.1646', 'NDCG@20': '0.0846'}
2024-12-03 12:50:46,038 - EarlyStopping counter: 3 out of 10
2024-12-03 12:51:46,794 - {'epoch': 83, 'rec_loss': '7.0422'}
2024-12-03 12:51:51,560 - {'Epoch': 83, 'HR@5': '0.0872', 'NDCG@5': '0.0627', 'HR@10': '0.1217', 'NDCG@10': '0.0738', 'HR@20': '0.1634', 'NDCG@20': '0.0843'}
2024-12-03 12:51:51,562 - EarlyStopping counter: 4 out of 10
2024-12-03 12:52:52,024 - {'epoch': 84, 'rec_loss': '7.0400'}
2024-12-03 12:52:56,913 - {'Epoch': 84, 'HR@5': '0.0869', 'NDCG@5': '0.0617', 'HR@10': '0.1213', 'NDCG@10': '0.0728', 'HR@20': '0.1625', 'NDCG@20': '0.0832'}
2024-12-03 12:52:56,915 - EarlyStopping counter: 5 out of 10
2024-12-03 12:53:57,636 - {'epoch': 85, 'rec_loss': '7.0305'}
2024-12-03 12:54:02,512 - {'Epoch': 85, 'HR@5': '0.0878', 'NDCG@5': '0.0620', 'HR@10': '0.1222', 'NDCG@10': '0.0731', 'HR@20': '0.1626', 'NDCG@20': '0.0833'}
2024-12-03 12:54:02,514 - EarlyStopping counter: 6 out of 10
2024-12-03 12:55:02,365 - {'epoch': 86, 'rec_loss': '7.0351'}
2024-12-03 12:55:07,331 - {'Epoch': 86, 'HR@5': '0.0886', 'NDCG@5': '0.0628', 'HR@10': '0.1219', 'NDCG@10': '0.0736', 'HR@20': '0.1632', 'NDCG@20': '0.0840'}
2024-12-03 12:55:07,332 - EarlyStopping counter: 7 out of 10
2024-12-03 12:56:08,798 - {'epoch': 87, 'rec_loss': '7.0296'}
2024-12-03 12:56:13,610 - {'Epoch': 87, 'HR@5': '0.0877', 'NDCG@5': '0.0623', 'HR@10': '0.1208', 'NDCG@10': '0.0729', 'HR@20': '0.1648', 'NDCG@20': '0.0840'}
2024-12-03 12:56:13,611 - EarlyStopping counter: 8 out of 10
2024-12-03 12:57:16,219 - {'epoch': 88, 'rec_loss': '7.0259'}
2024-12-03 12:57:21,079 - {'Epoch': 88, 'HR@5': '0.0875', 'NDCG@5': '0.0623', 'HR@10': '0.1212', 'NDCG@10': '0.0732', 'HR@20': '0.1642', 'NDCG@20': '0.0840'}
2024-12-03 12:57:21,081 - EarlyStopping counter: 9 out of 10
2024-12-03 12:58:22,378 - {'epoch': 89, 'rec_loss': '7.0189'}
2024-12-03 12:58:27,206 - {'Epoch': 89, 'HR@5': '0.0865', 'NDCG@5': '0.0618', 'HR@10': '0.1213', 'NDCG@10': '0.0731', 'HR@20': '0.1634', 'NDCG@20': '0.0836'}
2024-12-03 12:58:27,208 - EarlyStopping counter: 10 out of 10
2024-12-03 12:58:27,208 - Early stopping
2024-12-03 12:58:27,208 - ---------------Test Score---------------
2024-12-03 12:58:32,037 - {'Epoch': 0, 'HR@5': '0.0698', 'NDCG@5': '0.0503', 'HR@10': '0.0981', 'NDCG@10': '0.0594', 'HR@20': '0.1362', 'NDCG@20': '0.0689'}
2024-12-03 12:58:32,039 - FEARec_Beauty
2024-12-03 12:58:32,039 - {'Epoch': 0, 'HR@5': '0.0698', 'NDCG@5': '0.0503', 'HR@10': '0.0981', 'NDCG@10': '0.0594', 'HR@20': '0.1362', 'NDCG@20': '0.0689'}
