2024-12-03 20:39:38,553 - Namespace(data_dir='./data/', output_dir='output/', data_name='LastFM', do_eval=False, load_model=None, train_name='FMLPRec_LastFM', num_items=10, num_users=1091, lr=0.001, batch_size=256, epochs=200, no_cuda=False, log_freq=1, patience=10, num_workers=4, seed=42, weight_decay=0.0, adam_beta1=0.9, adam_beta2=0.999, gpu_id='0', variance=5, model_type='FMLPRec', max_seq_length=50, hidden_size=64, num_hidden_layers=2, hidden_act='gelu', num_attention_heads=1, attention_probs_dropout_prob=0.5, hidden_dropout_prob=0.5, initializer_range=0.02, cuda_condition=True, data_file='./data/LastFM.txt', item_size=3647, checkpoint_path='output/FMLPRec_LastFM.pt', same_target_path='./data/LastFM_same_target.npy')
2024-12-03 20:39:38,559 - FMLPRecModel(
  (item_embeddings): Embedding(3647, 64, padding_idx=0)
  (position_embeddings): Embedding(50, 64)
  (LayerNorm): LayerNorm()
  (dropout): Dropout(p=0.5, inplace=False)
  (item_encoder): FMLPRecEncoder(
    (blocks): ModuleList(
      (0): FMLPRecBlock(
        (layer): FMLPRecLayer(
          (out_dropout): Dropout(p=0.5, inplace=False)
          (LayerNorm): LayerNorm()
        )
        (feed_forward): FeedForward(
          (dense_1): Linear(in_features=64, out_features=256, bias=True)
          (dense_2): Linear(in_features=256, out_features=64, bias=True)
          (LayerNorm): LayerNorm()
          (dropout): Dropout(p=0.5, inplace=False)
        )
      )
      (1): FMLPRecBlock(
        (layer): FMLPRecLayer(
          (out_dropout): Dropout(p=0.5, inplace=False)
          (LayerNorm): LayerNorm()
        )
        (feed_forward): FeedForward(
          (dense_1): Linear(in_features=64, out_features=256, bias=True)
          (dense_2): Linear(in_features=256, out_features=64, bias=True)
          (LayerNorm): LayerNorm()
          (dropout): Dropout(p=0.5, inplace=False)
        )
      )
    )
  )
)
2024-12-03 20:39:39,949 - Total Parameters: 310080
2024-12-03 20:39:41,357 - {'epoch': 0, 'rec_loss': '1.3341'}
2024-12-03 20:39:41,640 - {'Epoch': 0, 'HR@5': '0.0156', 'NDCG@5': '0.0108', 'HR@10': '0.0284', 'NDCG@10': '0.0148', 'HR@20': '0.0587', 'NDCG@20': '0.0224'}
2024-12-03 20:39:41,640 - Validation score increased.  Saving model ...
2024-12-03 20:39:42,326 - {'epoch': 1, 'rec_loss': '1.2226'}
2024-12-03 20:39:42,599 - {'Epoch': 1, 'HR@5': '0.0128', 'NDCG@5': '0.0076', 'HR@10': '0.0294', 'NDCG@10': '0.0130', 'HR@20': '0.0505', 'NDCG@20': '0.0183'}
2024-12-03 20:39:42,599 - EarlyStopping counter: 1 out of 10
2024-12-03 20:39:43,263 - {'epoch': 2, 'rec_loss': '1.1493'}
2024-12-03 20:39:43,537 - {'Epoch': 2, 'HR@5': '0.0202', 'NDCG@5': '0.0128', 'HR@10': '0.0303', 'NDCG@10': '0.0162', 'HR@20': '0.0578', 'NDCG@20': '0.0233'}
2024-12-03 20:39:43,538 - Validation score increased.  Saving model ...
2024-12-03 20:39:44,228 - {'epoch': 3, 'rec_loss': '1.0871'}
2024-12-03 20:39:44,509 - {'Epoch': 3, 'HR@5': '0.0174', 'NDCG@5': '0.0099', 'HR@10': '0.0303', 'NDCG@10': '0.0139', 'HR@20': '0.0541', 'NDCG@20': '0.0199'}
2024-12-03 20:39:44,509 - EarlyStopping counter: 1 out of 10
2024-12-03 20:39:45,147 - {'epoch': 4, 'rec_loss': '1.0249'}
2024-12-03 20:39:45,416 - {'Epoch': 4, 'HR@5': '0.0202', 'NDCG@5': '0.0130', 'HR@10': '0.0330', 'NDCG@10': '0.0171', 'HR@20': '0.0523', 'NDCG@20': '0.0218'}
2024-12-03 20:39:45,416 - EarlyStopping counter: 2 out of 10
2024-12-03 20:39:46,092 - {'epoch': 5, 'rec_loss': '0.9731'}
2024-12-03 20:39:46,364 - {'Epoch': 5, 'HR@5': '0.0193', 'NDCG@5': '0.0103', 'HR@10': '0.0303', 'NDCG@10': '0.0137', 'HR@20': '0.0541', 'NDCG@20': '0.0197'}
2024-12-03 20:39:46,364 - EarlyStopping counter: 3 out of 10
2024-12-03 20:39:47,010 - {'epoch': 6, 'rec_loss': '0.9317'}
2024-12-03 20:39:47,287 - {'Epoch': 6, 'HR@5': '0.0174', 'NDCG@5': '0.0114', 'HR@10': '0.0358', 'NDCG@10': '0.0172', 'HR@20': '0.0596', 'NDCG@20': '0.0233'}
2024-12-03 20:39:47,288 - EarlyStopping counter: 4 out of 10
2024-12-03 20:39:47,923 - {'epoch': 7, 'rec_loss': '0.8763'}
2024-12-03 20:39:48,217 - {'Epoch': 7, 'HR@5': '0.0165', 'NDCG@5': '0.0109', 'HR@10': '0.0303', 'NDCG@10': '0.0153', 'HR@20': '0.0615', 'NDCG@20': '0.0231'}
2024-12-03 20:39:48,217 - EarlyStopping counter: 5 out of 10
2024-12-03 20:39:48,869 - {'epoch': 8, 'rec_loss': '0.8333'}
2024-12-03 20:39:49,153 - {'Epoch': 8, 'HR@5': '0.0275', 'NDCG@5': '0.0158', 'HR@10': '0.0459', 'NDCG@10': '0.0217', 'HR@20': '0.0725', 'NDCG@20': '0.0285'}
2024-12-03 20:39:49,153 - Validation score increased.  Saving model ...
2024-12-03 20:39:49,858 - {'epoch': 9, 'rec_loss': '0.7899'}
2024-12-03 20:39:50,144 - {'Epoch': 9, 'HR@5': '0.0220', 'NDCG@5': '0.0132', 'HR@10': '0.0468', 'NDCG@10': '0.0212', 'HR@20': '0.0789', 'NDCG@20': '0.0291'}
2024-12-03 20:39:50,144 - Validation score increased.  Saving model ...
2024-12-03 20:39:50,876 - {'epoch': 10, 'rec_loss': '0.7521'}
2024-12-03 20:39:51,146 - {'Epoch': 10, 'HR@5': '0.0266', 'NDCG@5': '0.0162', 'HR@10': '0.0440', 'NDCG@10': '0.0216', 'HR@20': '0.0807', 'NDCG@20': '0.0311'}
2024-12-03 20:39:51,146 - Validation score increased.  Saving model ...
2024-12-03 20:39:51,833 - {'epoch': 11, 'rec_loss': '0.7127'}
2024-12-03 20:39:52,121 - {'Epoch': 11, 'HR@5': '0.0321', 'NDCG@5': '0.0188', 'HR@10': '0.0477', 'NDCG@10': '0.0237', 'HR@20': '0.0917', 'NDCG@20': '0.0348'}
2024-12-03 20:39:52,122 - Validation score increased.  Saving model ...
2024-12-03 20:39:52,788 - {'epoch': 12, 'rec_loss': '0.6876'}
2024-12-03 20:39:53,059 - {'Epoch': 12, 'HR@5': '0.0266', 'NDCG@5': '0.0176', 'HR@10': '0.0560', 'NDCG@10': '0.0270', 'HR@20': '0.0936', 'NDCG@20': '0.0364'}
2024-12-03 20:39:53,060 - Validation score increased.  Saving model ...
2024-12-03 20:39:53,761 - {'epoch': 13, 'rec_loss': '0.6559'}
2024-12-03 20:39:54,032 - {'Epoch': 13, 'HR@5': '0.0367', 'NDCG@5': '0.0229', 'HR@10': '0.0615', 'NDCG@10': '0.0307', 'HR@20': '0.0972', 'NDCG@20': '0.0399'}
2024-12-03 20:39:54,033 - Validation score increased.  Saving model ...
2024-12-03 20:39:54,675 - {'epoch': 14, 'rec_loss': '0.6276'}
2024-12-03 20:39:54,942 - {'Epoch': 14, 'HR@5': '0.0303', 'NDCG@5': '0.0174', 'HR@10': '0.0550', 'NDCG@10': '0.0253', 'HR@20': '0.0890', 'NDCG@20': '0.0337'}
2024-12-03 20:39:54,943 - EarlyStopping counter: 1 out of 10
2024-12-03 20:39:55,615 - {'epoch': 15, 'rec_loss': '0.5950'}
2024-12-03 20:39:55,892 - {'Epoch': 15, 'HR@5': '0.0376', 'NDCG@5': '0.0209', 'HR@10': '0.0624', 'NDCG@10': '0.0292', 'HR@20': '0.0945', 'NDCG@20': '0.0372'}
2024-12-03 20:39:55,893 - EarlyStopping counter: 2 out of 10
2024-12-03 20:39:56,536 - {'epoch': 16, 'rec_loss': '0.5788'}
2024-12-03 20:39:56,807 - {'Epoch': 16, 'HR@5': '0.0358', 'NDCG@5': '0.0221', 'HR@10': '0.0587', 'NDCG@10': '0.0294', 'HR@20': '0.1018', 'NDCG@20': '0.0403'}
2024-12-03 20:39:56,807 - Validation score increased.  Saving model ...
2024-12-03 20:39:57,485 - {'epoch': 17, 'rec_loss': '0.5586'}
2024-12-03 20:39:57,759 - {'Epoch': 17, 'HR@5': '0.0349', 'NDCG@5': '0.0235', 'HR@10': '0.0587', 'NDCG@10': '0.0313', 'HR@20': '0.0972', 'NDCG@20': '0.0408'}
2024-12-03 20:39:57,759 - Validation score increased.  Saving model ...
2024-12-03 20:39:58,427 - {'epoch': 18, 'rec_loss': '0.5320'}
2024-12-03 20:39:58,712 - {'Epoch': 18, 'HR@5': '0.0349', 'NDCG@5': '0.0215', 'HR@10': '0.0661', 'NDCG@10': '0.0317', 'HR@20': '0.0963', 'NDCG@20': '0.0392'}
2024-12-03 20:39:58,713 - EarlyStopping counter: 1 out of 10
2024-12-03 20:39:59,393 - {'epoch': 19, 'rec_loss': '0.5173'}
2024-12-03 20:39:59,680 - {'Epoch': 19, 'HR@5': '0.0394', 'NDCG@5': '0.0249', 'HR@10': '0.0697', 'NDCG@10': '0.0346', 'HR@20': '0.0936', 'NDCG@20': '0.0406'}
2024-12-03 20:39:59,681 - EarlyStopping counter: 2 out of 10
2024-12-03 20:40:00,335 - {'epoch': 20, 'rec_loss': '0.5032'}
2024-12-03 20:40:00,621 - {'Epoch': 20, 'HR@5': '0.0459', 'NDCG@5': '0.0261', 'HR@10': '0.0651', 'NDCG@10': '0.0323', 'HR@20': '0.0963', 'NDCG@20': '0.0402'}
2024-12-03 20:40:00,622 - EarlyStopping counter: 3 out of 10
2024-12-03 20:40:01,287 - {'epoch': 21, 'rec_loss': '0.4908'}
2024-12-03 20:40:01,576 - {'Epoch': 21, 'HR@5': '0.0413', 'NDCG@5': '0.0242', 'HR@10': '0.0706', 'NDCG@10': '0.0337', 'HR@20': '0.1018', 'NDCG@20': '0.0416'}
2024-12-03 20:40:01,577 - Validation score increased.  Saving model ...
2024-12-03 20:40:02,290 - {'epoch': 22, 'rec_loss': '0.4824'}
2024-12-03 20:40:02,565 - {'Epoch': 22, 'HR@5': '0.0385', 'NDCG@5': '0.0229', 'HR@10': '0.0642', 'NDCG@10': '0.0313', 'HR@20': '0.0954', 'NDCG@20': '0.0391'}
2024-12-03 20:40:02,566 - EarlyStopping counter: 1 out of 10
2024-12-03 20:40:03,234 - {'epoch': 23, 'rec_loss': '0.4700'}
2024-12-03 20:40:03,508 - {'Epoch': 23, 'HR@5': '0.0404', 'NDCG@5': '0.0261', 'HR@10': '0.0624', 'NDCG@10': '0.0332', 'HR@20': '0.0917', 'NDCG@20': '0.0406'}
2024-12-03 20:40:03,508 - EarlyStopping counter: 2 out of 10
2024-12-03 20:40:04,148 - {'epoch': 24, 'rec_loss': '0.4554'}
2024-12-03 20:40:04,430 - {'Epoch': 24, 'HR@5': '0.0422', 'NDCG@5': '0.0259', 'HR@10': '0.0697', 'NDCG@10': '0.0347', 'HR@20': '0.1037', 'NDCG@20': '0.0432'}
2024-12-03 20:40:04,430 - Validation score increased.  Saving model ...
2024-12-03 20:40:05,113 - {'epoch': 25, 'rec_loss': '0.4503'}
2024-12-03 20:40:05,384 - {'Epoch': 25, 'HR@5': '0.0367', 'NDCG@5': '0.0217', 'HR@10': '0.0679', 'NDCG@10': '0.0317', 'HR@20': '0.1046', 'NDCG@20': '0.0409'}
2024-12-03 20:40:05,385 - EarlyStopping counter: 1 out of 10
2024-12-03 20:40:06,058 - {'epoch': 26, 'rec_loss': '0.4306'}
2024-12-03 20:40:06,335 - {'Epoch': 26, 'HR@5': '0.0422', 'NDCG@5': '0.0245', 'HR@10': '0.0606', 'NDCG@10': '0.0305', 'HR@20': '0.1037', 'NDCG@20': '0.0414'}
2024-12-03 20:40:06,335 - EarlyStopping counter: 2 out of 10
2024-12-03 20:40:06,977 - {'epoch': 27, 'rec_loss': '0.4274'}
2024-12-03 20:40:07,244 - {'Epoch': 27, 'HR@5': '0.0422', 'NDCG@5': '0.0259', 'HR@10': '0.0651', 'NDCG@10': '0.0332', 'HR@20': '0.0963', 'NDCG@20': '0.0411'}
2024-12-03 20:40:07,244 - EarlyStopping counter: 3 out of 10
2024-12-03 20:40:07,922 - {'epoch': 28, 'rec_loss': '0.4179'}
2024-12-03 20:40:08,190 - {'Epoch': 28, 'HR@5': '0.0358', 'NDCG@5': '0.0224', 'HR@10': '0.0706', 'NDCG@10': '0.0337', 'HR@20': '0.1055', 'NDCG@20': '0.0423'}
2024-12-03 20:40:08,191 - EarlyStopping counter: 4 out of 10
2024-12-03 20:40:08,831 - {'epoch': 29, 'rec_loss': '0.4059'}
2024-12-03 20:40:09,098 - {'Epoch': 29, 'HR@5': '0.0367', 'NDCG@5': '0.0241', 'HR@10': '0.0596', 'NDCG@10': '0.0313', 'HR@20': '0.1119', 'NDCG@20': '0.0446'}
2024-12-03 20:40:09,099 - Validation score increased.  Saving model ...
2024-12-03 20:40:09,736 - {'epoch': 30, 'rec_loss': '0.4143'}
2024-12-03 20:40:10,015 - {'Epoch': 30, 'HR@5': '0.0339', 'NDCG@5': '0.0200', 'HR@10': '0.0633', 'NDCG@10': '0.0294', 'HR@20': '0.1110', 'NDCG@20': '0.0412'}
2024-12-03 20:40:10,016 - EarlyStopping counter: 1 out of 10
2024-12-03 20:40:10,645 - {'epoch': 31, 'rec_loss': '0.4037'}
2024-12-03 20:40:10,925 - {'Epoch': 31, 'HR@5': '0.0358', 'NDCG@5': '0.0235', 'HR@10': '0.0615', 'NDCG@10': '0.0318', 'HR@20': '0.1000', 'NDCG@20': '0.0414'}
2024-12-03 20:40:10,926 - EarlyStopping counter: 2 out of 10
2024-12-03 20:40:11,546 - {'epoch': 32, 'rec_loss': '0.3935'}
2024-12-03 20:40:11,816 - {'Epoch': 32, 'HR@5': '0.0349', 'NDCG@5': '0.0198', 'HR@10': '0.0761', 'NDCG@10': '0.0335', 'HR@20': '0.1055', 'NDCG@20': '0.0408'}
2024-12-03 20:40:11,816 - EarlyStopping counter: 3 out of 10
2024-12-03 20:40:12,489 - {'epoch': 33, 'rec_loss': '0.3931'}
2024-12-03 20:40:12,762 - {'Epoch': 33, 'HR@5': '0.0321', 'NDCG@5': '0.0209', 'HR@10': '0.0697', 'NDCG@10': '0.0331', 'HR@20': '0.1064', 'NDCG@20': '0.0423'}
2024-12-03 20:40:12,762 - EarlyStopping counter: 4 out of 10
2024-12-03 20:40:13,544 - {'epoch': 34, 'rec_loss': '0.3843'}
2024-12-03 20:40:13,829 - {'Epoch': 34, 'HR@5': '0.0404', 'NDCG@5': '0.0241', 'HR@10': '0.0716', 'NDCG@10': '0.0341', 'HR@20': '0.1092', 'NDCG@20': '0.0436'}
2024-12-03 20:40:13,829 - EarlyStopping counter: 5 out of 10
2024-12-03 20:40:14,483 - {'epoch': 35, 'rec_loss': '0.3780'}
2024-12-03 20:40:14,756 - {'Epoch': 35, 'HR@5': '0.0394', 'NDCG@5': '0.0234', 'HR@10': '0.0706', 'NDCG@10': '0.0332', 'HR@20': '0.1064', 'NDCG@20': '0.0426'}
2024-12-03 20:40:14,756 - EarlyStopping counter: 6 out of 10
2024-12-03 20:40:15,450 - {'epoch': 36, 'rec_loss': '0.3740'}
2024-12-03 20:40:15,720 - {'Epoch': 36, 'HR@5': '0.0349', 'NDCG@5': '0.0199', 'HR@10': '0.0633', 'NDCG@10': '0.0290', 'HR@20': '0.1110', 'NDCG@20': '0.0411'}
2024-12-03 20:40:15,721 - EarlyStopping counter: 7 out of 10
2024-12-03 20:40:16,345 - {'epoch': 37, 'rec_loss': '0.3679'}
2024-12-03 20:40:16,615 - {'Epoch': 37, 'HR@5': '0.0376', 'NDCG@5': '0.0230', 'HR@10': '0.0624', 'NDCG@10': '0.0310', 'HR@20': '0.1110', 'NDCG@20': '0.0432'}
2024-12-03 20:40:16,615 - EarlyStopping counter: 8 out of 10
2024-12-03 20:40:17,258 - {'epoch': 38, 'rec_loss': '0.3696'}
2024-12-03 20:40:17,521 - {'Epoch': 38, 'HR@5': '0.0394', 'NDCG@5': '0.0250', 'HR@10': '0.0743', 'NDCG@10': '0.0360', 'HR@20': '0.1229', 'NDCG@20': '0.0481'}
2024-12-03 20:40:17,521 - Validation score increased.  Saving model ...
2024-12-03 20:40:18,178 - {'epoch': 39, 'rec_loss': '0.3707'}
2024-12-03 20:40:18,448 - {'Epoch': 39, 'HR@5': '0.0367', 'NDCG@5': '0.0231', 'HR@10': '0.0633', 'NDCG@10': '0.0314', 'HR@20': '0.1055', 'NDCG@20': '0.0420'}
2024-12-03 20:40:18,448 - EarlyStopping counter: 1 out of 10
2024-12-03 20:40:19,090 - {'epoch': 40, 'rec_loss': '0.3708'}
2024-12-03 20:40:19,358 - {'Epoch': 40, 'HR@5': '0.0404', 'NDCG@5': '0.0234', 'HR@10': '0.0798', 'NDCG@10': '0.0362', 'HR@20': '0.1083', 'NDCG@20': '0.0434'}
2024-12-03 20:40:19,358 - EarlyStopping counter: 2 out of 10
2024-12-03 20:40:20,039 - {'epoch': 41, 'rec_loss': '0.3613'}
2024-12-03 20:40:20,318 - {'Epoch': 41, 'HR@5': '0.0404', 'NDCG@5': '0.0245', 'HR@10': '0.0661', 'NDCG@10': '0.0328', 'HR@20': '0.1055', 'NDCG@20': '0.0427'}
2024-12-03 20:40:20,318 - EarlyStopping counter: 3 out of 10
2024-12-03 20:40:20,951 - {'epoch': 42, 'rec_loss': '0.3543'}
2024-12-03 20:40:21,225 - {'Epoch': 42, 'HR@5': '0.0385', 'NDCG@5': '0.0236', 'HR@10': '0.0615', 'NDCG@10': '0.0311', 'HR@20': '0.0982', 'NDCG@20': '0.0403'}
2024-12-03 20:40:21,226 - EarlyStopping counter: 4 out of 10
2024-12-03 20:40:21,856 - {'epoch': 43, 'rec_loss': '0.3522'}
2024-12-03 20:40:22,126 - {'Epoch': 43, 'HR@5': '0.0376', 'NDCG@5': '0.0214', 'HR@10': '0.0651', 'NDCG@10': '0.0304', 'HR@20': '0.1046', 'NDCG@20': '0.0402'}
2024-12-03 20:40:22,127 - EarlyStopping counter: 5 out of 10
2024-12-03 20:40:22,802 - {'epoch': 44, 'rec_loss': '0.3512'}
2024-12-03 20:40:23,075 - {'Epoch': 44, 'HR@5': '0.0367', 'NDCG@5': '0.0208', 'HR@10': '0.0596', 'NDCG@10': '0.0280', 'HR@20': '0.0991', 'NDCG@20': '0.0380'}
2024-12-03 20:40:23,076 - EarlyStopping counter: 6 out of 10
2024-12-03 20:40:23,785 - {'epoch': 45, 'rec_loss': '0.3563'}
2024-12-03 20:40:24,051 - {'Epoch': 45, 'HR@5': '0.0413', 'NDCG@5': '0.0267', 'HR@10': '0.0679', 'NDCG@10': '0.0353', 'HR@20': '0.1055', 'NDCG@20': '0.0446'}
2024-12-03 20:40:24,052 - EarlyStopping counter: 7 out of 10
2024-12-03 20:40:24,720 - {'epoch': 46, 'rec_loss': '0.3497'}
2024-12-03 20:40:24,988 - {'Epoch': 46, 'HR@5': '0.0422', 'NDCG@5': '0.0248', 'HR@10': '0.0697', 'NDCG@10': '0.0339', 'HR@20': '0.1128', 'NDCG@20': '0.0448'}
2024-12-03 20:40:24,988 - EarlyStopping counter: 8 out of 10
2024-12-03 20:40:25,626 - {'epoch': 47, 'rec_loss': '0.3440'}
2024-12-03 20:40:25,890 - {'Epoch': 47, 'HR@5': '0.0413', 'NDCG@5': '0.0235', 'HR@10': '0.0670', 'NDCG@10': '0.0318', 'HR@20': '0.1138', 'NDCG@20': '0.0435'}
2024-12-03 20:40:25,891 - EarlyStopping counter: 9 out of 10
2024-12-03 20:40:26,550 - {'epoch': 48, 'rec_loss': '0.3387'}
2024-12-03 20:40:26,828 - {'Epoch': 48, 'HR@5': '0.0431', 'NDCG@5': '0.0261', 'HR@10': '0.0743', 'NDCG@10': '0.0358', 'HR@20': '0.1119', 'NDCG@20': '0.0452'}
2024-12-03 20:40:26,829 - EarlyStopping counter: 10 out of 10
2024-12-03 20:40:26,829 - Early stopping
2024-12-03 20:40:26,829 - ---------------Test Score---------------
2024-12-03 20:40:27,107 - {'Epoch': 0, 'HR@5': '0.0367', 'NDCG@5': '0.0251', 'HR@10': '0.0541', 'NDCG@10': '0.0308', 'HR@20': '0.0908', 'NDCG@20': '0.0401'}
2024-12-03 20:40:27,107 - FMLPRec_LastFM
2024-12-03 20:40:27,107 - {'Epoch': 0, 'HR@5': '0.0367', 'NDCG@5': '0.0251', 'HR@10': '0.0541', 'NDCG@10': '0.0308', 'HR@20': '0.0908', 'NDCG@20': '0.0401'}
