2024-12-03 20:30:33,198 - Namespace(data_dir='./data/', output_dir='output/', data_name='LastFM', do_eval=False, load_model=None, train_name='GRU4Rec_LastFM', num_items=10, num_users=1091, lr=0.001, batch_size=256, epochs=200, no_cuda=False, log_freq=1, patience=10, num_workers=4, seed=42, weight_decay=0.0, adam_beta1=0.9, adam_beta2=0.999, gpu_id='0', variance=5, model_type='GRU4Rec', max_seq_length=50, hidden_size=64, num_hidden_layers=2, hidden_act='gelu', num_attention_heads=1, attention_probs_dropout_prob=0.5, hidden_dropout_prob=0.5, initializer_range=0.02, gru_hidden_size=64, cuda_condition=True, data_file='./data/LastFM.txt', item_size=3647, checkpoint_path='output/GRU4Rec_LastFM.pt', same_target_path='./data/LastFM_same_target.npy')
2024-12-03 20:30:33,204 - GRU4RecModel(
  (item_embeddings): Embedding(3647, 64, padding_idx=0)
  (position_embeddings): Embedding(50, 64)
  (emb_dropout): Dropout(p=0.5, inplace=False)
  (gru_layers): GRU(64, 64, num_layers=2, bias=False, batch_first=True)
  (dense): Linear(in_features=64, out_features=64, bias=True)
)
2024-12-03 20:30:34,944 - Total Parameters: 289920
2024-12-03 20:30:35,540 - {'epoch': 0, 'rec_loss': '0.6291'}
2024-12-03 20:30:35,806 - {'Epoch': 0, 'HR@5': '0.0174', 'NDCG@5': '0.0119', 'HR@10': '0.0294', 'NDCG@10': '0.0157', 'HR@20': '0.0578', 'NDCG@20': '0.0229'}
2024-12-03 20:30:35,807 - Validation score increased.  Saving model ...
2024-12-03 20:30:36,388 - {'epoch': 1, 'rec_loss': '0.5293'}
2024-12-03 20:30:36,649 - {'Epoch': 1, 'HR@5': '0.0174', 'NDCG@5': '0.0105', 'HR@10': '0.0330', 'NDCG@10': '0.0156', 'HR@20': '0.0505', 'NDCG@20': '0.0201'}
2024-12-03 20:30:36,650 - EarlyStopping counter: 1 out of 10
2024-12-03 20:30:37,266 - {'epoch': 2, 'rec_loss': '0.5007'}
2024-12-03 20:30:37,548 - {'Epoch': 2, 'HR@5': '0.0092', 'NDCG@5': '0.0053', 'HR@10': '0.0229', 'NDCG@10': '0.0097', 'HR@20': '0.0514', 'NDCG@20': '0.0168'}
2024-12-03 20:30:37,549 - EarlyStopping counter: 2 out of 10
2024-12-03 20:30:38,116 - {'epoch': 3, 'rec_loss': '0.4866'}
2024-12-03 20:30:38,376 - {'Epoch': 3, 'HR@5': '0.0174', 'NDCG@5': '0.0095', 'HR@10': '0.0294', 'NDCG@10': '0.0134', 'HR@20': '0.0541', 'NDCG@20': '0.0197'}
2024-12-03 20:30:38,377 - EarlyStopping counter: 3 out of 10
2024-12-03 20:30:38,947 - {'epoch': 4, 'rec_loss': '0.4692'}
2024-12-03 20:30:39,212 - {'Epoch': 4, 'HR@5': '0.0128', 'NDCG@5': '0.0075', 'HR@10': '0.0339', 'NDCG@10': '0.0144', 'HR@20': '0.0523', 'NDCG@20': '0.0189'}
2024-12-03 20:30:39,213 - EarlyStopping counter: 4 out of 10
2024-12-03 20:30:39,768 - {'epoch': 5, 'rec_loss': '0.4570'}
2024-12-03 20:30:40,033 - {'Epoch': 5, 'HR@5': '0.0239', 'NDCG@5': '0.0164', 'HR@10': '0.0358', 'NDCG@10': '0.0201', 'HR@20': '0.0505', 'NDCG@20': '0.0237'}
2024-12-03 20:30:40,034 - Validation score increased.  Saving model ...
2024-12-03 20:30:40,654 - {'epoch': 6, 'rec_loss': '0.4360'}
2024-12-03 20:30:40,918 - {'Epoch': 6, 'HR@5': '0.0147', 'NDCG@5': '0.0095', 'HR@10': '0.0266', 'NDCG@10': '0.0133', 'HR@20': '0.0505', 'NDCG@20': '0.0192'}
2024-12-03 20:30:40,918 - EarlyStopping counter: 1 out of 10
2024-12-03 20:30:41,556 - {'epoch': 7, 'rec_loss': '0.4124'}
2024-12-03 20:30:41,824 - {'Epoch': 7, 'HR@5': '0.0183', 'NDCG@5': '0.0116', 'HR@10': '0.0321', 'NDCG@10': '0.0160', 'HR@20': '0.0459', 'NDCG@20': '0.0194'}
2024-12-03 20:30:41,824 - EarlyStopping counter: 2 out of 10
2024-12-03 20:30:42,373 - {'epoch': 8, 'rec_loss': '0.3959'}
2024-12-03 20:30:42,645 - {'Epoch': 8, 'HR@5': '0.0202', 'NDCG@5': '0.0122', 'HR@10': '0.0404', 'NDCG@10': '0.0186', 'HR@20': '0.0532', 'NDCG@20': '0.0217'}
2024-12-03 20:30:42,646 - EarlyStopping counter: 3 out of 10
2024-12-03 20:30:43,216 - {'epoch': 9, 'rec_loss': '0.3765'}
2024-12-03 20:30:43,482 - {'Epoch': 9, 'HR@5': '0.0202', 'NDCG@5': '0.0129', 'HR@10': '0.0367', 'NDCG@10': '0.0181', 'HR@20': '0.0606', 'NDCG@20': '0.0241'}
2024-12-03 20:30:43,482 - Validation score increased.  Saving model ...
2024-12-03 20:30:44,087 - {'epoch': 10, 'rec_loss': '0.3577'}
2024-12-03 20:30:44,353 - {'Epoch': 10, 'HR@5': '0.0138', 'NDCG@5': '0.0082', 'HR@10': '0.0257', 'NDCG@10': '0.0121', 'HR@20': '0.0459', 'NDCG@20': '0.0170'}
2024-12-03 20:30:44,354 - EarlyStopping counter: 1 out of 10
2024-12-03 20:30:44,975 - {'epoch': 11, 'rec_loss': '0.3420'}
2024-12-03 20:30:45,242 - {'Epoch': 11, 'HR@5': '0.0119', 'NDCG@5': '0.0074', 'HR@10': '0.0294', 'NDCG@10': '0.0130', 'HR@20': '0.0578', 'NDCG@20': '0.0203'}
2024-12-03 20:30:45,243 - EarlyStopping counter: 2 out of 10
2024-12-03 20:30:45,817 - {'epoch': 12, 'rec_loss': '0.3321'}
2024-12-03 20:30:46,086 - {'Epoch': 12, 'HR@5': '0.0202', 'NDCG@5': '0.0134', 'HR@10': '0.0303', 'NDCG@10': '0.0167', 'HR@20': '0.0560', 'NDCG@20': '0.0231'}
2024-12-03 20:30:46,086 - EarlyStopping counter: 3 out of 10
2024-12-03 20:30:46,650 - {'epoch': 13, 'rec_loss': '0.3242'}
2024-12-03 20:30:46,909 - {'Epoch': 13, 'HR@5': '0.0211', 'NDCG@5': '0.0127', 'HR@10': '0.0312', 'NDCG@10': '0.0160', 'HR@20': '0.0596', 'NDCG@20': '0.0231'}
2024-12-03 20:30:46,909 - EarlyStopping counter: 4 out of 10
2024-12-03 20:30:47,506 - {'epoch': 14, 'rec_loss': '0.3074'}
2024-12-03 20:30:47,773 - {'Epoch': 14, 'HR@5': '0.0248', 'NDCG@5': '0.0136', 'HR@10': '0.0376', 'NDCG@10': '0.0176', 'HR@20': '0.0514', 'NDCG@20': '0.0210'}
2024-12-03 20:30:47,773 - EarlyStopping counter: 5 out of 10
2024-12-03 20:30:48,331 - {'epoch': 15, 'rec_loss': '0.3034'}
2024-12-03 20:30:48,600 - {'Epoch': 15, 'HR@5': '0.0211', 'NDCG@5': '0.0124', 'HR@10': '0.0404', 'NDCG@10': '0.0184', 'HR@20': '0.0642', 'NDCG@20': '0.0243'}
2024-12-03 20:30:48,600 - Validation score increased.  Saving model ...
2024-12-03 20:30:49,163 - {'epoch': 16, 'rec_loss': '0.2948'}
2024-12-03 20:30:49,428 - {'Epoch': 16, 'HR@5': '0.0211', 'NDCG@5': '0.0136', 'HR@10': '0.0349', 'NDCG@10': '0.0180', 'HR@20': '0.0615', 'NDCG@20': '0.0247'}
2024-12-03 20:30:49,429 - Validation score increased.  Saving model ...
2024-12-03 20:30:49,991 - {'epoch': 17, 'rec_loss': '0.2814'}
2024-12-03 20:30:50,255 - {'Epoch': 17, 'HR@5': '0.0248', 'NDCG@5': '0.0159', 'HR@10': '0.0376', 'NDCG@10': '0.0200', 'HR@20': '0.0697', 'NDCG@20': '0.0282'}
2024-12-03 20:30:50,255 - Validation score increased.  Saving model ...
2024-12-03 20:30:50,804 - {'epoch': 18, 'rec_loss': '0.2696'}
2024-12-03 20:30:51,066 - {'Epoch': 18, 'HR@5': '0.0266', 'NDCG@5': '0.0179', 'HR@10': '0.0422', 'NDCG@10': '0.0228', 'HR@20': '0.0734', 'NDCG@20': '0.0307'}
2024-12-03 20:30:51,067 - Validation score increased.  Saving model ...
2024-12-03 20:30:51,630 - {'epoch': 19, 'rec_loss': '0.2580'}
2024-12-03 20:30:51,904 - {'Epoch': 19, 'HR@5': '0.0275', 'NDCG@5': '0.0178', 'HR@10': '0.0440', 'NDCG@10': '0.0230', 'HR@20': '0.0688', 'NDCG@20': '0.0290'}
2024-12-03 20:30:51,904 - EarlyStopping counter: 1 out of 10
2024-12-03 20:30:52,491 - {'epoch': 20, 'rec_loss': '0.2522'}
2024-12-03 20:30:52,758 - {'Epoch': 20, 'HR@5': '0.0193', 'NDCG@5': '0.0133', 'HR@10': '0.0376', 'NDCG@10': '0.0193', 'HR@20': '0.0633', 'NDCG@20': '0.0257'}
2024-12-03 20:30:52,759 - EarlyStopping counter: 2 out of 10
2024-12-03 20:30:53,334 - {'epoch': 21, 'rec_loss': '0.2555'}
2024-12-03 20:30:53,596 - {'Epoch': 21, 'HR@5': '0.0239', 'NDCG@5': '0.0152', 'HR@10': '0.0468', 'NDCG@10': '0.0226', 'HR@20': '0.0743', 'NDCG@20': '0.0293'}
2024-12-03 20:30:53,597 - EarlyStopping counter: 3 out of 10
2024-12-03 20:30:54,241 - {'epoch': 22, 'rec_loss': '0.2381'}
2024-12-03 20:30:54,504 - {'Epoch': 22, 'HR@5': '0.0211', 'NDCG@5': '0.0136', 'HR@10': '0.0431', 'NDCG@10': '0.0207', 'HR@20': '0.0734', 'NDCG@20': '0.0284'}
2024-12-03 20:30:54,504 - EarlyStopping counter: 4 out of 10
2024-12-03 20:30:55,084 - {'epoch': 23, 'rec_loss': '0.2365'}
2024-12-03 20:30:55,340 - {'Epoch': 23, 'HR@5': '0.0266', 'NDCG@5': '0.0144', 'HR@10': '0.0477', 'NDCG@10': '0.0212', 'HR@20': '0.0817', 'NDCG@20': '0.0297'}
2024-12-03 20:30:55,340 - EarlyStopping counter: 5 out of 10
2024-12-03 20:30:55,955 - {'epoch': 24, 'rec_loss': '0.2300'}
2024-12-03 20:30:56,226 - {'Epoch': 24, 'HR@5': '0.0229', 'NDCG@5': '0.0148', 'HR@10': '0.0431', 'NDCG@10': '0.0213', 'HR@20': '0.0844', 'NDCG@20': '0.0317'}
2024-12-03 20:30:56,227 - Validation score increased.  Saving model ...
2024-12-03 20:30:56,839 - {'epoch': 25, 'rec_loss': '0.2281'}
2024-12-03 20:30:57,110 - {'Epoch': 25, 'HR@5': '0.0294', 'NDCG@5': '0.0159', 'HR@10': '0.0468', 'NDCG@10': '0.0215', 'HR@20': '0.0725', 'NDCG@20': '0.0280'}
2024-12-03 20:30:57,111 - EarlyStopping counter: 1 out of 10
2024-12-03 20:30:57,671 - {'epoch': 26, 'rec_loss': '0.2225'}
2024-12-03 20:30:57,933 - {'Epoch': 26, 'HR@5': '0.0275', 'NDCG@5': '0.0166', 'HR@10': '0.0495', 'NDCG@10': '0.0236', 'HR@20': '0.0780', 'NDCG@20': '0.0308'}
2024-12-03 20:30:57,933 - EarlyStopping counter: 2 out of 10
2024-12-03 20:30:58,524 - {'epoch': 27, 'rec_loss': '0.2196'}
2024-12-03 20:30:58,790 - {'Epoch': 27, 'HR@5': '0.0303', 'NDCG@5': '0.0192', 'HR@10': '0.0477', 'NDCG@10': '0.0249', 'HR@20': '0.0844', 'NDCG@20': '0.0343'}
2024-12-03 20:30:58,790 - Validation score increased.  Saving model ...
2024-12-03 20:30:59,431 - {'epoch': 28, 'rec_loss': '0.2224'}
2024-12-03 20:30:59,695 - {'Epoch': 28, 'HR@5': '0.0284', 'NDCG@5': '0.0176', 'HR@10': '0.0450', 'NDCG@10': '0.0230', 'HR@20': '0.0761', 'NDCG@20': '0.0309'}
2024-12-03 20:30:59,696 - EarlyStopping counter: 1 out of 10
2024-12-03 20:31:00,251 - {'epoch': 29, 'rec_loss': '0.2112'}
2024-12-03 20:31:00,515 - {'Epoch': 29, 'HR@5': '0.0284', 'NDCG@5': '0.0177', 'HR@10': '0.0495', 'NDCG@10': '0.0245', 'HR@20': '0.0679', 'NDCG@20': '0.0291'}
2024-12-03 20:31:00,515 - EarlyStopping counter: 2 out of 10
2024-12-03 20:31:01,075 - {'epoch': 30, 'rec_loss': '0.2101'}
2024-12-03 20:31:01,343 - {'Epoch': 30, 'HR@5': '0.0229', 'NDCG@5': '0.0139', 'HR@10': '0.0486', 'NDCG@10': '0.0221', 'HR@20': '0.0725', 'NDCG@20': '0.0280'}
2024-12-03 20:31:01,344 - EarlyStopping counter: 3 out of 10
2024-12-03 20:31:01,920 - {'epoch': 31, 'rec_loss': '0.2045'}
2024-12-03 20:31:02,180 - {'Epoch': 31, 'HR@5': '0.0220', 'NDCG@5': '0.0151', 'HR@10': '0.0459', 'NDCG@10': '0.0226', 'HR@20': '0.0771', 'NDCG@20': '0.0305'}
2024-12-03 20:31:02,181 - EarlyStopping counter: 4 out of 10
2024-12-03 20:31:02,787 - {'epoch': 32, 'rec_loss': '0.1989'}
2024-12-03 20:31:03,052 - {'Epoch': 32, 'HR@5': '0.0294', 'NDCG@5': '0.0154', 'HR@10': '0.0505', 'NDCG@10': '0.0222', 'HR@20': '0.0817', 'NDCG@20': '0.0300'}
2024-12-03 20:31:03,053 - EarlyStopping counter: 5 out of 10
2024-12-03 20:31:03,634 - {'epoch': 33, 'rec_loss': '0.1989'}
2024-12-03 20:31:03,893 - {'Epoch': 33, 'HR@5': '0.0248', 'NDCG@5': '0.0135', 'HR@10': '0.0523', 'NDCG@10': '0.0222', 'HR@20': '0.0826', 'NDCG@20': '0.0299'}
2024-12-03 20:31:03,893 - EarlyStopping counter: 6 out of 10
2024-12-03 20:31:04,485 - {'epoch': 34, 'rec_loss': '0.1940'}
2024-12-03 20:31:04,746 - {'Epoch': 34, 'HR@5': '0.0257', 'NDCG@5': '0.0149', 'HR@10': '0.0550', 'NDCG@10': '0.0243', 'HR@20': '0.0798', 'NDCG@20': '0.0306'}
2024-12-03 20:31:04,746 - EarlyStopping counter: 7 out of 10
2024-12-03 20:31:05,303 - {'epoch': 35, 'rec_loss': '0.1990'}
2024-12-03 20:31:05,560 - {'Epoch': 35, 'HR@5': '0.0294', 'NDCG@5': '0.0176', 'HR@10': '0.0550', 'NDCG@10': '0.0262', 'HR@20': '0.0862', 'NDCG@20': '0.0341'}
2024-12-03 20:31:05,561 - EarlyStopping counter: 8 out of 10
2024-12-03 20:31:06,127 - {'epoch': 36, 'rec_loss': '0.1904'}
2024-12-03 20:31:06,393 - {'Epoch': 36, 'HR@5': '0.0330', 'NDCG@5': '0.0200', 'HR@10': '0.0514', 'NDCG@10': '0.0259', 'HR@20': '0.0835', 'NDCG@20': '0.0340'}
2024-12-03 20:31:06,393 - EarlyStopping counter: 9 out of 10
2024-12-03 20:31:06,955 - {'epoch': 37, 'rec_loss': '0.1837'}
2024-12-03 20:31:07,220 - {'Epoch': 37, 'HR@5': '0.0321', 'NDCG@5': '0.0189', 'HR@10': '0.0514', 'NDCG@10': '0.0251', 'HR@20': '0.0780', 'NDCG@20': '0.0318'}
2024-12-03 20:31:07,221 - EarlyStopping counter: 10 out of 10
2024-12-03 20:31:07,221 - Early stopping
2024-12-03 20:31:07,221 - ---------------Test Score---------------
2024-12-03 20:31:07,487 - {'Epoch': 0, 'HR@5': '0.0220', 'NDCG@5': '0.0146', 'HR@10': '0.0422', 'NDCG@10': '0.0210', 'HR@20': '0.0615', 'NDCG@20': '0.0260'}
2024-12-03 20:31:07,488 - GRU4Rec_LastFM
2024-12-03 20:31:07,488 - {'Epoch': 0, 'HR@5': '0.0220', 'NDCG@5': '0.0146', 'HR@10': '0.0422', 'NDCG@10': '0.0210', 'HR@20': '0.0615', 'NDCG@20': '0.0260'}
