2024-12-03 10:21:24,797 - Namespace(data_dir='./data/', output_dir='output/', data_name='Beauty', do_eval=False, load_model=None, train_name='SASRec_Beauty', num_items=10, num_users=22364, lr=0.001, batch_size=256, epochs=200, no_cuda=False, log_freq=1, patience=10, num_workers=4, seed=42, weight_decay=0.0, adam_beta1=0.9, adam_beta2=0.999, gpu_id='0', variance=5, model_type='SASRec', max_seq_length=50, hidden_size=64, num_hidden_layers=2, hidden_act='gelu', num_attention_heads=1, attention_probs_dropout_prob=0.5, hidden_dropout_prob=0.5, initializer_range=0.02, cuda_condition=True, data_file='./data/Beauty.txt', item_size=12102, checkpoint_path='output/SASRec_Beauty.pt', same_target_path='./data/Beauty_same_target.npy')
2024-12-03 10:21:24,807 - SASRecModel(
  (item_embeddings): Embedding(12102, 64, padding_idx=0)
  (position_embeddings): Embedding(50, 64)
  (LayerNorm): LayerNorm()
  (dropout): Dropout(p=0.5, inplace=False)
  (item_encoder): TransformerEncoder(
    (blocks): ModuleList(
      (0): TransformerBlock(
        (layer): MultiHeadAttention(
          (query): Linear(in_features=64, out_features=64, bias=True)
          (key): Linear(in_features=64, out_features=64, bias=True)
          (value): Linear(in_features=64, out_features=64, bias=True)
          (softmax): Softmax(dim=-1)
          (attn_dropout): Dropout(p=0.5, inplace=False)
          (dense): Linear(in_features=64, out_features=64, bias=True)
          (LayerNorm): LayerNorm((64,), eps=1e-12, elementwise_affine=True)
          (out_dropout): Dropout(p=0.5, inplace=False)
        )
        (feed_forward): FeedForward(
          (dense_1): Linear(in_features=64, out_features=256, bias=True)
          (dense_2): Linear(in_features=256, out_features=64, bias=True)
          (LayerNorm): LayerNorm()
          (dropout): Dropout(p=0.5, inplace=False)
        )
      )
      (1): TransformerBlock(
        (layer): MultiHeadAttention(
          (query): Linear(in_features=64, out_features=64, bias=True)
          (key): Linear(in_features=64, out_features=64, bias=True)
          (value): Linear(in_features=64, out_features=64, bias=True)
          (softmax): Softmax(dim=-1)
          (attn_dropout): Dropout(p=0.5, inplace=False)
          (dense): Linear(in_features=64, out_features=64, bias=True)
          (LayerNorm): LayerNorm((64,), eps=1e-12, elementwise_affine=True)
          (out_dropout): Dropout(p=0.5, inplace=False)
        )
        (feed_forward): FeedForward(
          (dense_1): Linear(in_features=64, out_features=256, bias=True)
          (dense_2): Linear(in_features=256, out_features=64, bias=True)
          (LayerNorm): LayerNorm()
          (dropout): Dropout(p=0.5, inplace=False)
        )
      )
    )
  )
)
2024-12-03 10:21:26,137 - Total Parameters: 877824
2024-12-03 10:21:33,097 - {'epoch': 0, 'rec_loss': '1.2380'}
2024-12-03 10:21:36,472 - {'Epoch': 0, 'HR@5': '0.0092', 'NDCG@5': '0.0061', 'HR@10': '0.0144', 'NDCG@10': '0.0078', 'HR@20': '0.0258', 'NDCG@20': '0.0106'}
2024-12-03 10:21:36,473 - Validation score increased.  Saving model ...
2024-12-03 10:21:43,007 - {'epoch': 1, 'rec_loss': '1.1092'}
2024-12-03 10:21:46,845 - {'Epoch': 1, 'HR@5': '0.0109', 'NDCG@5': '0.0069', 'HR@10': '0.0201', 'NDCG@10': '0.0099', 'HR@20': '0.0330', 'NDCG@20': '0.0131'}
2024-12-03 10:21:46,845 - Validation score increased.  Saving model ...
2024-12-03 10:21:53,345 - {'epoch': 2, 'rec_loss': '1.0270'}
2024-12-03 10:21:57,123 - {'Epoch': 2, 'HR@5': '0.0155', 'NDCG@5': '0.0091', 'HR@10': '0.0269', 'NDCG@10': '0.0128', 'HR@20': '0.0425', 'NDCG@20': '0.0167'}
2024-12-03 10:21:57,123 - Validation score increased.  Saving model ...
2024-12-03 10:22:03,709 - {'epoch': 3, 'rec_loss': '0.9619'}
2024-12-03 10:22:07,449 - {'Epoch': 3, 'HR@5': '0.0170', 'NDCG@5': '0.0102', 'HR@10': '0.0314', 'NDCG@10': '0.0148', 'HR@20': '0.0501', 'NDCG@20': '0.0195'}
2024-12-03 10:22:07,449 - Validation score increased.  Saving model ...
2024-12-03 10:22:14,024 - {'epoch': 4, 'rec_loss': '0.9027'}
2024-12-03 10:22:17,765 - {'Epoch': 4, 'HR@5': '0.0191', 'NDCG@5': '0.0117', 'HR@10': '0.0350', 'NDCG@10': '0.0168', 'HR@20': '0.0540', 'NDCG@20': '0.0216'}
2024-12-03 10:22:17,765 - Validation score increased.  Saving model ...
2024-12-03 10:22:24,263 - {'epoch': 5, 'rec_loss': '0.8528'}
2024-12-03 10:22:27,803 - {'Epoch': 5, 'HR@5': '0.0191', 'NDCG@5': '0.0121', 'HR@10': '0.0330', 'NDCG@10': '0.0165', 'HR@20': '0.0560', 'NDCG@20': '0.0223'}
2024-12-03 10:22:27,804 - Validation score increased.  Saving model ...
2024-12-03 10:22:34,366 - {'epoch': 6, 'rec_loss': '0.8140'}
2024-12-03 10:22:37,932 - {'Epoch': 6, 'HR@5': '0.0217', 'NDCG@5': '0.0137', 'HR@10': '0.0388', 'NDCG@10': '0.0192', 'HR@20': '0.0631', 'NDCG@20': '0.0253'}
2024-12-03 10:22:37,933 - Validation score increased.  Saving model ...
2024-12-03 10:22:44,520 - {'epoch': 7, 'rec_loss': '0.7774'}
2024-12-03 10:22:47,993 - {'Epoch': 7, 'HR@5': '0.0251', 'NDCG@5': '0.0156', 'HR@10': '0.0413', 'NDCG@10': '0.0208', 'HR@20': '0.0688', 'NDCG@20': '0.0277'}
2024-12-03 10:22:47,993 - Validation score increased.  Saving model ...
2024-12-03 10:22:54,580 - {'epoch': 8, 'rec_loss': '0.7487'}
2024-12-03 10:22:58,085 - {'Epoch': 8, 'HR@5': '0.0253', 'NDCG@5': '0.0161', 'HR@10': '0.0450', 'NDCG@10': '0.0224', 'HR@20': '0.0701', 'NDCG@20': '0.0287'}
2024-12-03 10:22:58,086 - Validation score increased.  Saving model ...
2024-12-03 10:23:04,644 - {'epoch': 9, 'rec_loss': '0.7241'}
2024-12-03 10:23:08,300 - {'Epoch': 9, 'HR@5': '0.0288', 'NDCG@5': '0.0180', 'HR@10': '0.0461', 'NDCG@10': '0.0236', 'HR@20': '0.0737', 'NDCG@20': '0.0305'}
2024-12-03 10:23:08,301 - Validation score increased.  Saving model ...
2024-12-03 10:23:14,930 - {'epoch': 10, 'rec_loss': '0.7001'}
2024-12-03 10:23:18,436 - {'Epoch': 10, 'HR@5': '0.0307', 'NDCG@5': '0.0191', 'HR@10': '0.0493', 'NDCG@10': '0.0251', 'HR@20': '0.0785', 'NDCG@20': '0.0324'}
2024-12-03 10:23:18,437 - Validation score increased.  Saving model ...
2024-12-03 10:23:24,988 - {'epoch': 11, 'rec_loss': '0.6827'}
2024-12-03 10:23:28,538 - {'Epoch': 11, 'HR@5': '0.0314', 'NDCG@5': '0.0197', 'HR@10': '0.0503', 'NDCG@10': '0.0258', 'HR@20': '0.0797', 'NDCG@20': '0.0332'}
2024-12-03 10:23:28,538 - Validation score increased.  Saving model ...
2024-12-03 10:23:35,182 - {'epoch': 12, 'rec_loss': '0.6694'}
2024-12-03 10:23:38,664 - {'Epoch': 12, 'HR@5': '0.0324', 'NDCG@5': '0.0209', 'HR@10': '0.0535', 'NDCG@10': '0.0277', 'HR@20': '0.0851', 'NDCG@20': '0.0357'}
2024-12-03 10:23:38,665 - Validation score increased.  Saving model ...
2024-12-03 10:23:45,350 - {'epoch': 13, 'rec_loss': '0.6569'}
2024-12-03 10:23:48,848 - {'Epoch': 13, 'HR@5': '0.0359', 'NDCG@5': '0.0230', 'HR@10': '0.0571', 'NDCG@10': '0.0298', 'HR@20': '0.0896', 'NDCG@20': '0.0380'}
2024-12-03 10:23:48,849 - Validation score increased.  Saving model ...
2024-12-03 10:23:55,719 - {'epoch': 14, 'rec_loss': '0.6422'}
2024-12-03 10:23:59,314 - {'Epoch': 14, 'HR@5': '0.0355', 'NDCG@5': '0.0227', 'HR@10': '0.0546', 'NDCG@10': '0.0288', 'HR@20': '0.0853', 'NDCG@20': '0.0366'}
2024-12-03 10:23:59,315 - EarlyStopping counter: 1 out of 10
2024-12-03 10:24:06,079 - {'epoch': 15, 'rec_loss': '0.6315'}
2024-12-03 10:24:09,485 - {'Epoch': 15, 'HR@5': '0.0342', 'NDCG@5': '0.0222', 'HR@10': '0.0542', 'NDCG@10': '0.0286', 'HR@20': '0.0851', 'NDCG@20': '0.0364'}
2024-12-03 10:24:09,486 - EarlyStopping counter: 2 out of 10
2024-12-03 10:24:15,995 - {'epoch': 16, 'rec_loss': '0.6255'}
2024-12-03 10:24:19,516 - {'Epoch': 16, 'HR@5': '0.0347', 'NDCG@5': '0.0221', 'HR@10': '0.0584', 'NDCG@10': '0.0297', 'HR@20': '0.0884', 'NDCG@20': '0.0373'}
2024-12-03 10:24:19,516 - EarlyStopping counter: 3 out of 10
2024-12-03 10:24:26,152 - {'epoch': 17, 'rec_loss': '0.6110'}
2024-12-03 10:24:29,559 - {'Epoch': 17, 'HR@5': '0.0341', 'NDCG@5': '0.0216', 'HR@10': '0.0577', 'NDCG@10': '0.0292', 'HR@20': '0.0914', 'NDCG@20': '0.0377'}
2024-12-03 10:24:29,559 - EarlyStopping counter: 4 out of 10
2024-12-03 10:24:36,184 - {'epoch': 18, 'rec_loss': '0.6018'}
2024-12-03 10:24:39,443 - {'Epoch': 18, 'HR@5': '0.0372', 'NDCG@5': '0.0248', 'HR@10': '0.0595', 'NDCG@10': '0.0320', 'HR@20': '0.0907', 'NDCG@20': '0.0398'}
2024-12-03 10:24:39,444 - Validation score increased.  Saving model ...
2024-12-03 10:24:46,021 - {'epoch': 19, 'rec_loss': '0.5991'}
2024-12-03 10:24:49,596 - {'Epoch': 19, 'HR@5': '0.0380', 'NDCG@5': '0.0242', 'HR@10': '0.0614', 'NDCG@10': '0.0317', 'HR@20': '0.0942', 'NDCG@20': '0.0399'}
2024-12-03 10:24:49,596 - Validation score increased.  Saving model ...
2024-12-03 10:24:56,287 - {'epoch': 20, 'rec_loss': '0.5951'}
2024-12-03 10:24:59,659 - {'Epoch': 20, 'HR@5': '0.0380', 'NDCG@5': '0.0242', 'HR@10': '0.0620', 'NDCG@10': '0.0320', 'HR@20': '0.0948', 'NDCG@20': '0.0402'}
2024-12-03 10:24:59,660 - Validation score increased.  Saving model ...
2024-12-03 10:25:06,294 - {'epoch': 21, 'rec_loss': '0.5818'}
2024-12-03 10:25:09,814 - {'Epoch': 21, 'HR@5': '0.0381', 'NDCG@5': '0.0243', 'HR@10': '0.0623', 'NDCG@10': '0.0321', 'HR@20': '0.0931', 'NDCG@20': '0.0398'}
2024-12-03 10:25:09,815 - EarlyStopping counter: 1 out of 10
2024-12-03 10:25:16,697 - {'epoch': 22, 'rec_loss': '0.5835'}
2024-12-03 10:25:20,322 - {'Epoch': 22, 'HR@5': '0.0368', 'NDCG@5': '0.0232', 'HR@10': '0.0593', 'NDCG@10': '0.0304', 'HR@20': '0.0912', 'NDCG@20': '0.0384'}
2024-12-03 10:25:20,323 - EarlyStopping counter: 2 out of 10
2024-12-03 10:25:27,117 - {'epoch': 23, 'rec_loss': '0.5747'}
2024-12-03 10:25:30,641 - {'Epoch': 23, 'HR@5': '0.0355', 'NDCG@5': '0.0229', 'HR@10': '0.0594', 'NDCG@10': '0.0305', 'HR@20': '0.0928', 'NDCG@20': '0.0389'}
2024-12-03 10:25:30,641 - EarlyStopping counter: 3 out of 10
2024-12-03 10:25:37,231 - {'epoch': 24, 'rec_loss': '0.5674'}
2024-12-03 10:25:40,638 - {'Epoch': 24, 'HR@5': '0.0352', 'NDCG@5': '0.0224', 'HR@10': '0.0597', 'NDCG@10': '0.0302', 'HR@20': '0.0928', 'NDCG@20': '0.0386'}
2024-12-03 10:25:40,638 - EarlyStopping counter: 4 out of 10
2024-12-03 10:25:47,151 - {'epoch': 25, 'rec_loss': '0.5677'}
2024-12-03 10:25:50,473 - {'Epoch': 25, 'HR@5': '0.0401', 'NDCG@5': '0.0250', 'HR@10': '0.0635', 'NDCG@10': '0.0325', 'HR@20': '0.0960', 'NDCG@20': '0.0407'}
2024-12-03 10:25:50,474 - Validation score increased.  Saving model ...
2024-12-03 10:25:57,126 - {'epoch': 26, 'rec_loss': '0.5612'}
2024-12-03 10:26:00,529 - {'Epoch': 26, 'HR@5': '0.0379', 'NDCG@5': '0.0244', 'HR@10': '0.0643', 'NDCG@10': '0.0330', 'HR@20': '0.0988', 'NDCG@20': '0.0416'}
2024-12-03 10:26:00,530 - Validation score increased.  Saving model ...
2024-12-03 10:26:07,290 - {'epoch': 27, 'rec_loss': '0.5540'}
2024-12-03 10:26:10,666 - {'Epoch': 27, 'HR@5': '0.0411', 'NDCG@5': '0.0260', 'HR@10': '0.0649', 'NDCG@10': '0.0337', 'HR@20': '0.0970', 'NDCG@20': '0.0417'}
2024-12-03 10:26:10,667 - Validation score increased.  Saving model ...
2024-12-03 10:26:17,279 - {'epoch': 28, 'rec_loss': '0.5529'}
2024-12-03 10:26:20,601 - {'Epoch': 28, 'HR@5': '0.0412', 'NDCG@5': '0.0262', 'HR@10': '0.0645', 'NDCG@10': '0.0337', 'HR@20': '0.0983', 'NDCG@20': '0.0422'}
2024-12-03 10:26:20,602 - Validation score increased.  Saving model ...
2024-12-03 10:26:27,334 - {'epoch': 29, 'rec_loss': '0.5479'}
2024-12-03 10:26:30,682 - {'Epoch': 29, 'HR@5': '0.0393', 'NDCG@5': '0.0252', 'HR@10': '0.0651', 'NDCG@10': '0.0336', 'HR@20': '0.0988', 'NDCG@20': '0.0421'}
2024-12-03 10:26:30,683 - EarlyStopping counter: 1 out of 10
2024-12-03 10:26:37,386 - {'epoch': 30, 'rec_loss': '0.5441'}
2024-12-03 10:26:40,706 - {'Epoch': 30, 'HR@5': '0.0387', 'NDCG@5': '0.0245', 'HR@10': '0.0630', 'NDCG@10': '0.0322', 'HR@20': '0.0958', 'NDCG@20': '0.0405'}
2024-12-03 10:26:40,707 - EarlyStopping counter: 2 out of 10
2024-12-03 10:26:47,480 - {'epoch': 31, 'rec_loss': '0.5398'}
2024-12-03 10:26:50,876 - {'Epoch': 31, 'HR@5': '0.0393', 'NDCG@5': '0.0256', 'HR@10': '0.0631', 'NDCG@10': '0.0332', 'HR@20': '0.0978', 'NDCG@20': '0.0420'}
2024-12-03 10:26:50,876 - EarlyStopping counter: 3 out of 10
2024-12-03 10:26:57,439 - {'epoch': 32, 'rec_loss': '0.5365'}
2024-12-03 10:27:00,743 - {'Epoch': 32, 'HR@5': '0.0384', 'NDCG@5': '0.0246', 'HR@10': '0.0619', 'NDCG@10': '0.0322', 'HR@20': '0.0958', 'NDCG@20': '0.0407'}
2024-12-03 10:27:00,743 - EarlyStopping counter: 4 out of 10
2024-12-03 10:27:07,556 - {'epoch': 33, 'rec_loss': '0.5381'}
2024-12-03 10:27:10,866 - {'Epoch': 33, 'HR@5': '0.0439', 'NDCG@5': '0.0284', 'HR@10': '0.0662', 'NDCG@10': '0.0356', 'HR@20': '0.0975', 'NDCG@20': '0.0434'}
2024-12-03 10:27:10,866 - Validation score increased.  Saving model ...
2024-12-03 10:27:17,760 - {'epoch': 34, 'rec_loss': '0.5320'}
2024-12-03 10:27:21,091 - {'Epoch': 34, 'HR@5': '0.0434', 'NDCG@5': '0.0285', 'HR@10': '0.0667', 'NDCG@10': '0.0360', 'HR@20': '0.0988', 'NDCG@20': '0.0441'}
2024-12-03 10:27:21,092 - Validation score increased.  Saving model ...
2024-12-03 10:27:27,808 - {'epoch': 35, 'rec_loss': '0.5280'}
2024-12-03 10:27:31,283 - {'Epoch': 35, 'HR@5': '0.0432', 'NDCG@5': '0.0276', 'HR@10': '0.0681', 'NDCG@10': '0.0356', 'HR@20': '0.1023', 'NDCG@20': '0.0442'}
2024-12-03 10:27:31,284 - Validation score increased.  Saving model ...
2024-12-03 10:27:38,216 - {'epoch': 36, 'rec_loss': '0.5258'}
2024-12-03 10:27:41,717 - {'Epoch': 36, 'HR@5': '0.0441', 'NDCG@5': '0.0283', 'HR@10': '0.0669', 'NDCG@10': '0.0356', 'HR@20': '0.1006', 'NDCG@20': '0.0441'}
2024-12-03 10:27:41,718 - EarlyStopping counter: 1 out of 10
2024-12-03 10:27:48,442 - {'epoch': 37, 'rec_loss': '0.5270'}
2024-12-03 10:27:52,023 - {'Epoch': 37, 'HR@5': '0.0426', 'NDCG@5': '0.0282', 'HR@10': '0.0677', 'NDCG@10': '0.0362', 'HR@20': '0.1020', 'NDCG@20': '0.0448'}
2024-12-03 10:27:52,024 - Validation score increased.  Saving model ...
2024-12-03 10:27:58,724 - {'epoch': 38, 'rec_loss': '0.5196'}
2024-12-03 10:28:02,136 - {'Epoch': 38, 'HR@5': '0.0433', 'NDCG@5': '0.0288', 'HR@10': '0.0664', 'NDCG@10': '0.0362', 'HR@20': '0.1003', 'NDCG@20': '0.0447'}
2024-12-03 10:28:02,137 - EarlyStopping counter: 1 out of 10
2024-12-03 10:28:09,035 - {'epoch': 39, 'rec_loss': '0.5231'}
2024-12-03 10:28:12,462 - {'Epoch': 39, 'HR@5': '0.0429', 'NDCG@5': '0.0280', 'HR@10': '0.0663', 'NDCG@10': '0.0355', 'HR@20': '0.1020', 'NDCG@20': '0.0445'}
2024-12-03 10:28:12,463 - EarlyStopping counter: 2 out of 10
2024-12-03 10:28:19,199 - {'epoch': 40, 'rec_loss': '0.5207'}
2024-12-03 10:28:22,508 - {'Epoch': 40, 'HR@5': '0.0432', 'NDCG@5': '0.0283', 'HR@10': '0.0688', 'NDCG@10': '0.0366', 'HR@20': '0.1005', 'NDCG@20': '0.0446'}
2024-12-03 10:28:22,508 - EarlyStopping counter: 3 out of 10
2024-12-03 10:28:29,122 - {'epoch': 41, 'rec_loss': '0.5136'}
2024-12-03 10:28:32,422 - {'Epoch': 41, 'HR@5': '0.0437', 'NDCG@5': '0.0288', 'HR@10': '0.0677', 'NDCG@10': '0.0365', 'HR@20': '0.1016', 'NDCG@20': '0.0451'}
2024-12-03 10:28:32,423 - Validation score increased.  Saving model ...
2024-12-03 10:28:38,867 - {'epoch': 42, 'rec_loss': '0.5134'}
2024-12-03 10:28:42,243 - {'Epoch': 42, 'HR@5': '0.0424', 'NDCG@5': '0.0271', 'HR@10': '0.0666', 'NDCG@10': '0.0349', 'HR@20': '0.0996', 'NDCG@20': '0.0432'}
2024-12-03 10:28:42,244 - EarlyStopping counter: 1 out of 10
2024-12-03 10:28:48,833 - {'epoch': 43, 'rec_loss': '0.5124'}
2024-12-03 10:28:52,153 - {'Epoch': 43, 'HR@5': '0.0410', 'NDCG@5': '0.0265', 'HR@10': '0.0657', 'NDCG@10': '0.0344', 'HR@20': '0.1014', 'NDCG@20': '0.0434'}
2024-12-03 10:28:52,153 - EarlyStopping counter: 2 out of 10
2024-12-03 10:28:58,739 - {'epoch': 44, 'rec_loss': '0.5059'}
2024-12-03 10:29:02,118 - {'Epoch': 44, 'HR@5': '0.0417', 'NDCG@5': '0.0270', 'HR@10': '0.0669', 'NDCG@10': '0.0351', 'HR@20': '0.1025', 'NDCG@20': '0.0441'}
2024-12-03 10:29:02,118 - EarlyStopping counter: 3 out of 10
2024-12-03 10:29:08,724 - {'epoch': 45, 'rec_loss': '0.5053'}
2024-12-03 10:29:12,153 - {'Epoch': 45, 'HR@5': '0.0426', 'NDCG@5': '0.0277', 'HR@10': '0.0647', 'NDCG@10': '0.0348', 'HR@20': '0.0974', 'NDCG@20': '0.0430'}
2024-12-03 10:29:12,154 - EarlyStopping counter: 4 out of 10
2024-12-03 10:29:18,770 - {'epoch': 46, 'rec_loss': '0.5054'}
2024-12-03 10:29:22,323 - {'Epoch': 46, 'HR@5': '0.0427', 'NDCG@5': '0.0284', 'HR@10': '0.0659', 'NDCG@10': '0.0358', 'HR@20': '0.1005', 'NDCG@20': '0.0445'}
2024-12-03 10:29:22,323 - EarlyStopping counter: 5 out of 10
2024-12-03 10:29:29,208 - {'epoch': 47, 'rec_loss': '0.5003'}
2024-12-03 10:29:32,679 - {'Epoch': 47, 'HR@5': '0.0405', 'NDCG@5': '0.0268', 'HR@10': '0.0654', 'NDCG@10': '0.0348', 'HR@20': '0.0999', 'NDCG@20': '0.0435'}
2024-12-03 10:29:32,680 - EarlyStopping counter: 6 out of 10
2024-12-03 10:29:39,352 - {'epoch': 48, 'rec_loss': '0.5022'}
2024-12-03 10:29:42,830 - {'Epoch': 48, 'HR@5': '0.0432', 'NDCG@5': '0.0286', 'HR@10': '0.0669', 'NDCG@10': '0.0362', 'HR@20': '0.1004', 'NDCG@20': '0.0446'}
2024-12-03 10:29:42,831 - EarlyStopping counter: 7 out of 10
2024-12-03 10:29:49,443 - {'epoch': 49, 'rec_loss': '0.4982'}
2024-12-03 10:29:52,982 - {'Epoch': 49, 'HR@5': '0.0399', 'NDCG@5': '0.0270', 'HR@10': '0.0643', 'NDCG@10': '0.0348', 'HR@20': '0.0993', 'NDCG@20': '0.0436'}
2024-12-03 10:29:52,982 - EarlyStopping counter: 8 out of 10
2024-12-03 10:29:59,645 - {'epoch': 50, 'rec_loss': '0.5018'}
2024-12-03 10:30:03,205 - {'Epoch': 50, 'HR@5': '0.0432', 'NDCG@5': '0.0283', 'HR@10': '0.0660', 'NDCG@10': '0.0357', 'HR@20': '0.1007', 'NDCG@20': '0.0444'}
2024-12-03 10:30:03,205 - EarlyStopping counter: 9 out of 10
2024-12-03 10:30:09,958 - {'epoch': 51, 'rec_loss': '0.4944'}
2024-12-03 10:30:13,403 - {'Epoch': 51, 'HR@5': '0.0421', 'NDCG@5': '0.0270', 'HR@10': '0.0661', 'NDCG@10': '0.0347', 'HR@20': '0.1004', 'NDCG@20': '0.0433'}
2024-12-03 10:30:13,403 - EarlyStopping counter: 10 out of 10
2024-12-03 10:30:13,403 - Early stopping
2024-12-03 10:30:13,403 - ---------------Test Score---------------
2024-12-03 10:30:16,920 - {'Epoch': 0, 'HR@5': '0.0313', 'NDCG@5': '0.0205', 'HR@10': '0.0489', 'NDCG@10': '0.0262', 'HR@20': '0.0782', 'NDCG@20': '0.0336'}
2024-12-03 10:30:16,921 - SASRec_Beauty
2024-12-03 10:30:16,921 - {'Epoch': 0, 'HR@5': '0.0313', 'NDCG@5': '0.0205', 'HR@10': '0.0489', 'NDCG@10': '0.0262', 'HR@20': '0.0782', 'NDCG@20': '0.0336'}
